[2.498s] Invoking command in '/home/lio/Desktop/ROSPractice/Colcon_Practice/src/examples/rclpy/services/minimal_client': PYTHONPATH=/home/lio/Desktop/ROSPractice/Colcon_Practice/build/examples_rclpy_minimal_client/prefix_override:/home/lio/Desktop/ROSPractice/Colcon_Practice/install/examples_rclpy_minimal_client/lib/python3.10/site-packages:${PYTHONPATH} /usr/bin/python3 setup.py egg_info --egg-base ../../../../../build/examples_rclpy_minimal_client build --build-base /home/lio/Desktop/ROSPractice/Colcon_Practice/build/examples_rclpy_minimal_client/build install --record /home/lio/Desktop/ROSPractice/Colcon_Practice/build/examples_rclpy_minimal_client/install.log --single-version-externally-managed
[2.865s] running egg_info
[2.866s] writing ../../../../../build/examples_rclpy_minimal_client/examples_rclpy_minimal_client.egg-info/PKG-INFO
[2.866s] writing dependency_links to ../../../../../build/examples_rclpy_minimal_client/examples_rclpy_minimal_client.egg-info/dependency_links.txt
[2.866s] writing entry points to ../../../../../build/examples_rclpy_minimal_client/examples_rclpy_minimal_client.egg-info/entry_points.txt
[2.866s] writing requirements to ../../../../../build/examples_rclpy_minimal_client/examples_rclpy_minimal_client.egg-info/requires.txt
[2.866s] writing top-level names to ../../../../../build/examples_rclpy_minimal_client/examples_rclpy_minimal_client.egg-info/top_level.txt
[2.869s] reading manifest file '../../../../../build/examples_rclpy_minimal_client/examples_rclpy_minimal_client.egg-info/SOURCES.txt'
[2.871s] writing manifest file '../../../../../build/examples_rclpy_minimal_client/examples_rclpy_minimal_client.egg-info/SOURCES.txt'
[2.871s] running build
[2.871s] running build_py
[2.871s] running install
[2.872s] running install_lib
[2.874s] running install_data
[2.876s] running install_egg_info
[2.880s] removing '/home/lio/Desktop/ROSPractice/Colcon_Practice/install/examples_rclpy_minimal_client/lib/python3.10/site-packages/examples_rclpy_minimal_client-0.16.2-py3.10.egg-info' (and everything under it)
[2.880s] Copying ../../../../../build/examples_rclpy_minimal_client/examples_rclpy_minimal_client.egg-info to /home/lio/Desktop/ROSPractice/Colcon_Practice/install/examples_rclpy_minimal_client/lib/python3.10/site-packages/examples_rclpy_minimal_client-0.16.2-py3.10.egg-info
[2.881s] running install_scripts
[2.896s] Installing client script to /home/lio/Desktop/ROSPractice/Colcon_Practice/install/examples_rclpy_minimal_client/lib/examples_rclpy_minimal_client
[2.896s] Installing client_async script to /home/lio/Desktop/ROSPractice/Colcon_Practice/install/examples_rclpy_minimal_client/lib/examples_rclpy_minimal_client
[2.897s] Installing client_async_callback script to /home/lio/Desktop/ROSPractice/Colcon_Practice/install/examples_rclpy_minimal_client/lib/examples_rclpy_minimal_client
[2.897s] Installing client_async_member_function script to /home/lio/Desktop/ROSPractice/Colcon_Practice/install/examples_rclpy_minimal_client/lib/examples_rclpy_minimal_client
[2.897s] writing list of installed files to '/home/lio/Desktop/ROSPractice/Colcon_Practice/build/examples_rclpy_minimal_client/install.log'
[2.929s] Invoked command in '/home/lio/Desktop/ROSPractice/Colcon_Practice/src/examples/rclpy/services/minimal_client' returned '0': PYTHONPATH=/home/lio/Desktop/ROSPractice/Colcon_Practice/build/examples_rclpy_minimal_client/prefix_override:/home/lio/Desktop/ROSPractice/Colcon_Practice/install/examples_rclpy_minimal_client/lib/python3.10/site-packages:${PYTHONPATH} /usr/bin/python3 setup.py egg_info --egg-base ../../../../../build/examples_rclpy_minimal_client build --build-base /home/lio/Desktop/ROSPractice/Colcon_Practice/build/examples_rclpy_minimal_client/build install --record /home/lio/Desktop/ROSPractice/Colcon_Practice/build/examples_rclpy_minimal_client/install.log --single-version-externally-managed
