[0.224s] Invoking command in '/home/lio/Desktop/ROSPractice/Practice3_Topic/build/village_chen_cpp': CMAKE_PREFIX_PATH=${CMAKE_PREFIX_PATH}:/home/lio/Desktop/ROSPractice/Practice3_Topic/install/village_chen:/opt/ros/humble /usr/bin/cmake --build /home/lio/Desktop/ROSPractice/Practice3_Topic/build/village_chen_cpp -- -j12 -l12
[0.248s] [35m[1mConsolidate compiler generated dependencies of target chen_pub_node[0m
[0.259s] [ 50%] [32mBuilding CXX object CMakeFiles/chen_pub_node.dir/src/chen_pub.cpp.o[0m
[7.004s] [100%] [32m[1mLinking CXX executable chen_pub_node[0m
[7.328s] [100%] Built target chen_pub_node
[7.335s] Invoked command in '/home/lio/Desktop/ROSPractice/Practice3_Topic/build/village_chen_cpp' returned '0': CMAKE_PREFIX_PATH=${CMAKE_PREFIX_PATH}:/home/lio/Desktop/ROSPractice/Practice3_Topic/install/village_chen:/opt/ros/humble /usr/bin/cmake --build /home/lio/Desktop/ROSPractice/Practice3_Topic/build/village_chen_cpp -- -j12 -l12
[7.355s] Invoking command in '/home/lio/Desktop/ROSPractice/Practice3_Topic/build/village_chen_cpp': CMAKE_PREFIX_PATH=${CMAKE_PREFIX_PATH}:/home/lio/Desktop/ROSPractice/Practice3_Topic/install/village_chen:/opt/ros/humble /usr/bin/cmake --install /home/lio/Desktop/ROSPractice/Practice3_Topic/build/village_chen_cpp
[7.359s] -- Install configuration: ""
[7.359s] -- Up-to-date: /home/lio/Desktop/ROSPractice/Practice3_Topic/install/village_chen_cpp/share/ament_index/resource_index/package_run_dependencies/village_chen_cpp
[7.359s] -- Up-to-date: /home/lio/Desktop/ROSPractice/Practice3_Topic/install/village_chen_cpp/share/ament_index/resource_index/parent_prefix_path/village_chen_cpp
[7.359s] -- Up-to-date: /home/lio/Desktop/ROSPractice/Practice3_Topic/install/village_chen_cpp/share/village_chen_cpp/environment/ament_prefix_path.sh
[7.359s] -- Up-to-date: /home/lio/Desktop/ROSPractice/Practice3_Topic/install/village_chen_cpp/share/village_chen_cpp/environment/ament_prefix_path.dsv
[7.359s] -- Up-to-date: /home/lio/Desktop/ROSPractice/Practice3_Topic/install/village_chen_cpp/share/village_chen_cpp/environment/path.sh
[7.359s] -- Up-to-date: /home/lio/Desktop/ROSPractice/Practice3_Topic/install/village_chen_cpp/share/village_chen_cpp/environment/path.dsv
[7.359s] -- Up-to-date: /home/lio/Desktop/ROSPractice/Practice3_Topic/install/village_chen_cpp/share/village_chen_cpp/local_setup.bash
[7.359s] -- Up-to-date: /home/lio/Desktop/ROSPractice/Practice3_Topic/install/village_chen_cpp/share/village_chen_cpp/local_setup.sh
[7.359s] -- Up-to-date: /home/lio/Desktop/ROSPractice/Practice3_Topic/install/village_chen_cpp/share/village_chen_cpp/local_setup.zsh
[7.359s] -- Up-to-date: /home/lio/Desktop/ROSPractice/Practice3_Topic/install/village_chen_cpp/share/village_chen_cpp/local_setup.dsv
[7.360s] -- Installing: /home/lio/Desktop/ROSPractice/Practice3_Topic/install/village_chen_cpp/share/village_chen_cpp/package.dsv
[7.360s] -- Up-to-date: /home/lio/Desktop/ROSPractice/Practice3_Topic/install/village_chen_cpp/share/ament_index/resource_index/packages/village_chen_cpp
[7.360s] -- Up-to-date: /home/lio/Desktop/ROSPractice/Practice3_Topic/install/village_chen_cpp/share/village_chen_cpp/cmake/village_chen_cppConfig.cmake
[7.360s] -- Up-to-date: /home/lio/Desktop/ROSPractice/Practice3_Topic/install/village_chen_cpp/share/village_chen_cpp/cmake/village_chen_cppConfig-version.cmake
[7.360s] -- Up-to-date: /home/lio/Desktop/ROSPractice/Practice3_Topic/install/village_chen_cpp/share/village_chen_cpp/package.xml
[7.360s] -- Installing: /home/lio/Desktop/ROSPractice/Practice3_Topic/install/village_chen_cpp/lib/village_chen_cpp/chen_pub_node
[7.362s] -- Set runtime path of "/home/lio/Desktop/ROSPractice/Practice3_Topic/install/village_chen_cpp/lib/village_chen_cpp/chen_pub_node" to ""
[7.365s] Invoked command in '/home/lio/Desktop/ROSPractice/Practice3_Topic/build/village_chen_cpp' returned '0': CMAKE_PREFIX_PATH=${CMAKE_PREFIX_PATH}:/home/lio/Desktop/ROSPractice/Practice3_Topic/install/village_chen:/opt/ros/humble /usr/bin/cmake --install /home/lio/Desktop/ROSPractice/Practice3_Topic/build/village_chen_cpp
