[0.043s] Invoking command in '/home/lio/Desktop/ROSPractice/Colcon_Practice/build/examples_rclcpp_cbg_executor': CMAKE_PREFIX_PATH=/opt/ros/humble /usr/bin/cmake /home/lio/Desktop/ROSPractice/Colcon_Practice/src/examples/rclcpp/executors/cbg_executor -DCMAKE_INSTALL_PREFIX=/home/lio/Desktop/ROSPractice/Colcon_Practice/install/examples_rclcpp_cbg_executor
[0.157s] -- The C compiler identification is GNU 11.3.0
[0.227s] -- The CXX compiler identification is GNU 11.3.0
[0.239s] -- Detecting C compiler ABI info
[0.317s] -- Detecting C compiler ABI info - done
[0.327s] -- Check for working C compiler: /usr/bin/cc - skipped
[0.328s] -- Detecting C compile features
[0.328s] -- Detecting C compile features - done
[0.332s] -- Detecting CXX compiler ABI info
[0.412s] -- Detecting CXX compiler ABI info - done
[0.423s] -- Check for working CXX compiler: /usr/bin/c++ - skipped
[0.423s] -- Detecting CXX compile features
[0.424s] -- Detecting CXX compile features - done
[0.436s] -- Found ament_cmake: 1.3.3 (/opt/ros/humble/share/ament_cmake/cmake)
[0.689s] -- Found Python3: /usr/bin/python3.10 (found version "3.10.6") found components: Interpreter 
[0.801s] -- Found rclcpp: 16.0.2 (/opt/ros/humble/share/rclcpp/cmake)
[0.867s] -- Found rosidl_generator_c: 3.1.4 (/opt/ros/humble/share/rosidl_generator_c/cmake)
[0.871s] -- Found rosidl_adapter: 3.1.4 (/opt/ros/humble/share/rosidl_adapter/cmake)
[0.882s] -- Found rosidl_generator_cpp: 3.1.4 (/opt/ros/humble/share/rosidl_generator_cpp/cmake)
[0.908s] -- Using all available rosidl_typesupport_c: rosidl_typesupport_fastrtps_c;rosidl_typesupport_introspection_c
[0.950s] -- Using all available rosidl_typesupport_cpp: rosidl_typesupport_fastrtps_cpp;rosidl_typesupport_introspection_cpp
[1.140s] -- Found rmw_implementation_cmake: 6.1.1 (/opt/ros/humble/share/rmw_implementation_cmake/cmake)
[1.143s] -- Found rmw_fastrtps_cpp: 6.2.2 (/opt/ros/humble/share/rmw_fastrtps_cpp/cmake)
[1.296s] -- Found OpenSSL: /usr/lib/x86_64-linux-gnu/libcrypto.so (found version "3.0.2")  
[1.323s] -- Found FastRTPS: /opt/ros/humble/include  
[1.386s] -- Using RMW implementation 'rmw_fastrtps_cpp' as default
[1.397s] -- Looking for pthread.h
[1.494s] -- Looking for pthread.h - found
[1.494s] -- Performing Test CMAKE_HAVE_LIBC_PTHREAD
[1.580s] -- Performing Test CMAKE_HAVE_LIBC_PTHREAD - Success
[1.581s] -- Found Threads: TRUE  
[1.839s] -- Found ament_lint_auto: 0.12.4 (/opt/ros/humble/share/ament_lint_auto/cmake)
[1.956s] -- Added test 'copyright' to check source files copyright and LICENSE
[1.958s] -- Added test 'cppcheck' to perform static code analysis on C / C++ code
[1.958s] -- Configured cppcheck include dirs: /home/lio/Desktop/ROSPractice/Colcon_Practice/src/examples/rclcpp/executors/cbg_executor/include
[1.958s] -- Configured cppcheck exclude dirs and/or files: 
[1.960s] -- Added test 'cpplint' to check C / C++ code against the Google style
[1.960s] -- Configured cpplint exclude dirs and/or files: 
[1.968s] -- Added test 'lint_cmake' to check CMake code style
[1.969s] -- Added test 'uncrustify' to check C / C++ code style
[1.969s] -- Configured uncrustify additional arguments: 
[1.969s] -- Added test 'xmllint' to check XML markup files
[1.969s] -- Configuring done
[1.985s] -- Generating done
[1.987s] -- Build files have been written to: /home/lio/Desktop/ROSPractice/Colcon_Practice/build/examples_rclcpp_cbg_executor
[2.009s] Invoked command in '/home/lio/Desktop/ROSPractice/Colcon_Practice/build/examples_rclcpp_cbg_executor' returned '0': CMAKE_PREFIX_PATH=/opt/ros/humble /usr/bin/cmake /home/lio/Desktop/ROSPractice/Colcon_Practice/src/examples/rclcpp/executors/cbg_executor -DCMAKE_INSTALL_PREFIX=/home/lio/Desktop/ROSPractice/Colcon_Practice/install/examples_rclcpp_cbg_executor
[2.011s] Invoking command in '/home/lio/Desktop/ROSPractice/Colcon_Practice/build/examples_rclcpp_cbg_executor': CMAKE_PREFIX_PATH=/opt/ros/humble /usr/bin/cmake --build /home/lio/Desktop/ROSPractice/Colcon_Practice/build/examples_rclcpp_cbg_executor -- -j12 -l12
[2.158s] [ 10%] [32mBuilding CXX object CMakeFiles/ping_pong.dir/src/ping_pong.cpp.o[0m
[2.164s] [ 20%] [32mBuilding CXX object CMakeFiles/ping_pong.dir/src/examples_rclcpp_cbg_executor/ping_node.cpp.o[0m
[2.181s] [ 30%] [32mBuilding CXX object CMakeFiles/ping.dir/src/ping.cpp.o[0m
[2.200s] [ 40%] [32mBuilding CXX object CMakeFiles/ping_pong.dir/src/examples_rclcpp_cbg_executor/pong_node.cpp.o[0m
[2.200s] [ 50%] [32mBuilding CXX object CMakeFiles/ping.dir/src/examples_rclcpp_cbg_executor/ping_node.cpp.o[0m
[2.211s] [ 60%] [32mBuilding CXX object CMakeFiles/pong.dir/src/pong.cpp.o[0m
[2.215s] [ 70%] [32mBuilding CXX object CMakeFiles/pong.dir/src/examples_rclcpp_cbg_executor/pong_node.cpp.o[0m
[39.245s] [ 80%] [32m[1mLinking CXX executable pong[0m
[40.077s] [ 80%] Built target pong
[58.558s] [ 90%] [32m[1mLinking CXX executable ping[0m
[58.958s] [100%] [32m[1mLinking CXX executable ping_pong[0m
[59.244s] [100%] Built target ping
[59.686s] [100%] Built target ping_pong
[59.711s] Invoked command in '/home/lio/Desktop/ROSPractice/Colcon_Practice/build/examples_rclcpp_cbg_executor' returned '0': CMAKE_PREFIX_PATH=/opt/ros/humble /usr/bin/cmake --build /home/lio/Desktop/ROSPractice/Colcon_Practice/build/examples_rclcpp_cbg_executor -- -j12 -l12
[59.742s] Invoking command in '/home/lio/Desktop/ROSPractice/Colcon_Practice/build/examples_rclcpp_cbg_executor': CMAKE_PREFIX_PATH=/opt/ros/humble /usr/bin/cmake --install /home/lio/Desktop/ROSPractice/Colcon_Practice/build/examples_rclcpp_cbg_executor
[59.825s] -- Install configuration: ""
[59.828s] -- Installing: /home/lio/Desktop/ROSPractice/Colcon_Practice/install/examples_rclcpp_cbg_executor/lib/examples_rclcpp_cbg_executor/ping
[59.829s] -- Set runtime path of "/home/lio/Desktop/ROSPractice/Colcon_Practice/install/examples_rclcpp_cbg_executor/lib/examples_rclcpp_cbg_executor/ping" to ""
[59.829s] -- Installing: /home/lio/Desktop/ROSPractice/Colcon_Practice/install/examples_rclcpp_cbg_executor/lib/examples_rclcpp_cbg_executor/pong
[59.829s] -- Set runtime path of "/home/lio/Desktop/ROSPractice/Colcon_Practice/install/examples_rclcpp_cbg_executor/lib/examples_rclcpp_cbg_executor/pong" to ""
[59.829s] -- Installing: /home/lio/Desktop/ROSPractice/Colcon_Practice/install/examples_rclcpp_cbg_executor/lib/examples_rclcpp_cbg_executor/ping_pong
[59.829s] -- Set runtime path of "/home/lio/Desktop/ROSPractice/Colcon_Practice/install/examples_rclcpp_cbg_executor/lib/examples_rclcpp_cbg_executor/ping_pong" to ""
[59.830s] -- Installing: /home/lio/Desktop/ROSPractice/Colcon_Practice/install/examples_rclcpp_cbg_executor/include
[59.830s] -- Installing: /home/lio/Desktop/ROSPractice/Colcon_Practice/install/examples_rclcpp_cbg_executor/include/examples_rclcpp_cbg_executor
[59.830s] -- Installing: /home/lio/Desktop/ROSPractice/Colcon_Practice/install/examples_rclcpp_cbg_executor/include/examples_rclcpp_cbg_executor/pong_node.hpp
[59.830s] -- Installing: /home/lio/Desktop/ROSPractice/Colcon_Practice/install/examples_rclcpp_cbg_executor/include/examples_rclcpp_cbg_executor/ping_node.hpp
[59.830s] -- Installing: /home/lio/Desktop/ROSPractice/Colcon_Practice/install/examples_rclcpp_cbg_executor/share/ament_index/resource_index/package_run_dependencies/examples_rclcpp_cbg_executor
[59.830s] -- Installing: /home/lio/Desktop/ROSPractice/Colcon_Practice/install/examples_rclcpp_cbg_executor/share/ament_index/resource_index/parent_prefix_path/examples_rclcpp_cbg_executor
[59.830s] -- Installing: /home/lio/Desktop/ROSPractice/Colcon_Practice/install/examples_rclcpp_cbg_executor/share/examples_rclcpp_cbg_executor/environment/ament_prefix_path.sh
[59.831s] -- Installing: /home/lio/Desktop/ROSPractice/Colcon_Practice/install/examples_rclcpp_cbg_executor/share/examples_rclcpp_cbg_executor/environment/ament_prefix_path.dsv
[59.831s] -- Installing: /home/lio/Desktop/ROSPractice/Colcon_Practice/install/examples_rclcpp_cbg_executor/share/examples_rclcpp_cbg_executor/environment/path.sh
[59.831s] -- Installing: /home/lio/Desktop/ROSPractice/Colcon_Practice/install/examples_rclcpp_cbg_executor/share/examples_rclcpp_cbg_executor/environment/path.dsv
[59.831s] -- Installing: /home/lio/Desktop/ROSPractice/Colcon_Practice/install/examples_rclcpp_cbg_executor/share/examples_rclcpp_cbg_executor/local_setup.bash
[59.832s] -- Installing: /home/lio/Desktop/ROSPractice/Colcon_Practice/install/examples_rclcpp_cbg_executor/share/examples_rclcpp_cbg_executor/local_setup.sh
[59.834s] -- Installing: /home/lio/Desktop/ROSPractice/Colcon_Practice/install/examples_rclcpp_cbg_executor/share/examples_rclcpp_cbg_executor/local_setup.zsh
[59.834s] -- Installing: /home/lio/Desktop/ROSPractice/Colcon_Practice/install/examples_rclcpp_cbg_executor/share/examples_rclcpp_cbg_executor/local_setup.dsv
[59.835s] -- Installing: /home/lio/Desktop/ROSPractice/Colcon_Practice/install/examples_rclcpp_cbg_executor/share/examples_rclcpp_cbg_executor/package.dsv
[59.835s] -- Installing: /home/lio/Desktop/ROSPractice/Colcon_Practice/install/examples_rclcpp_cbg_executor/share/ament_index/resource_index/packages/examples_rclcpp_cbg_executor
[59.835s] -- Installing: /home/lio/Desktop/ROSPractice/Colcon_Practice/install/examples_rclcpp_cbg_executor/share/examples_rclcpp_cbg_executor/cmake/ament_cmake_export_dependencies-extras.cmake
[59.835s] -- Installing: /home/lio/Desktop/ROSPractice/Colcon_Practice/install/examples_rclcpp_cbg_executor/share/examples_rclcpp_cbg_executor/cmake/examples_rclcpp_cbg_executorConfig.cmake
[59.835s] -- Installing: /home/lio/Desktop/ROSPractice/Colcon_Practice/install/examples_rclcpp_cbg_executor/share/examples_rclcpp_cbg_executor/cmake/examples_rclcpp_cbg_executorConfig-version.cmake
[59.836s] -- Installing: /home/lio/Desktop/ROSPractice/Colcon_Practice/install/examples_rclcpp_cbg_executor/share/examples_rclcpp_cbg_executor/package.xml
[59.845s] Invoked command in '/home/lio/Desktop/ROSPractice/Colcon_Practice/build/examples_rclcpp_cbg_executor' returned '0': CMAKE_PREFIX_PATH=/opt/ros/humble /usr/bin/cmake --install /home/lio/Desktop/ROSPractice/Colcon_Practice/build/examples_rclcpp_cbg_executor
