[0.222s] Invoking command in '/home/lio/Desktop/ROSPractice/Practice2_Node/build/village_wang': CMAKE_PREFIX_PATH=/opt/ros/humble /usr/bin/cmake /home/lio/Desktop/ROSPractice/Practice2_Node/src/village_wang -DCMAKE_INSTALL_PREFIX=/home/lio/Desktop/ROSPractice/Practice2_Node/install/village_wang
[0.230s] -- Found ament_cmake: 1.3.3 (/opt/ros/humble/share/ament_cmake/cmake)
[0.339s] -- Found rclcpp: 16.0.2 (/opt/ros/humble/share/rclcpp/cmake)
[0.364s] -- Found rosidl_generator_c: 3.1.4 (/opt/ros/humble/share/rosidl_generator_c/cmake)
[0.366s] -- Found rosidl_adapter: 3.1.4 (/opt/ros/humble/share/rosidl_adapter/cmake)
[0.371s] -- Found rosidl_generator_cpp: 3.1.4 (/opt/ros/humble/share/rosidl_generator_cpp/cmake)
[0.380s] -- Using all available rosidl_typesupport_c: rosidl_typesupport_fastrtps_c;rosidl_typesupport_introspection_c
[0.393s] -- Using all available rosidl_typesupport_cpp: rosidl_typesupport_fastrtps_cpp;rosidl_typesupport_introspection_cpp
[0.446s] -- Found rmw_implementation_cmake: 6.1.1 (/opt/ros/humble/share/rmw_implementation_cmake/cmake)
[0.447s] -- Found rmw_fastrtps_cpp: 6.2.2 (/opt/ros/humble/share/rmw_fastrtps_cpp/cmake)
[0.535s] -- Using RMW implementation 'rmw_fastrtps_cpp' as default
[0.676s] -- Found ament_lint_auto: 0.12.4 (/opt/ros/humble/share/ament_lint_auto/cmake)
[0.730s] -- Added test 'cppcheck' to perform static code analysis on C / C++ code
[0.730s] -- Configured cppcheck include dirs: 
[0.730s] -- Configured cppcheck exclude dirs and/or files: 
[0.731s] -- Added test 'lint_cmake' to check CMake code style
[0.731s] -- Added test 'uncrustify' to check C / C++ code style
[0.732s] -- Configured uncrustify additional arguments: 
[0.732s] -- Added test 'xmllint' to check XML markup files
[0.733s] [31mCMake Error at CMakeLists.txt:30 (install):
[0.733s]   install TARGETS given target "wang2_node" which does not exist.
[0.733s] 
[0.733s] [0m
[0.733s] -- Configuring incomplete, errors occurred!
[0.733s] See also "/home/lio/Desktop/ROSPractice/Practice2_Node/build/village_wang/CMakeFiles/CMakeOutput.log".
[0.738s] Invoked command in '/home/lio/Desktop/ROSPractice/Practice2_Node/build/village_wang' returned '1': CMAKE_PREFIX_PATH=/opt/ros/humble /usr/bin/cmake /home/lio/Desktop/ROSPractice/Practice2_Node/src/village_wang -DCMAKE_INSTALL_PREFIX=/home/lio/Desktop/ROSPractice/Practice2_Node/install/village_wang
