[0.225s] Invoking command in '/home/lio/Desktop/ROSPractice/Practice2_Node/build/village_wang': CMAKE_PREFIX_PATH=/opt/ros/humble /usr/bin/cmake /home/lio/Desktop/ROSPractice/Practice2_Node/src/village_wang -DCMAKE_INSTALL_PREFIX=/home/lio/Desktop/ROSPractice/Practice2_Node/install/village_wang
[0.294s] -- The C compiler identification is GNU 11.3.0
[0.336s] -- The CXX compiler identification is GNU 11.3.0
[0.343s] -- Detecting C compiler ABI info
[0.388s] -- Detecting C compiler ABI info - done
[0.394s] -- Check for working C compiler: /usr/bin/cc - skipped
[0.395s] -- Detecting C compile features
[0.395s] -- Detecting C compile features - done
[0.399s] -- Detecting CXX compiler ABI info
[0.451s] -- Detecting CXX compiler ABI info - done
[0.457s] -- Check for working CXX compiler: /usr/bin/c++ - skipped
[0.457s] -- Detecting CXX compile features
[0.458s] -- Detecting CXX compile features - done
[0.459s] -- Found ament_cmake: 1.3.3 (/opt/ros/humble/share/ament_cmake/cmake)
[0.589s] -- Found Python3: /usr/bin/python3.10 (found version "3.10.6") found components: Interpreter 
[0.697s] -- Found rclcpp: 16.0.2 (/opt/ros/humble/share/rclcpp/cmake)
[0.747s] -- Found rosidl_generator_c: 3.1.4 (/opt/ros/humble/share/rosidl_generator_c/cmake)
[0.751s] -- Found rosidl_adapter: 3.1.4 (/opt/ros/humble/share/rosidl_adapter/cmake)
[0.759s] -- Found rosidl_generator_cpp: 3.1.4 (/opt/ros/humble/share/rosidl_generator_cpp/cmake)
[0.772s] -- Using all available rosidl_typesupport_c: rosidl_typesupport_fastrtps_c;rosidl_typesupport_introspection_c
[0.790s] -- Using all available rosidl_typesupport_cpp: rosidl_typesupport_fastrtps_cpp;rosidl_typesupport_introspection_cpp
[0.855s] -- Found rmw_implementation_cmake: 6.1.1 (/opt/ros/humble/share/rmw_implementation_cmake/cmake)
[0.859s] -- Found rmw_fastrtps_cpp: 6.2.2 (/opt/ros/humble/share/rmw_fastrtps_cpp/cmake)
[0.932s] -- Found OpenSSL: /usr/lib/x86_64-linux-gnu/libcrypto.so (found version "3.0.2")  
[0.951s] -- Found FastRTPS: /opt/ros/humble/include  
[0.984s] -- Using RMW implementation 'rmw_fastrtps_cpp' as default
[0.992s] -- Looking for pthread.h
[1.039s] -- Looking for pthread.h - found
[1.039s] -- Performing Test CMAKE_HAVE_LIBC_PTHREAD
[1.085s] -- Performing Test CMAKE_HAVE_LIBC_PTHREAD - Success
[1.086s] -- Found Threads: TRUE  
[1.248s] -- Found ament_lint_auto: 0.12.4 (/opt/ros/humble/share/ament_lint_auto/cmake)
[1.313s] -- Added test 'cppcheck' to perform static code analysis on C / C++ code
[1.313s] -- Configured cppcheck include dirs: 
[1.313s] -- Configured cppcheck exclude dirs and/or files: 
[1.314s] -- Added test 'lint_cmake' to check CMake code style
[1.315s] -- Added test 'uncrustify' to check C / C++ code style
[1.315s] -- Configured uncrustify additional arguments: 
[1.315s] -- Added test 'xmllint' to check XML markup files
[1.317s] [31mCMake Error at CMakeLists.txt:30 (install):
[1.317s]   install TARGETS given target "wang2_node" which does not exist.
[1.317s] 
[1.317s] [0m
[1.317s] -- Configuring incomplete, errors occurred!
[1.317s] See also "/home/lio/Desktop/ROSPractice/Practice2_Node/build/village_wang/CMakeFiles/CMakeOutput.log".
[1.323s] Invoked command in '/home/lio/Desktop/ROSPractice/Practice2_Node/build/village_wang' returned '1': CMAKE_PREFIX_PATH=/opt/ros/humble /usr/bin/cmake /home/lio/Desktop/ROSPractice/Practice2_Node/src/village_wang -DCMAKE_INSTALL_PREFIX=/home/lio/Desktop/ROSPractice/Practice2_Node/install/village_wang
