[0.224s] Invoking command in '/home/lio/Desktop/ROSPractice/Practice2_Node/build/village_wang': CMAKE_PREFIX_PATH=${CMAKE_PREFIX_PATH}:/home/lio/Desktop/ROSPractice/Practice2_Node/install/village_li:/opt/ros/humble /usr/bin/cmake --build /home/lio/Desktop/ROSPractice/Practice2_Node/build/village_wang -- -j12 -l12
[0.247s] [35m[1mConsolidate compiler generated dependencies of target wang_node[0m
[0.258s] [ 50%] [32mBuilding CXX object CMakeFiles/wang_node.dir/src/wang.cpp.o[0m
[2.413s] [100%] [32m[1mLinking CXX executable wang_node[0m
[2.482s] [100%] Built target wang_node
[2.489s] Invoked command in '/home/lio/Desktop/ROSPractice/Practice2_Node/build/village_wang' returned '0': CMAKE_PREFIX_PATH=${CMAKE_PREFIX_PATH}:/home/lio/Desktop/ROSPractice/Practice2_Node/install/village_li:/opt/ros/humble /usr/bin/cmake --build /home/lio/Desktop/ROSPractice/Practice2_Node/build/village_wang -- -j12 -l12
[2.509s] Invoking command in '/home/lio/Desktop/ROSPractice/Practice2_Node/build/village_wang': CMAKE_PREFIX_PATH=${CMAKE_PREFIX_PATH}:/home/lio/Desktop/ROSPractice/Practice2_Node/install/village_li:/opt/ros/humble /usr/bin/cmake --install /home/lio/Desktop/ROSPractice/Practice2_Node/build/village_wang
[2.514s] -- Install configuration: ""
[2.514s] -- Up-to-date: /home/lio/Desktop/ROSPractice/Practice2_Node/install/village_wang/share/ament_index/resource_index/package_run_dependencies/village_wang
[2.514s] -- Up-to-date: /home/lio/Desktop/ROSPractice/Practice2_Node/install/village_wang/share/ament_index/resource_index/parent_prefix_path/village_wang
[2.514s] -- Up-to-date: /home/lio/Desktop/ROSPractice/Practice2_Node/install/village_wang/share/village_wang/environment/ament_prefix_path.sh
[2.514s] -- Up-to-date: /home/lio/Desktop/ROSPractice/Practice2_Node/install/village_wang/share/village_wang/environment/ament_prefix_path.dsv
[2.514s] -- Up-to-date: /home/lio/Desktop/ROSPractice/Practice2_Node/install/village_wang/share/village_wang/environment/path.sh
[2.515s] -- Up-to-date: /home/lio/Desktop/ROSPractice/Practice2_Node/install/village_wang/share/village_wang/environment/path.dsv
[2.515s] -- Up-to-date: /home/lio/Desktop/ROSPractice/Practice2_Node/install/village_wang/share/village_wang/local_setup.bash
[2.515s] -- Up-to-date: /home/lio/Desktop/ROSPractice/Practice2_Node/install/village_wang/share/village_wang/local_setup.sh
[2.515s] -- Up-to-date: /home/lio/Desktop/ROSPractice/Practice2_Node/install/village_wang/share/village_wang/local_setup.zsh
[2.515s] -- Up-to-date: /home/lio/Desktop/ROSPractice/Practice2_Node/install/village_wang/share/village_wang/local_setup.dsv
[2.515s] -- Installing: /home/lio/Desktop/ROSPractice/Practice2_Node/install/village_wang/share/village_wang/package.dsv
[2.515s] -- Up-to-date: /home/lio/Desktop/ROSPractice/Practice2_Node/install/village_wang/share/ament_index/resource_index/packages/village_wang
[2.515s] -- Up-to-date: /home/lio/Desktop/ROSPractice/Practice2_Node/install/village_wang/share/village_wang/cmake/village_wangConfig.cmake
[2.515s] -- Up-to-date: /home/lio/Desktop/ROSPractice/Practice2_Node/install/village_wang/share/village_wang/cmake/village_wangConfig-version.cmake
[2.515s] -- Up-to-date: /home/lio/Desktop/ROSPractice/Practice2_Node/install/village_wang/share/village_wang/package.xml
[2.515s] -- Installing: /home/lio/Desktop/ROSPractice/Practice2_Node/install/village_wang/lib/village_wang/wang_node
[2.515s] -- Set runtime path of "/home/lio/Desktop/ROSPractice/Practice2_Node/install/village_wang/lib/village_wang/wang_node" to ""
[2.518s] Invoked command in '/home/lio/Desktop/ROSPractice/Practice2_Node/build/village_wang' returned '0': CMAKE_PREFIX_PATH=${CMAKE_PREFIX_PATH}:/home/lio/Desktop/ROSPractice/Practice2_Node/install/village_li:/opt/ros/humble /usr/bin/cmake --install /home/lio/Desktop/ROSPractice/Practice2_Node/build/village_wang
