[0.026s] Invoking command in '/home/lio/Desktop/ROSPractice/Practice2_Node/build/village_cheung': CMAKE_PREFIX_PATH=/opt/ros/humble /usr/bin/cmake /home/lio/Desktop/ROSPractice/Practice2_Node/src/village_cheung -DAMENT_CMAKE_SYMLINK_INSTALL=1 -DCMAKE_INSTALL_PREFIX=/home/lio/Desktop/ROSPractice/Practice2_Node/install/village_cheung
[0.450s] -- Found ament_cmake: 1.3.3 (/opt/ros/humble/share/ament_cmake/cmake)
[0.450s] -- Override CMake install command with custom implementation using symlinks instead of copying resources
[0.450s] -- Found rclcpp: 16.0.2 (/opt/ros/humble/share/rclcpp/cmake)
[0.451s] -- Found rosidl_generator_c: 3.1.4 (/opt/ros/humble/share/rosidl_generator_c/cmake)
[0.451s] -- Found rosidl_adapter: 3.1.4 (/opt/ros/humble/share/rosidl_adapter/cmake)
[0.452s] -- Found rosidl_generator_cpp: 3.1.4 (/opt/ros/humble/share/rosidl_generator_cpp/cmake)
[0.452s] -- Using all available rosidl_typesupport_c: rosidl_typesupport_fastrtps_c;rosidl_typesupport_introspection_c
[0.452s] -- Using all available rosidl_typesupport_cpp: rosidl_typesupport_fastrtps_cpp;rosidl_typesupport_introspection_cpp
[0.453s] -- Found rmw_implementation_cmake: 6.1.1 (/opt/ros/humble/share/rmw_implementation_cmake/cmake)
[0.453s] -- Found rmw_fastrtps_cpp: 6.2.2 (/opt/ros/humble/share/rmw_fastrtps_cpp/cmake)
[0.453s] -- Using RMW implementation 'rmw_fastrtps_cpp' as default
[0.493s] -- Found ament_lint_auto: 0.12.4 (/opt/ros/humble/share/ament_lint_auto/cmake)
[0.551s] -- Added test 'cppcheck' to perform static code analysis on C / C++ code
[0.551s] -- Configured cppcheck include dirs: 
[0.552s] -- Configured cppcheck exclude dirs and/or files: 
[0.552s] -- Added test 'lint_cmake' to check CMake code style
[0.552s] -- Added test 'uncrustify' to check C / C++ code style
[0.553s] -- Configured uncrustify additional arguments: 
[0.553s] -- Added test 'xmllint' to check XML markup files
[0.555s] -- Configuring done
[0.564s] -- Generating done
[0.565s] -- Build files have been written to: /home/lio/Desktop/ROSPractice/Practice2_Node/build/village_cheung
[0.571s] Invoked command in '/home/lio/Desktop/ROSPractice/Practice2_Node/build/village_cheung' returned '0': CMAKE_PREFIX_PATH=/opt/ros/humble /usr/bin/cmake /home/lio/Desktop/ROSPractice/Practice2_Node/src/village_cheung -DAMENT_CMAKE_SYMLINK_INSTALL=1 -DCMAKE_INSTALL_PREFIX=/home/lio/Desktop/ROSPractice/Practice2_Node/install/village_cheung
[0.572s] Invoking command in '/home/lio/Desktop/ROSPractice/Practice2_Node/build/village_cheung': CMAKE_PREFIX_PATH=/opt/ros/humble /usr/bin/cmake --build /home/lio/Desktop/ROSPractice/Practice2_Node/build/village_cheung -- -j12 -l12
[0.596s] [35m[1mConsolidate compiler generated dependencies of target cheung_oop[0m
[0.596s] [35m[1mConsolidate compiler generated dependencies of target cheung[0m
[0.609s] [ 50%] [32mBuilding CXX object CMakeFiles/cheung.dir/src/cheung.cpp.o[0m
[0.609s] [ 50%] [32m[1mLinking CXX executable cheung_oop[0m
[0.689s] [ 75%] Built target cheung_oop
[2.880s] [100%] [32m[1mLinking CXX executable cheung[0m
[2.954s] [100%] Built target cheung
[2.960s] Invoked command in '/home/lio/Desktop/ROSPractice/Practice2_Node/build/village_cheung' returned '0': CMAKE_PREFIX_PATH=/opt/ros/humble /usr/bin/cmake --build /home/lio/Desktop/ROSPractice/Practice2_Node/build/village_cheung -- -j12 -l12
[2.974s] Invoking command in '/home/lio/Desktop/ROSPractice/Practice2_Node/build/village_cheung': CMAKE_PREFIX_PATH=/opt/ros/humble /usr/bin/cmake --install /home/lio/Desktop/ROSPractice/Practice2_Node/build/village_cheung
[2.978s] -- Install configuration: ""
[2.978s] -- Execute custom install script
[2.978s] -- Symlinking: /home/lio/Desktop/ROSPractice/Practice2_Node/install/village_cheung/share/ament_index/resource_index/package_run_dependencies/village_cheung
[2.983s] -- Symlinking: /home/lio/Desktop/ROSPractice/Practice2_Node/install/village_cheung/share/ament_index/resource_index/parent_prefix_path/village_cheung
[2.987s] -- Symlinking: /home/lio/Desktop/ROSPractice/Practice2_Node/install/village_cheung/share/village_cheung/environment/ament_prefix_path.sh
[2.992s] -- Symlinking: /home/lio/Desktop/ROSPractice/Practice2_Node/install/village_cheung/share/village_cheung/environment/ament_prefix_path.dsv
[2.996s] -- Symlinking: /home/lio/Desktop/ROSPractice/Practice2_Node/install/village_cheung/share/village_cheung/environment/path.sh
[3.001s] -- Symlinking: /home/lio/Desktop/ROSPractice/Practice2_Node/install/village_cheung/share/village_cheung/environment/path.dsv
[3.005s] -- Symlinking: /home/lio/Desktop/ROSPractice/Practice2_Node/install/village_cheung/share/village_cheung/local_setup.bash
[3.011s] -- Symlinking: /home/lio/Desktop/ROSPractice/Practice2_Node/install/village_cheung/share/village_cheung/local_setup.sh
[3.016s] -- Symlinking: /home/lio/Desktop/ROSPractice/Practice2_Node/install/village_cheung/share/village_cheung/local_setup.zsh
[3.021s] -- Symlinking: /home/lio/Desktop/ROSPractice/Practice2_Node/install/village_cheung/share/village_cheung/local_setup.dsv
[3.026s] -- Symlinking: /home/lio/Desktop/ROSPractice/Practice2_Node/install/village_cheung/share/village_cheung/package.dsv
[3.031s] -- Symlinking: /home/lio/Desktop/ROSPractice/Practice2_Node/install/village_cheung/share/ament_index/resource_index/packages/village_cheung
[3.036s] -- Symlinking: /home/lio/Desktop/ROSPractice/Practice2_Node/install/village_cheung/share/village_cheung/cmake/village_cheungConfig.cmake
[3.041s] -- Symlinking: /home/lio/Desktop/ROSPractice/Practice2_Node/install/village_cheung/share/village_cheung/cmake/village_cheungConfig-version.cmake
[3.046s] -- Symlinking: /home/lio/Desktop/ROSPractice/Practice2_Node/install/village_cheung/share/village_cheung/package.xml
[3.051s] -- Symlinking: /home/lio/Desktop/ROSPractice/Practice2_Node/install/village_cheung/lib/village_cheung/cheung_oop
[3.056s] -- Symlinking: /home/lio/Desktop/ROSPractice/Practice2_Node/install/village_cheung/lib/village_cheung/cheung
[3.063s] Invoked command in '/home/lio/Desktop/ROSPractice/Practice2_Node/build/village_cheung' returned '0': CMAKE_PREFIX_PATH=/opt/ros/humble /usr/bin/cmake --install /home/lio/Desktop/ROSPractice/Practice2_Node/build/village_cheung
