[0.019s] Invoking command in '/home/lio/Desktop/ROSPractice/Practice2_Node/build/village_cheung': CMAKE_PREFIX_PATH=/opt/ros/humble /usr/bin/cmake /home/lio/Desktop/ROSPractice/Practice2_Node/src/village_cheung -DCMAKE_INSTALL_PREFIX=/home/lio/Desktop/ROSPractice/Practice2_Node/install/village_cheung
[0.261s] -- The C compiler identification is GNU 11.3.0
[0.261s] -- The CXX compiler identification is GNU 11.3.0
[0.261s] -- Detecting C compiler ABI info
[0.261s] -- Detecting C compiler ABI info - done
[0.261s] -- Check for working C compiler: /usr/bin/cc - skipped
[0.261s] -- Detecting C compile features
[0.261s] -- Detecting C compile features - done
[0.262s] -- Detecting CXX compiler ABI info
[0.263s] -- Detecting CXX compiler ABI info - done
[0.263s] -- Check for working CXX compiler: /usr/bin/c++ - skipped
[0.264s] -- Detecting CXX compile features
[0.264s] -- Detecting CXX compile features - done
[0.264s] -- Found ament_cmake: 1.3.3 (/opt/ros/humble/share/ament_cmake/cmake)
[0.340s] -- Found Python3: /usr/bin/python3.10 (found version "3.10.6") found components: Interpreter 
[0.401s] -- Found rclcpp: 16.0.2 (/opt/ros/humble/share/rclcpp/cmake)
[0.439s] -- Found rosidl_generator_c: 3.1.4 (/opt/ros/humble/share/rosidl_generator_c/cmake)
[0.442s] -- Found rosidl_adapter: 3.1.4 (/opt/ros/humble/share/rosidl_adapter/cmake)
[0.448s] -- Found rosidl_generator_cpp: 3.1.4 (/opt/ros/humble/share/rosidl_generator_cpp/cmake)
[0.458s] -- Using all available rosidl_typesupport_c: rosidl_typesupport_fastrtps_c;rosidl_typesupport_introspection_c
[0.473s] -- Using all available rosidl_typesupport_cpp: rosidl_typesupport_fastrtps_cpp;rosidl_typesupport_introspection_cpp
[0.532s] -- Found rmw_implementation_cmake: 6.1.1 (/opt/ros/humble/share/rmw_implementation_cmake/cmake)
[0.533s] -- Found rmw_fastrtps_cpp: 6.2.2 (/opt/ros/humble/share/rmw_fastrtps_cpp/cmake)
[0.595s] -- Found OpenSSL: /usr/lib/x86_64-linux-gnu/libcrypto.so (found version "3.0.2")  
[0.614s] -- Found FastRTPS: /opt/ros/humble/include  
[0.647s] -- Using RMW implementation 'rmw_fastrtps_cpp' as default
[0.653s] -- Looking for pthread.h
[0.697s] -- Looking for pthread.h - found
[0.697s] -- Performing Test CMAKE_HAVE_LIBC_PTHREAD
[0.745s] -- Performing Test CMAKE_HAVE_LIBC_PTHREAD - Success
[0.746s] -- Found Threads: TRUE  
[0.885s] -- Found ament_lint_auto: 0.12.4 (/opt/ros/humble/share/ament_lint_auto/cmake)
[0.942s] -- Added test 'cppcheck' to perform static code analysis on C / C++ code
[0.943s] -- Configured cppcheck include dirs: 
[0.943s] -- Configured cppcheck exclude dirs and/or files: 
[0.943s] -- Added test 'lint_cmake' to check CMake code style
[0.944s] -- Added test 'uncrustify' to check C / C++ code style
[0.944s] -- Configured uncrustify additional arguments: 
[0.944s] -- Added test 'xmllint' to check XML markup files
[0.945s] -- Configuring done
[0.951s] -- Generating done
[0.952s] -- Build files have been written to: /home/lio/Desktop/ROSPractice/Practice2_Node/build/village_cheung
[0.958s] Invoked command in '/home/lio/Desktop/ROSPractice/Practice2_Node/build/village_cheung' returned '0': CMAKE_PREFIX_PATH=/opt/ros/humble /usr/bin/cmake /home/lio/Desktop/ROSPractice/Practice2_Node/src/village_cheung -DCMAKE_INSTALL_PREFIX=/home/lio/Desktop/ROSPractice/Practice2_Node/install/village_cheung
[0.959s] Invoking command in '/home/lio/Desktop/ROSPractice/Practice2_Node/build/village_cheung': CMAKE_PREFIX_PATH=/opt/ros/humble /usr/bin/cmake --build /home/lio/Desktop/ROSPractice/Practice2_Node/build/village_cheung -- -j12 -l12
[0.987s] [ 50%] [32mBuilding CXX object CMakeFiles/cheung_oop.dir/src/cheung_oop.cpp.o[0m
[3.099s] [100%] [32m[1mLinking CXX executable cheung_oop[0m
[3.169s] [100%] Built target cheung_oop
[3.175s] Invoked command in '/home/lio/Desktop/ROSPractice/Practice2_Node/build/village_cheung' returned '0': CMAKE_PREFIX_PATH=/opt/ros/humble /usr/bin/cmake --build /home/lio/Desktop/ROSPractice/Practice2_Node/build/village_cheung -- -j12 -l12
[3.188s] Invoking command in '/home/lio/Desktop/ROSPractice/Practice2_Node/build/village_cheung': CMAKE_PREFIX_PATH=/opt/ros/humble /usr/bin/cmake --install /home/lio/Desktop/ROSPractice/Practice2_Node/build/village_cheung
[3.192s] -- Install configuration: ""
[3.192s] -- Installing: /home/lio/Desktop/ROSPractice/Practice2_Node/install/village_cheung/share/ament_index/resource_index/package_run_dependencies/village_cheung
[3.192s] -- Installing: /home/lio/Desktop/ROSPractice/Practice2_Node/install/village_cheung/share/ament_index/resource_index/parent_prefix_path/village_cheung
[3.192s] -- Installing: /home/lio/Desktop/ROSPractice/Practice2_Node/install/village_cheung/share/village_cheung/environment/ament_prefix_path.sh
[3.192s] -- Installing: /home/lio/Desktop/ROSPractice/Practice2_Node/install/village_cheung/share/village_cheung/environment/ament_prefix_path.dsv
[3.193s] -- Installing: /home/lio/Desktop/ROSPractice/Practice2_Node/install/village_cheung/share/village_cheung/environment/path.sh
[3.193s] -- Installing: /home/lio/Desktop/ROSPractice/Practice2_Node/install/village_cheung/share/village_cheung/environment/path.dsv
[3.193s] -- Installing: /home/lio/Desktop/ROSPractice/Practice2_Node/install/village_cheung/share/village_cheung/local_setup.bash
[3.193s] -- Installing: /home/lio/Desktop/ROSPractice/Practice2_Node/install/village_cheung/share/village_cheung/local_setup.sh
[3.193s] -- Installing: /home/lio/Desktop/ROSPractice/Practice2_Node/install/village_cheung/share/village_cheung/local_setup.zsh
[3.193s] -- Installing: /home/lio/Desktop/ROSPractice/Practice2_Node/install/village_cheung/share/village_cheung/local_setup.dsv
[3.193s] -- Installing: /home/lio/Desktop/ROSPractice/Practice2_Node/install/village_cheung/share/village_cheung/package.dsv
[3.193s] -- Installing: /home/lio/Desktop/ROSPractice/Practice2_Node/install/village_cheung/share/ament_index/resource_index/packages/village_cheung
[3.193s] -- Installing: /home/lio/Desktop/ROSPractice/Practice2_Node/install/village_cheung/share/village_cheung/cmake/village_cheungConfig.cmake
[3.193s] -- Installing: /home/lio/Desktop/ROSPractice/Practice2_Node/install/village_cheung/share/village_cheung/cmake/village_cheungConfig-version.cmake
[3.193s] -- Installing: /home/lio/Desktop/ROSPractice/Practice2_Node/install/village_cheung/share/village_cheung/package.xml
[3.193s] -- Installing: /home/lio/Desktop/ROSPractice/Practice2_Node/install/village_cheung/lib/village_cheung/cheung_oop
[3.194s] -- Set runtime path of "/home/lio/Desktop/ROSPractice/Practice2_Node/install/village_cheung/lib/village_cheung/cheung_oop" to ""
[3.196s] Invoked command in '/home/lio/Desktop/ROSPractice/Practice2_Node/build/village_cheung' returned '0': CMAKE_PREFIX_PATH=/opt/ros/humble /usr/bin/cmake --install /home/lio/Desktop/ROSPractice/Practice2_Node/build/village_cheung
