[0.039s] Invoking command in '/home/lio/Desktop/ROSPractice/Colcon_Practice/build/examples_rclcpp_wait_set': CMAKE_PREFIX_PATH=${CMAKE_PREFIX_PATH}:/home/lio/Desktop/ROSPractice/Colcon_Practice/install/launch_testing_examples:/home/lio/Desktop/ROSPractice/Colcon_Practice/install/examples_rclpy_pointcloud_publisher:/home/lio/Desktop/ROSPractice/Colcon_Practice/install/examples_rclpy_minimal_subscriber:/home/lio/Desktop/ROSPractice/Colcon_Practice/install/examples_rclpy_minimal_service:/home/lio/Desktop/ROSPractice/Colcon_Practice/install/examples_rclpy_minimal_publisher:/home/lio/Desktop/ROSPractice/Colcon_Practice/install/examples_rclpy_minimal_client:/home/lio/Desktop/ROSPractice/Colcon_Practice/install/examples_rclpy_minimal_action_server:/home/lio/Desktop/ROSPractice/Colcon_Practice/install/examples_rclpy_minimal_action_client:/home/lio/Desktop/ROSPractice/Colcon_Practice/install/examples_rclpy_guard_conditions:/home/lio/Desktop/ROSPractice/Colcon_Practice/install/examples_rclpy_executors:/opt/ros/humble /usr/bin/cmake --build /home/lio/Desktop/ROSPractice/Colcon_Practice/build/examples_rclcpp_wait_set -- -j12 -l12
[0.139s] [35m[1mConsolidate compiler generated dependencies of target talker[0m
[0.139s] [35m[1mConsolidate compiler generated dependencies of target wait_set_talker[0m
[0.139s] [35m[1mConsolidate compiler generated dependencies of target listener[0m
[0.140s] [  8%] Built target talker
[0.147s] [ 16%] Built target listener
[0.147s] [35m[1mConsolidate compiler generated dependencies of target wait_set[0m
[0.152s] [ 25%] Built target wait_set_talker
[0.152s] [35m[1mConsolidate compiler generated dependencies of target wait_set_listener[0m
[0.156s] [35m[1mConsolidate compiler generated dependencies of target wait_set_topics_and_timer[0m
[0.156s] [35m[1mConsolidate compiler generated dependencies of target static_wait_set[0m
[0.161s] [35m[1mConsolidate compiler generated dependencies of target thread_safe_wait_set[0m
[0.174s] [35m[1mConsolidate compiler generated dependencies of target wait_set_random_order[0m
[0.174s] [35m[1mConsolidate compiler generated dependencies of target wait_set_topics_with_different_rates[0m
[0.174s] [35m[1mConsolidate compiler generated dependencies of target wait_set_composed[0m
[0.176s] [35m[1mConsolidate compiler generated dependencies of target executor_random_order[0m
[0.182s] [ 33%] Built target wait_set
[0.196s] [ 41%] Built target static_wait_set
[0.203s] [ 54%] Built target executor_random_order
[0.203s] [ 58%] Built target wait_set_topics_with_different_rates
[0.203s] [ 66%] Built target wait_set_topics_and_timer
[0.208s] [ 75%] Built target thread_safe_wait_set
[0.209s] [ 83%] Built target wait_set_random_order
[0.209s] [ 91%] Built target wait_set_listener
[0.212s] [100%] Built target wait_set_composed
[0.279s] Invoked command in '/home/lio/Desktop/ROSPractice/Colcon_Practice/build/examples_rclcpp_wait_set' returned '0': CMAKE_PREFIX_PATH=${CMAKE_PREFIX_PATH}:/home/lio/Desktop/ROSPractice/Colcon_Practice/install/launch_testing_examples:/home/lio/Desktop/ROSPractice/Colcon_Practice/install/examples_rclpy_pointcloud_publisher:/home/lio/Desktop/ROSPractice/Colcon_Practice/install/examples_rclpy_minimal_subscriber:/home/lio/Desktop/ROSPractice/Colcon_Practice/install/examples_rclpy_minimal_service:/home/lio/Desktop/ROSPractice/Colcon_Practice/install/examples_rclpy_minimal_publisher:/home/lio/Desktop/ROSPractice/Colcon_Practice/install/examples_rclpy_minimal_client:/home/lio/Desktop/ROSPractice/Colcon_Practice/install/examples_rclpy_minimal_action_server:/home/lio/Desktop/ROSPractice/Colcon_Practice/install/examples_rclpy_minimal_action_client:/home/lio/Desktop/ROSPractice/Colcon_Practice/install/examples_rclpy_guard_conditions:/home/lio/Desktop/ROSPractice/Colcon_Practice/install/examples_rclpy_executors:/opt/ros/humble /usr/bin/cmake --build /home/lio/Desktop/ROSPractice/Colcon_Practice/build/examples_rclcpp_wait_set -- -j12 -l12
[0.390s] Invoking command in '/home/lio/Desktop/ROSPractice/Colcon_Practice/build/examples_rclcpp_wait_set': CMAKE_PREFIX_PATH=${CMAKE_PREFIX_PATH}:/home/lio/Desktop/ROSPractice/Colcon_Practice/install/launch_testing_examples:/home/lio/Desktop/ROSPractice/Colcon_Practice/install/examples_rclpy_pointcloud_publisher:/home/lio/Desktop/ROSPractice/Colcon_Practice/install/examples_rclpy_minimal_subscriber:/home/lio/Desktop/ROSPractice/Colcon_Practice/install/examples_rclpy_minimal_service:/home/lio/Desktop/ROSPractice/Colcon_Practice/install/examples_rclpy_minimal_publisher:/home/lio/Desktop/ROSPractice/Colcon_Practice/install/examples_rclpy_minimal_client:/home/lio/Desktop/ROSPractice/Colcon_Practice/install/examples_rclpy_minimal_action_server:/home/lio/Desktop/ROSPractice/Colcon_Practice/install/examples_rclpy_minimal_action_client:/home/lio/Desktop/ROSPractice/Colcon_Practice/install/examples_rclpy_guard_conditions:/home/lio/Desktop/ROSPractice/Colcon_Practice/install/examples_rclpy_executors:/opt/ros/humble /usr/bin/cmake --install /home/lio/Desktop/ROSPractice/Colcon_Practice/build/examples_rclcpp_wait_set
[0.422s] -- Install configuration: ""
[0.422s] -- Up-to-date: /home/lio/Desktop/ROSPractice/Colcon_Practice/install/examples_rclcpp_wait_set/lib/examples_rclcpp_wait_set/wait_set_talker
[0.422s] -- Up-to-date: /home/lio/Desktop/ROSPractice/Colcon_Practice/install/examples_rclcpp_wait_set/lib/examples_rclcpp_wait_set/wait_set_listener
[0.422s] -- Up-to-date: /home/lio/Desktop/ROSPractice/Colcon_Practice/install/examples_rclcpp_wait_set/lib/libtalker.so
[0.422s] -- Up-to-date: /home/lio/Desktop/ROSPractice/Colcon_Practice/install/examples_rclcpp_wait_set/lib/liblistener.so
[0.422s] -- Up-to-date: /home/lio/Desktop/ROSPractice/Colcon_Practice/install/examples_rclcpp_wait_set/lib/examples_rclcpp_wait_set/wait_set
[0.423s] -- Up-to-date: /home/lio/Desktop/ROSPractice/Colcon_Practice/install/examples_rclcpp_wait_set/lib/examples_rclcpp_wait_set/static_wait_set
[0.423s] -- Up-to-date: /home/lio/Desktop/ROSPractice/Colcon_Practice/install/examples_rclcpp_wait_set/lib/examples_rclcpp_wait_set/thread_safe_wait_set
[0.424s] -- Up-to-date: /home/lio/Desktop/ROSPractice/Colcon_Practice/install/examples_rclcpp_wait_set/lib/examples_rclcpp_wait_set/wait_set_topics_and_timer
[0.424s] -- Up-to-date: /home/lio/Desktop/ROSPractice/Colcon_Practice/install/examples_rclcpp_wait_set/lib/examples_rclcpp_wait_set/wait_set_random_order
[0.424s] -- Up-to-date: /home/lio/Desktop/ROSPractice/Colcon_Practice/install/examples_rclcpp_wait_set/lib/examples_rclcpp_wait_set/executor_random_order
[0.424s] -- Up-to-date: /home/lio/Desktop/ROSPractice/Colcon_Practice/install/examples_rclcpp_wait_set/lib/examples_rclcpp_wait_set/wait_set_topics_with_different_rates
[0.425s] -- Up-to-date: /home/lio/Desktop/ROSPractice/Colcon_Practice/install/examples_rclcpp_wait_set/lib/examples_rclcpp_wait_set/wait_set_composed
[0.425s] -- Up-to-date: /home/lio/Desktop/ROSPractice/Colcon_Practice/install/examples_rclcpp_wait_set/share/ament_index/resource_index/package_run_dependencies/examples_rclcpp_wait_set
[0.425s] -- Up-to-date: /home/lio/Desktop/ROSPractice/Colcon_Practice/install/examples_rclcpp_wait_set/share/ament_index/resource_index/parent_prefix_path/examples_rclcpp_wait_set
[0.425s] -- Up-to-date: /home/lio/Desktop/ROSPractice/Colcon_Practice/install/examples_rclcpp_wait_set/share/examples_rclcpp_wait_set/environment/ament_prefix_path.sh
[0.425s] -- Up-to-date: /home/lio/Desktop/ROSPractice/Colcon_Practice/install/examples_rclcpp_wait_set/share/examples_rclcpp_wait_set/environment/ament_prefix_path.dsv
[0.425s] -- Up-to-date: /home/lio/Desktop/ROSPractice/Colcon_Practice/install/examples_rclcpp_wait_set/share/examples_rclcpp_wait_set/environment/path.sh
[0.425s] -- Up-to-date: /home/lio/Desktop/ROSPractice/Colcon_Practice/install/examples_rclcpp_wait_set/share/examples_rclcpp_wait_set/environment/path.dsv
[0.425s] -- Up-to-date: /home/lio/Desktop/ROSPractice/Colcon_Practice/install/examples_rclcpp_wait_set/share/examples_rclcpp_wait_set/local_setup.bash
[0.425s] -- Up-to-date: /home/lio/Desktop/ROSPractice/Colcon_Practice/install/examples_rclcpp_wait_set/share/examples_rclcpp_wait_set/local_setup.sh
[0.425s] -- Up-to-date: /home/lio/Desktop/ROSPractice/Colcon_Practice/install/examples_rclcpp_wait_set/share/examples_rclcpp_wait_set/local_setup.zsh
[0.425s] -- Up-to-date: /home/lio/Desktop/ROSPractice/Colcon_Practice/install/examples_rclcpp_wait_set/share/examples_rclcpp_wait_set/local_setup.dsv
[0.425s] -- Installing: /home/lio/Desktop/ROSPractice/Colcon_Practice/install/examples_rclcpp_wait_set/share/examples_rclcpp_wait_set/package.dsv
[0.426s] -- Up-to-date: /home/lio/Desktop/ROSPractice/Colcon_Practice/install/examples_rclcpp_wait_set/share/ament_index/resource_index/packages/examples_rclcpp_wait_set
[0.426s] -- Up-to-date: /home/lio/Desktop/ROSPractice/Colcon_Practice/install/examples_rclcpp_wait_set/share/ament_index/resource_index/rclcpp_components/examples_rclcpp_wait_set
[0.426s] -- Up-to-date: /home/lio/Desktop/ROSPractice/Colcon_Practice/install/examples_rclcpp_wait_set/share/examples_rclcpp_wait_set/cmake/examples_rclcpp_wait_setConfig.cmake
[0.426s] -- Up-to-date: /home/lio/Desktop/ROSPractice/Colcon_Practice/install/examples_rclcpp_wait_set/share/examples_rclcpp_wait_set/cmake/examples_rclcpp_wait_setConfig-version.cmake
[0.426s] -- Up-to-date: /home/lio/Desktop/ROSPractice/Colcon_Practice/install/examples_rclcpp_wait_set/share/examples_rclcpp_wait_set/package.xml
[0.478s] Invoked command in '/home/lio/Desktop/ROSPractice/Colcon_Practice/build/examples_rclcpp_wait_set' returned '0': CMAKE_PREFIX_PATH=${CMAKE_PREFIX_PATH}:/home/lio/Desktop/ROSPractice/Colcon_Practice/install/launch_testing_examples:/home/lio/Desktop/ROSPractice/Colcon_Practice/install/examples_rclpy_pointcloud_publisher:/home/lio/Desktop/ROSPractice/Colcon_Practice/install/examples_rclpy_minimal_subscriber:/home/lio/Desktop/ROSPractice/Colcon_Practice/install/examples_rclpy_minimal_service:/home/lio/Desktop/ROSPractice/Colcon_Practice/install/examples_rclpy_minimal_publisher:/home/lio/Desktop/ROSPractice/Colcon_Practice/install/examples_rclpy_minimal_client:/home/lio/Desktop/ROSPractice/Colcon_Practice/install/examples_rclpy_minimal_action_server:/home/lio/Desktop/ROSPractice/Colcon_Practice/install/examples_rclpy_minimal_action_client:/home/lio/Desktop/ROSPractice/Colcon_Practice/install/examples_rclpy_guard_conditions:/home/lio/Desktop/ROSPractice/Colcon_Practice/install/examples_rclpy_executors:/opt/ros/humble /usr/bin/cmake --install /home/lio/Desktop/ROSPractice/Colcon_Practice/build/examples_rclcpp_wait_set
