[2.889s] Invoking command in '/home/lio/Desktop/ROSPractice/Colcon_Practice/src/examples/rclpy/services/minimal_client': PYTHONPATH=/home/lio/Desktop/ROSPractice/Colcon_Practice/build/examples_rclpy_minimal_client/prefix_override:/home/lio/Desktop/ROSPractice/Colcon_Practice/install/examples_rclpy_minimal_client/lib/python3.10/site-packages:${PYTHONPATH} /usr/bin/python3 setup.py egg_info --egg-base ../../../../../build/examples_rclpy_minimal_client build --build-base /home/lio/Desktop/ROSPractice/Colcon_Practice/build/examples_rclpy_minimal_client/build install --record /home/lio/Desktop/ROSPractice/Colcon_Practice/build/examples_rclpy_minimal_client/install.log --single-version-externally-managed
[3.345s] running egg_info
[3.346s] creating ../../../../../build/examples_rclpy_minimal_client/examples_rclpy_minimal_client.egg-info
[3.347s] writing ../../../../../build/examples_rclpy_minimal_client/examples_rclpy_minimal_client.egg-info/PKG-INFO
[3.348s] writing dependency_links to ../../../../../build/examples_rclpy_minimal_client/examples_rclpy_minimal_client.egg-info/dependency_links.txt
[3.348s] writing entry points to ../../../../../build/examples_rclpy_minimal_client/examples_rclpy_minimal_client.egg-info/entry_points.txt
[3.348s] writing requirements to ../../../../../build/examples_rclpy_minimal_client/examples_rclpy_minimal_client.egg-info/requires.txt
[3.349s] writing top-level names to ../../../../../build/examples_rclpy_minimal_client/examples_rclpy_minimal_client.egg-info/top_level.txt
[3.349s] writing manifest file '../../../../../build/examples_rclpy_minimal_client/examples_rclpy_minimal_client.egg-info/SOURCES.txt'
[3.357s] reading manifest file '../../../../../build/examples_rclpy_minimal_client/examples_rclpy_minimal_client.egg-info/SOURCES.txt'
[3.358s] writing manifest file '../../../../../build/examples_rclpy_minimal_client/examples_rclpy_minimal_client.egg-info/SOURCES.txt'
[3.359s] running build
[3.359s] running build_py
[3.359s] creating /home/lio/Desktop/ROSPractice/Colcon_Practice/build/examples_rclpy_minimal_client/build
[3.360s] creating /home/lio/Desktop/ROSPractice/Colcon_Practice/build/examples_rclpy_minimal_client/build/lib
[3.360s] creating /home/lio/Desktop/ROSPractice/Colcon_Practice/build/examples_rclpy_minimal_client/build/lib/examples_rclpy_minimal_client
[3.360s] copying examples_rclpy_minimal_client/client_async_callback.py -> /home/lio/Desktop/ROSPractice/Colcon_Practice/build/examples_rclpy_minimal_client/build/lib/examples_rclpy_minimal_client
[3.365s] copying examples_rclpy_minimal_client/client_async.py -> /home/lio/Desktop/ROSPractice/Colcon_Practice/build/examples_rclpy_minimal_client/build/lib/examples_rclpy_minimal_client
[3.365s] copying examples_rclpy_minimal_client/__init__.py -> /home/lio/Desktop/ROSPractice/Colcon_Practice/build/examples_rclpy_minimal_client/build/lib/examples_rclpy_minimal_client
[3.366s] copying examples_rclpy_minimal_client/client_async_member_function.py -> /home/lio/Desktop/ROSPractice/Colcon_Practice/build/examples_rclpy_minimal_client/build/lib/examples_rclpy_minimal_client
[3.369s] copying examples_rclpy_minimal_client/client.py -> /home/lio/Desktop/ROSPractice/Colcon_Practice/build/examples_rclpy_minimal_client/build/lib/examples_rclpy_minimal_client
[3.369s] running install
[3.370s] /usr/lib/python3/dist-packages/setuptools/command/install.py:34: SetuptoolsDeprecationWarning: setup.py install is deprecated. Use build and pip and other standards-based tools.
[3.370s]   warnings.warn(
[3.371s] running install_lib
[3.372s] creating /home/lio/Desktop/ROSPractice/Colcon_Practice/install/examples_rclpy_minimal_client/lib/python3.10/site-packages/examples_rclpy_minimal_client
[3.372s] copying /home/lio/Desktop/ROSPractice/Colcon_Practice/build/examples_rclpy_minimal_client/build/lib/examples_rclpy_minimal_client/client_async_callback.py -> /home/lio/Desktop/ROSPractice/Colcon_Practice/install/examples_rclpy_minimal_client/lib/python3.10/site-packages/examples_rclpy_minimal_client
[3.373s] copying /home/lio/Desktop/ROSPractice/Colcon_Practice/build/examples_rclpy_minimal_client/build/lib/examples_rclpy_minimal_client/client_async.py -> /home/lio/Desktop/ROSPractice/Colcon_Practice/install/examples_rclpy_minimal_client/lib/python3.10/site-packages/examples_rclpy_minimal_client
[3.373s] copying /home/lio/Desktop/ROSPractice/Colcon_Practice/build/examples_rclpy_minimal_client/build/lib/examples_rclpy_minimal_client/__init__.py -> /home/lio/Desktop/ROSPractice/Colcon_Practice/install/examples_rclpy_minimal_client/lib/python3.10/site-packages/examples_rclpy_minimal_client
[3.373s] copying /home/lio/Desktop/ROSPractice/Colcon_Practice/build/examples_rclpy_minimal_client/build/lib/examples_rclpy_minimal_client/client_async_member_function.py -> /home/lio/Desktop/ROSPractice/Colcon_Practice/install/examples_rclpy_minimal_client/lib/python3.10/site-packages/examples_rclpy_minimal_client
[3.373s] copying /home/lio/Desktop/ROSPractice/Colcon_Practice/build/examples_rclpy_minimal_client/build/lib/examples_rclpy_minimal_client/client.py -> /home/lio/Desktop/ROSPractice/Colcon_Practice/install/examples_rclpy_minimal_client/lib/python3.10/site-packages/examples_rclpy_minimal_client
[3.374s] byte-compiling /home/lio/Desktop/ROSPractice/Colcon_Practice/install/examples_rclpy_minimal_client/lib/python3.10/site-packages/examples_rclpy_minimal_client/client_async_callback.py to client_async_callback.cpython-310.pyc
[3.375s] byte-compiling /home/lio/Desktop/ROSPractice/Colcon_Practice/install/examples_rclpy_minimal_client/lib/python3.10/site-packages/examples_rclpy_minimal_client/client_async.py to client_async.cpython-310.pyc
[3.376s] byte-compiling /home/lio/Desktop/ROSPractice/Colcon_Practice/install/examples_rclpy_minimal_client/lib/python3.10/site-packages/examples_rclpy_minimal_client/__init__.py to __init__.cpython-310.pyc
[3.376s] byte-compiling /home/lio/Desktop/ROSPractice/Colcon_Practice/install/examples_rclpy_minimal_client/lib/python3.10/site-packages/examples_rclpy_minimal_client/client_async_member_function.py to client_async_member_function.cpython-310.pyc
[3.377s] byte-compiling /home/lio/Desktop/ROSPractice/Colcon_Practice/install/examples_rclpy_minimal_client/lib/python3.10/site-packages/examples_rclpy_minimal_client/client.py to client.cpython-310.pyc
[3.377s] running install_data
[3.378s] creating /home/lio/Desktop/ROSPractice/Colcon_Practice/install/examples_rclpy_minimal_client/share/ament_index
[3.381s] creating /home/lio/Desktop/ROSPractice/Colcon_Practice/install/examples_rclpy_minimal_client/share/ament_index/resource_index
[3.382s] creating /home/lio/Desktop/ROSPractice/Colcon_Practice/install/examples_rclpy_minimal_client/share/ament_index/resource_index/packages
[3.382s] copying resource/examples_rclpy_minimal_client -> /home/lio/Desktop/ROSPractice/Colcon_Practice/install/examples_rclpy_minimal_client/share/ament_index/resource_index/packages
[3.382s] copying package.xml -> /home/lio/Desktop/ROSPractice/Colcon_Practice/install/examples_rclpy_minimal_client/share/examples_rclpy_minimal_client
[3.390s] running install_egg_info
[3.393s] Copying ../../../../../build/examples_rclpy_minimal_client/examples_rclpy_minimal_client.egg-info to /home/lio/Desktop/ROSPractice/Colcon_Practice/install/examples_rclpy_minimal_client/lib/python3.10/site-packages/examples_rclpy_minimal_client-0.16.2-py3.10.egg-info
[3.394s] running install_scripts
[3.452s] Installing client script to /home/lio/Desktop/ROSPractice/Colcon_Practice/install/examples_rclpy_minimal_client/lib/examples_rclpy_minimal_client
[3.457s] Installing client_async script to /home/lio/Desktop/ROSPractice/Colcon_Practice/install/examples_rclpy_minimal_client/lib/examples_rclpy_minimal_client
[3.457s] Installing client_async_callback script to /home/lio/Desktop/ROSPractice/Colcon_Practice/install/examples_rclpy_minimal_client/lib/examples_rclpy_minimal_client
[3.458s] Installing client_async_member_function script to /home/lio/Desktop/ROSPractice/Colcon_Practice/install/examples_rclpy_minimal_client/lib/examples_rclpy_minimal_client
[3.458s] writing list of installed files to '/home/lio/Desktop/ROSPractice/Colcon_Practice/build/examples_rclpy_minimal_client/install.log'
[4.806s] Invoked command in '/home/lio/Desktop/ROSPractice/Colcon_Practice/src/examples/rclpy/services/minimal_client' returned '0': PYTHONPATH=/home/lio/Desktop/ROSPractice/Colcon_Practice/build/examples_rclpy_minimal_client/prefix_override:/home/lio/Desktop/ROSPractice/Colcon_Practice/install/examples_rclpy_minimal_client/lib/python3.10/site-packages:${PYTHONPATH} /usr/bin/python3 setup.py egg_info --egg-base ../../../../../build/examples_rclpy_minimal_client build --build-base /home/lio/Desktop/ROSPractice/Colcon_Practice/build/examples_rclpy_minimal_client/build install --record /home/lio/Desktop/ROSPractice/Colcon_Practice/build/examples_rclpy_minimal_client/install.log --single-version-externally-managed
