[0.120s] DEBUG:colcon:Command line arguments: ['/usr/bin/colcon', 'build', '--symlink-install']
[0.120s] DEBUG:colcon:Parsed command line arguments: Namespace(log_base=None, log_level=None, verb_name='build', build_base='build', install_base='install', merge_install=False, symlink_install=True, test_result_base=None, continue_on_error=False, executor='parallel', parallel_workers=12, event_handlers=None, ignore_user_meta=False, metas=['./colcon.meta'], base_paths=['.'], packages_ignore=None, packages_ignore_regex=None, paths=None, packages_up_to=None, packages_up_to_regex=None, packages_above=None, packages_above_and_dependencies=None, packages_above_depth=None, packages_select_by_dep=None, packages_skip_by_dep=None, packages_skip_up_to=None, packages_select_build_failed=False, packages_skip_build_finished=False, packages_select_test_failures=False, packages_skip_test_passed=False, packages_select=None, packages_skip=None, packages_select_regex=None, packages_skip_regex=None, packages_start=None, packages_end=None, allow_overriding=[], cmake_args=None, cmake_target=None, cmake_target_skip_unavailable=False, cmake_clean_cache=False, cmake_clean_first=False, cmake_force_configure=False, ament_cmake_args=None, catkin_cmake_args=None, catkin_skip_building_tests=False, verb_parser=<colcon_defaults.argument_parser.defaults.DefaultArgumentsDecorator object at 0x7fa71d656770>, verb_extension=<colcon_core.verb.build.BuildVerb object at 0x7fa71d656200>, main=<bound method BuildVerb.main of <colcon_core.verb.build.BuildVerb object at 0x7fa71d656200>>)
[0.141s] Level 1:colcon.colcon_core.package_discovery:discover_packages(colcon_meta) check parameters
[0.141s] Level 1:colcon.colcon_core.package_discovery:discover_packages(recursive) check parameters
[0.141s] Level 1:colcon.colcon_core.package_discovery:discover_packages(ignore) check parameters
[0.141s] Level 1:colcon.colcon_core.package_discovery:discover_packages(path) check parameters
[0.141s] Level 1:colcon.colcon_core.package_discovery:discover_packages(colcon_meta) discover
[0.141s] Level 1:colcon.colcon_core.package_discovery:discover_packages(recursive) discover
[0.141s] INFO:colcon.colcon_core.package_discovery:Crawling recursively for packages in '/home/lio/Desktop/ROSPractice/Practice2_Node'
[0.141s] Level 1:colcon.colcon_core.package_identification:_identify(.) by extensions ['ignore', 'ignore_ament_install']
[0.141s] Level 1:colcon.colcon_core.package_identification:_identify(.) by extension 'ignore'
[0.141s] Level 1:colcon.colcon_core.package_identification:_identify(.) by extension 'ignore_ament_install'
[0.141s] Level 1:colcon.colcon_core.package_identification:_identify(.) by extensions ['colcon_pkg']
[0.141s] Level 1:colcon.colcon_core.package_identification:_identify(.) by extension 'colcon_pkg'
[0.142s] Level 1:colcon.colcon_core.package_identification:_identify(.) by extensions ['colcon_meta']
[0.142s] Level 1:colcon.colcon_core.package_identification:_identify(.) by extension 'colcon_meta'
[0.142s] Level 1:colcon.colcon_core.package_identification:_identify(.) by extensions ['ros']
[0.142s] Level 1:colcon.colcon_core.package_identification:_identify(.) by extension 'ros'
[0.151s] Level 1:colcon.colcon_core.package_identification:_identify(.) by extensions ['cmake', 'python']
[0.151s] Level 1:colcon.colcon_core.package_identification:_identify(.) by extension 'cmake'
[0.151s] Level 1:colcon.colcon_core.package_identification:_identify(.) by extension 'python'
[0.151s] Level 1:colcon.colcon_core.package_identification:_identify(.) by extensions ['python_setup_py']
[0.151s] Level 1:colcon.colcon_core.package_identification:_identify(.) by extension 'python_setup_py'
[0.151s] Level 1:colcon.colcon_core.package_identification:_identify(build) by extensions ['ignore', 'ignore_ament_install']
[0.151s] Level 1:colcon.colcon_core.package_identification:_identify(build) by extension 'ignore'
[0.151s] Level 1:colcon.colcon_core.package_identification:_identify(build) ignored
[0.151s] Level 1:colcon.colcon_core.package_identification:_identify(install) by extensions ['ignore', 'ignore_ament_install']
[0.151s] Level 1:colcon.colcon_core.package_identification:_identify(install) by extension 'ignore'
[0.151s] Level 1:colcon.colcon_core.package_identification:_identify(install) ignored
[0.151s] Level 1:colcon.colcon_core.package_identification:_identify(log) by extensions ['ignore', 'ignore_ament_install']
[0.151s] Level 1:colcon.colcon_core.package_identification:_identify(log) by extension 'ignore'
[0.151s] Level 1:colcon.colcon_core.package_identification:_identify(log) ignored
[0.152s] Level 1:colcon.colcon_core.package_identification:_identify(src) by extensions ['ignore', 'ignore_ament_install']
[0.152s] Level 1:colcon.colcon_core.package_identification:_identify(src) by extension 'ignore'
[0.152s] Level 1:colcon.colcon_core.package_identification:_identify(src) by extension 'ignore_ament_install'
[0.152s] Level 1:colcon.colcon_core.package_identification:_identify(src) by extensions ['colcon_pkg']
[0.152s] Level 1:colcon.colcon_core.package_identification:_identify(src) by extension 'colcon_pkg'
[0.152s] Level 1:colcon.colcon_core.package_identification:_identify(src) by extensions ['colcon_meta']
[0.152s] Level 1:colcon.colcon_core.package_identification:_identify(src) by extension 'colcon_meta'
[0.152s] Level 1:colcon.colcon_core.package_identification:_identify(src) by extensions ['ros']
[0.152s] Level 1:colcon.colcon_core.package_identification:_identify(src) by extension 'ros'
[0.152s] Level 1:colcon.colcon_core.package_identification:_identify(src) by extensions ['cmake', 'python']
[0.152s] Level 1:colcon.colcon_core.package_identification:_identify(src) by extension 'cmake'
[0.152s] Level 1:colcon.colcon_core.package_identification:_identify(src) by extension 'python'
[0.152s] Level 1:colcon.colcon_core.package_identification:_identify(src) by extensions ['python_setup_py']
[0.152s] Level 1:colcon.colcon_core.package_identification:_identify(src) by extension 'python_setup_py'
[0.152s] Level 1:colcon.colcon_core.package_identification:_identify(src/village_cheung) by extensions ['ignore', 'ignore_ament_install']
[0.152s] Level 1:colcon.colcon_core.package_identification:_identify(src/village_cheung) by extension 'ignore'
[0.152s] Level 1:colcon.colcon_core.package_identification:_identify(src/village_cheung) by extension 'ignore_ament_install'
[0.152s] Level 1:colcon.colcon_core.package_identification:_identify(src/village_cheung) by extensions ['colcon_pkg']
[0.152s] Level 1:colcon.colcon_core.package_identification:_identify(src/village_cheung) by extension 'colcon_pkg'
[0.152s] Level 1:colcon.colcon_core.package_identification:_identify(src/village_cheung) by extensions ['colcon_meta']
[0.152s] Level 1:colcon.colcon_core.package_identification:_identify(src/village_cheung) by extension 'colcon_meta'
[0.152s] Level 1:colcon.colcon_core.package_identification:_identify(src/village_cheung) by extensions ['ros']
[0.152s] Level 1:colcon.colcon_core.package_identification:_identify(src/village_cheung) by extension 'ros'
[0.154s] DEBUG:colcon.colcon_core.package_identification:Package 'src/village_cheung' with type 'ros.ament_cmake' and name 'village_cheung'
[0.154s] Level 1:colcon.colcon_core.package_identification:_identify(src/village_cheung_py) by extensions ['ignore', 'ignore_ament_install']
[0.154s] Level 1:colcon.colcon_core.package_identification:_identify(src/village_cheung_py) by extension 'ignore'
[0.154s] Level 1:colcon.colcon_core.package_identification:_identify(src/village_cheung_py) by extension 'ignore_ament_install'
[0.155s] Level 1:colcon.colcon_core.package_identification:_identify(src/village_cheung_py) by extensions ['colcon_pkg']
[0.155s] Level 1:colcon.colcon_core.package_identification:_identify(src/village_cheung_py) by extension 'colcon_pkg'
[0.155s] Level 1:colcon.colcon_core.package_identification:_identify(src/village_cheung_py) by extensions ['colcon_meta']
[0.155s] Level 1:colcon.colcon_core.package_identification:_identify(src/village_cheung_py) by extension 'colcon_meta'
[0.155s] Level 1:colcon.colcon_core.package_identification:_identify(src/village_cheung_py) by extensions ['ros']
[0.155s] Level 1:colcon.colcon_core.package_identification:_identify(src/village_cheung_py) by extension 'ros'
[0.155s] DEBUG:colcon.colcon_core.package_identification:Package 'src/village_cheung_py' with type 'ros.ament_python' and name 'village_cheung_py'
[0.155s] Level 1:colcon.colcon_core.package_identification:_identify(src/village_li) by extensions ['ignore', 'ignore_ament_install']
[0.155s] Level 1:colcon.colcon_core.package_identification:_identify(src/village_li) by extension 'ignore'
[0.155s] Level 1:colcon.colcon_core.package_identification:_identify(src/village_li) by extension 'ignore_ament_install'
[0.155s] Level 1:colcon.colcon_core.package_identification:_identify(src/village_li) by extensions ['colcon_pkg']
[0.155s] Level 1:colcon.colcon_core.package_identification:_identify(src/village_li) by extension 'colcon_pkg'
[0.155s] Level 1:colcon.colcon_core.package_identification:_identify(src/village_li) by extensions ['colcon_meta']
[0.155s] Level 1:colcon.colcon_core.package_identification:_identify(src/village_li) by extension 'colcon_meta'
[0.155s] Level 1:colcon.colcon_core.package_identification:_identify(src/village_li) by extensions ['ros']
[0.155s] Level 1:colcon.colcon_core.package_identification:_identify(src/village_li) by extension 'ros'
[0.156s] DEBUG:colcon.colcon_core.package_identification:Package 'src/village_li' with type 'ros.ament_python' and name 'village_li'
[0.156s] Level 1:colcon.colcon_core.package_identification:_identify(src/village_wang) by extensions ['ignore', 'ignore_ament_install']
[0.156s] Level 1:colcon.colcon_core.package_identification:_identify(src/village_wang) by extension 'ignore'
[0.156s] Level 1:colcon.colcon_core.package_identification:_identify(src/village_wang) by extension 'ignore_ament_install'
[0.156s] Level 1:colcon.colcon_core.package_identification:_identify(src/village_wang) by extensions ['colcon_pkg']
[0.156s] Level 1:colcon.colcon_core.package_identification:_identify(src/village_wang) by extension 'colcon_pkg'
[0.156s] Level 1:colcon.colcon_core.package_identification:_identify(src/village_wang) by extensions ['colcon_meta']
[0.156s] Level 1:colcon.colcon_core.package_identification:_identify(src/village_wang) by extension 'colcon_meta'
[0.156s] Level 1:colcon.colcon_core.package_identification:_identify(src/village_wang) by extensions ['ros']
[0.156s] Level 1:colcon.colcon_core.package_identification:_identify(src/village_wang) by extension 'ros'
[0.157s] DEBUG:colcon.colcon_core.package_identification:Package 'src/village_wang' with type 'ros.ament_cmake' and name 'village_wang'
[0.157s] Level 1:colcon.colcon_core.package_discovery:discover_packages(recursive) using defaults
[0.157s] Level 1:colcon.colcon_core.package_discovery:discover_packages(ignore) discover
[0.157s] Level 1:colcon.colcon_core.package_discovery:discover_packages(ignore) using defaults
[0.157s] Level 1:colcon.colcon_core.package_discovery:discover_packages(path) discover
[0.157s] Level 1:colcon.colcon_core.package_discovery:discover_packages(path) using defaults
[0.175s] Level 1:colcon.colcon_core.package_discovery:discover_packages(prefix_path) check parameters
[0.175s] Level 1:colcon.colcon_core.package_discovery:discover_packages(prefix_path) discover
[0.178s] DEBUG:colcon.colcon_installed_package_information.package_discovery:Found 4 installed packages in /home/lio/Desktop/ROSPractice/Practice2_Node/install
[0.179s] DEBUG:colcon.colcon_installed_package_information.package_discovery:Found 270 installed packages in /opt/ros/humble
[0.180s] Level 1:colcon.colcon_core.package_discovery:discover_packages(prefix_path) using defaults
[0.226s] Level 5:colcon.colcon_core.verb:set package 'village_cheung' build argument 'cmake_args' from command line to 'None'
[0.226s] Level 5:colcon.colcon_core.verb:set package 'village_cheung' build argument 'cmake_target' from command line to 'None'
[0.226s] Level 5:colcon.colcon_core.verb:set package 'village_cheung' build argument 'cmake_target_skip_unavailable' from command line to 'False'
[0.226s] Level 5:colcon.colcon_core.verb:set package 'village_cheung' build argument 'cmake_clean_cache' from command line to 'False'
[0.226s] Level 5:colcon.colcon_core.verb:set package 'village_cheung' build argument 'cmake_clean_first' from command line to 'False'
[0.226s] Level 5:colcon.colcon_core.verb:set package 'village_cheung' build argument 'cmake_force_configure' from command line to 'False'
[0.226s] Level 5:colcon.colcon_core.verb:set package 'village_cheung' build argument 'ament_cmake_args' from command line to 'None'
[0.226s] Level 5:colcon.colcon_core.verb:set package 'village_cheung' build argument 'catkin_cmake_args' from command line to 'None'
[0.226s] Level 5:colcon.colcon_core.verb:set package 'village_cheung' build argument 'catkin_skip_building_tests' from command line to 'False'
[0.226s] DEBUG:colcon.colcon_core.verb:Building package 'village_cheung' with the following arguments: {'ament_cmake_args': None, 'build_base': '/home/lio/Desktop/ROSPractice/Practice2_Node/build/village_cheung', 'catkin_cmake_args': None, 'catkin_skip_building_tests': False, 'cmake_args': None, 'cmake_clean_cache': False, 'cmake_clean_first': False, 'cmake_force_configure': False, 'cmake_target': None, 'cmake_target_skip_unavailable': False, 'install_base': '/home/lio/Desktop/ROSPractice/Practice2_Node/install/village_cheung', 'merge_install': False, 'path': '/home/lio/Desktop/ROSPractice/Practice2_Node/src/village_cheung', 'symlink_install': True, 'test_result_base': None}
[0.227s] Level 5:colcon.colcon_core.verb:set package 'village_cheung_py' build argument 'cmake_args' from command line to 'None'
[0.227s] Level 5:colcon.colcon_core.verb:set package 'village_cheung_py' build argument 'cmake_target' from command line to 'None'
[0.227s] Level 5:colcon.colcon_core.verb:set package 'village_cheung_py' build argument 'cmake_target_skip_unavailable' from command line to 'False'
[0.227s] Level 5:colcon.colcon_core.verb:set package 'village_cheung_py' build argument 'cmake_clean_cache' from command line to 'False'
[0.227s] Level 5:colcon.colcon_core.verb:set package 'village_cheung_py' build argument 'cmake_clean_first' from command line to 'False'
[0.227s] Level 5:colcon.colcon_core.verb:set package 'village_cheung_py' build argument 'cmake_force_configure' from command line to 'False'
[0.227s] Level 5:colcon.colcon_core.verb:set package 'village_cheung_py' build argument 'ament_cmake_args' from command line to 'None'
[0.227s] Level 5:colcon.colcon_core.verb:set package 'village_cheung_py' build argument 'catkin_cmake_args' from command line to 'None'
[0.227s] Level 5:colcon.colcon_core.verb:set package 'village_cheung_py' build argument 'catkin_skip_building_tests' from command line to 'False'
[0.227s] DEBUG:colcon.colcon_core.verb:Building package 'village_cheung_py' with the following arguments: {'ament_cmake_args': None, 'build_base': '/home/lio/Desktop/ROSPractice/Practice2_Node/build/village_cheung_py', 'catkin_cmake_args': None, 'catkin_skip_building_tests': False, 'cmake_args': None, 'cmake_clean_cache': False, 'cmake_clean_first': False, 'cmake_force_configure': False, 'cmake_target': None, 'cmake_target_skip_unavailable': False, 'install_base': '/home/lio/Desktop/ROSPractice/Practice2_Node/install/village_cheung_py', 'merge_install': False, 'path': '/home/lio/Desktop/ROSPractice/Practice2_Node/src/village_cheung_py', 'symlink_install': True, 'test_result_base': None}
[0.228s] Level 5:colcon.colcon_core.verb:set package 'village_li' build argument 'cmake_args' from command line to 'None'
[0.228s] Level 5:colcon.colcon_core.verb:set package 'village_li' build argument 'cmake_target' from command line to 'None'
[0.228s] Level 5:colcon.colcon_core.verb:set package 'village_li' build argument 'cmake_target_skip_unavailable' from command line to 'False'
[0.228s] Level 5:colcon.colcon_core.verb:set package 'village_li' build argument 'cmake_clean_cache' from command line to 'False'
[0.228s] Level 5:colcon.colcon_core.verb:set package 'village_li' build argument 'cmake_clean_first' from command line to 'False'
[0.228s] Level 5:colcon.colcon_core.verb:set package 'village_li' build argument 'cmake_force_configure' from command line to 'False'
[0.228s] Level 5:colcon.colcon_core.verb:set package 'village_li' build argument 'ament_cmake_args' from command line to 'None'
[0.228s] Level 5:colcon.colcon_core.verb:set package 'village_li' build argument 'catkin_cmake_args' from command line to 'None'
[0.228s] Level 5:colcon.colcon_core.verb:set package 'village_li' build argument 'catkin_skip_building_tests' from command line to 'False'
[0.228s] DEBUG:colcon.colcon_core.verb:Building package 'village_li' with the following arguments: {'ament_cmake_args': None, 'build_base': '/home/lio/Desktop/ROSPractice/Practice2_Node/build/village_li', 'catkin_cmake_args': None, 'catkin_skip_building_tests': False, 'cmake_args': None, 'cmake_clean_cache': False, 'cmake_clean_first': False, 'cmake_force_configure': False, 'cmake_target': None, 'cmake_target_skip_unavailable': False, 'install_base': '/home/lio/Desktop/ROSPractice/Practice2_Node/install/village_li', 'merge_install': False, 'path': '/home/lio/Desktop/ROSPractice/Practice2_Node/src/village_li', 'symlink_install': True, 'test_result_base': None}
[0.229s] Level 5:colcon.colcon_core.verb:set package 'village_wang' build argument 'cmake_args' from command line to 'None'
[0.229s] Level 5:colcon.colcon_core.verb:set package 'village_wang' build argument 'cmake_target' from command line to 'None'
[0.229s] Level 5:colcon.colcon_core.verb:set package 'village_wang' build argument 'cmake_target_skip_unavailable' from command line to 'False'
[0.229s] Level 5:colcon.colcon_core.verb:set package 'village_wang' build argument 'cmake_clean_cache' from command line to 'False'
[0.229s] Level 5:colcon.colcon_core.verb:set package 'village_wang' build argument 'cmake_clean_first' from command line to 'False'
[0.229s] Level 5:colcon.colcon_core.verb:set package 'village_wang' build argument 'cmake_force_configure' from command line to 'False'
[0.229s] Level 5:colcon.colcon_core.verb:set package 'village_wang' build argument 'ament_cmake_args' from command line to 'None'
[0.229s] Level 5:colcon.colcon_core.verb:set package 'village_wang' build argument 'catkin_cmake_args' from command line to 'None'
[0.229s] Level 5:colcon.colcon_core.verb:set package 'village_wang' build argument 'catkin_skip_building_tests' from command line to 'False'
[0.229s] DEBUG:colcon.colcon_core.verb:Building package 'village_wang' with the following arguments: {'ament_cmake_args': None, 'build_base': '/home/lio/Desktop/ROSPractice/Practice2_Node/build/village_wang', 'catkin_cmake_args': None, 'catkin_skip_building_tests': False, 'cmake_args': None, 'cmake_clean_cache': False, 'cmake_clean_first': False, 'cmake_force_configure': False, 'cmake_target': None, 'cmake_target_skip_unavailable': False, 'install_base': '/home/lio/Desktop/ROSPractice/Practice2_Node/install/village_wang', 'merge_install': False, 'path': '/home/lio/Desktop/ROSPractice/Practice2_Node/src/village_wang', 'symlink_install': True, 'test_result_base': None}
[0.230s] INFO:colcon.colcon_core.executor:Executing jobs using 'parallel' executor
[0.232s] DEBUG:colcon.colcon_parallel_executor.executor.parallel:run_until_complete
[0.233s] INFO:colcon.colcon_ros.task.ament_cmake.build:Building ROS package in '/home/lio/Desktop/ROSPractice/Practice2_Node/src/village_cheung' with build type 'ament_cmake'
[0.233s] INFO:colcon.colcon_cmake.task.cmake.build:Building CMake package in '/home/lio/Desktop/ROSPractice/Practice2_Node/src/village_cheung'
[0.236s] INFO:colcon.colcon_core.plugin_system:Skipping extension 'colcon_core.shell.bat': Not used on non-Windows systems
[0.236s] INFO:colcon.colcon_core.shell:Skip shell extension 'powershell' for command environment: Not usable outside of PowerShell
[0.236s] DEBUG:colcon.colcon_core.shell:Skip shell extension 'dsv' for command environment
[0.240s] INFO:colcon.colcon_ros.task.ament_python.build:Building ROS package in '/home/lio/Desktop/ROSPractice/Practice2_Node/src/village_cheung_py' with build type 'ament_python'
[0.240s] Level 1:colcon.colcon_core.shell:create_environment_hook('village_cheung_py', 'ament_prefix_path')
[0.242s] INFO:colcon.colcon_core.shell:Creating environment hook '/home/lio/Desktop/ROSPractice/Practice2_Node/install/village_cheung_py/share/village_cheung_py/hook/ament_prefix_path.ps1'
[0.242s] INFO:colcon.colcon_core.shell:Creating environment descriptor '/home/lio/Desktop/ROSPractice/Practice2_Node/install/village_cheung_py/share/village_cheung_py/hook/ament_prefix_path.dsv'
[0.243s] INFO:colcon.colcon_core.shell:Creating environment hook '/home/lio/Desktop/ROSPractice/Practice2_Node/install/village_cheung_py/share/village_cheung_py/hook/ament_prefix_path.sh'
[0.245s] INFO:colcon.colcon_core.shell:Skip shell extension 'powershell' for command environment: Not usable outside of PowerShell
[0.245s] DEBUG:colcon.colcon_core.shell:Skip shell extension 'dsv' for command environment
[0.248s] INFO:colcon.colcon_ros.task.ament_python.build:Building ROS package in '/home/lio/Desktop/ROSPractice/Practice2_Node/src/village_li' with build type 'ament_python'
[0.248s] Level 1:colcon.colcon_core.shell:create_environment_hook('village_li', 'ament_prefix_path')
[0.249s] INFO:colcon.colcon_core.shell:Creating environment hook '/home/lio/Desktop/ROSPractice/Practice2_Node/install/village_li/share/village_li/hook/ament_prefix_path.ps1'
[0.249s] INFO:colcon.colcon_core.shell:Creating environment descriptor '/home/lio/Desktop/ROSPractice/Practice2_Node/install/village_li/share/village_li/hook/ament_prefix_path.dsv'
[0.250s] INFO:colcon.colcon_core.shell:Creating environment hook '/home/lio/Desktop/ROSPractice/Practice2_Node/install/village_li/share/village_li/hook/ament_prefix_path.sh'
[0.251s] INFO:colcon.colcon_core.shell:Skip shell extension 'powershell' for command environment: Not usable outside of PowerShell
[0.251s] DEBUG:colcon.colcon_core.shell:Skip shell extension 'dsv' for command environment
[0.254s] INFO:colcon.colcon_ros.task.ament_cmake.build:Building ROS package in '/home/lio/Desktop/ROSPractice/Practice2_Node/src/village_wang' with build type 'ament_cmake'
[0.255s] INFO:colcon.colcon_cmake.task.cmake.build:Building CMake package in '/home/lio/Desktop/ROSPractice/Practice2_Node/src/village_wang'
[0.256s] INFO:colcon.colcon_core.shell:Skip shell extension 'powershell' for command environment: Not usable outside of PowerShell
[0.256s] DEBUG:colcon.colcon_core.shell:Skip shell extension 'dsv' for command environment
[0.264s] DEBUG:colcon.colcon_core.event_handler.log_command:Invoking command in '/home/lio/Desktop/ROSPractice/Practice2_Node/build/village_cheung': CMAKE_PREFIX_PATH=${CMAKE_PREFIX_PATH}:/home/lio/Desktop/ROSPractice/Practice2_Node/install/village_li:/home/lio/Desktop/ROSPractice/Practice2_Node/install/village_cheung_py:/opt/ros/humble /usr/bin/cmake --build /home/lio/Desktop/ROSPractice/Practice2_Node/build/village_cheung -- -j12 -l12
[0.483s] INFO:colcon.colcon_core.task.python.build:Building Python package in '/home/lio/Desktop/ROSPractice/Practice2_Node/src/village_cheung_py'
[0.484s] INFO:colcon.colcon_core.shell:Skip shell extension 'powershell' for command environment: Not usable outside of PowerShell
[0.484s] DEBUG:colcon.colcon_core.shell:Skip shell extension 'dsv' for command environment
[0.698s] INFO:colcon.colcon_core.task.python.build:Building Python package in '/home/lio/Desktop/ROSPractice/Practice2_Node/src/village_li'
[0.699s] INFO:colcon.colcon_core.shell:Skip shell extension 'powershell' for command environment: Not usable outside of PowerShell
[0.699s] DEBUG:colcon.colcon_core.shell:Skip shell extension 'dsv' for command environment
[0.706s] DEBUG:colcon.colcon_core.event_handler.log_command:Invoking command in '/home/lio/Desktop/ROSPractice/Practice2_Node/build/village_wang': CMAKE_PREFIX_PATH=${CMAKE_PREFIX_PATH}:/home/lio/Desktop/ROSPractice/Practice2_Node/install/village_li:/home/lio/Desktop/ROSPractice/Practice2_Node/install/village_cheung_py:/opt/ros/humble /usr/bin/cmake --build /home/lio/Desktop/ROSPractice/Practice2_Node/build/village_wang -- -j12 -l12
[0.707s] DEBUG:colcon.colcon_core.event_handler.log_command:Invoked command in '/home/lio/Desktop/ROSPractice/Practice2_Node/build/village_cheung' returned '0': CMAKE_PREFIX_PATH=${CMAKE_PREFIX_PATH}:/home/lio/Desktop/ROSPractice/Practice2_Node/install/village_li:/home/lio/Desktop/ROSPractice/Practice2_Node/install/village_cheung_py:/opt/ros/humble /usr/bin/cmake --build /home/lio/Desktop/ROSPractice/Practice2_Node/build/village_cheung -- -j12 -l12
[0.726s] DEBUG:colcon.colcon_core.event_handler.log_command:Invoking command in '/home/lio/Desktop/ROSPractice/Practice2_Node/build/village_cheung': CMAKE_PREFIX_PATH=${CMAKE_PREFIX_PATH}:/home/lio/Desktop/ROSPractice/Practice2_Node/install/village_li:/home/lio/Desktop/ROSPractice/Practice2_Node/install/village_cheung_py:/opt/ros/humble /usr/bin/cmake --install /home/lio/Desktop/ROSPractice/Practice2_Node/build/village_cheung
[0.739s] Level 1:colcon.colcon_core.environment:create_environment_scripts_only(village_cheung)
[0.741s] DEBUG:colcon.colcon_core.event_handler.log_command:Invoked command in '/home/lio/Desktop/ROSPractice/Practice2_Node/build/village_cheung' returned '0': CMAKE_PREFIX_PATH=${CMAKE_PREFIX_PATH}:/home/lio/Desktop/ROSPractice/Practice2_Node/install/village_li:/home/lio/Desktop/ROSPractice/Practice2_Node/install/village_cheung_py:/opt/ros/humble /usr/bin/cmake --install /home/lio/Desktop/ROSPractice/Practice2_Node/build/village_cheung
[0.744s] Level 1:colcon.colcon_core.environment:checking '/home/lio/Desktop/ROSPractice/Practice2_Node/install/village_cheung' for CMake module files
[0.744s] Level 1:colcon.colcon_core.environment:checking '/home/lio/Desktop/ROSPractice/Practice2_Node/install/village_cheung' for CMake config files
[0.745s] Level 1:colcon.colcon_core.shell:create_environment_hook('village_cheung', 'cmake_prefix_path')
[0.746s] INFO:colcon.colcon_core.shell:Creating environment hook '/home/lio/Desktop/ROSPractice/Practice2_Node/install/village_cheung/share/village_cheung/hook/cmake_prefix_path.ps1'
[0.746s] INFO:colcon.colcon_core.shell:Creating environment descriptor '/home/lio/Desktop/ROSPractice/Practice2_Node/install/village_cheung/share/village_cheung/hook/cmake_prefix_path.dsv'
[0.746s] INFO:colcon.colcon_core.shell:Creating environment hook '/home/lio/Desktop/ROSPractice/Practice2_Node/install/village_cheung/share/village_cheung/hook/cmake_prefix_path.sh'
[0.747s] Level 1:colcon.colcon_core.environment:checking '/home/lio/Desktop/ROSPractice/Practice2_Node/install/village_cheung/lib'
[0.747s] Level 1:colcon.colcon_core.environment:checking '/home/lio/Desktop/ROSPractice/Practice2_Node/install/village_cheung/bin'
[0.747s] Level 1:colcon.colcon_core.environment:checking '/home/lio/Desktop/ROSPractice/Practice2_Node/install/village_cheung/lib/pkgconfig/village_cheung.pc'
[0.747s] Level 1:colcon.colcon_core.environment:checking '/home/lio/Desktop/ROSPractice/Practice2_Node/install/village_cheung/lib/python3.10/site-packages'
[0.747s] Level 1:colcon.colcon_core.environment:checking '/home/lio/Desktop/ROSPractice/Practice2_Node/install/village_cheung/bin'
[0.749s] INFO:colcon.colcon_core.shell:Creating package script '/home/lio/Desktop/ROSPractice/Practice2_Node/install/village_cheung/share/village_cheung/package.ps1'
[0.749s] INFO:colcon.colcon_core.shell:Creating package descriptor '/home/lio/Desktop/ROSPractice/Practice2_Node/install/village_cheung/share/village_cheung/package.dsv'
[0.750s] INFO:colcon.colcon_core.shell:Creating package script '/home/lio/Desktop/ROSPractice/Practice2_Node/install/village_cheung/share/village_cheung/package.sh'
[0.750s] INFO:colcon.colcon_core.shell:Creating package script '/home/lio/Desktop/ROSPractice/Practice2_Node/install/village_cheung/share/village_cheung/package.bash'
[0.751s] INFO:colcon.colcon_core.shell:Creating package script '/home/lio/Desktop/ROSPractice/Practice2_Node/install/village_cheung/share/village_cheung/package.zsh'
[0.752s] Level 1:colcon.colcon_core.environment:create_file_with_runtime_dependencies(/home/lio/Desktop/ROSPractice/Practice2_Node/install/village_cheung/share/colcon-core/packages/village_cheung)
[0.753s] DEBUG:colcon.colcon_core.event_handler.log_command:Invoked command in '/home/lio/Desktop/ROSPractice/Practice2_Node/build/village_wang' returned '0': CMAKE_PREFIX_PATH=${CMAKE_PREFIX_PATH}:/home/lio/Desktop/ROSPractice/Practice2_Node/install/village_li:/home/lio/Desktop/ROSPractice/Practice2_Node/install/village_cheung_py:/opt/ros/humble /usr/bin/cmake --build /home/lio/Desktop/ROSPractice/Practice2_Node/build/village_wang -- -j12 -l12
[0.768s] Level 1:colcon.colcon_core.environment:create_environment_scripts_only(village_cheung)
[0.769s] Level 1:colcon.colcon_core.environment:checking '/home/lio/Desktop/ROSPractice/Practice2_Node/install/village_cheung' for CMake module files
[0.770s] Level 1:colcon.colcon_core.environment:checking '/home/lio/Desktop/ROSPractice/Practice2_Node/install/village_cheung' for CMake config files
[0.770s] Level 1:colcon.colcon_core.shell:create_environment_hook('village_cheung', 'cmake_prefix_path')
[0.771s] INFO:colcon.colcon_core.shell:Creating environment hook '/home/lio/Desktop/ROSPractice/Practice2_Node/install/village_cheung/share/village_cheung/hook/cmake_prefix_path.ps1'
[0.771s] INFO:colcon.colcon_core.shell:Creating environment descriptor '/home/lio/Desktop/ROSPractice/Practice2_Node/install/village_cheung/share/village_cheung/hook/cmake_prefix_path.dsv'
[0.771s] INFO:colcon.colcon_core.shell:Creating environment hook '/home/lio/Desktop/ROSPractice/Practice2_Node/install/village_cheung/share/village_cheung/hook/cmake_prefix_path.sh'
[0.772s] Level 1:colcon.colcon_core.environment:checking '/home/lio/Desktop/ROSPractice/Practice2_Node/install/village_cheung/lib'
[0.772s] Level 1:colcon.colcon_core.environment:checking '/home/lio/Desktop/ROSPractice/Practice2_Node/install/village_cheung/bin'
[0.772s] Level 1:colcon.colcon_core.environment:checking '/home/lio/Desktop/ROSPractice/Practice2_Node/install/village_cheung/lib/pkgconfig/village_cheung.pc'
[0.772s] Level 1:colcon.colcon_core.environment:checking '/home/lio/Desktop/ROSPractice/Practice2_Node/install/village_cheung/lib/python3.10/site-packages'
[0.772s] Level 1:colcon.colcon_core.environment:checking '/home/lio/Desktop/ROSPractice/Practice2_Node/install/village_cheung/bin'
[0.773s] INFO:colcon.colcon_core.shell:Creating package script '/home/lio/Desktop/ROSPractice/Practice2_Node/install/village_cheung/share/village_cheung/package.ps1'
[0.774s] INFO:colcon.colcon_core.shell:Creating package descriptor '/home/lio/Desktop/ROSPractice/Practice2_Node/install/village_cheung/share/village_cheung/package.dsv'
[0.774s] INFO:colcon.colcon_core.shell:Creating package script '/home/lio/Desktop/ROSPractice/Practice2_Node/install/village_cheung/share/village_cheung/package.sh'
[0.774s] INFO:colcon.colcon_core.shell:Creating package script '/home/lio/Desktop/ROSPractice/Practice2_Node/install/village_cheung/share/village_cheung/package.bash'
[0.775s] INFO:colcon.colcon_core.shell:Creating package script '/home/lio/Desktop/ROSPractice/Practice2_Node/install/village_cheung/share/village_cheung/package.zsh'
[0.775s] Level 1:colcon.colcon_core.environment:create_file_with_runtime_dependencies(/home/lio/Desktop/ROSPractice/Practice2_Node/install/village_cheung/share/colcon-core/packages/village_cheung)
[0.777s] DEBUG:colcon.colcon_core.event_handler.log_command:Invoking command in '/home/lio/Desktop/ROSPractice/Practice2_Node/build/village_wang': CMAKE_PREFIX_PATH=${CMAKE_PREFIX_PATH}:/home/lio/Desktop/ROSPractice/Practice2_Node/install/village_li:/home/lio/Desktop/ROSPractice/Practice2_Node/install/village_cheung_py:/opt/ros/humble /usr/bin/cmake --install /home/lio/Desktop/ROSPractice/Practice2_Node/build/village_wang
[0.792s] Level 1:colcon.colcon_core.environment:create_environment_scripts_only(village_wang)
[0.794s] Level 1:colcon.colcon_core.environment:checking '/home/lio/Desktop/ROSPractice/Practice2_Node/install/village_wang' for CMake module files
[0.795s] DEBUG:colcon.colcon_core.event_handler.log_command:Invoked command in '/home/lio/Desktop/ROSPractice/Practice2_Node/build/village_wang' returned '0': CMAKE_PREFIX_PATH=${CMAKE_PREFIX_PATH}:/home/lio/Desktop/ROSPractice/Practice2_Node/install/village_li:/home/lio/Desktop/ROSPractice/Practice2_Node/install/village_cheung_py:/opt/ros/humble /usr/bin/cmake --install /home/lio/Desktop/ROSPractice/Practice2_Node/build/village_wang
[0.795s] Level 1:colcon.colcon_core.environment:checking '/home/lio/Desktop/ROSPractice/Practice2_Node/install/village_wang' for CMake config files
[0.795s] Level 1:colcon.colcon_core.shell:create_environment_hook('village_wang', 'cmake_prefix_path')
[0.797s] INFO:colcon.colcon_core.shell:Creating environment hook '/home/lio/Desktop/ROSPractice/Practice2_Node/install/village_wang/share/village_wang/hook/cmake_prefix_path.ps1'
[0.797s] INFO:colcon.colcon_core.shell:Creating environment descriptor '/home/lio/Desktop/ROSPractice/Practice2_Node/install/village_wang/share/village_wang/hook/cmake_prefix_path.dsv'
[0.797s] INFO:colcon.colcon_core.shell:Creating environment hook '/home/lio/Desktop/ROSPractice/Practice2_Node/install/village_wang/share/village_wang/hook/cmake_prefix_path.sh'
[0.798s] Level 1:colcon.colcon_core.environment:checking '/home/lio/Desktop/ROSPractice/Practice2_Node/install/village_wang/lib'
[0.798s] Level 1:colcon.colcon_core.environment:checking '/home/lio/Desktop/ROSPractice/Practice2_Node/install/village_wang/bin'
[0.798s] Level 1:colcon.colcon_core.environment:checking '/home/lio/Desktop/ROSPractice/Practice2_Node/install/village_wang/lib/pkgconfig/village_wang.pc'
[0.798s] Level 1:colcon.colcon_core.environment:checking '/home/lio/Desktop/ROSPractice/Practice2_Node/install/village_wang/lib/python3.10/site-packages'
[0.798s] Level 1:colcon.colcon_core.environment:checking '/home/lio/Desktop/ROSPractice/Practice2_Node/install/village_wang/bin'
[0.800s] INFO:colcon.colcon_core.shell:Creating package script '/home/lio/Desktop/ROSPractice/Practice2_Node/install/village_wang/share/village_wang/package.ps1'
[0.800s] INFO:colcon.colcon_core.shell:Creating package descriptor '/home/lio/Desktop/ROSPractice/Practice2_Node/install/village_wang/share/village_wang/package.dsv'
[0.800s] INFO:colcon.colcon_core.shell:Creating package script '/home/lio/Desktop/ROSPractice/Practice2_Node/install/village_wang/share/village_wang/package.sh'
[0.801s] INFO:colcon.colcon_core.shell:Creating package script '/home/lio/Desktop/ROSPractice/Practice2_Node/install/village_wang/share/village_wang/package.bash'
[0.801s] INFO:colcon.colcon_core.shell:Creating package script '/home/lio/Desktop/ROSPractice/Practice2_Node/install/village_wang/share/village_wang/package.zsh'
[0.802s] Level 1:colcon.colcon_core.environment:create_file_with_runtime_dependencies(/home/lio/Desktop/ROSPractice/Practice2_Node/install/village_wang/share/colcon-core/packages/village_wang)
[0.817s] Level 1:colcon.colcon_core.environment:create_environment_scripts_only(village_wang)
[0.819s] Level 1:colcon.colcon_core.environment:checking '/home/lio/Desktop/ROSPractice/Practice2_Node/install/village_wang' for CMake module files
[0.819s] Level 1:colcon.colcon_core.environment:checking '/home/lio/Desktop/ROSPractice/Practice2_Node/install/village_wang' for CMake config files
[0.820s] Level 1:colcon.colcon_core.shell:create_environment_hook('village_wang', 'cmake_prefix_path')
[0.821s] INFO:colcon.colcon_core.shell:Creating environment hook '/home/lio/Desktop/ROSPractice/Practice2_Node/install/village_wang/share/village_wang/hook/cmake_prefix_path.ps1'
[0.821s] INFO:colcon.colcon_core.shell:Creating environment descriptor '/home/lio/Desktop/ROSPractice/Practice2_Node/install/village_wang/share/village_wang/hook/cmake_prefix_path.dsv'
[0.821s] INFO:colcon.colcon_core.shell:Creating environment hook '/home/lio/Desktop/ROSPractice/Practice2_Node/install/village_wang/share/village_wang/hook/cmake_prefix_path.sh'
[0.822s] Level 1:colcon.colcon_core.environment:checking '/home/lio/Desktop/ROSPractice/Practice2_Node/install/village_wang/lib'
[0.822s] Level 1:colcon.colcon_core.environment:checking '/home/lio/Desktop/ROSPractice/Practice2_Node/install/village_wang/bin'
[0.822s] Level 1:colcon.colcon_core.environment:checking '/home/lio/Desktop/ROSPractice/Practice2_Node/install/village_wang/lib/pkgconfig/village_wang.pc'
[0.822s] Level 1:colcon.colcon_core.environment:checking '/home/lio/Desktop/ROSPractice/Practice2_Node/install/village_wang/lib/python3.10/site-packages'
[0.822s] Level 1:colcon.colcon_core.environment:checking '/home/lio/Desktop/ROSPractice/Practice2_Node/install/village_wang/bin'
[0.823s] INFO:colcon.colcon_core.shell:Creating package script '/home/lio/Desktop/ROSPractice/Practice2_Node/install/village_wang/share/village_wang/package.ps1'
[0.824s] INFO:colcon.colcon_core.shell:Creating package descriptor '/home/lio/Desktop/ROSPractice/Practice2_Node/install/village_wang/share/village_wang/package.dsv'
[0.824s] INFO:colcon.colcon_core.shell:Creating package script '/home/lio/Desktop/ROSPractice/Practice2_Node/install/village_wang/share/village_wang/package.sh'
[0.824s] INFO:colcon.colcon_core.shell:Creating package script '/home/lio/Desktop/ROSPractice/Practice2_Node/install/village_wang/share/village_wang/package.bash'
[0.825s] INFO:colcon.colcon_core.shell:Creating package script '/home/lio/Desktop/ROSPractice/Practice2_Node/install/village_wang/share/village_wang/package.zsh'
[0.825s] Level 1:colcon.colcon_core.environment:create_file_with_runtime_dependencies(/home/lio/Desktop/ROSPractice/Practice2_Node/install/village_wang/share/colcon-core/packages/village_wang)
[0.995s] DEBUG:colcon.colcon_core.event_handler.log_command:Invoking command in '/home/lio/Desktop/ROSPractice/Practice2_Node/build/village_cheung_py': PYTHONPATH=/home/lio/Desktop/ROSPractice/Practice2_Node/build/village_cheung_py/prefix_override:/home/lio/Desktop/ROSPractice/Practice2_Node/install/village_cheung_py/lib/python3.10/site-packages:${PYTHONPATH} /usr/bin/python3 setup.py develop --editable --build-directory /home/lio/Desktop/ROSPractice/Practice2_Node/build/village_cheung_py/build --no-deps install_data
[1.004s] DEBUG:colcon.colcon_core.event_handler.log_command:Invoking command in '/home/lio/Desktop/ROSPractice/Practice2_Node/build/village_li': PYTHONPATH=/home/lio/Desktop/ROSPractice/Practice2_Node/build/village_li/prefix_override:/home/lio/Desktop/ROSPractice/Practice2_Node/install/village_li/lib/python3.10/site-packages:${PYTHONPATH} /usr/bin/python3 setup.py develop --editable --build-directory /home/lio/Desktop/ROSPractice/Practice2_Node/build/village_li/build --no-deps install_data
[1.379s] Level 1:colcon.colcon_core.shell:create_environment_hook('village_cheung_py', 'pythonpath_develop')
[1.380s] INFO:colcon.colcon_core.shell:Creating environment hook '/home/lio/Desktop/ROSPractice/Practice2_Node/build/village_cheung_py/share/village_cheung_py/hook/pythonpath_develop.ps1'
[1.380s] DEBUG:colcon.colcon_core.event_handler.log_command:Invoked command in '/home/lio/Desktop/ROSPractice/Practice2_Node/build/village_cheung_py' returned '0': PYTHONPATH=/home/lio/Desktop/ROSPractice/Practice2_Node/build/village_cheung_py/prefix_override:/home/lio/Desktop/ROSPractice/Practice2_Node/install/village_cheung_py/lib/python3.10/site-packages:${PYTHONPATH} /usr/bin/python3 setup.py develop --editable --build-directory /home/lio/Desktop/ROSPractice/Practice2_Node/build/village_cheung_py/build --no-deps install_data
[1.381s] INFO:colcon.colcon_core.shell:Creating environment descriptor '/home/lio/Desktop/ROSPractice/Practice2_Node/build/village_cheung_py/share/village_cheung_py/hook/pythonpath_develop.dsv'
[1.381s] INFO:colcon.colcon_core.shell:Creating environment hook '/home/lio/Desktop/ROSPractice/Practice2_Node/build/village_cheung_py/share/village_cheung_py/hook/pythonpath_develop.sh'
[1.383s] Level 1:colcon.colcon_core.environment:checking '/home/lio/Desktop/ROSPractice/Practice2_Node/install/village_cheung_py' for CMake module files
[1.383s] Level 1:colcon.colcon_core.environment:checking '/home/lio/Desktop/ROSPractice/Practice2_Node/install/village_cheung_py' for CMake config files
[1.383s] Level 1:colcon.colcon_core.environment:checking '/home/lio/Desktop/ROSPractice/Practice2_Node/install/village_cheung_py/lib'
[1.383s] Level 1:colcon.colcon_core.environment:checking '/home/lio/Desktop/ROSPractice/Practice2_Node/install/village_cheung_py/bin'
[1.383s] Level 1:colcon.colcon_core.environment:checking '/home/lio/Desktop/ROSPractice/Practice2_Node/install/village_cheung_py/lib/pkgconfig/village_cheung_py.pc'
[1.384s] Level 1:colcon.colcon_core.environment:checking '/home/lio/Desktop/ROSPractice/Practice2_Node/install/village_cheung_py/lib/python3.10/site-packages'
[1.384s] Level 1:colcon.colcon_core.shell:create_environment_hook('village_cheung_py', 'pythonpath')
[1.385s] INFO:colcon.colcon_core.shell:Creating environment hook '/home/lio/Desktop/ROSPractice/Practice2_Node/install/village_cheung_py/share/village_cheung_py/hook/pythonpath.ps1'
[1.385s] INFO:colcon.colcon_core.shell:Creating environment descriptor '/home/lio/Desktop/ROSPractice/Practice2_Node/install/village_cheung_py/share/village_cheung_py/hook/pythonpath.dsv'
[1.385s] INFO:colcon.colcon_core.shell:Creating environment hook '/home/lio/Desktop/ROSPractice/Practice2_Node/install/village_cheung_py/share/village_cheung_py/hook/pythonpath.sh'
[1.386s] Level 1:colcon.colcon_core.environment:checking '/home/lio/Desktop/ROSPractice/Practice2_Node/install/village_cheung_py/bin'
[1.386s] Level 1:colcon.colcon_core.environment:create_environment_scripts_only(village_cheung_py)
[1.387s] INFO:colcon.colcon_core.shell:Creating package script '/home/lio/Desktop/ROSPractice/Practice2_Node/install/village_cheung_py/share/village_cheung_py/package.ps1'
[1.387s] INFO:colcon.colcon_core.shell:Creating package descriptor '/home/lio/Desktop/ROSPractice/Practice2_Node/install/village_cheung_py/share/village_cheung_py/package.dsv'
[1.388s] INFO:colcon.colcon_core.shell:Creating package script '/home/lio/Desktop/ROSPractice/Practice2_Node/install/village_cheung_py/share/village_cheung_py/package.sh'
[1.388s] INFO:colcon.colcon_core.shell:Creating package script '/home/lio/Desktop/ROSPractice/Practice2_Node/install/village_cheung_py/share/village_cheung_py/package.bash'
[1.388s] INFO:colcon.colcon_core.shell:Creating package script '/home/lio/Desktop/ROSPractice/Practice2_Node/install/village_cheung_py/share/village_cheung_py/package.zsh'
[1.389s] Level 1:colcon.colcon_core.environment:create_file_with_runtime_dependencies(/home/lio/Desktop/ROSPractice/Practice2_Node/install/village_cheung_py/share/colcon-core/packages/village_cheung_py)
[1.389s] Level 1:colcon.colcon_core.shell:create_environment_hook('village_li', 'pythonpath_develop')
[1.390s] INFO:colcon.colcon_core.shell:Creating environment hook '/home/lio/Desktop/ROSPractice/Practice2_Node/build/village_li/share/village_li/hook/pythonpath_develop.ps1'
[1.391s] DEBUG:colcon.colcon_core.event_handler.log_command:Invoked command in '/home/lio/Desktop/ROSPractice/Practice2_Node/build/village_li' returned '0': PYTHONPATH=/home/lio/Desktop/ROSPractice/Practice2_Node/build/village_li/prefix_override:/home/lio/Desktop/ROSPractice/Practice2_Node/install/village_li/lib/python3.10/site-packages:${PYTHONPATH} /usr/bin/python3 setup.py develop --editable --build-directory /home/lio/Desktop/ROSPractice/Practice2_Node/build/village_li/build --no-deps install_data
[1.391s] INFO:colcon.colcon_core.shell:Creating environment descriptor '/home/lio/Desktop/ROSPractice/Practice2_Node/build/village_li/share/village_li/hook/pythonpath_develop.dsv'
[1.391s] INFO:colcon.colcon_core.shell:Creating environment hook '/home/lio/Desktop/ROSPractice/Practice2_Node/build/village_li/share/village_li/hook/pythonpath_develop.sh'
[1.393s] Level 1:colcon.colcon_core.environment:checking '/home/lio/Desktop/ROSPractice/Practice2_Node/install/village_li' for CMake module files
[1.393s] Level 1:colcon.colcon_core.environment:checking '/home/lio/Desktop/ROSPractice/Practice2_Node/install/village_li' for CMake config files
[1.394s] Level 1:colcon.colcon_core.environment:checking '/home/lio/Desktop/ROSPractice/Practice2_Node/install/village_li/lib'
[1.394s] Level 1:colcon.colcon_core.environment:checking '/home/lio/Desktop/ROSPractice/Practice2_Node/install/village_li/bin'
[1.394s] Level 1:colcon.colcon_core.environment:checking '/home/lio/Desktop/ROSPractice/Practice2_Node/install/village_li/lib/pkgconfig/village_li.pc'
[1.394s] Level 1:colcon.colcon_core.environment:checking '/home/lio/Desktop/ROSPractice/Practice2_Node/install/village_li/lib/python3.10/site-packages'
[1.394s] Level 1:colcon.colcon_core.shell:create_environment_hook('village_li', 'pythonpath')
[1.395s] INFO:colcon.colcon_core.shell:Creating environment hook '/home/lio/Desktop/ROSPractice/Practice2_Node/install/village_li/share/village_li/hook/pythonpath.ps1'
[1.395s] INFO:colcon.colcon_core.shell:Creating environment descriptor '/home/lio/Desktop/ROSPractice/Practice2_Node/install/village_li/share/village_li/hook/pythonpath.dsv'
[1.395s] INFO:colcon.colcon_core.shell:Creating environment hook '/home/lio/Desktop/ROSPractice/Practice2_Node/install/village_li/share/village_li/hook/pythonpath.sh'
[1.396s] Level 1:colcon.colcon_core.environment:checking '/home/lio/Desktop/ROSPractice/Practice2_Node/install/village_li/bin'
[1.396s] Level 1:colcon.colcon_core.environment:create_environment_scripts_only(village_li)
[1.397s] INFO:colcon.colcon_core.shell:Creating package script '/home/lio/Desktop/ROSPractice/Practice2_Node/install/village_li/share/village_li/package.ps1'
[1.397s] INFO:colcon.colcon_core.shell:Creating package descriptor '/home/lio/Desktop/ROSPractice/Practice2_Node/install/village_li/share/village_li/package.dsv'
[1.398s] INFO:colcon.colcon_core.shell:Creating package script '/home/lio/Desktop/ROSPractice/Practice2_Node/install/village_li/share/village_li/package.sh'
[1.398s] INFO:colcon.colcon_core.shell:Creating package script '/home/lio/Desktop/ROSPractice/Practice2_Node/install/village_li/share/village_li/package.bash'
[1.398s] INFO:colcon.colcon_core.shell:Creating package script '/home/lio/Desktop/ROSPractice/Practice2_Node/install/village_li/share/village_li/package.zsh'
[1.398s] Level 1:colcon.colcon_core.environment:create_file_with_runtime_dependencies(/home/lio/Desktop/ROSPractice/Practice2_Node/install/village_li/share/colcon-core/packages/village_li)
[1.399s] DEBUG:colcon.colcon_parallel_executor.executor.parallel:closing loop
[1.399s] DEBUG:colcon.colcon_parallel_executor.executor.parallel:loop closed
[1.399s] DEBUG:colcon.colcon_parallel_executor.executor.parallel:run_until_complete finished with '0'
[1.399s] DEBUG:colcon.colcon_core.event_reactor:joining thread
[1.404s] INFO:colcon.colcon_core.plugin_system:Skipping extension 'colcon_notification.desktop_notification.terminal_notifier': Not used on non-Darwin systems
[1.404s] INFO:colcon.colcon_core.plugin_system:Skipping extension 'colcon_notification.desktop_notification.win32': Not used on non-Windows systems
[1.404s] INFO:colcon.colcon_notification.desktop_notification:Sending desktop notification using 'notify2'
[1.411s] DEBUG:colcon.colcon_core.event_reactor:joined thread
[1.413s] INFO:colcon.colcon_core.shell:Creating prefix script '/home/lio/Desktop/ROSPractice/Practice2_Node/install/local_setup.ps1'
[1.413s] INFO:colcon.colcon_core.shell:Creating prefix util module '/home/lio/Desktop/ROSPractice/Practice2_Node/install/_local_setup_util_ps1.py'
[1.414s] INFO:colcon.colcon_core.shell:Creating prefix chain script '/home/lio/Desktop/ROSPractice/Practice2_Node/install/setup.ps1'
[1.415s] INFO:colcon.colcon_core.shell:Creating prefix script '/home/lio/Desktop/ROSPractice/Practice2_Node/install/local_setup.sh'
[1.416s] INFO:colcon.colcon_core.shell:Creating prefix util module '/home/lio/Desktop/ROSPractice/Practice2_Node/install/_local_setup_util_sh.py'
[1.416s] INFO:colcon.colcon_core.shell:Creating prefix chain script '/home/lio/Desktop/ROSPractice/Practice2_Node/install/setup.sh'
[1.417s] INFO:colcon.colcon_core.shell:Creating prefix script '/home/lio/Desktop/ROSPractice/Practice2_Node/install/local_setup.bash'
[1.417s] INFO:colcon.colcon_core.shell:Creating prefix chain script '/home/lio/Desktop/ROSPractice/Practice2_Node/install/setup.bash'
[1.418s] INFO:colcon.colcon_core.shell:Creating prefix script '/home/lio/Desktop/ROSPractice/Practice2_Node/install/local_setup.zsh'
[1.419s] INFO:colcon.colcon_core.shell:Creating prefix chain script '/home/lio/Desktop/ROSPractice/Practice2_Node/install/setup.zsh'
