[4.237s] Invoking command in '/home/lio/Desktop/ROSPractice/Colcon_Practice/src/examples/rclpy/actions/minimal_action_client': PYTHONPATH=/home/lio/Desktop/ROSPractice/Colcon_Practice/build/examples_rclpy_minimal_action_client/prefix_override:/home/lio/Desktop/ROSPractice/Colcon_Practice/install/examples_rclpy_minimal_action_client/lib/python3.10/site-packages:${PYTHONPATH} /usr/bin/python3 setup.py egg_info --egg-base ../../../../../build/examples_rclpy_minimal_action_client build --build-base /home/lio/Desktop/ROSPractice/Colcon_Practice/build/examples_rclpy_minimal_action_client/build install --record /home/lio/Desktop/ROSPractice/Colcon_Practice/build/examples_rclpy_minimal_action_client/install.log --single-version-externally-managed
[5.020s] running egg_info
[5.021s] creating ../../../../../build/examples_rclpy_minimal_action_client/examples_rclpy_minimal_action_client.egg-info
[5.021s] writing ../../../../../build/examples_rclpy_minimal_action_client/examples_rclpy_minimal_action_client.egg-info/PKG-INFO
[5.022s] writing dependency_links to ../../../../../build/examples_rclpy_minimal_action_client/examples_rclpy_minimal_action_client.egg-info/dependency_links.txt
[5.022s] writing entry points to ../../../../../build/examples_rclpy_minimal_action_client/examples_rclpy_minimal_action_client.egg-info/entry_points.txt
[5.022s] writing requirements to ../../../../../build/examples_rclpy_minimal_action_client/examples_rclpy_minimal_action_client.egg-info/requires.txt
[5.022s] writing top-level names to ../../../../../build/examples_rclpy_minimal_action_client/examples_rclpy_minimal_action_client.egg-info/top_level.txt
[5.022s] writing manifest file '../../../../../build/examples_rclpy_minimal_action_client/examples_rclpy_minimal_action_client.egg-info/SOURCES.txt'
[5.028s] reading manifest file '../../../../../build/examples_rclpy_minimal_action_client/examples_rclpy_minimal_action_client.egg-info/SOURCES.txt'
[5.029s] writing manifest file '../../../../../build/examples_rclpy_minimal_action_client/examples_rclpy_minimal_action_client.egg-info/SOURCES.txt'
[5.030s] running build
[5.030s] running build_py
[5.030s] creating /home/lio/Desktop/ROSPractice/Colcon_Practice/build/examples_rclpy_minimal_action_client/build
[5.030s] creating /home/lio/Desktop/ROSPractice/Colcon_Practice/build/examples_rclpy_minimal_action_client/build/lib
[5.030s] creating /home/lio/Desktop/ROSPractice/Colcon_Practice/build/examples_rclpy_minimal_action_client/build/lib/examples_rclpy_minimal_action_client
[5.030s] copying examples_rclpy_minimal_action_client/client_asyncio.py -> /home/lio/Desktop/ROSPractice/Colcon_Practice/build/examples_rclpy_minimal_action_client/build/lib/examples_rclpy_minimal_action_client
[5.031s] copying examples_rclpy_minimal_action_client/__init__.py -> /home/lio/Desktop/ROSPractice/Colcon_Practice/build/examples_rclpy_minimal_action_client/build/lib/examples_rclpy_minimal_action_client
[5.031s] copying examples_rclpy_minimal_action_client/client_cancel.py -> /home/lio/Desktop/ROSPractice/Colcon_Practice/build/examples_rclpy_minimal_action_client/build/lib/examples_rclpy_minimal_action_client
[5.031s] copying examples_rclpy_minimal_action_client/client_not_composable.py -> /home/lio/Desktop/ROSPractice/Colcon_Practice/build/examples_rclpy_minimal_action_client/build/lib/examples_rclpy_minimal_action_client
[5.031s] copying examples_rclpy_minimal_action_client/client.py -> /home/lio/Desktop/ROSPractice/Colcon_Practice/build/examples_rclpy_minimal_action_client/build/lib/examples_rclpy_minimal_action_client
[5.032s] running install
[5.032s] /usr/lib/python3/dist-packages/setuptools/command/install.py:34: SetuptoolsDeprecationWarning: setup.py install is deprecated. Use build and pip and other standards-based tools.
[5.032s]   warnings.warn(
[5.032s] running install_lib
[5.033s] creating /home/lio/Desktop/ROSPractice/Colcon_Practice/install/examples_rclpy_minimal_action_client/lib/python3.10/site-packages/examples_rclpy_minimal_action_client
[5.044s] copying /home/lio/Desktop/ROSPractice/Colcon_Practice/build/examples_rclpy_minimal_action_client/build/lib/examples_rclpy_minimal_action_client/client_asyncio.py -> /home/lio/Desktop/ROSPractice/Colcon_Practice/install/examples_rclpy_minimal_action_client/lib/python3.10/site-packages/examples_rclpy_minimal_action_client
[5.044s] copying /home/lio/Desktop/ROSPractice/Colcon_Practice/build/examples_rclpy_minimal_action_client/build/lib/examples_rclpy_minimal_action_client/__init__.py -> /home/lio/Desktop/ROSPractice/Colcon_Practice/install/examples_rclpy_minimal_action_client/lib/python3.10/site-packages/examples_rclpy_minimal_action_client
[5.044s] copying /home/lio/Desktop/ROSPractice/Colcon_Practice/build/examples_rclpy_minimal_action_client/build/lib/examples_rclpy_minimal_action_client/client_cancel.py -> /home/lio/Desktop/ROSPractice/Colcon_Practice/install/examples_rclpy_minimal_action_client/lib/python3.10/site-packages/examples_rclpy_minimal_action_client
[5.044s] copying /home/lio/Desktop/ROSPractice/Colcon_Practice/build/examples_rclpy_minimal_action_client/build/lib/examples_rclpy_minimal_action_client/client_not_composable.py -> /home/lio/Desktop/ROSPractice/Colcon_Practice/install/examples_rclpy_minimal_action_client/lib/python3.10/site-packages/examples_rclpy_minimal_action_client
[5.044s] copying /home/lio/Desktop/ROSPractice/Colcon_Practice/build/examples_rclpy_minimal_action_client/build/lib/examples_rclpy_minimal_action_client/client.py -> /home/lio/Desktop/ROSPractice/Colcon_Practice/install/examples_rclpy_minimal_action_client/lib/python3.10/site-packages/examples_rclpy_minimal_action_client
[5.045s] byte-compiling /home/lio/Desktop/ROSPractice/Colcon_Practice/install/examples_rclpy_minimal_action_client/lib/python3.10/site-packages/examples_rclpy_minimal_action_client/client_asyncio.py to client_asyncio.cpython-310.pyc
[5.045s] byte-compiling /home/lio/Desktop/ROSPractice/Colcon_Practice/install/examples_rclpy_minimal_action_client/lib/python3.10/site-packages/examples_rclpy_minimal_action_client/__init__.py to __init__.cpython-310.pyc
[5.045s] byte-compiling /home/lio/Desktop/ROSPractice/Colcon_Practice/install/examples_rclpy_minimal_action_client/lib/python3.10/site-packages/examples_rclpy_minimal_action_client/client_cancel.py to client_cancel.cpython-310.pyc
[5.045s] byte-compiling /home/lio/Desktop/ROSPractice/Colcon_Practice/install/examples_rclpy_minimal_action_client/lib/python3.10/site-packages/examples_rclpy_minimal_action_client/client_not_composable.py to client_not_composable.cpython-310.pyc
[5.045s] byte-compiling /home/lio/Desktop/ROSPractice/Colcon_Practice/install/examples_rclpy_minimal_action_client/lib/python3.10/site-packages/examples_rclpy_minimal_action_client/client.py to client.cpython-310.pyc
[5.046s] running install_data
[5.046s] creating /home/lio/Desktop/ROSPractice/Colcon_Practice/install/examples_rclpy_minimal_action_client/share/ament_index
[5.046s] creating /home/lio/Desktop/ROSPractice/Colcon_Practice/install/examples_rclpy_minimal_action_client/share/ament_index/resource_index
[5.046s] creating /home/lio/Desktop/ROSPractice/Colcon_Practice/install/examples_rclpy_minimal_action_client/share/ament_index/resource_index/packages
[5.046s] copying resource/examples_rclpy_minimal_action_client -> /home/lio/Desktop/ROSPractice/Colcon_Practice/install/examples_rclpy_minimal_action_client/share/ament_index/resource_index/packages
[5.046s] copying package.xml -> /home/lio/Desktop/ROSPractice/Colcon_Practice/install/examples_rclpy_minimal_action_client/share/examples_rclpy_minimal_action_client
[5.046s] running install_egg_info
[5.048s] Copying ../../../../../build/examples_rclpy_minimal_action_client/examples_rclpy_minimal_action_client.egg-info to /home/lio/Desktop/ROSPractice/Colcon_Practice/install/examples_rclpy_minimal_action_client/lib/python3.10/site-packages/examples_rclpy_minimal_action_client-0.16.2-py3.10.egg-info
[5.061s] running install_scripts
[5.104s] Installing client script to /home/lio/Desktop/ROSPractice/Colcon_Practice/install/examples_rclpy_minimal_action_client/lib/examples_rclpy_minimal_action_client
[5.115s] Installing client_asyncio script to /home/lio/Desktop/ROSPractice/Colcon_Practice/install/examples_rclpy_minimal_action_client/lib/examples_rclpy_minimal_action_client
[5.116s] Installing client_cancel script to /home/lio/Desktop/ROSPractice/Colcon_Practice/install/examples_rclpy_minimal_action_client/lib/examples_rclpy_minimal_action_client
[5.116s] Installing client_not_composable script to /home/lio/Desktop/ROSPractice/Colcon_Practice/install/examples_rclpy_minimal_action_client/lib/examples_rclpy_minimal_action_client
[5.117s] writing list of installed files to '/home/lio/Desktop/ROSPractice/Colcon_Practice/build/examples_rclpy_minimal_action_client/install.log'
[5.510s] Invoked command in '/home/lio/Desktop/ROSPractice/Colcon_Practice/src/examples/rclpy/actions/minimal_action_client' returned '0': PYTHONPATH=/home/lio/Desktop/ROSPractice/Colcon_Practice/build/examples_rclpy_minimal_action_client/prefix_override:/home/lio/Desktop/ROSPractice/Colcon_Practice/install/examples_rclpy_minimal_action_client/lib/python3.10/site-packages:${PYTHONPATH} /usr/bin/python3 setup.py egg_info --egg-base ../../../../../build/examples_rclpy_minimal_action_client build --build-base /home/lio/Desktop/ROSPractice/Colcon_Practice/build/examples_rclpy_minimal_action_client/build install --record /home/lio/Desktop/ROSPractice/Colcon_Practice/build/examples_rclpy_minimal_action_client/install.log --single-version-externally-managed
