-- Found ament_cmake: 1.3.3 (/opt/ros/humble/share/ament_cmake/cmake)
-- Found rclcpp: 16.0.2 (/opt/ros/humble/share/rclcpp/cmake)
-- Found rosidl_generator_c: 3.1.4 (/opt/ros/humble/share/rosidl_generator_c/cmake)
-- Found rosidl_adapter: 3.1.4 (/opt/ros/humble/share/rosidl_adapter/cmake)
-- Found rosidl_generator_cpp: 3.1.4 (/opt/ros/humble/share/rosidl_generator_cpp/cmake)
-- Using all available rosidl_typesupport_c: rosidl_typesupport_fastrtps_c;rosidl_typesupport_introspection_c
-- Using all available rosidl_typesupport_cpp: rosidl_typesupport_fastrtps_cpp;rosidl_typesupport_introspection_cpp
-- Found rmw_implementation_cmake: 6.1.1 (/opt/ros/humble/share/rmw_implementation_cmake/cmake)
-- Found rmw_fastrtps_cpp: 6.2.2 (/opt/ros/humble/share/rmw_fastrtps_cpp/cmake)
-- Using RMW implementation 'rmw_fastrtps_cpp' as default
-- Found ament_lint_auto: 0.12.4 (/opt/ros/humble/share/ament_lint_auto/cmake)
-- Added test 'cppcheck' to perform static code analysis on C / C++ code
-- Configured cppcheck include dirs: 
-- Configured cppcheck exclude dirs and/or files: 
-- Added test 'lint_cmake' to check CMake code style
-- Added test 'uncrustify' to check C / C++ code style
-- Configured uncrustify additional arguments: 
-- Added test 'xmllint' to check XML markup files
-- Configuring done
-- Generating done
-- Build files have been written to: /home/lio/Desktop/ROSPractice/Practice3_Topic/build/village_chen_cpp
[ 50%] [32mBuilding CXX object CMakeFiles/chen_pub_node.dir/src/chen_pub.cpp.o[0m
In file included from [01m[K/opt/ros/humble/include/rclcpp/rclcpp/logging.hpp:24[m[K,
                 from [01m[K/opt/ros/humble/include/rclcpp/rclcpp/client.hpp:40[m[K,
                 from [01m[K/opt/ros/humble/include/rclcpp/rclcpp/callback_group.hpp:23[m[K,
                 from [01m[K/opt/ros/humble/include/rclcpp/rclcpp/any_executable.hpp:20[m[K,
                 from [01m[K/opt/ros/humble/include/rclcpp/rclcpp/memory_strategy.hpp:25[m[K,
                 from [01m[K/opt/ros/humble/include/rclcpp/rclcpp/memory_strategies.hpp:18[m[K,
                 from [01m[K/opt/ros/humble/include/rclcpp/rclcpp/executor_options.hpp:20[m[K,
                 from [01m[K/opt/ros/humble/include/rclcpp/rclcpp/executor.hpp:37[m[K,
                 from [01m[K/opt/ros/humble/include/rclcpp/rclcpp/executors/multi_threaded_executor.hpp:25[m[K,
                 from [01m[K/opt/ros/humble/include/rclcpp/rclcpp/executors.hpp:21[m[K,
                 from [01m[K/opt/ros/humble/include/rclcpp/rclcpp/rclcpp.hpp:155[m[K,
                 from [01m[K/home/lio/Desktop/ROSPractice/Practice3_Topic/src/village_chen_cpp/src/chen_pub.cpp:1[m[K:
[01m[K/home/lio/Desktop/ROSPractice/Practice3_Topic/src/village_chen_cpp/src/chen_pub.cpp:[m[K In constructor ‘[01m[Kwriternode::writernode(std::string)[m[K’:
[01m[K/home/lio/Desktop/ROSPractice/Practice3_Topic/src/village_chen_cpp/src/chen_pub.cpp:8:44:[m[K [01;35m[Kwarning: [m[Kformat ‘[01m[K%s[m[K’ expects argument of type ‘[01m[Kchar*[m[K’, but argument 5 has type ‘[01m[Kstd::string[m[K’ {aka ‘[01m[Kstd::__cxx11::basic_string<char>[m[K’} [[01;35m[K]8;;https://gcc.gnu.org/onlinedocs/gcc/Warning-Options.html#index-Wformat=-Wformat=]8;;[m[K]
    8 |             RCLCPP_INFO(this->get_logger(),[01;35m[K"大家好我是%s"[m[K,name);
      |                                            [01;35m[K^~~~~~~~~~~~~~[m[K
[01m[K/home/lio/Desktop/ROSPractice/Practice3_Topic/src/village_chen_cpp/src/chen_pub.cpp:8:56:[m[K [01;36m[Knote: [m[Kformat string is defined here
    8 |             RCLCPP_INFO(this->get_logger(),"大家好我是[01;36m[K%s[m[K",name);
      |                                                       [01;36m[K~^[m[K
      |                                                        [01;36m[K|[m[K
      |                                                        [01;36m[Kchar*[m[K
[100%] [32m[1mLinking CXX executable chen_pub_node[0m
[100%] Built target chen_pub_node
-- Install configuration: ""
-- Installing: /home/lio/Desktop/ROSPractice/Practice3_Topic/install/village_chen_cpp/share/ament_index/resource_index/package_run_dependencies/village_chen_cpp
-- Installing: /home/lio/Desktop/ROSPractice/Practice3_Topic/install/village_chen_cpp/share/ament_index/resource_index/parent_prefix_path/village_chen_cpp
-- Installing: /home/lio/Desktop/ROSPractice/Practice3_Topic/install/village_chen_cpp/share/village_chen_cpp/environment/ament_prefix_path.sh
-- Installing: /home/lio/Desktop/ROSPractice/Practice3_Topic/install/village_chen_cpp/share/village_chen_cpp/environment/ament_prefix_path.dsv
-- Installing: /home/lio/Desktop/ROSPractice/Practice3_Topic/install/village_chen_cpp/share/village_chen_cpp/environment/path.sh
-- Installing: /home/lio/Desktop/ROSPractice/Practice3_Topic/install/village_chen_cpp/share/village_chen_cpp/environment/path.dsv
-- Installing: /home/lio/Desktop/ROSPractice/Practice3_Topic/install/village_chen_cpp/share/village_chen_cpp/local_setup.bash
-- Installing: /home/lio/Desktop/ROSPractice/Practice3_Topic/install/village_chen_cpp/share/village_chen_cpp/local_setup.sh
-- Installing: /home/lio/Desktop/ROSPractice/Practice3_Topic/install/village_chen_cpp/share/village_chen_cpp/local_setup.zsh
-- Installing: /home/lio/Desktop/ROSPractice/Practice3_Topic/install/village_chen_cpp/share/village_chen_cpp/local_setup.dsv
-- Installing: /home/lio/Desktop/ROSPractice/Practice3_Topic/install/village_chen_cpp/share/village_chen_cpp/package.dsv
-- Installing: /home/lio/Desktop/ROSPractice/Practice3_Topic/install/village_chen_cpp/share/ament_index/resource_index/packages/village_chen_cpp
-- Installing: /home/lio/Desktop/ROSPractice/Practice3_Topic/install/village_chen_cpp/share/village_chen_cpp/cmake/village_chen_cppConfig.cmake
-- Installing: /home/lio/Desktop/ROSPractice/Practice3_Topic/install/village_chen_cpp/share/village_chen_cpp/cmake/village_chen_cppConfig-version.cmake
-- Installing: /home/lio/Desktop/ROSPractice/Practice3_Topic/install/village_chen_cpp/share/village_chen_cpp/package.xml
-- Installing: /home/lio/Desktop/ROSPractice/Practice3_Topic/install/village_chen_cpp/lib/village_chen_cpp/chen_pub_node
-- Set runtime path of "/home/lio/Desktop/ROSPractice/Practice3_Topic/install/village_chen_cpp/lib/village_chen_cpp/chen_pub_node" to ""
