[0.224s] Invoking command in '/home/lio/Desktop/ROSPractice/Practice3_Topic/build/village_chen_cpp': CMAKE_PREFIX_PATH=/opt/ros/humble /usr/bin/cmake /home/lio/Desktop/ROSPractice/Practice3_Topic/src/village_chen_cpp -DCMAKE_INSTALL_PREFIX=/home/lio/Desktop/ROSPractice/Practice3_Topic/install/village_chen_cpp
[0.233s] -- Found ament_cmake: 1.3.3 (/opt/ros/humble/share/ament_cmake/cmake)
[0.343s] -- Found rclcpp: 16.0.2 (/opt/ros/humble/share/rclcpp/cmake)
[0.368s] -- Found rosidl_generator_c: 3.1.4 (/opt/ros/humble/share/rosidl_generator_c/cmake)
[0.370s] -- Found rosidl_adapter: 3.1.4 (/opt/ros/humble/share/rosidl_adapter/cmake)
[0.375s] -- Found rosidl_generator_cpp: 3.1.4 (/opt/ros/humble/share/rosidl_generator_cpp/cmake)
[0.384s] -- Using all available rosidl_typesupport_c: rosidl_typesupport_fastrtps_c;rosidl_typesupport_introspection_c
[0.397s] -- Using all available rosidl_typesupport_cpp: rosidl_typesupport_fastrtps_cpp;rosidl_typesupport_introspection_cpp
[0.448s] -- Found rmw_implementation_cmake: 6.1.1 (/opt/ros/humble/share/rmw_implementation_cmake/cmake)
[0.449s] -- Found rmw_fastrtps_cpp: 6.2.2 (/opt/ros/humble/share/rmw_fastrtps_cpp/cmake)
[0.536s] -- Using RMW implementation 'rmw_fastrtps_cpp' as default
[0.674s] -- Found ament_lint_auto: 0.12.4 (/opt/ros/humble/share/ament_lint_auto/cmake)
[0.731s] -- Added test 'cppcheck' to perform static code analysis on C / C++ code
[0.731s] -- Configured cppcheck include dirs: 
[0.732s] -- Configured cppcheck exclude dirs and/or files: 
[0.732s] -- Added test 'lint_cmake' to check CMake code style
[0.732s] -- Added test 'uncrustify' to check C / C++ code style
[0.732s] -- Configured uncrustify additional arguments: 
[0.732s] -- Added test 'xmllint' to check XML markup files
[0.733s] -- Configuring done
[0.739s] -- Generating done
[0.740s] -- Build files have been written to: /home/lio/Desktop/ROSPractice/Practice3_Topic/build/village_chen_cpp
[0.745s] Invoked command in '/home/lio/Desktop/ROSPractice/Practice3_Topic/build/village_chen_cpp' returned '0': CMAKE_PREFIX_PATH=/opt/ros/humble /usr/bin/cmake /home/lio/Desktop/ROSPractice/Practice3_Topic/src/village_chen_cpp -DCMAKE_INSTALL_PREFIX=/home/lio/Desktop/ROSPractice/Practice3_Topic/install/village_chen_cpp
[0.746s] Invoking command in '/home/lio/Desktop/ROSPractice/Practice3_Topic/build/village_chen_cpp': CMAKE_PREFIX_PATH=/opt/ros/humble /usr/bin/cmake --build /home/lio/Desktop/ROSPractice/Practice3_Topic/build/village_chen_cpp -- -j12 -l12
[0.777s] [ 50%] [32mBuilding CXX object CMakeFiles/chen_pub_node.dir/src/chen_pub.cpp.o[0m
[2.484s] In file included from [01m[K/opt/ros/humble/include/rclcpp/rclcpp/logging.hpp:24[m[K,
[2.484s]                  from [01m[K/opt/ros/humble/include/rclcpp/rclcpp/client.hpp:40[m[K,
[2.484s]                  from [01m[K/opt/ros/humble/include/rclcpp/rclcpp/callback_group.hpp:23[m[K,
[2.484s]                  from [01m[K/opt/ros/humble/include/rclcpp/rclcpp/any_executable.hpp:20[m[K,
[2.484s]                  from [01m[K/opt/ros/humble/include/rclcpp/rclcpp/memory_strategy.hpp:25[m[K,
[2.484s]                  from [01m[K/opt/ros/humble/include/rclcpp/rclcpp/memory_strategies.hpp:18[m[K,
[2.484s]                  from [01m[K/opt/ros/humble/include/rclcpp/rclcpp/executor_options.hpp:20[m[K,
[2.485s]                  from [01m[K/opt/ros/humble/include/rclcpp/rclcpp/executor.hpp:37[m[K,
[2.485s]                  from [01m[K/opt/ros/humble/include/rclcpp/rclcpp/executors/multi_threaded_executor.hpp:25[m[K,
[2.485s]                  from [01m[K/opt/ros/humble/include/rclcpp/rclcpp/executors.hpp:21[m[K,
[2.485s]                  from [01m[K/opt/ros/humble/include/rclcpp/rclcpp/rclcpp.hpp:155[m[K,
[2.485s]                  from [01m[K/home/lio/Desktop/ROSPractice/Practice3_Topic/src/village_chen_cpp/src/chen_pub.cpp:1[m[K:
[2.485s] [01m[K/home/lio/Desktop/ROSPractice/Practice3_Topic/src/village_chen_cpp/src/chen_pub.cpp:[m[K In constructor ‘[01m[Kwriternode::writernode(std::string)[m[K’:
[2.485s] [01m[K/home/lio/Desktop/ROSPractice/Practice3_Topic/src/village_chen_cpp/src/chen_pub.cpp:8:44:[m[K [01;35m[Kwarning: [m[Kformat ‘[01m[K%s[m[K’ expects argument of type ‘[01m[Kchar*[m[K’, but argument 5 has type ‘[01m[Kstd::string[m[K’ {aka ‘[01m[Kstd::__cxx11::basic_string<char>[m[K’} [[01;35m[K]8;;https://gcc.gnu.org/onlinedocs/gcc/Warning-Options.html#index-Wformat=-Wformat=]8;;[m[K]
[2.485s]     8 |             RCLCPP_INFO(this->get_logger(),[01;35m[K"大家好我是%s"[m[K,name);
[2.485s]       |                                            [01;35m[K^~~~~~~~~~~~~~[m[K
[2.485s] [01m[K/home/lio/Desktop/ROSPractice/Practice3_Topic/src/village_chen_cpp/src/chen_pub.cpp:8:56:[m[K [01;36m[Knote: [m[Kformat string is defined here
[2.485s]     8 |             RCLCPP_INFO(this->get_logger(),"大家好我是[01;36m[K%s[m[K",name);
[2.485s]       |                                                       [01;36m[K~^[m[K
[2.485s]       |                                                        [01;36m[K|[m[K
[2.485s]       |                                                        [01;36m[Kchar*[m[K
[2.913s] [100%] [32m[1mLinking CXX executable chen_pub_node[0m
[2.993s] [100%] Built target chen_pub_node
[2.999s] Invoked command in '/home/lio/Desktop/ROSPractice/Practice3_Topic/build/village_chen_cpp' returned '0': CMAKE_PREFIX_PATH=/opt/ros/humble /usr/bin/cmake --build /home/lio/Desktop/ROSPractice/Practice3_Topic/build/village_chen_cpp -- -j12 -l12
[3.019s] Invoking command in '/home/lio/Desktop/ROSPractice/Practice3_Topic/build/village_chen_cpp': CMAKE_PREFIX_PATH=/opt/ros/humble /usr/bin/cmake --install /home/lio/Desktop/ROSPractice/Practice3_Topic/build/village_chen_cpp
[3.023s] -- Install configuration: ""
[3.023s] -- Installing: /home/lio/Desktop/ROSPractice/Practice3_Topic/install/village_chen_cpp/share/ament_index/resource_index/package_run_dependencies/village_chen_cpp
[3.023s] -- Installing: /home/lio/Desktop/ROSPractice/Practice3_Topic/install/village_chen_cpp/share/ament_index/resource_index/parent_prefix_path/village_chen_cpp
[3.023s] -- Installing: /home/lio/Desktop/ROSPractice/Practice3_Topic/install/village_chen_cpp/share/village_chen_cpp/environment/ament_prefix_path.sh
[3.023s] -- Installing: /home/lio/Desktop/ROSPractice/Practice3_Topic/install/village_chen_cpp/share/village_chen_cpp/environment/ament_prefix_path.dsv
[3.023s] -- Installing: /home/lio/Desktop/ROSPractice/Practice3_Topic/install/village_chen_cpp/share/village_chen_cpp/environment/path.sh
[3.023s] -- Installing: /home/lio/Desktop/ROSPractice/Practice3_Topic/install/village_chen_cpp/share/village_chen_cpp/environment/path.dsv
[3.023s] -- Installing: /home/lio/Desktop/ROSPractice/Practice3_Topic/install/village_chen_cpp/share/village_chen_cpp/local_setup.bash
[3.024s] -- Installing: /home/lio/Desktop/ROSPractice/Practice3_Topic/install/village_chen_cpp/share/village_chen_cpp/local_setup.sh
[3.024s] -- Installing: /home/lio/Desktop/ROSPractice/Practice3_Topic/install/village_chen_cpp/share/village_chen_cpp/local_setup.zsh
[3.024s] -- Installing: /home/lio/Desktop/ROSPractice/Practice3_Topic/install/village_chen_cpp/share/village_chen_cpp/local_setup.dsv
[3.024s] -- Installing: /home/lio/Desktop/ROSPractice/Practice3_Topic/install/village_chen_cpp/share/village_chen_cpp/package.dsv
[3.024s] -- Installing: /home/lio/Desktop/ROSPractice/Practice3_Topic/install/village_chen_cpp/share/ament_index/resource_index/packages/village_chen_cpp
[3.024s] -- Installing: /home/lio/Desktop/ROSPractice/Practice3_Topic/install/village_chen_cpp/share/village_chen_cpp/cmake/village_chen_cppConfig.cmake
[3.024s] -- Installing: /home/lio/Desktop/ROSPractice/Practice3_Topic/install/village_chen_cpp/share/village_chen_cpp/cmake/village_chen_cppConfig-version.cmake
[3.024s] -- Installing: /home/lio/Desktop/ROSPractice/Practice3_Topic/install/village_chen_cpp/share/village_chen_cpp/package.xml
[3.024s] -- Installing: /home/lio/Desktop/ROSPractice/Practice3_Topic/install/village_chen_cpp/lib/village_chen_cpp/chen_pub_node
[3.025s] -- Set runtime path of "/home/lio/Desktop/ROSPractice/Practice3_Topic/install/village_chen_cpp/lib/village_chen_cpp/chen_pub_node" to ""
[3.027s] Invoked command in '/home/lio/Desktop/ROSPractice/Practice3_Topic/build/village_chen_cpp' returned '0': CMAKE_PREFIX_PATH=/opt/ros/humble /usr/bin/cmake --install /home/lio/Desktop/ROSPractice/Practice3_Topic/build/village_chen_cpp
