[0.221s] Invoking command in '/home/lio/Desktop/ROSPractice/Practice3_Topic/build/village_chen_cpp': CMAKE_PREFIX_PATH=/opt/ros/humble /usr/bin/cmake --build /home/lio/Desktop/ROSPractice/Practice3_Topic/build/village_chen_cpp -- -j12 -l12
[0.244s] [35m[1mConsolidate compiler generated dependencies of target chen_pub_node[0m
[0.255s] [ 50%] [32mBuilding CXX object CMakeFiles/chen_pub_node.dir/src/chen_pub.cpp.o[0m
[2.393s] [100%] [32m[1mLinking CXX executable chen_pub_node[0m
[2.466s] [100%] Built target chen_pub_node
[2.472s] Invoked command in '/home/lio/Desktop/ROSPractice/Practice3_Topic/build/village_chen_cpp' returned '0': CMAKE_PREFIX_PATH=/opt/ros/humble /usr/bin/cmake --build /home/lio/Desktop/ROSPractice/Practice3_Topic/build/village_chen_cpp -- -j12 -l12
[2.489s] Invoking command in '/home/lio/Desktop/ROSPractice/Practice3_Topic/build/village_chen_cpp': CMAKE_PREFIX_PATH=/opt/ros/humble /usr/bin/cmake --install /home/lio/Desktop/ROSPractice/Practice3_Topic/build/village_chen_cpp
[2.494s] -- Install configuration: ""
[2.494s] -- Up-to-date: /home/lio/Desktop/ROSPractice/Practice3_Topic/install/village_chen_cpp/share/ament_index/resource_index/package_run_dependencies/village_chen_cpp
[2.494s] -- Up-to-date: /home/lio/Desktop/ROSPractice/Practice3_Topic/install/village_chen_cpp/share/ament_index/resource_index/parent_prefix_path/village_chen_cpp
[2.494s] -- Up-to-date: /home/lio/Desktop/ROSPractice/Practice3_Topic/install/village_chen_cpp/share/village_chen_cpp/environment/ament_prefix_path.sh
[2.494s] -- Up-to-date: /home/lio/Desktop/ROSPractice/Practice3_Topic/install/village_chen_cpp/share/village_chen_cpp/environment/ament_prefix_path.dsv
[2.494s] -- Up-to-date: /home/lio/Desktop/ROSPractice/Practice3_Topic/install/village_chen_cpp/share/village_chen_cpp/environment/path.sh
[2.495s] -- Up-to-date: /home/lio/Desktop/ROSPractice/Practice3_Topic/install/village_chen_cpp/share/village_chen_cpp/environment/path.dsv
[2.495s] -- Up-to-date: /home/lio/Desktop/ROSPractice/Practice3_Topic/install/village_chen_cpp/share/village_chen_cpp/local_setup.bash
[2.495s] -- Up-to-date: /home/lio/Desktop/ROSPractice/Practice3_Topic/install/village_chen_cpp/share/village_chen_cpp/local_setup.sh
[2.495s] -- Up-to-date: /home/lio/Desktop/ROSPractice/Practice3_Topic/install/village_chen_cpp/share/village_chen_cpp/local_setup.zsh
[2.495s] -- Up-to-date: /home/lio/Desktop/ROSPractice/Practice3_Topic/install/village_chen_cpp/share/village_chen_cpp/local_setup.dsv
[2.495s] -- Installing: /home/lio/Desktop/ROSPractice/Practice3_Topic/install/village_chen_cpp/share/village_chen_cpp/package.dsv
[2.495s] -- Up-to-date: /home/lio/Desktop/ROSPractice/Practice3_Topic/install/village_chen_cpp/share/ament_index/resource_index/packages/village_chen_cpp
[2.495s] -- Up-to-date: /home/lio/Desktop/ROSPractice/Practice3_Topic/install/village_chen_cpp/share/village_chen_cpp/cmake/village_chen_cppConfig.cmake
[2.495s] -- Up-to-date: /home/lio/Desktop/ROSPractice/Practice3_Topic/install/village_chen_cpp/share/village_chen_cpp/cmake/village_chen_cppConfig-version.cmake
[2.495s] -- Up-to-date: /home/lio/Desktop/ROSPractice/Practice3_Topic/install/village_chen_cpp/share/village_chen_cpp/package.xml
[2.495s] -- Installing: /home/lio/Desktop/ROSPractice/Practice3_Topic/install/village_chen_cpp/lib/village_chen_cpp/chen_pub_node
[2.495s] -- Set runtime path of "/home/lio/Desktop/ROSPractice/Practice3_Topic/install/village_chen_cpp/lib/village_chen_cpp/chen_pub_node" to ""
[2.498s] Invoked command in '/home/lio/Desktop/ROSPractice/Practice3_Topic/build/village_chen_cpp' returned '0': CMAKE_PREFIX_PATH=/opt/ros/humble /usr/bin/cmake --install /home/lio/Desktop/ROSPractice/Practice3_Topic/build/village_chen_cpp
