[0.053s] Invoking command in '/home/lio/Desktop/ROSPractice/Colcon_Practice/build/examples_rclcpp_minimal_composition': CMAKE_PREFIX_PATH=${CMAKE_PREFIX_PATH}:/home/lio/Desktop/ROSPractice/Colcon_Practice/install/launch_testing_examples:/home/lio/Desktop/ROSPractice/Colcon_Practice/install/examples_rclpy_pointcloud_publisher:/home/lio/Desktop/ROSPractice/Colcon_Practice/install/examples_rclpy_minimal_subscriber:/home/lio/Desktop/ROSPractice/Colcon_Practice/install/examples_rclpy_minimal_service:/home/lio/Desktop/ROSPractice/Colcon_Practice/install/examples_rclpy_minimal_publisher:/home/lio/Desktop/ROSPractice/Colcon_Practice/install/examples_rclpy_minimal_client:/home/lio/Desktop/ROSPractice/Colcon_Practice/install/examples_rclpy_minimal_action_server:/home/lio/Desktop/ROSPractice/Colcon_Practice/install/examples_rclpy_minimal_action_client:/home/lio/Desktop/ROSPractice/Colcon_Practice/install/examples_rclpy_guard_conditions:/home/lio/Desktop/ROSPractice/Colcon_Practice/install/examples_rclpy_executors:/opt/ros/humble /usr/bin/cmake --build /home/lio/Desktop/ROSPractice/Colcon_Practice/build/examples_rclcpp_minimal_composition -- -j12 -l12
[0.093s] [35m[1mConsolidate compiler generated dependencies of target composition_nodes[0m
[0.156s] [ 33%] Built target composition_nodes
[0.170s] [35m[1mConsolidate compiler generated dependencies of target composition_publisher[0m
[0.170s] [35m[1mConsolidate compiler generated dependencies of target composition_subscriber[0m
[0.191s] [35m[1mConsolidate compiler generated dependencies of target composition_composed[0m
[0.191s] [ 55%] Built target composition_publisher
[0.204s] [ 77%] Built target composition_subscriber
[0.217s] [100%] Built target composition_composed
[0.248s] Invoked command in '/home/lio/Desktop/ROSPractice/Colcon_Practice/build/examples_rclcpp_minimal_composition' returned '0': CMAKE_PREFIX_PATH=${CMAKE_PREFIX_PATH}:/home/lio/Desktop/ROSPractice/Colcon_Practice/install/launch_testing_examples:/home/lio/Desktop/ROSPractice/Colcon_Practice/install/examples_rclpy_pointcloud_publisher:/home/lio/Desktop/ROSPractice/Colcon_Practice/install/examples_rclpy_minimal_subscriber:/home/lio/Desktop/ROSPractice/Colcon_Practice/install/examples_rclpy_minimal_service:/home/lio/Desktop/ROSPractice/Colcon_Practice/install/examples_rclpy_minimal_publisher:/home/lio/Desktop/ROSPractice/Colcon_Practice/install/examples_rclpy_minimal_client:/home/lio/Desktop/ROSPractice/Colcon_Practice/install/examples_rclpy_minimal_action_server:/home/lio/Desktop/ROSPractice/Colcon_Practice/install/examples_rclpy_minimal_action_client:/home/lio/Desktop/ROSPractice/Colcon_Practice/install/examples_rclpy_guard_conditions:/home/lio/Desktop/ROSPractice/Colcon_Practice/install/examples_rclpy_executors:/opt/ros/humble /usr/bin/cmake --build /home/lio/Desktop/ROSPractice/Colcon_Practice/build/examples_rclcpp_minimal_composition -- -j12 -l12
[0.342s] Invoking command in '/home/lio/Desktop/ROSPractice/Colcon_Practice/build/examples_rclcpp_minimal_composition': CMAKE_PREFIX_PATH=${CMAKE_PREFIX_PATH}:/home/lio/Desktop/ROSPractice/Colcon_Practice/install/launch_testing_examples:/home/lio/Desktop/ROSPractice/Colcon_Practice/install/examples_rclpy_pointcloud_publisher:/home/lio/Desktop/ROSPractice/Colcon_Practice/install/examples_rclpy_minimal_subscriber:/home/lio/Desktop/ROSPractice/Colcon_Practice/install/examples_rclpy_minimal_service:/home/lio/Desktop/ROSPractice/Colcon_Practice/install/examples_rclpy_minimal_publisher:/home/lio/Desktop/ROSPractice/Colcon_Practice/install/examples_rclpy_minimal_client:/home/lio/Desktop/ROSPractice/Colcon_Practice/install/examples_rclpy_minimal_action_server:/home/lio/Desktop/ROSPractice/Colcon_Practice/install/examples_rclpy_minimal_action_client:/home/lio/Desktop/ROSPractice/Colcon_Practice/install/examples_rclpy_guard_conditions:/home/lio/Desktop/ROSPractice/Colcon_Practice/install/examples_rclpy_executors:/opt/ros/humble /usr/bin/cmake --install /home/lio/Desktop/ROSPractice/Colcon_Practice/build/examples_rclcpp_minimal_composition
[0.375s] -- Install configuration: ""
[0.375s] -- Up-to-date: /home/lio/Desktop/ROSPractice/Colcon_Practice/install/examples_rclcpp_minimal_composition/share/examples_rclcpp_minimal_composition/environment/library_path.sh
[0.375s] -- Up-to-date: /home/lio/Desktop/ROSPractice/Colcon_Practice/install/examples_rclcpp_minimal_composition/share/examples_rclcpp_minimal_composition/environment/library_path.dsv
[0.376s] -- Up-to-date: /home/lio/Desktop/ROSPractice/Colcon_Practice/install/examples_rclcpp_minimal_composition/lib/libcomposition_nodes.so
[0.376s] -- Up-to-date: /home/lio/Desktop/ROSPractice/Colcon_Practice/install/examples_rclcpp_minimal_composition/lib/examples_rclcpp_minimal_composition/composition_publisher
[0.376s] -- Up-to-date: /home/lio/Desktop/ROSPractice/Colcon_Practice/install/examples_rclcpp_minimal_composition/lib/examples_rclcpp_minimal_composition/composition_subscriber
[0.376s] -- Up-to-date: /home/lio/Desktop/ROSPractice/Colcon_Practice/install/examples_rclcpp_minimal_composition/lib/examples_rclcpp_minimal_composition/composition_composed
[0.376s] -- Up-to-date: /home/lio/Desktop/ROSPractice/Colcon_Practice/install/examples_rclcpp_minimal_composition/share/ament_index/resource_index/package_run_dependencies/examples_rclcpp_minimal_composition
[0.376s] -- Up-to-date: /home/lio/Desktop/ROSPractice/Colcon_Practice/install/examples_rclcpp_minimal_composition/share/ament_index/resource_index/parent_prefix_path/examples_rclcpp_minimal_composition
[0.376s] -- Up-to-date: /home/lio/Desktop/ROSPractice/Colcon_Practice/install/examples_rclcpp_minimal_composition/share/examples_rclcpp_minimal_composition/environment/ament_prefix_path.sh
[0.376s] -- Up-to-date: /home/lio/Desktop/ROSPractice/Colcon_Practice/install/examples_rclcpp_minimal_composition/share/examples_rclcpp_minimal_composition/environment/ament_prefix_path.dsv
[0.376s] -- Up-to-date: /home/lio/Desktop/ROSPractice/Colcon_Practice/install/examples_rclcpp_minimal_composition/share/examples_rclcpp_minimal_composition/environment/path.sh
[0.376s] -- Up-to-date: /home/lio/Desktop/ROSPractice/Colcon_Practice/install/examples_rclcpp_minimal_composition/share/examples_rclcpp_minimal_composition/environment/path.dsv
[0.376s] -- Up-to-date: /home/lio/Desktop/ROSPractice/Colcon_Practice/install/examples_rclcpp_minimal_composition/share/examples_rclcpp_minimal_composition/local_setup.bash
[0.376s] -- Up-to-date: /home/lio/Desktop/ROSPractice/Colcon_Practice/install/examples_rclcpp_minimal_composition/share/examples_rclcpp_minimal_composition/local_setup.sh
[0.376s] -- Up-to-date: /home/lio/Desktop/ROSPractice/Colcon_Practice/install/examples_rclcpp_minimal_composition/share/examples_rclcpp_minimal_composition/local_setup.zsh
[0.376s] -- Up-to-date: /home/lio/Desktop/ROSPractice/Colcon_Practice/install/examples_rclcpp_minimal_composition/share/examples_rclcpp_minimal_composition/local_setup.dsv
[0.377s] -- Installing: /home/lio/Desktop/ROSPractice/Colcon_Practice/install/examples_rclcpp_minimal_composition/share/examples_rclcpp_minimal_composition/package.dsv
[0.377s] -- Up-to-date: /home/lio/Desktop/ROSPractice/Colcon_Practice/install/examples_rclcpp_minimal_composition/share/ament_index/resource_index/packages/examples_rclcpp_minimal_composition
[0.377s] -- Up-to-date: /home/lio/Desktop/ROSPractice/Colcon_Practice/install/examples_rclcpp_minimal_composition/share/examples_rclcpp_minimal_composition/cmake/examples_rclcpp_minimal_compositionConfig.cmake
[0.377s] -- Up-to-date: /home/lio/Desktop/ROSPractice/Colcon_Practice/install/examples_rclcpp_minimal_composition/share/examples_rclcpp_minimal_composition/cmake/examples_rclcpp_minimal_compositionConfig-version.cmake
[0.377s] -- Up-to-date: /home/lio/Desktop/ROSPractice/Colcon_Practice/install/examples_rclcpp_minimal_composition/share/examples_rclcpp_minimal_composition/package.xml
[0.441s] Invoked command in '/home/lio/Desktop/ROSPractice/Colcon_Practice/build/examples_rclcpp_minimal_composition' returned '0': CMAKE_PREFIX_PATH=${CMAKE_PREFIX_PATH}:/home/lio/Desktop/ROSPractice/Colcon_Practice/install/launch_testing_examples:/home/lio/Desktop/ROSPractice/Colcon_Practice/install/examples_rclpy_pointcloud_publisher:/home/lio/Desktop/ROSPractice/Colcon_Practice/install/examples_rclpy_minimal_subscriber:/home/lio/Desktop/ROSPractice/Colcon_Practice/install/examples_rclpy_minimal_service:/home/lio/Desktop/ROSPractice/Colcon_Practice/install/examples_rclpy_minimal_publisher:/home/lio/Desktop/ROSPractice/Colcon_Practice/install/examples_rclpy_minimal_client:/home/lio/Desktop/ROSPractice/Colcon_Practice/install/examples_rclpy_minimal_action_server:/home/lio/Desktop/ROSPractice/Colcon_Practice/install/examples_rclpy_minimal_action_client:/home/lio/Desktop/ROSPractice/Colcon_Practice/install/examples_rclpy_guard_conditions:/home/lio/Desktop/ROSPractice/Colcon_Practice/install/examples_rclpy_executors:/opt/ros/humble /usr/bin/cmake --install /home/lio/Desktop/ROSPractice/Colcon_Practice/build/examples_rclcpp_minimal_composition
