[2.903s] Invoking command in '/home/lio/Desktop/ROSPractice/Colcon_Practice/src/examples/rclpy/services/minimal_service': PYTHONPATH=/home/lio/Desktop/ROSPractice/Colcon_Practice/build/examples_rclpy_minimal_service/prefix_override:/home/lio/Desktop/ROSPractice/Colcon_Practice/install/examples_rclpy_minimal_service/lib/python3.10/site-packages:${PYTHONPATH} /usr/bin/python3 setup.py egg_info --egg-base ../../../../../build/examples_rclpy_minimal_service build --build-base /home/lio/Desktop/ROSPractice/Colcon_Practice/build/examples_rclpy_minimal_service/build install --record /home/lio/Desktop/ROSPractice/Colcon_Practice/build/examples_rclpy_minimal_service/install.log --single-version-externally-managed
[3.135s] running egg_info
[3.136s] writing ../../../../../build/examples_rclpy_minimal_service/examples_rclpy_minimal_service.egg-info/PKG-INFO
[3.136s] writing dependency_links to ../../../../../build/examples_rclpy_minimal_service/examples_rclpy_minimal_service.egg-info/dependency_links.txt
[3.136s] writing entry points to ../../../../../build/examples_rclpy_minimal_service/examples_rclpy_minimal_service.egg-info/entry_points.txt
[3.136s] writing requirements to ../../../../../build/examples_rclpy_minimal_service/examples_rclpy_minimal_service.egg-info/requires.txt
[3.136s] writing top-level names to ../../../../../build/examples_rclpy_minimal_service/examples_rclpy_minimal_service.egg-info/top_level.txt
[3.138s] reading manifest file '../../../../../build/examples_rclpy_minimal_service/examples_rclpy_minimal_service.egg-info/SOURCES.txt'
[3.139s] writing manifest file '../../../../../build/examples_rclpy_minimal_service/examples_rclpy_minimal_service.egg-info/SOURCES.txt'
[3.139s] running build
[3.139s] running build_py
[3.139s] running install
[3.139s] running install_lib
[3.141s] running install_data
[3.141s] running install_egg_info
[3.143s] removing '/home/lio/Desktop/ROSPractice/Colcon_Practice/install/examples_rclpy_minimal_service/lib/python3.10/site-packages/examples_rclpy_minimal_service-0.16.2-py3.10.egg-info' (and everything under it)
[3.143s] Copying ../../../../../build/examples_rclpy_minimal_service/examples_rclpy_minimal_service.egg-info to /home/lio/Desktop/ROSPractice/Colcon_Practice/install/examples_rclpy_minimal_service/lib/python3.10/site-packages/examples_rclpy_minimal_service-0.16.2-py3.10.egg-info
[3.144s] running install_scripts
[3.160s] Installing service script to /home/lio/Desktop/ROSPractice/Colcon_Practice/install/examples_rclpy_minimal_service/lib/examples_rclpy_minimal_service
[3.160s] Installing service_member_function script to /home/lio/Desktop/ROSPractice/Colcon_Practice/install/examples_rclpy_minimal_service/lib/examples_rclpy_minimal_service
[3.160s] writing list of installed files to '/home/lio/Desktop/ROSPractice/Colcon_Practice/build/examples_rclpy_minimal_service/install.log'
[3.182s] Invoked command in '/home/lio/Desktop/ROSPractice/Colcon_Practice/src/examples/rclpy/services/minimal_service' returned '0': PYTHONPATH=/home/lio/Desktop/ROSPractice/Colcon_Practice/build/examples_rclpy_minimal_service/prefix_override:/home/lio/Desktop/ROSPractice/Colcon_Practice/install/examples_rclpy_minimal_service/lib/python3.10/site-packages:${PYTHONPATH} /usr/bin/python3 setup.py egg_info --egg-base ../../../../../build/examples_rclpy_minimal_service build --build-base /home/lio/Desktop/ROSPractice/Colcon_Practice/build/examples_rclpy_minimal_service/build install --record /home/lio/Desktop/ROSPractice/Colcon_Practice/build/examples_rclpy_minimal_service/install.log --single-version-externally-managed
