[0.027s] Invoking command in '/home/lio/Desktop/ROSPractice/Colcon_Practice/build/examples_rclcpp_multithreaded_executor': CMAKE_PREFIX_PATH=/opt/ros/humble /usr/bin/cmake /home/lio/Desktop/ROSPractice/Colcon_Practice/src/examples/rclcpp/executors/multithreaded_executor -DCMAKE_INSTALL_PREFIX=/home/lio/Desktop/ROSPractice/Colcon_Practice/install/examples_rclcpp_multithreaded_executor
[1.973s] -- The C compiler identification is GNU 11.3.0
[1.973s] -- The CXX compiler identification is GNU 11.3.0
[1.973s] -- Detecting C compiler ABI info
[1.973s] -- Detecting C compiler ABI info - done
[1.973s] -- Check for working C compiler: /usr/bin/cc - skipped
[1.973s] -- Detecting C compile features
[1.973s] -- Detecting C compile features - done
[1.973s] -- Detecting CXX compiler ABI info
[1.974s] -- Detecting CXX compiler ABI info - done
[1.974s] -- Check for working CXX compiler: /usr/bin/c++ - skipped
[1.974s] -- Detecting CXX compile features
[1.974s] -- Detecting CXX compile features - done
[1.974s] -- Found ament_cmake: 1.3.3 (/opt/ros/humble/share/ament_cmake/cmake)
[1.974s] -- Found Python3: /usr/bin/python3.10 (found version "3.10.6") found components: Interpreter 
[1.974s] -- Found rclcpp: 16.0.2 (/opt/ros/humble/share/rclcpp/cmake)
[1.974s] -- Found rosidl_generator_c: 3.1.4 (/opt/ros/humble/share/rosidl_generator_c/cmake)
[1.974s] -- Found rosidl_adapter: 3.1.4 (/opt/ros/humble/share/rosidl_adapter/cmake)
[1.974s] -- Found rosidl_generator_cpp: 3.1.4 (/opt/ros/humble/share/rosidl_generator_cpp/cmake)
[1.974s] -- Using all available rosidl_typesupport_c: rosidl_typesupport_fastrtps_c;rosidl_typesupport_introspection_c
[1.975s] -- Using all available rosidl_typesupport_cpp: rosidl_typesupport_fastrtps_cpp;rosidl_typesupport_introspection_cpp
[1.975s] -- Found rmw_implementation_cmake: 6.1.1 (/opt/ros/humble/share/rmw_implementation_cmake/cmake)
[1.975s] -- Found rmw_fastrtps_cpp: 6.2.2 (/opt/ros/humble/share/rmw_fastrtps_cpp/cmake)
[1.975s] -- Found OpenSSL: /usr/lib/x86_64-linux-gnu/libcrypto.so (found version "3.0.2")  
[1.975s] -- Found FastRTPS: /opt/ros/humble/include  
[1.975s] -- Using RMW implementation 'rmw_fastrtps_cpp' as default
[1.975s] -- Looking for pthread.h
[1.975s] -- Looking for pthread.h - found
[1.976s] -- Performing Test CMAKE_HAVE_LIBC_PTHREAD
[1.976s] -- Performing Test CMAKE_HAVE_LIBC_PTHREAD - Success
[1.976s] -- Found Threads: TRUE  
[1.976s] -- Found ament_lint_auto: 0.12.4 (/opt/ros/humble/share/ament_lint_auto/cmake)
[1.976s] -- Added test 'copyright' to check source files copyright and LICENSE
[1.976s] -- Added test 'cppcheck' to perform static code analysis on C / C++ code
[1.976s] -- Configured cppcheck include dirs: 
[1.976s] -- Configured cppcheck exclude dirs and/or files: 
[1.976s] -- Added test 'cpplint' to check C / C++ code against the Google style
[1.976s] -- Configured cpplint exclude dirs and/or files: 
[1.977s] -- Added test 'lint_cmake' to check CMake code style
[1.977s] -- Added test 'uncrustify' to check C / C++ code style
[1.977s] -- Configured uncrustify additional arguments: 
[1.977s] -- Added test 'xmllint' to check XML markup files
[1.977s] -- Configuring done
[1.977s] -- Generating done
[1.977s] -- Build files have been written to: /home/lio/Desktop/ROSPractice/Colcon_Practice/build/examples_rclcpp_multithreaded_executor
[1.997s] Invoked command in '/home/lio/Desktop/ROSPractice/Colcon_Practice/build/examples_rclcpp_multithreaded_executor' returned '0': CMAKE_PREFIX_PATH=/opt/ros/humble /usr/bin/cmake /home/lio/Desktop/ROSPractice/Colcon_Practice/src/examples/rclcpp/executors/multithreaded_executor -DCMAKE_INSTALL_PREFIX=/home/lio/Desktop/ROSPractice/Colcon_Practice/install/examples_rclcpp_multithreaded_executor
[1.997s] Invoking command in '/home/lio/Desktop/ROSPractice/Colcon_Practice/build/examples_rclcpp_multithreaded_executor': CMAKE_PREFIX_PATH=/opt/ros/humble /usr/bin/cmake --build /home/lio/Desktop/ROSPractice/Colcon_Practice/build/examples_rclcpp_multithreaded_executor -- -j12 -l12
[2.148s] [ 50%] [32mBuilding CXX object CMakeFiles/multithreaded_executor.dir/multithreaded_executor.cpp.o[0m
[59.630s] [100%] [32m[1mLinking CXX executable multithreaded_executor[0m
[60.035s] [100%] Built target multithreaded_executor
[60.059s] Invoked command in '/home/lio/Desktop/ROSPractice/Colcon_Practice/build/examples_rclcpp_multithreaded_executor' returned '0': CMAKE_PREFIX_PATH=/opt/ros/humble /usr/bin/cmake --build /home/lio/Desktop/ROSPractice/Colcon_Practice/build/examples_rclcpp_multithreaded_executor -- -j12 -l12
[60.074s] Invoking command in '/home/lio/Desktop/ROSPractice/Colcon_Practice/build/examples_rclcpp_multithreaded_executor': CMAKE_PREFIX_PATH=/opt/ros/humble /usr/bin/cmake --install /home/lio/Desktop/ROSPractice/Colcon_Practice/build/examples_rclcpp_multithreaded_executor
[60.079s] -- Install configuration: ""
[60.079s] -- Installing: /home/lio/Desktop/ROSPractice/Colcon_Practice/install/examples_rclcpp_multithreaded_executor/lib/examples_rclcpp_multithreaded_executor/multithreaded_executor
[60.081s] -- Set runtime path of "/home/lio/Desktop/ROSPractice/Colcon_Practice/install/examples_rclcpp_multithreaded_executor/lib/examples_rclcpp_multithreaded_executor/multithreaded_executor" to ""
[60.081s] -- Installing: /home/lio/Desktop/ROSPractice/Colcon_Practice/install/examples_rclcpp_multithreaded_executor/share/ament_index/resource_index/package_run_dependencies/examples_rclcpp_multithreaded_executor
[60.081s] -- Installing: /home/lio/Desktop/ROSPractice/Colcon_Practice/install/examples_rclcpp_multithreaded_executor/share/ament_index/resource_index/parent_prefix_path/examples_rclcpp_multithreaded_executor
[60.081s] -- Installing: /home/lio/Desktop/ROSPractice/Colcon_Practice/install/examples_rclcpp_multithreaded_executor/share/examples_rclcpp_multithreaded_executor/environment/ament_prefix_path.sh
[60.082s] -- Installing: /home/lio/Desktop/ROSPractice/Colcon_Practice/install/examples_rclcpp_multithreaded_executor/share/examples_rclcpp_multithreaded_executor/environment/ament_prefix_path.dsv
[60.082s] -- Installing: /home/lio/Desktop/ROSPractice/Colcon_Practice/install/examples_rclcpp_multithreaded_executor/share/examples_rclcpp_multithreaded_executor/environment/path.sh
[60.082s] -- Installing: /home/lio/Desktop/ROSPractice/Colcon_Practice/install/examples_rclcpp_multithreaded_executor/share/examples_rclcpp_multithreaded_executor/environment/path.dsv
[60.082s] -- Installing: /home/lio/Desktop/ROSPractice/Colcon_Practice/install/examples_rclcpp_multithreaded_executor/share/examples_rclcpp_multithreaded_executor/local_setup.bash
[60.082s] -- Installing: /home/lio/Desktop/ROSPractice/Colcon_Practice/install/examples_rclcpp_multithreaded_executor/share/examples_rclcpp_multithreaded_executor/local_setup.sh
[60.082s] -- Installing: /home/lio/Desktop/ROSPractice/Colcon_Practice/install/examples_rclcpp_multithreaded_executor/share/examples_rclcpp_multithreaded_executor/local_setup.zsh
[60.082s] -- Installing: /home/lio/Desktop/ROSPractice/Colcon_Practice/install/examples_rclcpp_multithreaded_executor/share/examples_rclcpp_multithreaded_executor/local_setup.dsv
[60.082s] -- Installing: /home/lio/Desktop/ROSPractice/Colcon_Practice/install/examples_rclcpp_multithreaded_executor/share/examples_rclcpp_multithreaded_executor/package.dsv
[60.082s] -- Installing: /home/lio/Desktop/ROSPractice/Colcon_Practice/install/examples_rclcpp_multithreaded_executor/share/ament_index/resource_index/packages/examples_rclcpp_multithreaded_executor
[60.083s] -- Installing: /home/lio/Desktop/ROSPractice/Colcon_Practice/install/examples_rclcpp_multithreaded_executor/share/examples_rclcpp_multithreaded_executor/cmake/examples_rclcpp_multithreaded_executorConfig.cmake
[60.083s] -- Installing: /home/lio/Desktop/ROSPractice/Colcon_Practice/install/examples_rclcpp_multithreaded_executor/share/examples_rclcpp_multithreaded_executor/cmake/examples_rclcpp_multithreaded_executorConfig-version.cmake
[60.083s] -- Installing: /home/lio/Desktop/ROSPractice/Colcon_Practice/install/examples_rclcpp_multithreaded_executor/share/examples_rclcpp_multithreaded_executor/package.xml
[60.087s] Invoked command in '/home/lio/Desktop/ROSPractice/Colcon_Practice/build/examples_rclcpp_multithreaded_executor' returned '0': CMAKE_PREFIX_PATH=/opt/ros/humble /usr/bin/cmake --install /home/lio/Desktop/ROSPractice/Colcon_Practice/build/examples_rclcpp_multithreaded_executor
