-- Found ament_cmake: 1.3.3 (/opt/ros/humble/share/ament_cmake/cmake)
-- Found rclcpp: 16.0.2 (/opt/ros/humble/share/rclcpp/cmake)
-- Found rosidl_generator_c: 3.1.4 (/opt/ros/humble/share/rosidl_generator_c/cmake)
-- Found rosidl_adapter: 3.1.4 (/opt/ros/humble/share/rosidl_adapter/cmake)
-- Found rosidl_generator_cpp: 3.1.4 (/opt/ros/humble/share/rosidl_generator_cpp/cmake)
-- Using all available rosidl_typesupport_c: rosidl_typesupport_fastrtps_c;rosidl_typesupport_introspection_c
-- Using all available rosidl_typesupport_cpp: rosidl_typesupport_fastrtps_cpp;rosidl_typesupport_introspection_cpp
-- Found rmw_implementation_cmake: 6.1.1 (/opt/ros/humble/share/rmw_implementation_cmake/cmake)
-- Found rmw_fastrtps_cpp: 6.2.2 (/opt/ros/humble/share/rmw_fastrtps_cpp/cmake)
-- Using RMW implementation 'rmw_fastrtps_cpp' as default
-- Found ament_lint_auto: 0.12.4 (/opt/ros/humble/share/ament_lint_auto/cmake)
-- Added test 'cppcheck' to perform static code analysis on C / C++ code
-- Configured cppcheck include dirs: 
-- Configured cppcheck exclude dirs and/or files: 
-- Added test 'lint_cmake' to check CMake code style
-- Added test 'uncrustify' to check C / C++ code style
-- Configured uncrustify additional arguments: 
-- Added test 'xmllint' to check XML markup files
-- Configuring done
-- Generating done
-- Build files have been written to: /home/lio/Desktop/ROSPractice/Practice3_Topic/build/village_chen_cpp
[35m[1mConsolidate compiler generated dependencies of target chen_pub_node[0m
[ 50%] [32mBuilding CXX object CMakeFiles/chen_pub_node.dir/src/chen_pub.cpp.o[0m
[01m[K/home/lio/Desktop/ROSPractice/Practice3_Topic/src/village_chen_cpp/src/chen_pub.cpp:13:9:[m[K [01;31m[Kerror: [m[K‘[01m[Ksub_money[m[K’ does not name a type
   13 |         [01;31m[Ksub_money[m[K = this->create_subscription<std_msgs::msg::UInt32>("money", 10, std::bind(&writernode::topic_callback, this));
      |         [01;31m[K^~~~~~~~~[m[K
gmake[2]: *** [CMakeFiles/chen_pub_node.dir/build.make:76: CMakeFiles/chen_pub_node.dir/src/chen_pub.cpp.o] Error 1
gmake[1]: *** [CMakeFiles/Makefile2:137: CMakeFiles/chen_pub_node.dir/all] Error 2
gmake: *** [Makefile:146: all] Error 2
