[0.222s] Invoking command in '/home/lio/Desktop/ROSPractice/Practice3_Topic/build/village_chen_cpp': CMAKE_PREFIX_PATH=${CMAKE_PREFIX_PATH}:/home/lio/Desktop/ROSPractice/Practice3_Topic/install/village_chen:/opt/ros/humble /usr/bin/cmake --build /home/lio/Desktop/ROSPractice/Practice3_Topic/build/village_chen_cpp -- -j12 -l12
[0.237s] -- Found ament_cmake: 1.3.3 (/opt/ros/humble/share/ament_cmake/cmake)
[0.346s] -- Found rclcpp: 16.0.2 (/opt/ros/humble/share/rclcpp/cmake)
[0.372s] -- Found rosidl_generator_c: 3.1.4 (/opt/ros/humble/share/rosidl_generator_c/cmake)
[0.374s] -- Found rosidl_adapter: 3.1.4 (/opt/ros/humble/share/rosidl_adapter/cmake)
[0.379s] -- Found rosidl_generator_cpp: 3.1.4 (/opt/ros/humble/share/rosidl_generator_cpp/cmake)
[0.389s] -- Using all available rosidl_typesupport_c: rosidl_typesupport_fastrtps_c;rosidl_typesupport_introspection_c
[0.402s] -- Using all available rosidl_typesupport_cpp: rosidl_typesupport_fastrtps_cpp;rosidl_typesupport_introspection_cpp
[0.455s] -- Found rmw_implementation_cmake: 6.1.1 (/opt/ros/humble/share/rmw_implementation_cmake/cmake)
[0.456s] -- Found rmw_fastrtps_cpp: 6.2.2 (/opt/ros/humble/share/rmw_fastrtps_cpp/cmake)
[0.546s] -- Using RMW implementation 'rmw_fastrtps_cpp' as default
[0.690s] -- Found ament_lint_auto: 0.12.4 (/opt/ros/humble/share/ament_lint_auto/cmake)
[0.743s] -- Added test 'cppcheck' to perform static code analysis on C / C++ code
[0.744s] -- Configured cppcheck include dirs: 
[0.744s] -- Configured cppcheck exclude dirs and/or files: 
[0.744s] -- Added test 'lint_cmake' to check CMake code style
[0.744s] -- Added test 'uncrustify' to check C / C++ code style
[0.744s] -- Configured uncrustify additional arguments: 
[0.744s] -- Added test 'xmllint' to check XML markup files
[0.746s] -- Configuring done
[0.751s] -- Generating done
[0.753s] -- Build files have been written to: /home/lio/Desktop/ROSPractice/Practice3_Topic/build/village_chen_cpp
[0.769s] [35m[1mConsolidate compiler generated dependencies of target chen_pub_node[0m
[0.781s] [ 50%] [32mBuilding CXX object CMakeFiles/chen_pub_node.dir/src/chen_pub.cpp.o[0m
[2.449s] [01m[K/home/lio/Desktop/ROSPractice/Practice3_Topic/src/village_chen_cpp/src/chen_pub.cpp:13:9:[m[K [01;31m[Kerror: [m[K‘[01m[Ksub_money[m[K’ does not name a type
[2.449s]    13 |         [01;31m[Ksub_money[m[K = this->create_subscription<std_msgs::msg::UInt32>("money", 10, std::bind(&writernode::topic_callback, this));
[2.449s]       |         [01;31m[K^~~~~~~~~[m[K
[2.817s] gmake[2]: *** [CMakeFiles/chen_pub_node.dir/build.make:76: CMakeFiles/chen_pub_node.dir/src/chen_pub.cpp.o] Error 1
[2.818s] gmake[1]: *** [CMakeFiles/Makefile2:137: CMakeFiles/chen_pub_node.dir/all] Error 2
[2.818s] gmake: *** [Makefile:146: all] Error 2
[2.820s] Invoked command in '/home/lio/Desktop/ROSPractice/Practice3_Topic/build/village_chen_cpp' returned '2': CMAKE_PREFIX_PATH=${CMAKE_PREFIX_PATH}:/home/lio/Desktop/ROSPractice/Practice3_Topic/install/village_chen:/opt/ros/humble /usr/bin/cmake --build /home/lio/Desktop/ROSPractice/Practice3_Topic/build/village_chen_cpp -- -j12 -l12
