[0.121s] DEBUG:colcon:Command line arguments: ['/usr/bin/colcon', 'build', '--packages-select', 'village_cheung']
[0.121s] DEBUG:colcon:Parsed command line arguments: Namespace(log_base=None, log_level=None, verb_name='build', build_base='build', install_base='install', merge_install=False, symlink_install=False, test_result_base=None, continue_on_error=False, executor='parallel', parallel_workers=12, event_handlers=None, ignore_user_meta=False, metas=['./colcon.meta'], base_paths=['.'], packages_ignore=None, packages_ignore_regex=None, paths=None, packages_up_to=None, packages_up_to_regex=None, packages_above=None, packages_above_and_dependencies=None, packages_above_depth=None, packages_select_by_dep=None, packages_skip_by_dep=None, packages_skip_up_to=None, packages_select_build_failed=False, packages_skip_build_finished=False, packages_select_test_failures=False, packages_skip_test_passed=False, packages_select=['village_cheung'], packages_skip=None, packages_select_regex=None, packages_skip_regex=None, packages_start=None, packages_end=None, allow_overriding=[], cmake_args=None, cmake_target=None, cmake_target_skip_unavailable=False, cmake_clean_cache=False, cmake_clean_first=False, cmake_force_configure=False, ament_cmake_args=None, catkin_cmake_args=None, catkin_skip_building_tests=False, verb_parser=<colcon_defaults.argument_parser.defaults.DefaultArgumentsDecorator object at 0x7f0cea21ace0>, verb_extension=<colcon_core.verb.build.BuildVerb object at 0x7f0cea21a770>, main=<bound method BuildVerb.main of <colcon_core.verb.build.BuildVerb object at 0x7f0cea21a770>>)
[0.142s] Level 1:colcon.colcon_core.package_discovery:discover_packages(colcon_meta) check parameters
[0.142s] Level 1:colcon.colcon_core.package_discovery:discover_packages(recursive) check parameters
[0.142s] Level 1:colcon.colcon_core.package_discovery:discover_packages(ignore) check parameters
[0.142s] Level 1:colcon.colcon_core.package_discovery:discover_packages(path) check parameters
[0.142s] Level 1:colcon.colcon_core.package_discovery:discover_packages(colcon_meta) discover
[0.142s] Level 1:colcon.colcon_core.package_discovery:discover_packages(recursive) discover
[0.142s] INFO:colcon.colcon_core.package_discovery:Crawling recursively for packages in '/home/lio/Desktop/ROSPractice/Practice2_Node'
[0.143s] Level 1:colcon.colcon_core.package_identification:_identify(.) by extensions ['ignore', 'ignore_ament_install']
[0.143s] Level 1:colcon.colcon_core.package_identification:_identify(.) by extension 'ignore'
[0.143s] Level 1:colcon.colcon_core.package_identification:_identify(.) by extension 'ignore_ament_install'
[0.143s] Level 1:colcon.colcon_core.package_identification:_identify(.) by extensions ['colcon_pkg']
[0.143s] Level 1:colcon.colcon_core.package_identification:_identify(.) by extension 'colcon_pkg'
[0.143s] Level 1:colcon.colcon_core.package_identification:_identify(.) by extensions ['colcon_meta']
[0.143s] Level 1:colcon.colcon_core.package_identification:_identify(.) by extension 'colcon_meta'
[0.143s] Level 1:colcon.colcon_core.package_identification:_identify(.) by extensions ['ros']
[0.143s] Level 1:colcon.colcon_core.package_identification:_identify(.) by extension 'ros'
[0.152s] Level 1:colcon.colcon_core.package_identification:_identify(.) by extensions ['cmake', 'python']
[0.152s] Level 1:colcon.colcon_core.package_identification:_identify(.) by extension 'cmake'
[0.152s] Level 1:colcon.colcon_core.package_identification:_identify(.) by extension 'python'
[0.152s] Level 1:colcon.colcon_core.package_identification:_identify(.) by extensions ['python_setup_py']
[0.152s] Level 1:colcon.colcon_core.package_identification:_identify(.) by extension 'python_setup_py'
[0.152s] Level 1:colcon.colcon_core.package_identification:_identify(build) by extensions ['ignore', 'ignore_ament_install']
[0.152s] Level 1:colcon.colcon_core.package_identification:_identify(build) by extension 'ignore'
[0.152s] Level 1:colcon.colcon_core.package_identification:_identify(build) ignored
[0.152s] Level 1:colcon.colcon_core.package_identification:_identify(install) by extensions ['ignore', 'ignore_ament_install']
[0.153s] Level 1:colcon.colcon_core.package_identification:_identify(install) by extension 'ignore'
[0.153s] Level 1:colcon.colcon_core.package_identification:_identify(install) ignored
[0.153s] Level 1:colcon.colcon_core.package_identification:_identify(log) by extensions ['ignore', 'ignore_ament_install']
[0.153s] Level 1:colcon.colcon_core.package_identification:_identify(log) by extension 'ignore'
[0.153s] Level 1:colcon.colcon_core.package_identification:_identify(log) ignored
[0.153s] Level 1:colcon.colcon_core.package_identification:_identify(src) by extensions ['ignore', 'ignore_ament_install']
[0.153s] Level 1:colcon.colcon_core.package_identification:_identify(src) by extension 'ignore'
[0.153s] Level 1:colcon.colcon_core.package_identification:_identify(src) by extension 'ignore_ament_install'
[0.153s] Level 1:colcon.colcon_core.package_identification:_identify(src) by extensions ['colcon_pkg']
[0.153s] Level 1:colcon.colcon_core.package_identification:_identify(src) by extension 'colcon_pkg'
[0.153s] Level 1:colcon.colcon_core.package_identification:_identify(src) by extensions ['colcon_meta']
[0.153s] Level 1:colcon.colcon_core.package_identification:_identify(src) by extension 'colcon_meta'
[0.153s] Level 1:colcon.colcon_core.package_identification:_identify(src) by extensions ['ros']
[0.153s] Level 1:colcon.colcon_core.package_identification:_identify(src) by extension 'ros'
[0.153s] Level 1:colcon.colcon_core.package_identification:_identify(src) by extensions ['cmake', 'python']
[0.153s] Level 1:colcon.colcon_core.package_identification:_identify(src) by extension 'cmake'
[0.153s] Level 1:colcon.colcon_core.package_identification:_identify(src) by extension 'python'
[0.153s] Level 1:colcon.colcon_core.package_identification:_identify(src) by extensions ['python_setup_py']
[0.153s] Level 1:colcon.colcon_core.package_identification:_identify(src) by extension 'python_setup_py'
[0.153s] Level 1:colcon.colcon_core.package_identification:_identify(src/village_cheung) by extensions ['ignore', 'ignore_ament_install']
[0.153s] Level 1:colcon.colcon_core.package_identification:_identify(src/village_cheung) by extension 'ignore'
[0.154s] Level 1:colcon.colcon_core.package_identification:_identify(src/village_cheung) by extension 'ignore_ament_install'
[0.154s] Level 1:colcon.colcon_core.package_identification:_identify(src/village_cheung) by extensions ['colcon_pkg']
[0.154s] Level 1:colcon.colcon_core.package_identification:_identify(src/village_cheung) by extension 'colcon_pkg'
[0.154s] Level 1:colcon.colcon_core.package_identification:_identify(src/village_cheung) by extensions ['colcon_meta']
[0.154s] Level 1:colcon.colcon_core.package_identification:_identify(src/village_cheung) by extension 'colcon_meta'
[0.154s] Level 1:colcon.colcon_core.package_identification:_identify(src/village_cheung) by extensions ['ros']
[0.154s] Level 1:colcon.colcon_core.package_identification:_identify(src/village_cheung) by extension 'ros'
[0.156s] DEBUG:colcon.colcon_core.package_identification:Package 'src/village_cheung' with type 'ros.ament_cmake' and name 'village_cheung'
[0.156s] Level 1:colcon.colcon_core.package_identification:_identify(src/village_li) by extensions ['ignore', 'ignore_ament_install']
[0.156s] Level 1:colcon.colcon_core.package_identification:_identify(src/village_li) by extension 'ignore'
[0.156s] Level 1:colcon.colcon_core.package_identification:_identify(src/village_li) by extension 'ignore_ament_install'
[0.156s] Level 1:colcon.colcon_core.package_identification:_identify(src/village_li) by extensions ['colcon_pkg']
[0.156s] Level 1:colcon.colcon_core.package_identification:_identify(src/village_li) by extension 'colcon_pkg'
[0.156s] Level 1:colcon.colcon_core.package_identification:_identify(src/village_li) by extensions ['colcon_meta']
[0.156s] Level 1:colcon.colcon_core.package_identification:_identify(src/village_li) by extension 'colcon_meta'
[0.156s] Level 1:colcon.colcon_core.package_identification:_identify(src/village_li) by extensions ['ros']
[0.156s] Level 1:colcon.colcon_core.package_identification:_identify(src/village_li) by extension 'ros'
[0.156s] DEBUG:colcon.colcon_core.package_identification:Package 'src/village_li' with type 'ros.ament_python' and name 'village_li'
[0.157s] Level 1:colcon.colcon_core.package_identification:_identify(src/village_wang) by extensions ['ignore', 'ignore_ament_install']
[0.157s] Level 1:colcon.colcon_core.package_identification:_identify(src/village_wang) by extension 'ignore'
[0.157s] Level 1:colcon.colcon_core.package_identification:_identify(src/village_wang) by extension 'ignore_ament_install'
[0.157s] Level 1:colcon.colcon_core.package_identification:_identify(src/village_wang) by extensions ['colcon_pkg']
[0.157s] Level 1:colcon.colcon_core.package_identification:_identify(src/village_wang) by extension 'colcon_pkg'
[0.157s] Level 1:colcon.colcon_core.package_identification:_identify(src/village_wang) by extensions ['colcon_meta']
[0.157s] Level 1:colcon.colcon_core.package_identification:_identify(src/village_wang) by extension 'colcon_meta'
[0.157s] Level 1:colcon.colcon_core.package_identification:_identify(src/village_wang) by extensions ['ros']
[0.157s] Level 1:colcon.colcon_core.package_identification:_identify(src/village_wang) by extension 'ros'
[0.157s] DEBUG:colcon.colcon_core.package_identification:Package 'src/village_wang' with type 'ros.ament_cmake' and name 'village_wang'
[0.157s] Level 1:colcon.colcon_core.package_discovery:discover_packages(recursive) using defaults
[0.157s] Level 1:colcon.colcon_core.package_discovery:discover_packages(ignore) discover
[0.157s] Level 1:colcon.colcon_core.package_discovery:discover_packages(ignore) using defaults
[0.157s] Level 1:colcon.colcon_core.package_discovery:discover_packages(path) discover
[0.157s] Level 1:colcon.colcon_core.package_discovery:discover_packages(path) using defaults
[0.176s] INFO:colcon.colcon_core.package_selection:Skipping not selected package 'village_li' in 'src/village_li'
[0.176s] INFO:colcon.colcon_core.package_selection:Skipping not selected package 'village_wang' in 'src/village_wang'
[0.177s] Level 1:colcon.colcon_core.package_discovery:discover_packages(prefix_path) check parameters
[0.177s] Level 1:colcon.colcon_core.package_discovery:discover_packages(prefix_path) discover
[0.179s] DEBUG:colcon.colcon_installed_package_information.package_discovery:Found 3 installed packages in /home/lio/Desktop/ROSPractice/Practice2_Node/install
[0.181s] DEBUG:colcon.colcon_installed_package_information.package_discovery:Found 270 installed packages in /opt/ros/humble
[0.182s] Level 1:colcon.colcon_core.package_discovery:discover_packages(prefix_path) using defaults
[0.228s] Level 5:colcon.colcon_core.verb:set package 'village_cheung' build argument 'cmake_args' from command line to 'None'
[0.228s] Level 5:colcon.colcon_core.verb:set package 'village_cheung' build argument 'cmake_target' from command line to 'None'
[0.228s] Level 5:colcon.colcon_core.verb:set package 'village_cheung' build argument 'cmake_target_skip_unavailable' from command line to 'False'
[0.228s] Level 5:colcon.colcon_core.verb:set package 'village_cheung' build argument 'cmake_clean_cache' from command line to 'False'
[0.228s] Level 5:colcon.colcon_core.verb:set package 'village_cheung' build argument 'cmake_clean_first' from command line to 'False'
[0.228s] Level 5:colcon.colcon_core.verb:set package 'village_cheung' build argument 'cmake_force_configure' from command line to 'False'
[0.228s] Level 5:colcon.colcon_core.verb:set package 'village_cheung' build argument 'ament_cmake_args' from command line to 'None'
[0.228s] Level 5:colcon.colcon_core.verb:set package 'village_cheung' build argument 'catkin_cmake_args' from command line to 'None'
[0.228s] Level 5:colcon.colcon_core.verb:set package 'village_cheung' build argument 'catkin_skip_building_tests' from command line to 'False'
[0.228s] DEBUG:colcon.colcon_core.verb:Building package 'village_cheung' with the following arguments: {'ament_cmake_args': None, 'build_base': '/home/lio/Desktop/ROSPractice/Practice2_Node/build/village_cheung', 'catkin_cmake_args': None, 'catkin_skip_building_tests': False, 'cmake_args': None, 'cmake_clean_cache': False, 'cmake_clean_first': False, 'cmake_force_configure': False, 'cmake_target': None, 'cmake_target_skip_unavailable': False, 'install_base': '/home/lio/Desktop/ROSPractice/Practice2_Node/install/village_cheung', 'merge_install': False, 'path': '/home/lio/Desktop/ROSPractice/Practice2_Node/src/village_cheung', 'symlink_install': False, 'test_result_base': None}
[0.229s] INFO:colcon.colcon_core.executor:Executing jobs using 'parallel' executor
[0.232s] DEBUG:colcon.colcon_parallel_executor.executor.parallel:run_until_complete
[0.232s] INFO:colcon.colcon_ros.task.ament_cmake.build:Building ROS package in '/home/lio/Desktop/ROSPractice/Practice2_Node/src/village_cheung' with build type 'ament_cmake'
[0.232s] INFO:colcon.colcon_cmake.task.cmake.build:Building CMake package in '/home/lio/Desktop/ROSPractice/Practice2_Node/src/village_cheung'
[0.235s] INFO:colcon.colcon_core.plugin_system:Skipping extension 'colcon_core.shell.bat': Not used on non-Windows systems
[0.236s] INFO:colcon.colcon_core.shell:Skip shell extension 'powershell' for command environment: Not usable outside of PowerShell
[0.236s] DEBUG:colcon.colcon_core.shell:Skip shell extension 'dsv' for command environment
[0.244s] DEBUG:colcon.colcon_core.event_handler.log_command:Invoking command in '/home/lio/Desktop/ROSPractice/Practice2_Node/build/village_cheung': CMAKE_PREFIX_PATH=${CMAKE_PREFIX_PATH}:/home/lio/Desktop/ROSPractice/Practice2_Node/install/village_li:/opt/ros/humble /usr/bin/cmake --build /home/lio/Desktop/ROSPractice/Practice2_Node/build/village_cheung -- -j12 -l12
[2.454s] DEBUG:colcon.colcon_core.event_handler.log_command:Invoked command in '/home/lio/Desktop/ROSPractice/Practice2_Node/build/village_cheung' returned '0': CMAKE_PREFIX_PATH=${CMAKE_PREFIX_PATH}:/home/lio/Desktop/ROSPractice/Practice2_Node/install/village_li:/opt/ros/humble /usr/bin/cmake --build /home/lio/Desktop/ROSPractice/Practice2_Node/build/village_cheung -- -j12 -l12
[2.473s] DEBUG:colcon.colcon_core.event_handler.log_command:Invoking command in '/home/lio/Desktop/ROSPractice/Practice2_Node/build/village_cheung': CMAKE_PREFIX_PATH=${CMAKE_PREFIX_PATH}:/home/lio/Desktop/ROSPractice/Practice2_Node/install/village_li:/opt/ros/humble /usr/bin/cmake --install /home/lio/Desktop/ROSPractice/Practice2_Node/build/village_cheung
[2.479s] Level 1:colcon.colcon_core.environment:create_environment_scripts_only(village_cheung)
[2.480s] DEBUG:colcon.colcon_core.event_handler.log_command:Invoked command in '/home/lio/Desktop/ROSPractice/Practice2_Node/build/village_cheung' returned '0': CMAKE_PREFIX_PATH=${CMAKE_PREFIX_PATH}:/home/lio/Desktop/ROSPractice/Practice2_Node/install/village_li:/opt/ros/humble /usr/bin/cmake --install /home/lio/Desktop/ROSPractice/Practice2_Node/build/village_cheung
[2.483s] Level 1:colcon.colcon_core.environment:checking '/home/lio/Desktop/ROSPractice/Practice2_Node/install/village_cheung' for CMake module files
[2.483s] Level 1:colcon.colcon_core.environment:checking '/home/lio/Desktop/ROSPractice/Practice2_Node/install/village_cheung' for CMake config files
[2.484s] Level 1:colcon.colcon_core.shell:create_environment_hook('village_cheung', 'cmake_prefix_path')
[2.485s] INFO:colcon.colcon_core.shell:Creating environment hook '/home/lio/Desktop/ROSPractice/Practice2_Node/install/village_cheung/share/village_cheung/hook/cmake_prefix_path.ps1'
[2.485s] INFO:colcon.colcon_core.shell:Creating environment descriptor '/home/lio/Desktop/ROSPractice/Practice2_Node/install/village_cheung/share/village_cheung/hook/cmake_prefix_path.dsv'
[2.485s] INFO:colcon.colcon_core.shell:Creating environment hook '/home/lio/Desktop/ROSPractice/Practice2_Node/install/village_cheung/share/village_cheung/hook/cmake_prefix_path.sh'
[2.486s] Level 1:colcon.colcon_core.environment:checking '/home/lio/Desktop/ROSPractice/Practice2_Node/install/village_cheung/lib'
[2.486s] Level 1:colcon.colcon_core.environment:checking '/home/lio/Desktop/ROSPractice/Practice2_Node/install/village_cheung/bin'
[2.486s] Level 1:colcon.colcon_core.environment:checking '/home/lio/Desktop/ROSPractice/Practice2_Node/install/village_cheung/lib/pkgconfig/village_cheung.pc'
[2.486s] Level 1:colcon.colcon_core.environment:checking '/home/lio/Desktop/ROSPractice/Practice2_Node/install/village_cheung/lib/python3.10/site-packages'
[2.487s] Level 1:colcon.colcon_core.environment:checking '/home/lio/Desktop/ROSPractice/Practice2_Node/install/village_cheung/bin'
[2.488s] INFO:colcon.colcon_core.shell:Creating package script '/home/lio/Desktop/ROSPractice/Practice2_Node/install/village_cheung/share/village_cheung/package.ps1'
[2.488s] INFO:colcon.colcon_core.shell:Creating package descriptor '/home/lio/Desktop/ROSPractice/Practice2_Node/install/village_cheung/share/village_cheung/package.dsv'
[2.488s] INFO:colcon.colcon_core.shell:Creating package script '/home/lio/Desktop/ROSPractice/Practice2_Node/install/village_cheung/share/village_cheung/package.sh'
[2.489s] INFO:colcon.colcon_core.shell:Creating package script '/home/lio/Desktop/ROSPractice/Practice2_Node/install/village_cheung/share/village_cheung/package.bash'
[2.489s] INFO:colcon.colcon_core.shell:Creating package script '/home/lio/Desktop/ROSPractice/Practice2_Node/install/village_cheung/share/village_cheung/package.zsh'
[2.490s] Level 1:colcon.colcon_core.environment:create_file_with_runtime_dependencies(/home/lio/Desktop/ROSPractice/Practice2_Node/install/village_cheung/share/colcon-core/packages/village_cheung)
[2.504s] Level 1:colcon.colcon_core.environment:create_environment_scripts_only(village_cheung)
[2.506s] Level 1:colcon.colcon_core.environment:checking '/home/lio/Desktop/ROSPractice/Practice2_Node/install/village_cheung' for CMake module files
[2.506s] Level 1:colcon.colcon_core.environment:checking '/home/lio/Desktop/ROSPractice/Practice2_Node/install/village_cheung' for CMake config files
[2.506s] Level 1:colcon.colcon_core.shell:create_environment_hook('village_cheung', 'cmake_prefix_path')
[2.507s] INFO:colcon.colcon_core.shell:Creating environment hook '/home/lio/Desktop/ROSPractice/Practice2_Node/install/village_cheung/share/village_cheung/hook/cmake_prefix_path.ps1'
[2.507s] INFO:colcon.colcon_core.shell:Creating environment descriptor '/home/lio/Desktop/ROSPractice/Practice2_Node/install/village_cheung/share/village_cheung/hook/cmake_prefix_path.dsv'
[2.507s] INFO:colcon.colcon_core.shell:Creating environment hook '/home/lio/Desktop/ROSPractice/Practice2_Node/install/village_cheung/share/village_cheung/hook/cmake_prefix_path.sh'
[2.508s] Level 1:colcon.colcon_core.environment:checking '/home/lio/Desktop/ROSPractice/Practice2_Node/install/village_cheung/lib'
[2.508s] Level 1:colcon.colcon_core.environment:checking '/home/lio/Desktop/ROSPractice/Practice2_Node/install/village_cheung/bin'
[2.509s] Level 1:colcon.colcon_core.environment:checking '/home/lio/Desktop/ROSPractice/Practice2_Node/install/village_cheung/lib/pkgconfig/village_cheung.pc'
[2.509s] Level 1:colcon.colcon_core.environment:checking '/home/lio/Desktop/ROSPractice/Practice2_Node/install/village_cheung/lib/python3.10/site-packages'
[2.509s] Level 1:colcon.colcon_core.environment:checking '/home/lio/Desktop/ROSPractice/Practice2_Node/install/village_cheung/bin'
[2.510s] INFO:colcon.colcon_core.shell:Creating package script '/home/lio/Desktop/ROSPractice/Practice2_Node/install/village_cheung/share/village_cheung/package.ps1'
[2.510s] INFO:colcon.colcon_core.shell:Creating package descriptor '/home/lio/Desktop/ROSPractice/Practice2_Node/install/village_cheung/share/village_cheung/package.dsv'
[2.511s] INFO:colcon.colcon_core.shell:Creating package script '/home/lio/Desktop/ROSPractice/Practice2_Node/install/village_cheung/share/village_cheung/package.sh'
[2.511s] INFO:colcon.colcon_core.shell:Creating package script '/home/lio/Desktop/ROSPractice/Practice2_Node/install/village_cheung/share/village_cheung/package.bash'
[2.511s] INFO:colcon.colcon_core.shell:Creating package script '/home/lio/Desktop/ROSPractice/Practice2_Node/install/village_cheung/share/village_cheung/package.zsh'
[2.511s] Level 1:colcon.colcon_core.environment:create_file_with_runtime_dependencies(/home/lio/Desktop/ROSPractice/Practice2_Node/install/village_cheung/share/colcon-core/packages/village_cheung)
[2.511s] DEBUG:colcon.colcon_parallel_executor.executor.parallel:closing loop
[2.512s] DEBUG:colcon.colcon_parallel_executor.executor.parallel:loop closed
[2.512s] DEBUG:colcon.colcon_parallel_executor.executor.parallel:run_until_complete finished with '0'
[2.512s] DEBUG:colcon.colcon_core.event_reactor:joining thread
[2.516s] INFO:colcon.colcon_core.plugin_system:Skipping extension 'colcon_notification.desktop_notification.terminal_notifier': Not used on non-Darwin systems
[2.517s] INFO:colcon.colcon_core.plugin_system:Skipping extension 'colcon_notification.desktop_notification.win32': Not used on non-Windows systems
[2.517s] INFO:colcon.colcon_notification.desktop_notification:Sending desktop notification using 'notify2'
[2.525s] DEBUG:colcon.colcon_core.event_reactor:joined thread
[2.526s] INFO:colcon.colcon_core.shell:Creating prefix script '/home/lio/Desktop/ROSPractice/Practice2_Node/install/local_setup.ps1'
[2.527s] INFO:colcon.colcon_core.shell:Creating prefix util module '/home/lio/Desktop/ROSPractice/Practice2_Node/install/_local_setup_util_ps1.py'
[2.528s] INFO:colcon.colcon_core.shell:Creating prefix chain script '/home/lio/Desktop/ROSPractice/Practice2_Node/install/setup.ps1'
[2.529s] INFO:colcon.colcon_core.shell:Creating prefix script '/home/lio/Desktop/ROSPractice/Practice2_Node/install/local_setup.sh'
[2.529s] INFO:colcon.colcon_core.shell:Creating prefix util module '/home/lio/Desktop/ROSPractice/Practice2_Node/install/_local_setup_util_sh.py'
[2.530s] INFO:colcon.colcon_core.shell:Creating prefix chain script '/home/lio/Desktop/ROSPractice/Practice2_Node/install/setup.sh'
[2.531s] INFO:colcon.colcon_core.shell:Creating prefix script '/home/lio/Desktop/ROSPractice/Practice2_Node/install/local_setup.bash'
[2.531s] INFO:colcon.colcon_core.shell:Creating prefix chain script '/home/lio/Desktop/ROSPractice/Practice2_Node/install/setup.bash'
[2.532s] INFO:colcon.colcon_core.shell:Creating prefix script '/home/lio/Desktop/ROSPractice/Practice2_Node/install/local_setup.zsh'
[2.532s] INFO:colcon.colcon_core.shell:Creating prefix chain script '/home/lio/Desktop/ROSPractice/Practice2_Node/install/setup.zsh'
