[0.516s] Invoking command in '/home/lio/Desktop/ROSPractice/Practice3_Topic/src/village_chen': PYTHONPATH=/home/lio/Desktop/ROSPractice/Practice3_Topic/build/village_chen/prefix_override:/home/lio/Desktop/ROSPractice/Practice3_Topic/install/village_chen/lib/python3.10/site-packages:${PYTHONPATH} /usr/bin/python3 setup.py egg_info --egg-base ../../build/village_chen build --build-base /home/lio/Desktop/ROSPractice/Practice3_Topic/build/village_chen/build install --record /home/lio/Desktop/ROSPractice/Practice3_Topic/build/village_chen/install.log --single-version-externally-managed
[0.724s] running egg_info
[0.724s] writing ../../build/village_chen/village_chen.egg-info/PKG-INFO
[0.724s] writing dependency_links to ../../build/village_chen/village_chen.egg-info/dependency_links.txt
[0.724s] writing entry points to ../../build/village_chen/village_chen.egg-info/entry_points.txt
[0.724s] writing requirements to ../../build/village_chen/village_chen.egg-info/requires.txt
[0.725s] writing top-level names to ../../build/village_chen/village_chen.egg-info/top_level.txt
[0.726s] reading manifest file '../../build/village_chen/village_chen.egg-info/SOURCES.txt'
[0.727s] writing manifest file '../../build/village_chen/village_chen.egg-info/SOURCES.txt'
[0.727s] running build
[0.727s] running build_py
[0.727s] running install
[0.727s] running install_lib
[0.728s] running install_data
[0.729s] running install_egg_info
[0.730s] removing '/home/lio/Desktop/ROSPractice/Practice3_Topic/install/village_chen/lib/python3.10/site-packages/village_chen-0.0.0-py3.10.egg-info' (and everything under it)
[0.730s] Copying ../../build/village_chen/village_chen.egg-info to /home/lio/Desktop/ROSPractice/Practice3_Topic/install/village_chen/lib/python3.10/site-packages/village_chen-0.0.0-py3.10.egg-info
[0.731s] running install_scripts
[0.746s] Installing chen_node script to /home/lio/Desktop/ROSPractice/Practice3_Topic/install/village_chen/lib/village_chen
[0.746s] Installing chen_pub_node script to /home/lio/Desktop/ROSPractice/Practice3_Topic/install/village_chen/lib/village_chen
[0.746s] Installing wang_sub_node script to /home/lio/Desktop/ROSPractice/Practice3_Topic/install/village_chen/lib/village_chen
[0.747s] writing list of installed files to '/home/lio/Desktop/ROSPractice/Practice3_Topic/build/village_chen/install.log'
[0.765s] Invoked command in '/home/lio/Desktop/ROSPractice/Practice3_Topic/src/village_chen' returned '0': PYTHONPATH=/home/lio/Desktop/ROSPractice/Practice3_Topic/build/village_chen/prefix_override:/home/lio/Desktop/ROSPractice/Practice3_Topic/install/village_chen/lib/python3.10/site-packages:${PYTHONPATH} /usr/bin/python3 setup.py egg_info --egg-base ../../build/village_chen build --build-base /home/lio/Desktop/ROSPractice/Practice3_Topic/build/village_chen/build install --record /home/lio/Desktop/ROSPractice/Practice3_Topic/build/village_chen/install.log --single-version-externally-managed
