running develop
Removing /home/lio/Desktop/ROSPractice/Practice2_Node/install/village_li/lib/python3.10/site-packages/village-li.egg-link (link to .)
running egg_info
writing ../../build/village_li/village_li.egg-info/PKG-INFO
writing dependency_links to ../../build/village_li/village_li.egg-info/dependency_links.txt
writing entry points to ../../build/village_li/village_li.egg-info/entry_points.txt
writing requirements to ../../build/village_li/village_li.egg-info/requires.txt
writing top-level names to ../../build/village_li/village_li.egg-info/top_level.txt
reading manifest file '../../build/village_li/village_li.egg-info/SOURCES.txt'
writing manifest file '../../build/village_li/village_li.egg-info/SOURCES.txt'
running build
running build_py
copying village_li/li4_oop.py -> /home/lio/Desktop/ROSPractice/Practice2_Node/build/village_li/build/lib/village_li
running install
running install_lib
creating /home/lio/Desktop/ROSPractice/Practice2_Node/install/village_li/lib/python3.10/site-packages/village_li
copying /home/lio/Desktop/ROSPractice/Practice2_Node/build/village_li/build/lib/village_li/__init__.py -> /home/lio/Desktop/ROSPractice/Practice2_Node/install/village_li/lib/python3.10/site-packages/village_li
copying /home/lio/Desktop/ROSPractice/Practice2_Node/build/village_li/build/lib/village_li/li4_oop.py -> /home/lio/Desktop/ROSPractice/Practice2_Node/install/village_li/lib/python3.10/site-packages/village_li
copying /home/lio/Desktop/ROSPractice/Practice2_Node/build/village_li/build/lib/village_li/li4.py -> /home/lio/Desktop/ROSPractice/Practice2_Node/install/village_li/lib/python3.10/site-packages/village_li
byte-compiling /home/lio/Desktop/ROSPractice/Practice2_Node/install/village_li/lib/python3.10/site-packages/village_li/__init__.py to __init__.cpython-310.pyc
byte-compiling /home/lio/Desktop/ROSPractice/Practice2_Node/install/village_li/lib/python3.10/site-packages/village_li/li4_oop.py to li4_oop.cpython-310.pyc
byte-compiling /home/lio/Desktop/ROSPractice/Practice2_Node/install/village_li/lib/python3.10/site-packages/village_li/li4.py to li4.cpython-310.pyc
running install_data
running install_egg_info
Copying ../../build/village_li/village_li.egg-info to /home/lio/Desktop/ROSPractice/Practice2_Node/install/village_li/lib/python3.10/site-packages/village_li-0.0.0-py3.10.egg-info
running install_scripts
Installing li4_node script to /home/lio/Desktop/ROSPractice/Practice2_Node/install/village_li/lib/village_li
Installing li4_node_oop script to /home/lio/Desktop/ROSPractice/Practice2_Node/install/village_li/lib/village_li
writing list of installed files to '/home/lio/Desktop/ROSPractice/Practice2_Node/build/village_li/install.log'
