[0.253s] Invoking command in '/home/lio/Desktop/ROSPractice/Practice2_Node/build/village_wang': CMAKE_PREFIX_PATH=/opt/ros/humble /usr/bin/cmake --build /home/lio/Desktop/ROSPractice/Practice2_Node/build/village_wang -- -j12 -l12
[0.275s] [35m[1mConsolidate compiler generated dependencies of target wang_node_oop[0m
[0.283s] [ 50%] Built target wang_node
[0.286s] [100%] Built target wang_node_oop
[0.294s] Invoked command in '/home/lio/Desktop/ROSPractice/Practice2_Node/build/village_wang' returned '0': CMAKE_PREFIX_PATH=/opt/ros/humble /usr/bin/cmake --build /home/lio/Desktop/ROSPractice/Practice2_Node/build/village_wang -- -j12 -l12
[0.315s] Invoking command in '/home/lio/Desktop/ROSPractice/Practice2_Node/build/village_wang': CMAKE_PREFIX_PATH=/opt/ros/humble /usr/bin/cmake --install /home/lio/Desktop/ROSPractice/Practice2_Node/build/village_wang
[0.319s] -- Install configuration: ""
[0.319s] -- Up-to-date: /home/lio/Desktop/ROSPractice/Practice2_Node/install/village_wang/share/ament_index/resource_index/package_run_dependencies/village_wang
[0.320s] -- Up-to-date: /home/lio/Desktop/ROSPractice/Practice2_Node/install/village_wang/share/ament_index/resource_index/parent_prefix_path/village_wang
[0.320s] -- Up-to-date: /home/lio/Desktop/ROSPractice/Practice2_Node/install/village_wang/share/village_wang/environment/ament_prefix_path.sh
[0.320s] -- Up-to-date: /home/lio/Desktop/ROSPractice/Practice2_Node/install/village_wang/share/village_wang/environment/ament_prefix_path.dsv
[0.320s] -- Up-to-date: /home/lio/Desktop/ROSPractice/Practice2_Node/install/village_wang/share/village_wang/environment/path.sh
[0.320s] -- Up-to-date: /home/lio/Desktop/ROSPractice/Practice2_Node/install/village_wang/share/village_wang/environment/path.dsv
[0.320s] -- Up-to-date: /home/lio/Desktop/ROSPractice/Practice2_Node/install/village_wang/share/village_wang/local_setup.bash
[0.320s] -- Up-to-date: /home/lio/Desktop/ROSPractice/Practice2_Node/install/village_wang/share/village_wang/local_setup.sh
[0.320s] -- Up-to-date: /home/lio/Desktop/ROSPractice/Practice2_Node/install/village_wang/share/village_wang/local_setup.zsh
[0.320s] -- Up-to-date: /home/lio/Desktop/ROSPractice/Practice2_Node/install/village_wang/share/village_wang/local_setup.dsv
[0.320s] -- Installing: /home/lio/Desktop/ROSPractice/Practice2_Node/install/village_wang/share/village_wang/package.dsv
[0.320s] -- Up-to-date: /home/lio/Desktop/ROSPractice/Practice2_Node/install/village_wang/share/ament_index/resource_index/packages/village_wang
[0.320s] -- Up-to-date: /home/lio/Desktop/ROSPractice/Practice2_Node/install/village_wang/share/village_wang/cmake/village_wangConfig.cmake
[0.320s] -- Up-to-date: /home/lio/Desktop/ROSPractice/Practice2_Node/install/village_wang/share/village_wang/cmake/village_wangConfig-version.cmake
[0.320s] -- Up-to-date: /home/lio/Desktop/ROSPractice/Practice2_Node/install/village_wang/share/village_wang/package.xml
[0.321s] -- Up-to-date: /home/lio/Desktop/ROSPractice/Practice2_Node/install/village_wang/lib/village_wang/wang_node
[0.321s] -- Up-to-date: /home/lio/Desktop/ROSPractice/Practice2_Node/install/village_wang/lib/village_wang/wang_node_oop
[0.322s] Invoked command in '/home/lio/Desktop/ROSPractice/Practice2_Node/build/village_wang' returned '0': CMAKE_PREFIX_PATH=/opt/ros/humble /usr/bin/cmake --install /home/lio/Desktop/ROSPractice/Practice2_Node/build/village_wang
