running egg_info
writing ../../build/village_chen/village_chen.egg-info/PKG-INFO
writing dependency_links to ../../build/village_chen/village_chen.egg-info/dependency_links.txt
writing entry points to ../../build/village_chen/village_chen.egg-info/entry_points.txt
writing requirements to ../../build/village_chen/village_chen.egg-info/requires.txt
writing top-level names to ../../build/village_chen/village_chen.egg-info/top_level.txt
reading manifest file '../../build/village_chen/village_chen.egg-info/SOURCES.txt'
writing manifest file '../../build/village_chen/village_chen.egg-info/SOURCES.txt'
running build
running build_py
running install
running install_lib
running install_data
running install_egg_info
removing '/home/lio/Desktop/ROSPractice/Practice3_Topic/install/village_chen/lib/python3.10/site-packages/village_chen-0.0.0-py3.10.egg-info' (and everything under it)
Copying ../../build/village_chen/village_chen.egg-info to /home/lio/Desktop/ROSPractice/Practice3_Topic/install/village_chen/lib/python3.10/site-packages/village_chen-0.0.0-py3.10.egg-info
running install_scripts
Installing chen_node script to /home/lio/Desktop/ROSPractice/Practice3_Topic/install/village_chen/lib/village_chen
Installing chen_pub_node script to /home/lio/Desktop/ROSPractice/Practice3_Topic/install/village_chen/lib/village_chen
writing list of installed files to '/home/lio/Desktop/ROSPractice/Practice3_Topic/build/village_chen/install.log'
