running develop
running egg_info
creating village_cheung_py.egg-info
writing village_cheung_py.egg-info/PKG-INFO
writing dependency_links to village_cheung_py.egg-info/dependency_links.txt
writing entry points to village_cheung_py.egg-info/entry_points.txt
writing requirements to village_cheung_py.egg-info/requires.txt
writing top-level names to village_cheung_py.egg-info/top_level.txt
writing manifest file 'village_cheung_py.egg-info/SOURCES.txt'
reading manifest file 'village_cheung_py.egg-info/SOURCES.txt'
writing manifest file 'village_cheung_py.egg-info/SOURCES.txt'
running build_ext
Creating /home/lio/Desktop/ROSPractice/Practice2_Node/install/village_cheung_py/lib/python3.10/site-packages/village-cheung-py.egg-link (link to .)
Installing cheung script to /home/lio/Desktop/ROSPractice/Practice2_Node/install/village_cheung_py/lib/village_cheung_py

Installed /home/lio/Desktop/ROSPractice/Practice2_Node/build/village_cheung_py
running install_data
creating /home/lio/Desktop/ROSPractice/Practice2_Node/install/village_cheung_py/share/ament_index
creating /home/lio/Desktop/ROSPractice/Practice2_Node/install/village_cheung_py/share/ament_index/resource_index
creating /home/lio/Desktop/ROSPractice/Practice2_Node/install/village_cheung_py/share/ament_index/resource_index/packages
copying resource/village_cheung_py -> /home/lio/Desktop/ROSPractice/Practice2_Node/install/village_cheung_py/share/ament_index/resource_index/packages
copying package.xml -> /home/lio/Desktop/ROSPractice/Practice2_Node/install/village_cheung_py/share/village_cheung_py
