[0.739s] Invoking command in '/home/lio/Desktop/ROSPractice/Practice2_Node/build/village_cheung_py': PYTHONPATH=/home/lio/Desktop/ROSPractice/Practice2_Node/build/village_cheung_py/prefix_override:/home/lio/Desktop/ROSPractice/Practice2_Node/install/village_cheung_py/lib/python3.10/site-packages:${PYTHONPATH} /usr/bin/python3 setup.py develop --editable --build-directory /home/lio/Desktop/ROSPractice/Practice2_Node/build/village_cheung_py/build --no-deps install_data
[0.995s] running develop
[1.140s] running egg_info
[1.141s] creating village_cheung_py.egg-info
[1.141s] writing village_cheung_py.egg-info/PKG-INFO
[1.141s] writing dependency_links to village_cheung_py.egg-info/dependency_links.txt
[1.141s] writing entry points to village_cheung_py.egg-info/entry_points.txt
[1.141s] writing requirements to village_cheung_py.egg-info/requires.txt
[1.141s] writing top-level names to village_cheung_py.egg-info/top_level.txt
[1.141s] writing manifest file 'village_cheung_py.egg-info/SOURCES.txt'
[1.143s] reading manifest file 'village_cheung_py.egg-info/SOURCES.txt'
[1.143s] writing manifest file 'village_cheung_py.egg-info/SOURCES.txt'
[1.144s] running build_ext
[1.145s] Creating /home/lio/Desktop/ROSPractice/Practice2_Node/install/village_cheung_py/lib/python3.10/site-packages/village-cheung-py.egg-link (link to .)
[1.145s] Installing cheung script to /home/lio/Desktop/ROSPractice/Practice2_Node/install/village_cheung_py/lib/village_cheung_py
[1.146s] 
[1.146s] Installed /home/lio/Desktop/ROSPractice/Practice2_Node/build/village_cheung_py
[1.146s] running install_data
[1.146s] creating /home/lio/Desktop/ROSPractice/Practice2_Node/install/village_cheung_py/share/ament_index
[1.146s] creating /home/lio/Desktop/ROSPractice/Practice2_Node/install/village_cheung_py/share/ament_index/resource_index
[1.146s] creating /home/lio/Desktop/ROSPractice/Practice2_Node/install/village_cheung_py/share/ament_index/resource_index/packages
[1.146s] copying resource/village_cheung_py -> /home/lio/Desktop/ROSPractice/Practice2_Node/install/village_cheung_py/share/ament_index/resource_index/packages
[1.146s] copying package.xml -> /home/lio/Desktop/ROSPractice/Practice2_Node/install/village_cheung_py/share/village_cheung_py
[1.180s] Invoked command in '/home/lio/Desktop/ROSPractice/Practice2_Node/build/village_cheung_py' returned '0': PYTHONPATH=/home/lio/Desktop/ROSPractice/Practice2_Node/build/village_cheung_py/prefix_override:/home/lio/Desktop/ROSPractice/Practice2_Node/install/village_cheung_py/lib/python3.10/site-packages:${PYTHONPATH} /usr/bin/python3 setup.py develop --editable --build-directory /home/lio/Desktop/ROSPractice/Practice2_Node/build/village_cheung_py/build --no-deps install_data
