[0.227s] Invoking command in '/home/lio/Desktop/ROSPractice/Practice3_Topic/build/village_chen_cpp': CMAKE_PREFIX_PATH=${CMAKE_PREFIX_PATH}:/home/lio/Desktop/ROSPractice/Practice3_Topic/install/village_chen:/opt/ros/humble /usr/bin/cmake --build /home/lio/Desktop/ROSPractice/Practice3_Topic/build/village_chen_cpp -- -j12 -l12
[0.242s] -- Found ament_cmake: 1.3.3 (/opt/ros/humble/share/ament_cmake/cmake)
[0.350s] -- Found rclcpp: 16.0.2 (/opt/ros/humble/share/rclcpp/cmake)
[0.376s] -- Found rosidl_generator_c: 3.1.4 (/opt/ros/humble/share/rosidl_generator_c/cmake)
[0.378s] -- Found rosidl_adapter: 3.1.4 (/opt/ros/humble/share/rosidl_adapter/cmake)
[0.382s] -- Found rosidl_generator_cpp: 3.1.4 (/opt/ros/humble/share/rosidl_generator_cpp/cmake)
[0.392s] -- Using all available rosidl_typesupport_c: rosidl_typesupport_fastrtps_c;rosidl_typesupport_introspection_c
[0.405s] -- Using all available rosidl_typesupport_cpp: rosidl_typesupport_fastrtps_cpp;rosidl_typesupport_introspection_cpp
[0.457s] -- Found rmw_implementation_cmake: 6.1.1 (/opt/ros/humble/share/rmw_implementation_cmake/cmake)
[0.458s] -- Found rmw_fastrtps_cpp: 6.2.2 (/opt/ros/humble/share/rmw_fastrtps_cpp/cmake)
[0.547s] -- Using RMW implementation 'rmw_fastrtps_cpp' as default
[0.687s] -- Found ament_lint_auto: 0.12.4 (/opt/ros/humble/share/ament_lint_auto/cmake)
[0.740s] -- Added test 'cppcheck' to perform static code analysis on C / C++ code
[0.740s] -- Configured cppcheck include dirs: 
[0.740s] -- Configured cppcheck exclude dirs and/or files: 
[0.740s] -- Added test 'lint_cmake' to check CMake code style
[0.741s] -- Added test 'uncrustify' to check C / C++ code style
[0.741s] -- Configured uncrustify additional arguments: 
[0.741s] -- Added test 'xmllint' to check XML markup files
[0.743s] -- Configuring done
[0.750s] -- Generating done
[0.751s] -- Build files have been written to: /home/lio/Desktop/ROSPractice/Practice3_Topic/build/village_chen_cpp
[0.766s] [35m[1mConsolidate compiler generated dependencies of target chen_pub_node[0m
[0.777s] [ 50%] [32mBuilding CXX object CMakeFiles/chen_pub_node.dir/src/chen_pub.cpp.o[0m
[2.483s] [01m[K/home/lio/Desktop/ROSPractice/Practice3_Topic/src/village_chen_cpp/src/chen_pub.cpp:16:9:[m[K [01;31m[Kerror: [m[K‘[01m[Ksub_money[m[K’ does not name a type
[2.483s]    16 |         [01;31m[Ksub_money[m[K = this->create_subscription<std_msgs::msg::String>("money", 10, std::bind(&writernode::topic_callback, this, _1));
[2.483s]       |         [01;31m[K^~~~~~~~~[m[K
[2.518s] In file included from [01m[K/opt/ros/humble/include/rclcpp/rclcpp/logging.hpp:24[m[K,
[2.518s]                  from [01m[K/opt/ros/humble/include/rclcpp/rclcpp/client.hpp:40[m[K,
[2.518s]                  from [01m[K/opt/ros/humble/include/rclcpp/rclcpp/callback_group.hpp:23[m[K,
[2.518s]                  from [01m[K/opt/ros/humble/include/rclcpp/rclcpp/any_executable.hpp:20[m[K,
[2.518s]                  from [01m[K/opt/ros/humble/include/rclcpp/rclcpp/memory_strategy.hpp:25[m[K,
[2.518s]                  from [01m[K/opt/ros/humble/include/rclcpp/rclcpp/memory_strategies.hpp:18[m[K,
[2.518s]                  from [01m[K/opt/ros/humble/include/rclcpp/rclcpp/executor_options.hpp:20[m[K,
[2.518s]                  from [01m[K/opt/ros/humble/include/rclcpp/rclcpp/executor.hpp:37[m[K,
[2.518s]                  from [01m[K/opt/ros/humble/include/rclcpp/rclcpp/executors/multi_threaded_executor.hpp:25[m[K,
[2.518s]                  from [01m[K/opt/ros/humble/include/rclcpp/rclcpp/executors.hpp:21[m[K,
[2.518s]                  from [01m[K/opt/ros/humble/include/rclcpp/rclcpp/rclcpp.hpp:155[m[K,
[2.518s]                  from [01m[K/home/lio/Desktop/ROSPractice/Practice3_Topic/src/village_chen_cpp/src/chen_pub.cpp:1[m[K:
[2.518s] [01m[K/home/lio/Desktop/ROSPractice/Practice3_Topic/src/village_chen_cpp/src/chen_pub.cpp:[m[K In member function ‘[01m[Kvoid writernode::topic_callback(std_msgs::msg::String_<std::allocator<void> >::SharedPtr)[m[K’:
[2.518s] [01m[K/home/lio/Desktop/ROSPractice/Practice3_Topic/src/village_chen_cpp/src/chen_pub.cpp:25:45:[m[K [01;35m[Kwarning: [m[Kformat ‘[01m[K%d[m[K’ expects argument of type ‘[01m[Kint[m[K’, but argument 5 has type ‘[01m[Kstd_msgs::msg::String_<std::allocator<void> >::_data_type[m[K’ {aka ‘[01m[Kstd::__cxx11::basic_string<char>[m[K’} [[01;35m[K]8;;https://gcc.gnu.org/onlinedocs/gcc/Warning-Options.html#index-Wformat=-Wformat=]8;;[m[K]
[2.519s]    25 |             RCLCPP_INFO(this->get_logger(), [01;35m[K"作家已經收到%d元"[m[K, msg->data);
[2.519s]       |                                             [01;35m[K^~~~~~~~~~~~~~~~~~[m[K
[2.519s] [01m[K/home/lio/Desktop/ROSPractice/Practice3_Topic/src/village_chen_cpp/src/chen_pub.cpp:25:59:[m[K [01;36m[Knote: [m[Kformat string is defined here
[2.519s]    25 |             RCLCPP_INFO(this->get_logger(), "作家已經收到[01;36m[K%d[m[K元", msg->data);
[2.519s]       |                                                          [01;36m[K~^[m[K
[2.519s]       |                                                           [01;36m[K|[m[K
[2.519s]       |                                                           [01;36m[Kint[m[K
[2.861s] gmake[2]: *** [CMakeFiles/chen_pub_node.dir/build.make:76: CMakeFiles/chen_pub_node.dir/src/chen_pub.cpp.o] Error 1
[2.861s] gmake[1]: *** [CMakeFiles/Makefile2:137: CMakeFiles/chen_pub_node.dir/all] Error 2
[2.861s] gmake: *** [Makefile:146: all] Error 2
[2.862s] Invoked command in '/home/lio/Desktop/ROSPractice/Practice3_Topic/build/village_chen_cpp' returned '2': CMAKE_PREFIX_PATH=${CMAKE_PREFIX_PATH}:/home/lio/Desktop/ROSPractice/Practice3_Topic/install/village_chen:/opt/ros/humble /usr/bin/cmake --build /home/lio/Desktop/ROSPractice/Practice3_Topic/build/village_chen_cpp -- -j12 -l12
