[0.042s] Invoking command in '/home/lio/Desktop/ROSPractice/Colcon_Practice/build/examples_rclcpp_minimal_action_client': CMAKE_PREFIX_PATH=/opt/ros/humble /usr/bin/cmake /home/lio/Desktop/ROSPractice/Colcon_Practice/src/examples/rclcpp/actions/minimal_action_client -DCMAKE_INSTALL_PREFIX=/home/lio/Desktop/ROSPractice/Colcon_Practice/install/examples_rclcpp_minimal_action_client
[0.157s] -- The C compiler identification is GNU 11.3.0
[0.241s] -- The CXX compiler identification is GNU 11.3.0
[0.259s] -- Detecting C compiler ABI info
[0.334s] -- Detecting C compiler ABI info - done
[0.343s] -- Check for working C compiler: /usr/bin/cc - skipped
[0.344s] -- Detecting C compile features
[0.344s] -- Detecting C compile features - done
[0.348s] -- Detecting CXX compiler ABI info
[0.440s] -- Detecting CXX compiler ABI info - done
[0.451s] -- Check for working CXX compiler: /usr/bin/c++ - skipped
[0.452s] -- Detecting CXX compile features
[0.453s] -- Detecting CXX compile features - done
[0.455s] -- Found ament_cmake: 1.3.3 (/opt/ros/humble/share/ament_cmake/cmake)
[0.675s] -- Found Python3: /usr/bin/python3.10 (found version "3.10.6") found components: Interpreter 
[0.806s] -- Found example_interfaces: 0.9.3 (/opt/ros/humble/share/example_interfaces/cmake)
[0.858s] -- Found rosidl_generator_c: 3.1.4 (/opt/ros/humble/share/rosidl_generator_c/cmake)
[0.867s] -- Found rosidl_adapter: 3.1.4 (/opt/ros/humble/share/rosidl_adapter/cmake)
[0.879s] -- Found rosidl_generator_cpp: 3.1.4 (/opt/ros/humble/share/rosidl_generator_cpp/cmake)
[0.901s] -- Using all available rosidl_typesupport_c: rosidl_typesupport_fastrtps_c;rosidl_typesupport_introspection_c
[0.931s] -- Using all available rosidl_typesupport_cpp: rosidl_typesupport_fastrtps_cpp;rosidl_typesupport_introspection_cpp
[1.188s] -- Found rclcpp: 16.0.2 (/opt/ros/humble/share/rclcpp/cmake)
[1.266s] -- Found rmw_implementation_cmake: 6.1.1 (/opt/ros/humble/share/rmw_implementation_cmake/cmake)
[1.269s] -- Found rmw_fastrtps_cpp: 6.2.2 (/opt/ros/humble/share/rmw_fastrtps_cpp/cmake)
[1.390s] -- Found OpenSSL: /usr/lib/x86_64-linux-gnu/libcrypto.so (found version "3.0.2")  
[1.421s] -- Found FastRTPS: /opt/ros/humble/include  
[1.476s] -- Using RMW implementation 'rmw_fastrtps_cpp' as default
[1.486s] -- Looking for pthread.h
[1.627s] -- Looking for pthread.h - found
[1.627s] -- Performing Test CMAKE_HAVE_LIBC_PTHREAD
[1.725s] -- Performing Test CMAKE_HAVE_LIBC_PTHREAD - Success
[1.726s] -- Found Threads: TRUE  
[2.008s] -- Found rclcpp_action: 16.0.2 (/opt/ros/humble/share/rclcpp_action/cmake)
[2.056s] -- Found ament_lint_auto: 0.12.4 (/opt/ros/humble/share/ament_lint_auto/cmake)
[2.234s] -- Added test 'copyright' to check source files copyright and LICENSE
[2.234s] -- Added test 'cppcheck' to perform static code analysis on C / C++ code
[2.234s] -- Configured cppcheck include dirs: 
[2.234s] -- Configured cppcheck exclude dirs and/or files: 
[2.234s] -- Added test 'cpplint' to check C / C++ code against the Google style
[2.235s] -- Configured cpplint exclude dirs and/or files: 
[2.235s] -- Added test 'lint_cmake' to check CMake code style
[2.235s] -- Added test 'uncrustify' to check C / C++ code style
[2.235s] -- Configured uncrustify additional arguments: 
[2.235s] -- Added test 'xmllint' to check XML markup files
[2.235s] -- Configuring done
[2.271s] -- Generating done
[2.273s] -- Build files have been written to: /home/lio/Desktop/ROSPractice/Colcon_Practice/build/examples_rclcpp_minimal_action_client
[2.314s] Invoked command in '/home/lio/Desktop/ROSPractice/Colcon_Practice/build/examples_rclcpp_minimal_action_client' returned '0': CMAKE_PREFIX_PATH=/opt/ros/humble /usr/bin/cmake /home/lio/Desktop/ROSPractice/Colcon_Practice/src/examples/rclcpp/actions/minimal_action_client -DCMAKE_INSTALL_PREFIX=/home/lio/Desktop/ROSPractice/Colcon_Practice/install/examples_rclcpp_minimal_action_client
[2.315s] Invoking command in '/home/lio/Desktop/ROSPractice/Colcon_Practice/build/examples_rclcpp_minimal_action_client': CMAKE_PREFIX_PATH=/opt/ros/humble /usr/bin/cmake --build /home/lio/Desktop/ROSPractice/Colcon_Practice/build/examples_rclcpp_minimal_action_client -- -j12 -l12
[50.614s] [ 12%] [32mBuilding CXX object CMakeFiles/action_client_member_functions.dir/member_functions.cpp.o[0m
[50.614s] [ 25%] [32mBuilding CXX object CMakeFiles/action_client_not_composable.dir/not_composable.cpp.o[0m
[50.615s] [ 37%] [32mBuilding CXX object CMakeFiles/action_client_not_composable_with_cancel.dir/not_composable_with_cancel.cpp.o[0m
[50.615s] [ 50%] [32mBuilding CXX object CMakeFiles/action_client_not_composable_with_feedback.dir/not_composable_with_feedback.cpp.o[0m
[50.615s] [ 62%] [32m[1mLinking CXX executable action_client_member_functions[0m
[50.615s] [ 62%] Built target action_client_member_functions
[50.615s] [ 75%] [32m[1mLinking CXX executable action_client_not_composable_with_cancel[0m
[50.615s] [ 75%] Built target action_client_not_composable_with_cancel
[50.615s] [ 87%] [32m[1mLinking CXX executable action_client_not_composable_with_feedback[0m
[50.615s] [ 87%] Built target action_client_not_composable_with_feedback
[50.860s] [100%] [32m[1mLinking CXX executable action_client_not_composable[0m
[51.476s] [100%] Built target action_client_not_composable
[54.108s] Invoked command in '/home/lio/Desktop/ROSPractice/Colcon_Practice/build/examples_rclcpp_minimal_action_client' returned '0': CMAKE_PREFIX_PATH=/opt/ros/humble /usr/bin/cmake --build /home/lio/Desktop/ROSPractice/Colcon_Practice/build/examples_rclcpp_minimal_action_client -- -j12 -l12
[54.373s] Invoking command in '/home/lio/Desktop/ROSPractice/Colcon_Practice/build/examples_rclcpp_minimal_action_client': CMAKE_PREFIX_PATH=/opt/ros/humble /usr/bin/cmake --install /home/lio/Desktop/ROSPractice/Colcon_Practice/build/examples_rclcpp_minimal_action_client
[54.403s] -- Install configuration: ""
[54.403s] -- Installing: /home/lio/Desktop/ROSPractice/Colcon_Practice/install/examples_rclcpp_minimal_action_client/lib/examples_rclcpp_minimal_action_client/action_client_member_functions
[54.403s] -- Set runtime path of "/home/lio/Desktop/ROSPractice/Colcon_Practice/install/examples_rclcpp_minimal_action_client/lib/examples_rclcpp_minimal_action_client/action_client_member_functions" to ""
[54.403s] -- Installing: /home/lio/Desktop/ROSPractice/Colcon_Practice/install/examples_rclcpp_minimal_action_client/lib/examples_rclcpp_minimal_action_client/action_client_not_composable
[54.403s] -- Set runtime path of "/home/lio/Desktop/ROSPractice/Colcon_Practice/install/examples_rclcpp_minimal_action_client/lib/examples_rclcpp_minimal_action_client/action_client_not_composable" to ""
[54.403s] -- Installing: /home/lio/Desktop/ROSPractice/Colcon_Practice/install/examples_rclcpp_minimal_action_client/lib/examples_rclcpp_minimal_action_client/action_client_not_composable_with_cancel
[54.404s] -- Set runtime path of "/home/lio/Desktop/ROSPractice/Colcon_Practice/install/examples_rclcpp_minimal_action_client/lib/examples_rclcpp_minimal_action_client/action_client_not_composable_with_cancel" to ""
[54.404s] -- Installing: /home/lio/Desktop/ROSPractice/Colcon_Practice/install/examples_rclcpp_minimal_action_client/lib/examples_rclcpp_minimal_action_client/action_client_not_composable_with_feedback
[54.404s] -- Set runtime path of "/home/lio/Desktop/ROSPractice/Colcon_Practice/install/examples_rclcpp_minimal_action_client/lib/examples_rclcpp_minimal_action_client/action_client_not_composable_with_feedback" to ""
[54.404s] -- Installing: /home/lio/Desktop/ROSPractice/Colcon_Practice/install/examples_rclcpp_minimal_action_client/share/ament_index/resource_index/package_run_dependencies/examples_rclcpp_minimal_action_client
[54.404s] -- Installing: /home/lio/Desktop/ROSPractice/Colcon_Practice/install/examples_rclcpp_minimal_action_client/share/ament_index/resource_index/parent_prefix_path/examples_rclcpp_minimal_action_client
[54.404s] -- Installing: /home/lio/Desktop/ROSPractice/Colcon_Practice/install/examples_rclcpp_minimal_action_client/share/examples_rclcpp_minimal_action_client/environment/ament_prefix_path.sh
[54.404s] -- Installing: /home/lio/Desktop/ROSPractice/Colcon_Practice/install/examples_rclcpp_minimal_action_client/share/examples_rclcpp_minimal_action_client/environment/ament_prefix_path.dsv
[54.404s] -- Installing: /home/lio/Desktop/ROSPractice/Colcon_Practice/install/examples_rclcpp_minimal_action_client/share/examples_rclcpp_minimal_action_client/environment/path.sh
[54.404s] -- Installing: /home/lio/Desktop/ROSPractice/Colcon_Practice/install/examples_rclcpp_minimal_action_client/share/examples_rclcpp_minimal_action_client/environment/path.dsv
[54.405s] -- Installing: /home/lio/Desktop/ROSPractice/Colcon_Practice/install/examples_rclcpp_minimal_action_client/share/examples_rclcpp_minimal_action_client/local_setup.bash
[54.405s] -- Installing: /home/lio/Desktop/ROSPractice/Colcon_Practice/install/examples_rclcpp_minimal_action_client/share/examples_rclcpp_minimal_action_client/local_setup.sh
[54.405s] -- Installing: /home/lio/Desktop/ROSPractice/Colcon_Practice/install/examples_rclcpp_minimal_action_client/share/examples_rclcpp_minimal_action_client/local_setup.zsh
[54.405s] -- Installing: /home/lio/Desktop/ROSPractice/Colcon_Practice/install/examples_rclcpp_minimal_action_client/share/examples_rclcpp_minimal_action_client/local_setup.dsv
[54.405s] -- Installing: /home/lio/Desktop/ROSPractice/Colcon_Practice/install/examples_rclcpp_minimal_action_client/share/examples_rclcpp_minimal_action_client/package.dsv
[54.405s] -- Installing: /home/lio/Desktop/ROSPractice/Colcon_Practice/install/examples_rclcpp_minimal_action_client/share/ament_index/resource_index/packages/examples_rclcpp_minimal_action_client
[54.405s] -- Installing: /home/lio/Desktop/ROSPractice/Colcon_Practice/install/examples_rclcpp_minimal_action_client/share/examples_rclcpp_minimal_action_client/cmake/examples_rclcpp_minimal_action_clientConfig.cmake
[54.405s] -- Installing: /home/lio/Desktop/ROSPractice/Colcon_Practice/install/examples_rclcpp_minimal_action_client/share/examples_rclcpp_minimal_action_client/cmake/examples_rclcpp_minimal_action_clientConfig-version.cmake
[54.405s] -- Installing: /home/lio/Desktop/ROSPractice/Colcon_Practice/install/examples_rclcpp_minimal_action_client/share/examples_rclcpp_minimal_action_client/package.xml
[55.815s] Invoked command in '/home/lio/Desktop/ROSPractice/Colcon_Practice/build/examples_rclcpp_minimal_action_client' returned '0': CMAKE_PREFIX_PATH=/opt/ros/humble /usr/bin/cmake --install /home/lio/Desktop/ROSPractice/Colcon_Practice/build/examples_rclcpp_minimal_action_client
