[2.901s] Invoking command in '/home/lio/Desktop/ROSPractice/Colcon_Practice/src/examples/rclpy/actions/minimal_action_server': PYTHONPATH=/home/lio/Desktop/ROSPractice/Colcon_Practice/build/examples_rclpy_minimal_action_server/prefix_override:/home/lio/Desktop/ROSPractice/Colcon_Practice/install/examples_rclpy_minimal_action_server/lib/python3.10/site-packages:${PYTHONPATH} /usr/bin/python3 setup.py egg_info --egg-base ../../../../../build/examples_rclpy_minimal_action_server build --build-base /home/lio/Desktop/ROSPractice/Colcon_Practice/build/examples_rclpy_minimal_action_server/build install --record /home/lio/Desktop/ROSPractice/Colcon_Practice/build/examples_rclpy_minimal_action_server/install.log --single-version-externally-managed
[3.236s] running egg_info
[3.236s] creating ../../../../../build/examples_rclpy_minimal_action_server/examples_rclpy_minimal_action_server.egg-info
[3.249s] writing ../../../../../build/examples_rclpy_minimal_action_server/examples_rclpy_minimal_action_server.egg-info/PKG-INFO
[3.249s] writing dependency_links to ../../../../../build/examples_rclpy_minimal_action_server/examples_rclpy_minimal_action_server.egg-info/dependency_links.txt
[3.249s] writing entry points to ../../../../../build/examples_rclpy_minimal_action_server/examples_rclpy_minimal_action_server.egg-info/entry_points.txt
[3.249s] writing requirements to ../../../../../build/examples_rclpy_minimal_action_server/examples_rclpy_minimal_action_server.egg-info/requires.txt
[3.250s] writing top-level names to ../../../../../build/examples_rclpy_minimal_action_server/examples_rclpy_minimal_action_server.egg-info/top_level.txt
[3.250s] writing manifest file '../../../../../build/examples_rclpy_minimal_action_server/examples_rclpy_minimal_action_server.egg-info/SOURCES.txt'
[3.270s] reading manifest file '../../../../../build/examples_rclpy_minimal_action_server/examples_rclpy_minimal_action_server.egg-info/SOURCES.txt'
[3.271s] writing manifest file '../../../../../build/examples_rclpy_minimal_action_server/examples_rclpy_minimal_action_server.egg-info/SOURCES.txt'
[3.274s] running build
[3.274s] running build_py
[3.274s] creating /home/lio/Desktop/ROSPractice/Colcon_Practice/build/examples_rclpy_minimal_action_server/build
[3.274s] creating /home/lio/Desktop/ROSPractice/Colcon_Practice/build/examples_rclpy_minimal_action_server/build/lib
[3.274s] creating /home/lio/Desktop/ROSPractice/Colcon_Practice/build/examples_rclpy_minimal_action_server/build/lib/examples_rclpy_minimal_action_server
[3.275s] copying examples_rclpy_minimal_action_server/server_defer.py -> /home/lio/Desktop/ROSPractice/Colcon_Practice/build/examples_rclpy_minimal_action_server/build/lib/examples_rclpy_minimal_action_server
[3.276s] copying examples_rclpy_minimal_action_server/server_not_composable.py -> /home/lio/Desktop/ROSPractice/Colcon_Practice/build/examples_rclpy_minimal_action_server/build/lib/examples_rclpy_minimal_action_server
[3.281s] copying examples_rclpy_minimal_action_server/__init__.py -> /home/lio/Desktop/ROSPractice/Colcon_Practice/build/examples_rclpy_minimal_action_server/build/lib/examples_rclpy_minimal_action_server
[3.281s] copying examples_rclpy_minimal_action_server/server_single_goal.py -> /home/lio/Desktop/ROSPractice/Colcon_Practice/build/examples_rclpy_minimal_action_server/build/lib/examples_rclpy_minimal_action_server
[3.290s] copying examples_rclpy_minimal_action_server/server.py -> /home/lio/Desktop/ROSPractice/Colcon_Practice/build/examples_rclpy_minimal_action_server/build/lib/examples_rclpy_minimal_action_server
[3.297s] copying examples_rclpy_minimal_action_server/server_queue_goals.py -> /home/lio/Desktop/ROSPractice/Colcon_Practice/build/examples_rclpy_minimal_action_server/build/lib/examples_rclpy_minimal_action_server
[3.311s] running install
[3.312s] running install_lib
[3.312s] /usr/lib/python3/dist-packages/setuptools/command/install.py:34: SetuptoolsDeprecationWarning: setup.py install is deprecated. Use build and pip and other standards-based tools.
[3.312s]   warnings.warn(
[3.313s] creating /home/lio/Desktop/ROSPractice/Colcon_Practice/install/examples_rclpy_minimal_action_server/lib/python3.10/site-packages/examples_rclpy_minimal_action_server
[3.313s] copying /home/lio/Desktop/ROSPractice/Colcon_Practice/build/examples_rclpy_minimal_action_server/build/lib/examples_rclpy_minimal_action_server/server_defer.py -> /home/lio/Desktop/ROSPractice/Colcon_Practice/install/examples_rclpy_minimal_action_server/lib/python3.10/site-packages/examples_rclpy_minimal_action_server
[3.313s] copying /home/lio/Desktop/ROSPractice/Colcon_Practice/build/examples_rclpy_minimal_action_server/build/lib/examples_rclpy_minimal_action_server/server_not_composable.py -> /home/lio/Desktop/ROSPractice/Colcon_Practice/install/examples_rclpy_minimal_action_server/lib/python3.10/site-packages/examples_rclpy_minimal_action_server
[3.313s] copying /home/lio/Desktop/ROSPractice/Colcon_Practice/build/examples_rclpy_minimal_action_server/build/lib/examples_rclpy_minimal_action_server/__init__.py -> /home/lio/Desktop/ROSPractice/Colcon_Practice/install/examples_rclpy_minimal_action_server/lib/python3.10/site-packages/examples_rclpy_minimal_action_server
[3.313s] copying /home/lio/Desktop/ROSPractice/Colcon_Practice/build/examples_rclpy_minimal_action_server/build/lib/examples_rclpy_minimal_action_server/server_single_goal.py -> /home/lio/Desktop/ROSPractice/Colcon_Practice/install/examples_rclpy_minimal_action_server/lib/python3.10/site-packages/examples_rclpy_minimal_action_server
[3.313s] copying /home/lio/Desktop/ROSPractice/Colcon_Practice/build/examples_rclpy_minimal_action_server/build/lib/examples_rclpy_minimal_action_server/server.py -> /home/lio/Desktop/ROSPractice/Colcon_Practice/install/examples_rclpy_minimal_action_server/lib/python3.10/site-packages/examples_rclpy_minimal_action_server
[3.314s] copying /home/lio/Desktop/ROSPractice/Colcon_Practice/build/examples_rclpy_minimal_action_server/build/lib/examples_rclpy_minimal_action_server/server_queue_goals.py -> /home/lio/Desktop/ROSPractice/Colcon_Practice/install/examples_rclpy_minimal_action_server/lib/python3.10/site-packages/examples_rclpy_minimal_action_server
[3.314s] byte-compiling /home/lio/Desktop/ROSPractice/Colcon_Practice/install/examples_rclpy_minimal_action_server/lib/python3.10/site-packages/examples_rclpy_minimal_action_server/server_defer.py to server_defer.cpython-310.pyc
[3.315s] byte-compiling /home/lio/Desktop/ROSPractice/Colcon_Practice/install/examples_rclpy_minimal_action_server/lib/python3.10/site-packages/examples_rclpy_minimal_action_server/server_not_composable.py to server_not_composable.cpython-310.pyc
[3.316s] byte-compiling /home/lio/Desktop/ROSPractice/Colcon_Practice/install/examples_rclpy_minimal_action_server/lib/python3.10/site-packages/examples_rclpy_minimal_action_server/__init__.py to __init__.cpython-310.pyc
[3.316s] byte-compiling /home/lio/Desktop/ROSPractice/Colcon_Practice/install/examples_rclpy_minimal_action_server/lib/python3.10/site-packages/examples_rclpy_minimal_action_server/server_single_goal.py to server_single_goal.cpython-310.pyc
[3.317s] byte-compiling /home/lio/Desktop/ROSPractice/Colcon_Practice/install/examples_rclpy_minimal_action_server/lib/python3.10/site-packages/examples_rclpy_minimal_action_server/server.py to server.cpython-310.pyc
[3.318s] byte-compiling /home/lio/Desktop/ROSPractice/Colcon_Practice/install/examples_rclpy_minimal_action_server/lib/python3.10/site-packages/examples_rclpy_minimal_action_server/server_queue_goals.py to server_queue_goals.cpython-310.pyc
[3.319s] running install_data
[3.320s] creating /home/lio/Desktop/ROSPractice/Colcon_Practice/install/examples_rclpy_minimal_action_server/share/ament_index
[3.320s] creating /home/lio/Desktop/ROSPractice/Colcon_Practice/install/examples_rclpy_minimal_action_server/share/ament_index/resource_index
[3.320s] creating /home/lio/Desktop/ROSPractice/Colcon_Practice/install/examples_rclpy_minimal_action_server/share/ament_index/resource_index/packages
[3.320s] copying resource/examples_rclpy_minimal_action_server -> /home/lio/Desktop/ROSPractice/Colcon_Practice/install/examples_rclpy_minimal_action_server/share/ament_index/resource_index/packages
[3.320s] copying package.xml -> /home/lio/Desktop/ROSPractice/Colcon_Practice/install/examples_rclpy_minimal_action_server/share/examples_rclpy_minimal_action_server
[3.325s] running install_egg_info
[3.328s] Copying ../../../../../build/examples_rclpy_minimal_action_server/examples_rclpy_minimal_action_server.egg-info to /home/lio/Desktop/ROSPractice/Colcon_Practice/install/examples_rclpy_minimal_action_server/lib/python3.10/site-packages/examples_rclpy_minimal_action_server-0.16.2-py3.10.egg-info
[3.329s] running install_scripts
[3.426s] Installing server script to /home/lio/Desktop/ROSPractice/Colcon_Practice/install/examples_rclpy_minimal_action_server/lib/examples_rclpy_minimal_action_server
[3.426s] Installing server_defer script to /home/lio/Desktop/ROSPractice/Colcon_Practice/install/examples_rclpy_minimal_action_server/lib/examples_rclpy_minimal_action_server
[3.426s] Installing server_not_composable script to /home/lio/Desktop/ROSPractice/Colcon_Practice/install/examples_rclpy_minimal_action_server/lib/examples_rclpy_minimal_action_server
[3.426s] Installing server_queue_goals script to /home/lio/Desktop/ROSPractice/Colcon_Practice/install/examples_rclpy_minimal_action_server/lib/examples_rclpy_minimal_action_server
[3.426s] Installing server_single_goal script to /home/lio/Desktop/ROSPractice/Colcon_Practice/install/examples_rclpy_minimal_action_server/lib/examples_rclpy_minimal_action_server
[3.427s] writing list of installed files to '/home/lio/Desktop/ROSPractice/Colcon_Practice/build/examples_rclpy_minimal_action_server/install.log'
[4.833s] Invoked command in '/home/lio/Desktop/ROSPractice/Colcon_Practice/src/examples/rclpy/actions/minimal_action_server' returned '0': PYTHONPATH=/home/lio/Desktop/ROSPractice/Colcon_Practice/build/examples_rclpy_minimal_action_server/prefix_override:/home/lio/Desktop/ROSPractice/Colcon_Practice/install/examples_rclpy_minimal_action_server/lib/python3.10/site-packages:${PYTHONPATH} /usr/bin/python3 setup.py egg_info --egg-base ../../../../../build/examples_rclpy_minimal_action_server build --build-base /home/lio/Desktop/ROSPractice/Colcon_Practice/build/examples_rclpy_minimal_action_server/build install --record /home/lio/Desktop/ROSPractice/Colcon_Practice/build/examples_rclpy_minimal_action_server/install.log --single-version-externally-managed
