[0.126s] DEBUG:colcon:Command line arguments: ['/usr/bin/colcon', 'list', '-p', '--base-paths', '/home/lio/Desktop/ROSPractice/Practice2_Node']
[0.126s] DEBUG:colcon:Parsed command line arguments: Namespace(log_base=None, log_level=None, verb_name='list', build_base='build', ignore_user_meta=False, metas=['./colcon.meta'], base_paths=['/home/lio/Desktop/ROSPractice/Practice2_Node'], packages_ignore=None, packages_ignore_regex=None, paths=None, packages_up_to=None, packages_up_to_regex=None, packages_above=None, packages_above_and_dependencies=None, packages_above_depth=None, packages_select_by_dep=None, packages_skip_by_dep=None, packages_skip_up_to=None, packages_select_build_failed=False, packages_skip_build_finished=False, packages_select_test_failures=False, packages_skip_test_passed=False, packages_select=None, packages_skip=None, packages_select_regex=None, packages_skip_regex=None, packages_start=None, packages_end=None, allow_overriding=[], topological_order=False, names_only=False, paths_only=True, topological_graph=False, topological_graph_dot=False, topological_graph_density=False, topological_graph_legend=False, topological_graph_dot_cluster=False, topological_graph_dot_include_skipped=False, verb_parser=<colcon_defaults.argument_parser.defaults.DefaultArgumentsDecorator object at 0x7fb7ffda77c0>, verb_extension=<colcon_package_information.verb.list.ListVerb object at 0x7fb7fff6f8e0>, main=<bound method ListVerb.main of <colcon_package_information.verb.list.ListVerb object at 0x7fb7fff6f8e0>>)
[0.149s] Level 1:colcon.colcon_core.package_discovery:discover_packages(colcon_meta) check parameters
[0.149s] Level 1:colcon.colcon_core.package_discovery:discover_packages(recursive) check parameters
[0.149s] Level 1:colcon.colcon_core.package_discovery:discover_packages(ignore) check parameters
[0.149s] Level 1:colcon.colcon_core.package_discovery:discover_packages(path) check parameters
[0.149s] Level 1:colcon.colcon_core.package_discovery:discover_packages(recursive) discover
[0.149s] INFO:colcon.colcon_core.package_discovery:Crawling recursively for packages in '/home/lio/Desktop/ROSPractice/Practice2_Node'
[0.149s] Level 1:colcon.colcon_core.package_identification:_identify(/home/lio/Desktop/ROSPractice/Practice2_Node) by extensions ['ignore', 'ignore_ament_install']
[0.149s] Level 1:colcon.colcon_core.package_identification:_identify(/home/lio/Desktop/ROSPractice/Practice2_Node) by extension 'ignore'
[0.149s] Level 1:colcon.colcon_core.package_identification:_identify(/home/lio/Desktop/ROSPractice/Practice2_Node) by extension 'ignore_ament_install'
[0.149s] Level 1:colcon.colcon_core.package_identification:_identify(/home/lio/Desktop/ROSPractice/Practice2_Node) by extensions ['colcon_pkg']
[0.149s] Level 1:colcon.colcon_core.package_identification:_identify(/home/lio/Desktop/ROSPractice/Practice2_Node) by extension 'colcon_pkg'
[0.150s] Level 1:colcon.colcon_core.package_identification:_identify(/home/lio/Desktop/ROSPractice/Practice2_Node) by extensions ['colcon_meta']
[0.150s] Level 1:colcon.colcon_core.package_identification:_identify(/home/lio/Desktop/ROSPractice/Practice2_Node) by extension 'colcon_meta'
[0.150s] Level 1:colcon.colcon_core.package_identification:_identify(/home/lio/Desktop/ROSPractice/Practice2_Node) by extensions ['ros']
[0.150s] Level 1:colcon.colcon_core.package_identification:_identify(/home/lio/Desktop/ROSPractice/Practice2_Node) by extension 'ros'
[0.167s] Level 1:colcon.colcon_core.package_identification:_identify(/home/lio/Desktop/ROSPractice/Practice2_Node) by extensions ['cmake', 'python']
[0.167s] Level 1:colcon.colcon_core.package_identification:_identify(/home/lio/Desktop/ROSPractice/Practice2_Node) by extension 'cmake'
[0.167s] Level 1:colcon.colcon_core.package_identification:_identify(/home/lio/Desktop/ROSPractice/Practice2_Node) by extension 'python'
[0.167s] Level 1:colcon.colcon_core.package_identification:_identify(/home/lio/Desktop/ROSPractice/Practice2_Node) by extensions ['python_setup_py']
[0.167s] Level 1:colcon.colcon_core.package_identification:_identify(/home/lio/Desktop/ROSPractice/Practice2_Node) by extension 'python_setup_py'
[0.167s] Level 1:colcon.colcon_core.package_identification:_identify(/home/lio/Desktop/ROSPractice/Practice2_Node/build) by extensions ['ignore', 'ignore_ament_install']
[0.167s] Level 1:colcon.colcon_core.package_identification:_identify(/home/lio/Desktop/ROSPractice/Practice2_Node/build) by extension 'ignore'
[0.167s] Level 1:colcon.colcon_core.package_identification:_identify(/home/lio/Desktop/ROSPractice/Practice2_Node/build) ignored
[0.167s] Level 1:colcon.colcon_core.package_identification:_identify(/home/lio/Desktop/ROSPractice/Practice2_Node/install) by extensions ['ignore', 'ignore_ament_install']
[0.168s] Level 1:colcon.colcon_core.package_identification:_identify(/home/lio/Desktop/ROSPractice/Practice2_Node/install) by extension 'ignore'
[0.168s] Level 1:colcon.colcon_core.package_identification:_identify(/home/lio/Desktop/ROSPractice/Practice2_Node/install) ignored
[0.168s] Level 1:colcon.colcon_core.package_identification:_identify(/home/lio/Desktop/ROSPractice/Practice2_Node/log) by extensions ['ignore', 'ignore_ament_install']
[0.168s] Level 1:colcon.colcon_core.package_identification:_identify(/home/lio/Desktop/ROSPractice/Practice2_Node/log) by extension 'ignore'
[0.168s] Level 1:colcon.colcon_core.package_identification:_identify(/home/lio/Desktop/ROSPractice/Practice2_Node/log) ignored
[0.168s] Level 1:colcon.colcon_core.package_identification:_identify(/home/lio/Desktop/ROSPractice/Practice2_Node/src) by extensions ['ignore', 'ignore_ament_install']
[0.168s] Level 1:colcon.colcon_core.package_identification:_identify(/home/lio/Desktop/ROSPractice/Practice2_Node/src) by extension 'ignore'
[0.168s] Level 1:colcon.colcon_core.package_identification:_identify(/home/lio/Desktop/ROSPractice/Practice2_Node/src) by extension 'ignore_ament_install'
[0.168s] Level 1:colcon.colcon_core.package_identification:_identify(/home/lio/Desktop/ROSPractice/Practice2_Node/src) by extensions ['colcon_pkg']
[0.168s] Level 1:colcon.colcon_core.package_identification:_identify(/home/lio/Desktop/ROSPractice/Practice2_Node/src) by extension 'colcon_pkg'
[0.168s] Level 1:colcon.colcon_core.package_identification:_identify(/home/lio/Desktop/ROSPractice/Practice2_Node/src) by extensions ['colcon_meta']
[0.168s] Level 1:colcon.colcon_core.package_identification:_identify(/home/lio/Desktop/ROSPractice/Practice2_Node/src) by extension 'colcon_meta'
[0.168s] Level 1:colcon.colcon_core.package_identification:_identify(/home/lio/Desktop/ROSPractice/Practice2_Node/src) by extensions ['ros']
[0.168s] Level 1:colcon.colcon_core.package_identification:_identify(/home/lio/Desktop/ROSPractice/Practice2_Node/src) by extension 'ros'
[0.168s] Level 1:colcon.colcon_core.package_identification:_identify(/home/lio/Desktop/ROSPractice/Practice2_Node/src) by extensions ['cmake', 'python']
[0.168s] Level 1:colcon.colcon_core.package_identification:_identify(/home/lio/Desktop/ROSPractice/Practice2_Node/src) by extension 'cmake'
[0.168s] Level 1:colcon.colcon_core.package_identification:_identify(/home/lio/Desktop/ROSPractice/Practice2_Node/src) by extension 'python'
[0.168s] Level 1:colcon.colcon_core.package_identification:_identify(/home/lio/Desktop/ROSPractice/Practice2_Node/src) by extensions ['python_setup_py']
[0.168s] Level 1:colcon.colcon_core.package_identification:_identify(/home/lio/Desktop/ROSPractice/Practice2_Node/src) by extension 'python_setup_py'
[0.169s] Level 1:colcon.colcon_core.package_identification:_identify(/home/lio/Desktop/ROSPractice/Practice2_Node/src/village_cheung) by extensions ['ignore', 'ignore_ament_install']
[0.169s] Level 1:colcon.colcon_core.package_identification:_identify(/home/lio/Desktop/ROSPractice/Practice2_Node/src/village_cheung) by extension 'ignore'
[0.169s] Level 1:colcon.colcon_core.package_identification:_identify(/home/lio/Desktop/ROSPractice/Practice2_Node/src/village_cheung) by extension 'ignore_ament_install'
[0.169s] Level 1:colcon.colcon_core.package_identification:_identify(/home/lio/Desktop/ROSPractice/Practice2_Node/src/village_cheung) by extensions ['colcon_pkg']
[0.169s] Level 1:colcon.colcon_core.package_identification:_identify(/home/lio/Desktop/ROSPractice/Practice2_Node/src/village_cheung) by extension 'colcon_pkg'
[0.169s] Level 1:colcon.colcon_core.package_identification:_identify(/home/lio/Desktop/ROSPractice/Practice2_Node/src/village_cheung) by extensions ['colcon_meta']
[0.169s] Level 1:colcon.colcon_core.package_identification:_identify(/home/lio/Desktop/ROSPractice/Practice2_Node/src/village_cheung) by extension 'colcon_meta'
[0.169s] Level 1:colcon.colcon_core.package_identification:_identify(/home/lio/Desktop/ROSPractice/Practice2_Node/src/village_cheung) by extensions ['ros']
[0.169s] Level 1:colcon.colcon_core.package_identification:_identify(/home/lio/Desktop/ROSPractice/Practice2_Node/src/village_cheung) by extension 'ros'
[0.171s] DEBUG:colcon.colcon_core.package_identification:Package '/home/lio/Desktop/ROSPractice/Practice2_Node/src/village_cheung' with type 'ros.ament_cmake' and name 'village_cheung'
[0.171s] Level 1:colcon.colcon_core.package_identification:_identify(/home/lio/Desktop/ROSPractice/Practice2_Node/src/village_cheung_py) by extensions ['ignore', 'ignore_ament_install']
[0.171s] Level 1:colcon.colcon_core.package_identification:_identify(/home/lio/Desktop/ROSPractice/Practice2_Node/src/village_cheung_py) by extension 'ignore'
[0.171s] Level 1:colcon.colcon_core.package_identification:_identify(/home/lio/Desktop/ROSPractice/Practice2_Node/src/village_cheung_py) by extension 'ignore_ament_install'
[0.171s] Level 1:colcon.colcon_core.package_identification:_identify(/home/lio/Desktop/ROSPractice/Practice2_Node/src/village_cheung_py) by extensions ['colcon_pkg']
[0.172s] Level 1:colcon.colcon_core.package_identification:_identify(/home/lio/Desktop/ROSPractice/Practice2_Node/src/village_cheung_py) by extension 'colcon_pkg'
[0.172s] Level 1:colcon.colcon_core.package_identification:_identify(/home/lio/Desktop/ROSPractice/Practice2_Node/src/village_cheung_py) by extensions ['colcon_meta']
[0.172s] Level 1:colcon.colcon_core.package_identification:_identify(/home/lio/Desktop/ROSPractice/Practice2_Node/src/village_cheung_py) by extension 'colcon_meta'
[0.172s] Level 1:colcon.colcon_core.package_identification:_identify(/home/lio/Desktop/ROSPractice/Practice2_Node/src/village_cheung_py) by extensions ['ros']
[0.172s] Level 1:colcon.colcon_core.package_identification:_identify(/home/lio/Desktop/ROSPractice/Practice2_Node/src/village_cheung_py) by extension 'ros'
[0.172s] DEBUG:colcon.colcon_core.package_identification:Package '/home/lio/Desktop/ROSPractice/Practice2_Node/src/village_cheung_py' with type 'ros.ament_python' and name 'village_cheung_py'
[0.172s] Level 1:colcon.colcon_core.package_identification:_identify(/home/lio/Desktop/ROSPractice/Practice2_Node/src/village_li) by extensions ['ignore', 'ignore_ament_install']
[0.173s] Level 1:colcon.colcon_core.package_identification:_identify(/home/lio/Desktop/ROSPractice/Practice2_Node/src/village_li) by extension 'ignore'
[0.173s] Level 1:colcon.colcon_core.package_identification:_identify(/home/lio/Desktop/ROSPractice/Practice2_Node/src/village_li) by extension 'ignore_ament_install'
[0.173s] Level 1:colcon.colcon_core.package_identification:_identify(/home/lio/Desktop/ROSPractice/Practice2_Node/src/village_li) by extensions ['colcon_pkg']
[0.173s] Level 1:colcon.colcon_core.package_identification:_identify(/home/lio/Desktop/ROSPractice/Practice2_Node/src/village_li) by extension 'colcon_pkg'
[0.173s] Level 1:colcon.colcon_core.package_identification:_identify(/home/lio/Desktop/ROSPractice/Practice2_Node/src/village_li) by extensions ['colcon_meta']
[0.173s] Level 1:colcon.colcon_core.package_identification:_identify(/home/lio/Desktop/ROSPractice/Practice2_Node/src/village_li) by extension 'colcon_meta'
[0.173s] Level 1:colcon.colcon_core.package_identification:_identify(/home/lio/Desktop/ROSPractice/Practice2_Node/src/village_li) by extensions ['ros']
[0.173s] Level 1:colcon.colcon_core.package_identification:_identify(/home/lio/Desktop/ROSPractice/Practice2_Node/src/village_li) by extension 'ros'
[0.173s] DEBUG:colcon.colcon_core.package_identification:Package '/home/lio/Desktop/ROSPractice/Practice2_Node/src/village_li' with type 'ros.ament_python' and name 'village_li'
[0.173s] Level 1:colcon.colcon_core.package_identification:_identify(/home/lio/Desktop/ROSPractice/Practice2_Node/src/village_wang) by extensions ['ignore', 'ignore_ament_install']
[0.173s] Level 1:colcon.colcon_core.package_identification:_identify(/home/lio/Desktop/ROSPractice/Practice2_Node/src/village_wang) by extension 'ignore'
[0.174s] Level 1:colcon.colcon_core.package_identification:_identify(/home/lio/Desktop/ROSPractice/Practice2_Node/src/village_wang) by extension 'ignore_ament_install'
[0.174s] Level 1:colcon.colcon_core.package_identification:_identify(/home/lio/Desktop/ROSPractice/Practice2_Node/src/village_wang) by extensions ['colcon_pkg']
[0.174s] Level 1:colcon.colcon_core.package_identification:_identify(/home/lio/Desktop/ROSPractice/Practice2_Node/src/village_wang) by extension 'colcon_pkg'
[0.174s] Level 1:colcon.colcon_core.package_identification:_identify(/home/lio/Desktop/ROSPractice/Practice2_Node/src/village_wang) by extensions ['colcon_meta']
[0.174s] Level 1:colcon.colcon_core.package_identification:_identify(/home/lio/Desktop/ROSPractice/Practice2_Node/src/village_wang) by extension 'colcon_meta'
[0.174s] Level 1:colcon.colcon_core.package_identification:_identify(/home/lio/Desktop/ROSPractice/Practice2_Node/src/village_wang) by extensions ['ros']
[0.174s] Level 1:colcon.colcon_core.package_identification:_identify(/home/lio/Desktop/ROSPractice/Practice2_Node/src/village_wang) by extension 'ros'
[0.175s] DEBUG:colcon.colcon_core.package_identification:Package '/home/lio/Desktop/ROSPractice/Practice2_Node/src/village_wang' with type 'ros.ament_cmake' and name 'village_wang'
[0.175s] Level 1:colcon.colcon_core.package_discovery:discover_packages(recursive) using defaults
