[0.541s] Invoking command in '/home/lio/Desktop/ROSPractice/Practice2_Node/build/village_li': PYTHONPATH=/home/lio/Desktop/ROSPractice/Practice2_Node/build/village_li/prefix_override:/home/lio/Desktop/ROSPractice/Practice2_Node/install/village_li/lib/python3.10/site-packages:${PYTHONPATH} /usr/bin/python3 setup.py develop --uninstall --editable --build-directory /home/lio/Desktop/ROSPractice/Practice2_Node/build/village_li/build
[0.758s] running develop
[0.916s] Invoked command in '/home/lio/Desktop/ROSPractice/Practice2_Node/build/village_li' returned '0': PYTHONPATH=/home/lio/Desktop/ROSPractice/Practice2_Node/build/village_li/prefix_override:/home/lio/Desktop/ROSPractice/Practice2_Node/install/village_li/lib/python3.10/site-packages:${PYTHONPATH} /usr/bin/python3 setup.py develop --uninstall --editable --build-directory /home/lio/Desktop/ROSPractice/Practice2_Node/build/village_li/build
[0.917s] Invoking command in '/home/lio/Desktop/ROSPractice/Practice2_Node/src/village_li': PYTHONPATH=/home/lio/Desktop/ROSPractice/Practice2_Node/build/village_li/prefix_override:/home/lio/Desktop/ROSPractice/Practice2_Node/install/village_li/lib/python3.10/site-packages:${PYTHONPATH} /usr/bin/python3 setup.py egg_info --egg-base ../../build/village_li build --build-base /home/lio/Desktop/ROSPractice/Practice2_Node/build/village_li/build install --record /home/lio/Desktop/ROSPractice/Practice2_Node/build/village_li/install.log --single-version-externally-managed
[1.120s] running egg_info
[1.120s] writing ../../build/village_li/village_li.egg-info/PKG-INFO
[1.121s] writing dependency_links to ../../build/village_li/village_li.egg-info/dependency_links.txt
[1.121s] writing entry points to ../../build/village_li/village_li.egg-info/entry_points.txt
[1.121s] writing requirements to ../../build/village_li/village_li.egg-info/requires.txt
[1.121s] writing top-level names to ../../build/village_li/village_li.egg-info/top_level.txt
[1.122s] reading manifest file '../../build/village_li/village_li.egg-info/SOURCES.txt'
[1.123s] writing manifest file '../../build/village_li/village_li.egg-info/SOURCES.txt'
[1.123s] running build
[1.123s] running build_py
[1.123s] running install
[1.124s] running install_lib
[1.124s] running install_data
[1.125s] running install_egg_info
[1.126s] removing '/home/lio/Desktop/ROSPractice/Practice2_Node/install/village_li/lib/python3.10/site-packages/village_li-0.0.0-py3.10.egg-info' (and everything under it)
[1.126s] Copying ../../build/village_li/village_li.egg-info to /home/lio/Desktop/ROSPractice/Practice2_Node/install/village_li/lib/python3.10/site-packages/village_li-0.0.0-py3.10.egg-info
[1.127s] running install_scripts
[1.141s] Installing li4_node script to /home/lio/Desktop/ROSPractice/Practice2_Node/install/village_li/lib/village_li
[1.141s] Installing li4_node_oop script to /home/lio/Desktop/ROSPractice/Practice2_Node/install/village_li/lib/village_li
[1.142s] writing list of installed files to '/home/lio/Desktop/ROSPractice/Practice2_Node/build/village_li/install.log'
[1.160s] Invoked command in '/home/lio/Desktop/ROSPractice/Practice2_Node/src/village_li' returned '0': PYTHONPATH=/home/lio/Desktop/ROSPractice/Practice2_Node/build/village_li/prefix_override:/home/lio/Desktop/ROSPractice/Practice2_Node/install/village_li/lib/python3.10/site-packages:${PYTHONPATH} /usr/bin/python3 setup.py egg_info --egg-base ../../build/village_li build --build-base /home/lio/Desktop/ROSPractice/Practice2_Node/build/village_li/build install --record /home/lio/Desktop/ROSPractice/Practice2_Node/build/village_li/install.log --single-version-externally-managed
