running egg_info
creating ../../build/village_chen/village_chen.egg-info
writing ../../build/village_chen/village_chen.egg-info/PKG-INFO
writing dependency_links to ../../build/village_chen/village_chen.egg-info/dependency_links.txt
writing entry points to ../../build/village_chen/village_chen.egg-info/entry_points.txt
writing requirements to ../../build/village_chen/village_chen.egg-info/requires.txt
writing top-level names to ../../build/village_chen/village_chen.egg-info/top_level.txt
writing manifest file '../../build/village_chen/village_chen.egg-info/SOURCES.txt'
reading manifest file '../../build/village_chen/village_chen.egg-info/SOURCES.txt'
writing manifest file '../../build/village_chen/village_chen.egg-info/SOURCES.txt'
running build
running build_py
creating /home/lio/Desktop/ROSPractice/Practice3_Topic/build/village_chen/build
creating /home/lio/Desktop/ROSPractice/Practice3_Topic/build/village_chen/build/lib
creating /home/lio/Desktop/ROSPractice/Practice3_Topic/build/village_chen/build/lib/village_chen
copying village_chen/__init__.py -> /home/lio/Desktop/ROSPractice/Practice3_Topic/build/village_chen/build/lib/village_chen
copying village_chen/chen_oop.py -> /home/lio/Desktop/ROSPractice/Practice3_Topic/build/village_chen/build/lib/village_chen
copying village_chen/chen.py -> /home/lio/Desktop/ROSPractice/Practice3_Topic/build/village_chen/build/lib/village_chen
running install
running install_lib
creating /home/lio/Desktop/ROSPractice/Practice3_Topic/install/village_chen/lib/python3.10/site-packages/village_chen
copying /home/lio/Desktop/ROSPractice/Practice3_Topic/build/village_chen/build/lib/village_chen/__init__.py -> /home/lio/Desktop/ROSPractice/Practice3_Topic/install/village_chen/lib/python3.10/site-packages/village_chen
copying /home/lio/Desktop/ROSPractice/Practice3_Topic/build/village_chen/build/lib/village_chen/chen_oop.py -> /home/lio/Desktop/ROSPractice/Practice3_Topic/install/village_chen/lib/python3.10/site-packages/village_chen
copying /home/lio/Desktop/ROSPractice/Practice3_Topic/build/village_chen/build/lib/village_chen/chen.py -> /home/lio/Desktop/ROSPractice/Practice3_Topic/install/village_chen/lib/python3.10/site-packages/village_chen
byte-compiling /home/lio/Desktop/ROSPractice/Practice3_Topic/install/village_chen/lib/python3.10/site-packages/village_chen/__init__.py to __init__.cpython-310.pyc
byte-compiling /home/lio/Desktop/ROSPractice/Practice3_Topic/install/village_chen/lib/python3.10/site-packages/village_chen/chen_oop.py to chen_oop.cpython-310.pyc
byte-compiling /home/lio/Desktop/ROSPractice/Practice3_Topic/install/village_chen/lib/python3.10/site-packages/village_chen/chen.py to chen.cpython-310.pyc
running install_data
creating /home/lio/Desktop/ROSPractice/Practice3_Topic/install/village_chen/share/ament_index
creating /home/lio/Desktop/ROSPractice/Practice3_Topic/install/village_chen/share/ament_index/resource_index
creating /home/lio/Desktop/ROSPractice/Practice3_Topic/install/village_chen/share/ament_index/resource_index/packages
copying resource/village_chen -> /home/lio/Desktop/ROSPractice/Practice3_Topic/install/village_chen/share/ament_index/resource_index/packages
copying package.xml -> /home/lio/Desktop/ROSPractice/Practice3_Topic/install/village_chen/share/village_chen
running install_egg_info
Copying ../../build/village_chen/village_chen.egg-info to /home/lio/Desktop/ROSPractice/Practice3_Topic/install/village_chen/lib/python3.10/site-packages/village_chen-0.0.0-py3.10.egg-info
running install_scripts
writing list of installed files to '/home/lio/Desktop/ROSPractice/Practice3_Topic/build/village_chen/install.log'
