[0.488s] Invoking command in '/home/lio/Desktop/ROSPractice/Practice3_Topic/src/village_chen': PYTHONPATH=/home/lio/Desktop/ROSPractice/Practice3_Topic/build/village_chen/prefix_override:/home/lio/Desktop/ROSPractice/Practice3_Topic/install/village_chen/lib/python3.10/site-packages:${PYTHONPATH} /usr/bin/python3 setup.py egg_info --egg-base ../../build/village_chen build --build-base /home/lio/Desktop/ROSPractice/Practice3_Topic/build/village_chen/build install --record /home/lio/Desktop/ROSPractice/Practice3_Topic/build/village_chen/install.log --single-version-externally-managed
[0.686s] running egg_info
[0.686s] creating ../../build/village_chen/village_chen.egg-info
[0.686s] writing ../../build/village_chen/village_chen.egg-info/PKG-INFO
[0.686s] writing dependency_links to ../../build/village_chen/village_chen.egg-info/dependency_links.txt
[0.686s] writing entry points to ../../build/village_chen/village_chen.egg-info/entry_points.txt
[0.687s] writing requirements to ../../build/village_chen/village_chen.egg-info/requires.txt
[0.687s] writing top-level names to ../../build/village_chen/village_chen.egg-info/top_level.txt
[0.687s] writing manifest file '../../build/village_chen/village_chen.egg-info/SOURCES.txt'
[0.688s] reading manifest file '../../build/village_chen/village_chen.egg-info/SOURCES.txt'
[0.688s] writing manifest file '../../build/village_chen/village_chen.egg-info/SOURCES.txt'
[0.688s] running build
[0.689s] running build_py
[0.689s] creating /home/lio/Desktop/ROSPractice/Practice3_Topic/build/village_chen/build
[0.689s] creating /home/lio/Desktop/ROSPractice/Practice3_Topic/build/village_chen/build/lib
[0.689s] creating /home/lio/Desktop/ROSPractice/Practice3_Topic/build/village_chen/build/lib/village_chen
[0.689s] copying village_chen/__init__.py -> /home/lio/Desktop/ROSPractice/Practice3_Topic/build/village_chen/build/lib/village_chen
[0.689s] copying village_chen/chen_oop.py -> /home/lio/Desktop/ROSPractice/Practice3_Topic/build/village_chen/build/lib/village_chen
[0.689s] copying village_chen/chen.py -> /home/lio/Desktop/ROSPractice/Practice3_Topic/build/village_chen/build/lib/village_chen
[0.689s] running install
[0.689s] running install_lib
[0.690s] creating /home/lio/Desktop/ROSPractice/Practice3_Topic/install/village_chen/lib/python3.10/site-packages/village_chen
[0.690s] copying /home/lio/Desktop/ROSPractice/Practice3_Topic/build/village_chen/build/lib/village_chen/__init__.py -> /home/lio/Desktop/ROSPractice/Practice3_Topic/install/village_chen/lib/python3.10/site-packages/village_chen
[0.690s] copying /home/lio/Desktop/ROSPractice/Practice3_Topic/build/village_chen/build/lib/village_chen/chen_oop.py -> /home/lio/Desktop/ROSPractice/Practice3_Topic/install/village_chen/lib/python3.10/site-packages/village_chen
[0.690s] copying /home/lio/Desktop/ROSPractice/Practice3_Topic/build/village_chen/build/lib/village_chen/chen.py -> /home/lio/Desktop/ROSPractice/Practice3_Topic/install/village_chen/lib/python3.10/site-packages/village_chen
[0.690s] byte-compiling /home/lio/Desktop/ROSPractice/Practice3_Topic/install/village_chen/lib/python3.10/site-packages/village_chen/__init__.py to __init__.cpython-310.pyc
[0.690s] byte-compiling /home/lio/Desktop/ROSPractice/Practice3_Topic/install/village_chen/lib/python3.10/site-packages/village_chen/chen_oop.py to chen_oop.cpython-310.pyc
[0.690s] byte-compiling /home/lio/Desktop/ROSPractice/Practice3_Topic/install/village_chen/lib/python3.10/site-packages/village_chen/chen.py to chen.cpython-310.pyc
[0.691s] running install_data
[0.691s] creating /home/lio/Desktop/ROSPractice/Practice3_Topic/install/village_chen/share/ament_index
[0.691s] creating /home/lio/Desktop/ROSPractice/Practice3_Topic/install/village_chen/share/ament_index/resource_index
[0.691s] creating /home/lio/Desktop/ROSPractice/Practice3_Topic/install/village_chen/share/ament_index/resource_index/packages
[0.691s] copying resource/village_chen -> /home/lio/Desktop/ROSPractice/Practice3_Topic/install/village_chen/share/ament_index/resource_index/packages
[0.691s] copying package.xml -> /home/lio/Desktop/ROSPractice/Practice3_Topic/install/village_chen/share/village_chen
[0.691s] running install_egg_info
[0.692s] Copying ../../build/village_chen/village_chen.egg-info to /home/lio/Desktop/ROSPractice/Practice3_Topic/install/village_chen/lib/python3.10/site-packages/village_chen-0.0.0-py3.10.egg-info
[0.693s] running install_scripts
[0.708s] writing list of installed files to '/home/lio/Desktop/ROSPractice/Practice3_Topic/build/village_chen/install.log'
[0.727s] Invoked command in '/home/lio/Desktop/ROSPractice/Practice3_Topic/src/village_chen' returned '0': PYTHONPATH=/home/lio/Desktop/ROSPractice/Practice3_Topic/build/village_chen/prefix_override:/home/lio/Desktop/ROSPractice/Practice3_Topic/install/village_chen/lib/python3.10/site-packages:${PYTHONPATH} /usr/bin/python3 setup.py egg_info --egg-base ../../build/village_chen build --build-base /home/lio/Desktop/ROSPractice/Practice3_Topic/build/village_chen/build install --record /home/lio/Desktop/ROSPractice/Practice3_Topic/build/village_chen/install.log --single-version-externally-managed
