[0.049s] Invoking command in '/home/lio/Desktop/ROSPractice/Colcon_Practice/build/examples_rclcpp_minimal_publisher': CMAKE_PREFIX_PATH=${CMAKE_PREFIX_PATH}:/home/lio/Desktop/ROSPractice/Colcon_Practice/install/launch_testing_examples:/home/lio/Desktop/ROSPractice/Colcon_Practice/install/examples_rclpy_pointcloud_publisher:/home/lio/Desktop/ROSPractice/Colcon_Practice/install/examples_rclpy_minimal_subscriber:/home/lio/Desktop/ROSPractice/Colcon_Practice/install/examples_rclpy_minimal_service:/home/lio/Desktop/ROSPractice/Colcon_Practice/install/examples_rclpy_minimal_publisher:/home/lio/Desktop/ROSPractice/Colcon_Practice/install/examples_rclpy_minimal_client:/home/lio/Desktop/ROSPractice/Colcon_Practice/install/examples_rclpy_minimal_action_server:/home/lio/Desktop/ROSPractice/Colcon_Practice/install/examples_rclpy_minimal_action_client:/home/lio/Desktop/ROSPractice/Colcon_Practice/install/examples_rclpy_guard_conditions:/home/lio/Desktop/ROSPractice/Colcon_Practice/install/examples_rclpy_executors:/opt/ros/humble /usr/bin/cmake --build /home/lio/Desktop/ROSPractice/Colcon_Practice/build/examples_rclcpp_minimal_publisher -- -j12 -l12
[0.083s] [35m[1mConsolidate compiler generated dependencies of target publisher_member_function[0m
[0.091s] [35m[1mConsolidate compiler generated dependencies of target publisher_not_composable[0m
[0.105s] [35m[1mConsolidate compiler generated dependencies of target publisher_lambda[0m
[0.111s] [ 16%] Built target publisher_member_function
[0.114s] [ 33%] Built target publisher_not_composable
[0.116s] [35m[1mConsolidate compiler generated dependencies of target publisher_member_function_with_type_adapter[0m
[0.124s] [35m[1mConsolidate compiler generated dependencies of target publisher_wait_for_all_acked[0m
[0.139s] [35m[1mConsolidate compiler generated dependencies of target publisher_member_function_with_unique_network_flow_endpoints[0m
[0.156s] [ 50%] Built target publisher_lambda
[0.164s] [ 66%] Built target publisher_member_function_with_type_adapter
[0.164s] [ 83%] Built target publisher_wait_for_all_acked
[0.168s] [100%] Built target publisher_member_function_with_unique_network_flow_endpoints
[0.200s] Invoked command in '/home/lio/Desktop/ROSPractice/Colcon_Practice/build/examples_rclcpp_minimal_publisher' returned '0': CMAKE_PREFIX_PATH=${CMAKE_PREFIX_PATH}:/home/lio/Desktop/ROSPractice/Colcon_Practice/install/launch_testing_examples:/home/lio/Desktop/ROSPractice/Colcon_Practice/install/examples_rclpy_pointcloud_publisher:/home/lio/Desktop/ROSPractice/Colcon_Practice/install/examples_rclpy_minimal_subscriber:/home/lio/Desktop/ROSPractice/Colcon_Practice/install/examples_rclpy_minimal_service:/home/lio/Desktop/ROSPractice/Colcon_Practice/install/examples_rclpy_minimal_publisher:/home/lio/Desktop/ROSPractice/Colcon_Practice/install/examples_rclpy_minimal_client:/home/lio/Desktop/ROSPractice/Colcon_Practice/install/examples_rclpy_minimal_action_server:/home/lio/Desktop/ROSPractice/Colcon_Practice/install/examples_rclpy_minimal_action_client:/home/lio/Desktop/ROSPractice/Colcon_Practice/install/examples_rclpy_guard_conditions:/home/lio/Desktop/ROSPractice/Colcon_Practice/install/examples_rclpy_executors:/opt/ros/humble /usr/bin/cmake --build /home/lio/Desktop/ROSPractice/Colcon_Practice/build/examples_rclcpp_minimal_publisher -- -j12 -l12
[0.288s] Invoking command in '/home/lio/Desktop/ROSPractice/Colcon_Practice/build/examples_rclcpp_minimal_publisher': CMAKE_PREFIX_PATH=${CMAKE_PREFIX_PATH}:/home/lio/Desktop/ROSPractice/Colcon_Practice/install/launch_testing_examples:/home/lio/Desktop/ROSPractice/Colcon_Practice/install/examples_rclpy_pointcloud_publisher:/home/lio/Desktop/ROSPractice/Colcon_Practice/install/examples_rclpy_minimal_subscriber:/home/lio/Desktop/ROSPractice/Colcon_Practice/install/examples_rclpy_minimal_service:/home/lio/Desktop/ROSPractice/Colcon_Practice/install/examples_rclpy_minimal_publisher:/home/lio/Desktop/ROSPractice/Colcon_Practice/install/examples_rclpy_minimal_client:/home/lio/Desktop/ROSPractice/Colcon_Practice/install/examples_rclpy_minimal_action_server:/home/lio/Desktop/ROSPractice/Colcon_Practice/install/examples_rclpy_minimal_action_client:/home/lio/Desktop/ROSPractice/Colcon_Practice/install/examples_rclpy_guard_conditions:/home/lio/Desktop/ROSPractice/Colcon_Practice/install/examples_rclpy_executors:/opt/ros/humble /usr/bin/cmake --install /home/lio/Desktop/ROSPractice/Colcon_Practice/build/examples_rclcpp_minimal_publisher
[0.320s] -- Install configuration: ""
[0.320s] -- Up-to-date: /home/lio/Desktop/ROSPractice/Colcon_Practice/install/examples_rclcpp_minimal_publisher/lib/examples_rclcpp_minimal_publisher/publisher_lambda
[0.320s] -- Up-to-date: /home/lio/Desktop/ROSPractice/Colcon_Practice/install/examples_rclcpp_minimal_publisher/lib/examples_rclcpp_minimal_publisher/publisher_member_function
[0.320s] -- Up-to-date: /home/lio/Desktop/ROSPractice/Colcon_Practice/install/examples_rclcpp_minimal_publisher/lib/examples_rclcpp_minimal_publisher/publisher_member_function_with_type_adapter
[0.321s] -- Up-to-date: /home/lio/Desktop/ROSPractice/Colcon_Practice/install/examples_rclcpp_minimal_publisher/lib/examples_rclcpp_minimal_publisher/publisher_member_function_with_unique_network_flow_endpoints
[0.321s] -- Up-to-date: /home/lio/Desktop/ROSPractice/Colcon_Practice/install/examples_rclcpp_minimal_publisher/lib/examples_rclcpp_minimal_publisher/publisher_wait_for_all_acked
[0.321s] -- Up-to-date: /home/lio/Desktop/ROSPractice/Colcon_Practice/install/examples_rclcpp_minimal_publisher/lib/examples_rclcpp_minimal_publisher/publisher_not_composable
[0.321s] -- Up-to-date: /home/lio/Desktop/ROSPractice/Colcon_Practice/install/examples_rclcpp_minimal_publisher/share/ament_index/resource_index/package_run_dependencies/examples_rclcpp_minimal_publisher
[0.321s] -- Up-to-date: /home/lio/Desktop/ROSPractice/Colcon_Practice/install/examples_rclcpp_minimal_publisher/share/ament_index/resource_index/parent_prefix_path/examples_rclcpp_minimal_publisher
[0.321s] -- Up-to-date: /home/lio/Desktop/ROSPractice/Colcon_Practice/install/examples_rclcpp_minimal_publisher/share/examples_rclcpp_minimal_publisher/environment/ament_prefix_path.sh
[0.321s] -- Up-to-date: /home/lio/Desktop/ROSPractice/Colcon_Practice/install/examples_rclcpp_minimal_publisher/share/examples_rclcpp_minimal_publisher/environment/ament_prefix_path.dsv
[0.322s] -- Up-to-date: /home/lio/Desktop/ROSPractice/Colcon_Practice/install/examples_rclcpp_minimal_publisher/share/examples_rclcpp_minimal_publisher/environment/path.sh
[0.323s] -- Up-to-date: /home/lio/Desktop/ROSPractice/Colcon_Practice/install/examples_rclcpp_minimal_publisher/share/examples_rclcpp_minimal_publisher/environment/path.dsv
[0.324s] -- Up-to-date: /home/lio/Desktop/ROSPractice/Colcon_Practice/install/examples_rclcpp_minimal_publisher/share/examples_rclcpp_minimal_publisher/local_setup.bash
[0.324s] -- Up-to-date: /home/lio/Desktop/ROSPractice/Colcon_Practice/install/examples_rclcpp_minimal_publisher/share/examples_rclcpp_minimal_publisher/local_setup.sh
[0.324s] -- Up-to-date: /home/lio/Desktop/ROSPractice/Colcon_Practice/install/examples_rclcpp_minimal_publisher/share/examples_rclcpp_minimal_publisher/local_setup.zsh
[0.324s] -- Up-to-date: /home/lio/Desktop/ROSPractice/Colcon_Practice/install/examples_rclcpp_minimal_publisher/share/examples_rclcpp_minimal_publisher/local_setup.dsv
[0.324s] -- Installing: /home/lio/Desktop/ROSPractice/Colcon_Practice/install/examples_rclcpp_minimal_publisher/share/examples_rclcpp_minimal_publisher/package.dsv
[0.324s] -- Up-to-date: /home/lio/Desktop/ROSPractice/Colcon_Practice/install/examples_rclcpp_minimal_publisher/share/ament_index/resource_index/packages/examples_rclcpp_minimal_publisher
[0.325s] -- Up-to-date: /home/lio/Desktop/ROSPractice/Colcon_Practice/install/examples_rclcpp_minimal_publisher/share/examples_rclcpp_minimal_publisher/cmake/examples_rclcpp_minimal_publisherConfig.cmake
[0.325s] -- Up-to-date: /home/lio/Desktop/ROSPractice/Colcon_Practice/install/examples_rclcpp_minimal_publisher/share/examples_rclcpp_minimal_publisher/cmake/examples_rclcpp_minimal_publisherConfig-version.cmake
[0.325s] -- Up-to-date: /home/lio/Desktop/ROSPractice/Colcon_Practice/install/examples_rclcpp_minimal_publisher/share/examples_rclcpp_minimal_publisher/package.xml
[0.349s] Invoked command in '/home/lio/Desktop/ROSPractice/Colcon_Practice/build/examples_rclcpp_minimal_publisher' returned '0': CMAKE_PREFIX_PATH=${CMAKE_PREFIX_PATH}:/home/lio/Desktop/ROSPractice/Colcon_Practice/install/launch_testing_examples:/home/lio/Desktop/ROSPractice/Colcon_Practice/install/examples_rclpy_pointcloud_publisher:/home/lio/Desktop/ROSPractice/Colcon_Practice/install/examples_rclpy_minimal_subscriber:/home/lio/Desktop/ROSPractice/Colcon_Practice/install/examples_rclpy_minimal_service:/home/lio/Desktop/ROSPractice/Colcon_Practice/install/examples_rclpy_minimal_publisher:/home/lio/Desktop/ROSPractice/Colcon_Practice/install/examples_rclpy_minimal_client:/home/lio/Desktop/ROSPractice/Colcon_Practice/install/examples_rclpy_minimal_action_server:/home/lio/Desktop/ROSPractice/Colcon_Practice/install/examples_rclpy_minimal_action_client:/home/lio/Desktop/ROSPractice/Colcon_Practice/install/examples_rclpy_guard_conditions:/home/lio/Desktop/ROSPractice/Colcon_Practice/install/examples_rclpy_executors:/opt/ros/humble /usr/bin/cmake --install /home/lio/Desktop/ROSPractice/Colcon_Practice/build/examples_rclcpp_minimal_publisher
