[0.031s] Invoking command in '/home/lio/Desktop/ROSPractice/Colcon_Practice/build/examples_rclcpp_minimal_timer': CMAKE_PREFIX_PATH=/opt/ros/humble /usr/bin/cmake /home/lio/Desktop/ROSPractice/Colcon_Practice/src/examples/rclcpp/timers/minimal_timer -DCMAKE_INSTALL_PREFIX=/home/lio/Desktop/ROSPractice/Colcon_Practice/install/examples_rclcpp_minimal_timer
[1.971s] -- The C compiler identification is GNU 11.3.0
[1.972s] -- The CXX compiler identification is GNU 11.3.0
[1.972s] -- Detecting C compiler ABI info
[1.972s] -- Detecting C compiler ABI info - done
[1.974s] -- Check for working C compiler: /usr/bin/cc - skipped
[1.974s] -- Detecting C compile features
[1.974s] -- Detecting C compile features - done
[1.974s] -- Detecting CXX compiler ABI info
[1.974s] -- Detecting CXX compiler ABI info - done
[1.974s] -- Check for working CXX compiler: /usr/bin/c++ - skipped
[1.974s] -- Detecting CXX compile features
[1.975s] -- Detecting CXX compile features - done
[1.975s] -- Found ament_cmake: 1.3.3 (/opt/ros/humble/share/ament_cmake/cmake)
[1.975s] -- Found Python3: /usr/bin/python3.10 (found version "3.10.6") found components: Interpreter 
[1.975s] -- Found rclcpp: 16.0.2 (/opt/ros/humble/share/rclcpp/cmake)
[1.975s] -- Found rosidl_generator_c: 3.1.4 (/opt/ros/humble/share/rosidl_generator_c/cmake)
[1.975s] -- Found rosidl_adapter: 3.1.4 (/opt/ros/humble/share/rosidl_adapter/cmake)
[1.975s] -- Found rosidl_generator_cpp: 3.1.4 (/opt/ros/humble/share/rosidl_generator_cpp/cmake)
[1.975s] -- Using all available rosidl_typesupport_c: rosidl_typesupport_fastrtps_c;rosidl_typesupport_introspection_c
[1.975s] -- Using all available rosidl_typesupport_cpp: rosidl_typesupport_fastrtps_cpp;rosidl_typesupport_introspection_cpp
[1.975s] -- Found rmw_implementation_cmake: 6.1.1 (/opt/ros/humble/share/rmw_implementation_cmake/cmake)
[1.975s] -- Found rmw_fastrtps_cpp: 6.2.2 (/opt/ros/humble/share/rmw_fastrtps_cpp/cmake)
[1.976s] -- Found OpenSSL: /usr/lib/x86_64-linux-gnu/libcrypto.so (found version "3.0.2")  
[1.976s] -- Found FastRTPS: /opt/ros/humble/include  
[1.976s] -- Using RMW implementation 'rmw_fastrtps_cpp' as default
[1.976s] -- Looking for pthread.h
[1.976s] -- Looking for pthread.h - found
[1.976s] -- Performing Test CMAKE_HAVE_LIBC_PTHREAD
[1.976s] -- Performing Test CMAKE_HAVE_LIBC_PTHREAD - Success
[1.976s] -- Found Threads: TRUE  
[1.976s] -- Found ament_lint_auto: 0.12.4 (/opt/ros/humble/share/ament_lint_auto/cmake)
[1.976s] -- Added test 'copyright' to check source files copyright and LICENSE
[1.977s] -- Added test 'cppcheck' to perform static code analysis on C / C++ code
[1.977s] -- Configured cppcheck include dirs: 
[1.977s] -- Configured cppcheck exclude dirs and/or files: 
[1.977s] -- Added test 'cpplint' to check C / C++ code against the Google style
[1.977s] -- Configured cpplint exclude dirs and/or files: 
[1.977s] -- Added test 'lint_cmake' to check CMake code style
[1.977s] -- Added test 'uncrustify' to check C / C++ code style
[1.977s] -- Configured uncrustify additional arguments: 
[1.977s] -- Added test 'xmllint' to check XML markup files
[1.977s] -- Configuring done
[1.977s] -- Generating done
[1.978s] -- Build files have been written to: /home/lio/Desktop/ROSPractice/Colcon_Practice/build/examples_rclcpp_minimal_timer
[2.022s] Invoked command in '/home/lio/Desktop/ROSPractice/Colcon_Practice/build/examples_rclcpp_minimal_timer' returned '0': CMAKE_PREFIX_PATH=/opt/ros/humble /usr/bin/cmake /home/lio/Desktop/ROSPractice/Colcon_Practice/src/examples/rclcpp/timers/minimal_timer -DCMAKE_INSTALL_PREFIX=/home/lio/Desktop/ROSPractice/Colcon_Practice/install/examples_rclcpp_minimal_timer
[2.023s] Invoking command in '/home/lio/Desktop/ROSPractice/Colcon_Practice/build/examples_rclcpp_minimal_timer': CMAKE_PREFIX_PATH=/opt/ros/humble /usr/bin/cmake --build /home/lio/Desktop/ROSPractice/Colcon_Practice/build/examples_rclcpp_minimal_timer -- -j12 -l12
[2.210s] [ 25%] [32mBuilding CXX object CMakeFiles/timer_member_function.dir/member_function.cpp.o[0m
[2.212s] [ 50%] [32mBuilding CXX object CMakeFiles/timer_lambda.dir/lambda.cpp.o[0m
[44.679s] [ 75%] [32m[1mLinking CXX executable timer_member_function[0m
[45.126s] [ 75%] Built target timer_member_function
[48.746s] [100%] [32m[1mLinking CXX executable timer_lambda[0m
[49.118s] [100%] Built target timer_lambda
[49.244s] Invoked command in '/home/lio/Desktop/ROSPractice/Colcon_Practice/build/examples_rclcpp_minimal_timer' returned '0': CMAKE_PREFIX_PATH=/opt/ros/humble /usr/bin/cmake --build /home/lio/Desktop/ROSPractice/Colcon_Practice/build/examples_rclcpp_minimal_timer -- -j12 -l12
[49.670s] Invoking command in '/home/lio/Desktop/ROSPractice/Colcon_Practice/build/examples_rclcpp_minimal_timer': CMAKE_PREFIX_PATH=/opt/ros/humble /usr/bin/cmake --install /home/lio/Desktop/ROSPractice/Colcon_Practice/build/examples_rclcpp_minimal_timer
[50.693s] -- Install configuration: ""
[50.693s] -- Installing: /home/lio/Desktop/ROSPractice/Colcon_Practice/install/examples_rclcpp_minimal_timer/lib/examples_rclcpp_minimal_timer/timer_lambda
[50.693s] -- Set runtime path of "/home/lio/Desktop/ROSPractice/Colcon_Practice/install/examples_rclcpp_minimal_timer/lib/examples_rclcpp_minimal_timer/timer_lambda" to ""
[50.693s] -- Installing: /home/lio/Desktop/ROSPractice/Colcon_Practice/install/examples_rclcpp_minimal_timer/lib/examples_rclcpp_minimal_timer/timer_member_function
[50.693s] -- Set runtime path of "/home/lio/Desktop/ROSPractice/Colcon_Practice/install/examples_rclcpp_minimal_timer/lib/examples_rclcpp_minimal_timer/timer_member_function" to ""
[50.693s] -- Installing: /home/lio/Desktop/ROSPractice/Colcon_Practice/install/examples_rclcpp_minimal_timer/share/ament_index/resource_index/package_run_dependencies/examples_rclcpp_minimal_timer
[50.693s] -- Installing: /home/lio/Desktop/ROSPractice/Colcon_Practice/install/examples_rclcpp_minimal_timer/share/ament_index/resource_index/parent_prefix_path/examples_rclcpp_minimal_timer
[50.693s] -- Installing: /home/lio/Desktop/ROSPractice/Colcon_Practice/install/examples_rclcpp_minimal_timer/share/examples_rclcpp_minimal_timer/environment/ament_prefix_path.sh
[50.693s] -- Installing: /home/lio/Desktop/ROSPractice/Colcon_Practice/install/examples_rclcpp_minimal_timer/share/examples_rclcpp_minimal_timer/environment/ament_prefix_path.dsv
[50.693s] -- Installing: /home/lio/Desktop/ROSPractice/Colcon_Practice/install/examples_rclcpp_minimal_timer/share/examples_rclcpp_minimal_timer/environment/path.sh
[50.693s] -- Installing: /home/lio/Desktop/ROSPractice/Colcon_Practice/install/examples_rclcpp_minimal_timer/share/examples_rclcpp_minimal_timer/environment/path.dsv
[50.693s] -- Installing: /home/lio/Desktop/ROSPractice/Colcon_Practice/install/examples_rclcpp_minimal_timer/share/examples_rclcpp_minimal_timer/local_setup.bash
[50.693s] -- Installing: /home/lio/Desktop/ROSPractice/Colcon_Practice/install/examples_rclcpp_minimal_timer/share/examples_rclcpp_minimal_timer/local_setup.sh
[50.694s] -- Installing: /home/lio/Desktop/ROSPractice/Colcon_Practice/install/examples_rclcpp_minimal_timer/share/examples_rclcpp_minimal_timer/local_setup.zsh
[50.694s] -- Installing: /home/lio/Desktop/ROSPractice/Colcon_Practice/install/examples_rclcpp_minimal_timer/share/examples_rclcpp_minimal_timer/local_setup.dsv
[50.694s] -- Installing: /home/lio/Desktop/ROSPractice/Colcon_Practice/install/examples_rclcpp_minimal_timer/share/examples_rclcpp_minimal_timer/package.dsv
[50.694s] -- Installing: /home/lio/Desktop/ROSPractice/Colcon_Practice/install/examples_rclcpp_minimal_timer/share/ament_index/resource_index/packages/examples_rclcpp_minimal_timer
[50.694s] -- Installing: /home/lio/Desktop/ROSPractice/Colcon_Practice/install/examples_rclcpp_minimal_timer/share/examples_rclcpp_minimal_timer/cmake/examples_rclcpp_minimal_timerConfig.cmake
[50.694s] -- Installing: /home/lio/Desktop/ROSPractice/Colcon_Practice/install/examples_rclcpp_minimal_timer/share/examples_rclcpp_minimal_timer/cmake/examples_rclcpp_minimal_timerConfig-version.cmake
[50.694s] -- Installing: /home/lio/Desktop/ROSPractice/Colcon_Practice/install/examples_rclcpp_minimal_timer/share/examples_rclcpp_minimal_timer/package.xml
[50.847s] Invoked command in '/home/lio/Desktop/ROSPractice/Colcon_Practice/build/examples_rclcpp_minimal_timer' returned '0': CMAKE_PREFIX_PATH=/opt/ros/humble /usr/bin/cmake --install /home/lio/Desktop/ROSPractice/Colcon_Practice/build/examples_rclcpp_minimal_timer
