[4.286s] Invoking command in '/home/lio/Desktop/ROSPractice/Colcon_Practice/src/examples/rclpy/guard_conditions': PYTHONPATH=/home/lio/Desktop/ROSPractice/Colcon_Practice/build/examples_rclpy_guard_conditions/prefix_override:/home/lio/Desktop/ROSPractice/Colcon_Practice/install/examples_rclpy_guard_conditions/lib/python3.10/site-packages:${PYTHONPATH} /usr/bin/python3 setup.py egg_info --egg-base ../../../../build/examples_rclpy_guard_conditions build --build-base /home/lio/Desktop/ROSPractice/Colcon_Practice/build/examples_rclpy_guard_conditions/build install --record /home/lio/Desktop/ROSPractice/Colcon_Practice/build/examples_rclpy_guard_conditions/install.log --single-version-externally-managed
[4.834s] running egg_info
[4.835s] creating ../../../../build/examples_rclpy_guard_conditions/examples_rclpy_guard_conditions.egg-info
[4.836s] writing ../../../../build/examples_rclpy_guard_conditions/examples_rclpy_guard_conditions.egg-info/PKG-INFO
[4.836s] writing dependency_links to ../../../../build/examples_rclpy_guard_conditions/examples_rclpy_guard_conditions.egg-info/dependency_links.txt
[4.836s] writing entry points to ../../../../build/examples_rclpy_guard_conditions/examples_rclpy_guard_conditions.egg-info/entry_points.txt
[4.837s] writing requirements to ../../../../build/examples_rclpy_guard_conditions/examples_rclpy_guard_conditions.egg-info/requires.txt
[4.837s] writing top-level names to ../../../../build/examples_rclpy_guard_conditions/examples_rclpy_guard_conditions.egg-info/top_level.txt
[4.837s] writing manifest file '../../../../build/examples_rclpy_guard_conditions/examples_rclpy_guard_conditions.egg-info/SOURCES.txt'
[4.844s] reading manifest file '../../../../build/examples_rclpy_guard_conditions/examples_rclpy_guard_conditions.egg-info/SOURCES.txt'
[4.846s] writing manifest file '../../../../build/examples_rclpy_guard_conditions/examples_rclpy_guard_conditions.egg-info/SOURCES.txt'
[4.846s] running build
[4.846s] running build_py
[4.846s] creating /home/lio/Desktop/ROSPractice/Colcon_Practice/build/examples_rclpy_guard_conditions/build
[4.846s] creating /home/lio/Desktop/ROSPractice/Colcon_Practice/build/examples_rclpy_guard_conditions/build/lib
[4.848s] creating /home/lio/Desktop/ROSPractice/Colcon_Practice/build/examples_rclpy_guard_conditions/build/lib/examples_rclpy_guard_conditions
[4.849s] copying examples_rclpy_guard_conditions/trigger_guard_condition.py -> /home/lio/Desktop/ROSPractice/Colcon_Practice/build/examples_rclpy_guard_conditions/build/lib/examples_rclpy_guard_conditions
[4.850s] copying examples_rclpy_guard_conditions/__init__.py -> /home/lio/Desktop/ROSPractice/Colcon_Practice/build/examples_rclpy_guard_conditions/build/lib/examples_rclpy_guard_conditions
[4.850s] running install
[4.851s] /usr/lib/python3/dist-packages/setuptools/command/install.py:34: SetuptoolsDeprecationWarning: setup.py install is deprecated. Use build and pip and other standards-based tools.
[4.851s]   warnings.warn(
[4.851s] running install_lib
[4.857s] creating /home/lio/Desktop/ROSPractice/Colcon_Practice/install/examples_rclpy_guard_conditions/lib/python3.10/site-packages/examples_rclpy_guard_conditions
[4.866s] copying /home/lio/Desktop/ROSPractice/Colcon_Practice/build/examples_rclpy_guard_conditions/build/lib/examples_rclpy_guard_conditions/trigger_guard_condition.py -> /home/lio/Desktop/ROSPractice/Colcon_Practice/install/examples_rclpy_guard_conditions/lib/python3.10/site-packages/examples_rclpy_guard_conditions
[4.867s] copying /home/lio/Desktop/ROSPractice/Colcon_Practice/build/examples_rclpy_guard_conditions/build/lib/examples_rclpy_guard_conditions/__init__.py -> /home/lio/Desktop/ROSPractice/Colcon_Practice/install/examples_rclpy_guard_conditions/lib/python3.10/site-packages/examples_rclpy_guard_conditions
[4.867s] byte-compiling /home/lio/Desktop/ROSPractice/Colcon_Practice/install/examples_rclpy_guard_conditions/lib/python3.10/site-packages/examples_rclpy_guard_conditions/trigger_guard_condition.py to trigger_guard_condition.cpython-310.pyc
[4.868s] byte-compiling /home/lio/Desktop/ROSPractice/Colcon_Practice/install/examples_rclpy_guard_conditions/lib/python3.10/site-packages/examples_rclpy_guard_conditions/__init__.py to __init__.cpython-310.pyc
[4.868s] running install_data
[4.869s] creating /home/lio/Desktop/ROSPractice/Colcon_Practice/install/examples_rclpy_guard_conditions/share/ament_index
[4.869s] creating /home/lio/Desktop/ROSPractice/Colcon_Practice/install/examples_rclpy_guard_conditions/share/ament_index/resource_index
[4.869s] creating /home/lio/Desktop/ROSPractice/Colcon_Practice/install/examples_rclpy_guard_conditions/share/ament_index/resource_index/packages
[4.869s] copying resource/examples_rclpy_guard_conditions -> /home/lio/Desktop/ROSPractice/Colcon_Practice/install/examples_rclpy_guard_conditions/share/ament_index/resource_index/packages
[4.869s] copying package.xml -> /home/lio/Desktop/ROSPractice/Colcon_Practice/install/examples_rclpy_guard_conditions/share/examples_rclpy_guard_conditions
[4.870s] running install_egg_info
[4.873s] Copying ../../../../build/examples_rclpy_guard_conditions/examples_rclpy_guard_conditions.egg-info to /home/lio/Desktop/ROSPractice/Colcon_Practice/install/examples_rclpy_guard_conditions/lib/python3.10/site-packages/examples_rclpy_guard_conditions-0.16.2-py3.10.egg-info
[4.874s] running install_scripts
[4.929s] Installing trigger_guard_condition script to /home/lio/Desktop/ROSPractice/Colcon_Practice/install/examples_rclpy_guard_conditions/lib/examples_rclpy_guard_conditions
[4.929s] writing list of installed files to '/home/lio/Desktop/ROSPractice/Colcon_Practice/build/examples_rclpy_guard_conditions/install.log'
[5.494s] Invoked command in '/home/lio/Desktop/ROSPractice/Colcon_Practice/src/examples/rclpy/guard_conditions' returned '0': PYTHONPATH=/home/lio/Desktop/ROSPractice/Colcon_Practice/build/examples_rclpy_guard_conditions/prefix_override:/home/lio/Desktop/ROSPractice/Colcon_Practice/install/examples_rclpy_guard_conditions/lib/python3.10/site-packages:${PYTHONPATH} /usr/bin/python3 setup.py egg_info --egg-base ../../../../build/examples_rclpy_guard_conditions build --build-base /home/lio/Desktop/ROSPractice/Colcon_Practice/build/examples_rclpy_guard_conditions/build install --record /home/lio/Desktop/ROSPractice/Colcon_Practice/build/examples_rclpy_guard_conditions/install.log --single-version-externally-managed
