[0.456s] Invoking command in '/home/lio/Desktop/ROSPractice/Practice2_Node/src/village_li': PYTHONPATH=/home/lio/Desktop/ROSPractice/Practice2_Node/build/village_li/prefix_override:/home/lio/Desktop/ROSPractice/Practice2_Node/install/village_li/lib/python3.10/site-packages:${PYTHONPATH} /usr/bin/python3 setup.py egg_info --egg-base ../../build/village_li build --build-base /home/lio/Desktop/ROSPractice/Practice2_Node/build/village_li/build install --record /home/lio/Desktop/ROSPractice/Practice2_Node/build/village_li/install.log --single-version-externally-managed
[0.641s] running egg_info
[0.641s] creating ../../build/village_li/village_li.egg-info
[0.641s] writing ../../build/village_li/village_li.egg-info/PKG-INFO
[0.642s] writing dependency_links to ../../build/village_li/village_li.egg-info/dependency_links.txt
[0.642s] writing entry points to ../../build/village_li/village_li.egg-info/entry_points.txt
[0.642s] writing requirements to ../../build/village_li/village_li.egg-info/requires.txt
[0.642s] writing top-level names to ../../build/village_li/village_li.egg-info/top_level.txt
[0.642s] writing manifest file '../../build/village_li/village_li.egg-info/SOURCES.txt'
[0.643s] reading manifest file '../../build/village_li/village_li.egg-info/SOURCES.txt'
[0.644s] writing manifest file '../../build/village_li/village_li.egg-info/SOURCES.txt'
[0.644s] running build
[0.644s] running build_py
[0.644s] creating /home/lio/Desktop/ROSPractice/Practice2_Node/build/village_li/build
[0.644s] creating /home/lio/Desktop/ROSPractice/Practice2_Node/build/village_li/build/lib
[0.644s] creating /home/lio/Desktop/ROSPractice/Practice2_Node/build/village_li/build/lib/village_li
[0.644s] copying village_li/__init__.py -> /home/lio/Desktop/ROSPractice/Practice2_Node/build/village_li/build/lib/village_li
[0.644s] copying village_li/li4.py -> /home/lio/Desktop/ROSPractice/Practice2_Node/build/village_li/build/lib/village_li
[0.644s] running install
[0.644s] /usr/lib/python3/dist-packages/setuptools/command/install.py:34: SetuptoolsDeprecationWarning: setup.py install is deprecated. Use build and pip and other standards-based tools.
[0.644s]   warnings.warn(
[0.645s] running install_lib
[0.645s] creating /home/lio/Desktop/ROSPractice/Practice2_Node/install/village_li/lib/python3.10/site-packages/village_li
[0.645s] copying /home/lio/Desktop/ROSPractice/Practice2_Node/build/village_li/build/lib/village_li/__init__.py -> /home/lio/Desktop/ROSPractice/Practice2_Node/install/village_li/lib/python3.10/site-packages/village_li
[0.645s] copying /home/lio/Desktop/ROSPractice/Practice2_Node/build/village_li/build/lib/village_li/li4.py -> /home/lio/Desktop/ROSPractice/Practice2_Node/install/village_li/lib/python3.10/site-packages/village_li
[0.646s] byte-compiling /home/lio/Desktop/ROSPractice/Practice2_Node/install/village_li/lib/python3.10/site-packages/village_li/__init__.py to __init__.cpython-310.pyc
[0.646s] byte-compiling /home/lio/Desktop/ROSPractice/Practice2_Node/install/village_li/lib/python3.10/site-packages/village_li/li4.py to li4.cpython-310.pyc
[0.646s] running install_data
[0.646s] creating /home/lio/Desktop/ROSPractice/Practice2_Node/install/village_li/share/ament_index
[0.646s] creating /home/lio/Desktop/ROSPractice/Practice2_Node/install/village_li/share/ament_index/resource_index
[0.647s] creating /home/lio/Desktop/ROSPractice/Practice2_Node/install/village_li/share/ament_index/resource_index/packages
[0.647s] copying resource/village_li -> /home/lio/Desktop/ROSPractice/Practice2_Node/install/village_li/share/ament_index/resource_index/packages
[0.647s] copying package.xml -> /home/lio/Desktop/ROSPractice/Practice2_Node/install/village_li/share/village_li
[0.647s] running install_egg_info
[0.648s] Copying ../../build/village_li/village_li.egg-info to /home/lio/Desktop/ROSPractice/Practice2_Node/install/village_li/lib/python3.10/site-packages/village_li-0.0.0-py3.10.egg-info
[0.648s] running install_scripts
[0.664s] Installing li4_node script to /home/lio/Desktop/ROSPractice/Practice2_Node/install/village_li/lib/village_li
[0.664s] writing list of installed files to '/home/lio/Desktop/ROSPractice/Practice2_Node/build/village_li/install.log'
[0.679s] Invoked command in '/home/lio/Desktop/ROSPractice/Practice2_Node/src/village_li' returned '0': PYTHONPATH=/home/lio/Desktop/ROSPractice/Practice2_Node/build/village_li/prefix_override:/home/lio/Desktop/ROSPractice/Practice2_Node/install/village_li/lib/python3.10/site-packages:${PYTHONPATH} /usr/bin/python3 setup.py egg_info --egg-base ../../build/village_li build --build-base /home/lio/Desktop/ROSPractice/Practice2_Node/build/village_li/build install --record /home/lio/Desktop/ROSPractice/Practice2_Node/build/village_li/install.log --single-version-externally-managed
