[2.489s] Invoking command in '/home/lio/Desktop/ROSPractice/Colcon_Practice/src/examples/rclpy/guard_conditions': PYTHONPATH=/home/lio/Desktop/ROSPractice/Colcon_Practice/build/examples_rclpy_guard_conditions/prefix_override:/home/lio/Desktop/ROSPractice/Colcon_Practice/install/examples_rclpy_guard_conditions/lib/python3.10/site-packages:${PYTHONPATH} /usr/bin/python3 setup.py egg_info --egg-base ../../../../build/examples_rclpy_guard_conditions build --build-base /home/lio/Desktop/ROSPractice/Colcon_Practice/build/examples_rclpy_guard_conditions/build install --record /home/lio/Desktop/ROSPractice/Colcon_Practice/build/examples_rclpy_guard_conditions/install.log --single-version-externally-managed
[2.859s] running egg_info
[2.860s] writing ../../../../build/examples_rclpy_guard_conditions/examples_rclpy_guard_conditions.egg-info/PKG-INFO
[2.860s] writing dependency_links to ../../../../build/examples_rclpy_guard_conditions/examples_rclpy_guard_conditions.egg-info/dependency_links.txt
[2.860s] writing entry points to ../../../../build/examples_rclpy_guard_conditions/examples_rclpy_guard_conditions.egg-info/entry_points.txt
[2.860s] writing requirements to ../../../../build/examples_rclpy_guard_conditions/examples_rclpy_guard_conditions.egg-info/requires.txt
[2.860s] writing top-level names to ../../../../build/examples_rclpy_guard_conditions/examples_rclpy_guard_conditions.egg-info/top_level.txt
[2.863s] reading manifest file '../../../../build/examples_rclpy_guard_conditions/examples_rclpy_guard_conditions.egg-info/SOURCES.txt'
[2.865s] writing manifest file '../../../../build/examples_rclpy_guard_conditions/examples_rclpy_guard_conditions.egg-info/SOURCES.txt'
[2.869s] running build
[2.869s] running build_py
[2.869s] running install
[2.870s] running install_lib
[2.870s] running install_data
[2.870s] running install_egg_info
[2.871s] removing '/home/lio/Desktop/ROSPractice/Colcon_Practice/install/examples_rclpy_guard_conditions/lib/python3.10/site-packages/examples_rclpy_guard_conditions-0.16.2-py3.10.egg-info' (and everything under it)
[2.871s] Copying ../../../../build/examples_rclpy_guard_conditions/examples_rclpy_guard_conditions.egg-info to /home/lio/Desktop/ROSPractice/Colcon_Practice/install/examples_rclpy_guard_conditions/lib/python3.10/site-packages/examples_rclpy_guard_conditions-0.16.2-py3.10.egg-info
[2.871s] running install_scripts
[2.900s] Installing trigger_guard_condition script to /home/lio/Desktop/ROSPractice/Colcon_Practice/install/examples_rclpy_guard_conditions/lib/examples_rclpy_guard_conditions
[2.900s] writing list of installed files to '/home/lio/Desktop/ROSPractice/Colcon_Practice/build/examples_rclpy_guard_conditions/install.log'
[2.949s] Invoked command in '/home/lio/Desktop/ROSPractice/Colcon_Practice/src/examples/rclpy/guard_conditions' returned '0': PYTHONPATH=/home/lio/Desktop/ROSPractice/Colcon_Practice/build/examples_rclpy_guard_conditions/prefix_override:/home/lio/Desktop/ROSPractice/Colcon_Practice/install/examples_rclpy_guard_conditions/lib/python3.10/site-packages:${PYTHONPATH} /usr/bin/python3 setup.py egg_info --egg-base ../../../../build/examples_rclpy_guard_conditions build --build-base /home/lio/Desktop/ROSPractice/Colcon_Practice/build/examples_rclpy_guard_conditions/build install --record /home/lio/Desktop/ROSPractice/Colcon_Practice/build/examples_rclpy_guard_conditions/install.log --single-version-externally-managed
