[0.115s] DEBUG:colcon:Command line arguments: ['/usr/bin/colcon', 'build']
[0.115s] DEBUG:colcon:Parsed command line arguments: Namespace(log_base=None, log_level=None, verb_name='build', build_base='build', install_base='install', merge_install=False, symlink_install=False, test_result_base=None, continue_on_error=False, executor='parallel', parallel_workers=12, event_handlers=None, ignore_user_meta=False, metas=['./colcon.meta'], base_paths=['.'], packages_ignore=None, packages_ignore_regex=None, paths=None, packages_up_to=None, packages_up_to_regex=None, packages_above=None, packages_above_and_dependencies=None, packages_above_depth=None, packages_select_by_dep=None, packages_skip_by_dep=None, packages_skip_up_to=None, packages_select_build_failed=False, packages_skip_build_finished=False, packages_select_test_failures=False, packages_skip_test_passed=False, packages_select=None, packages_skip=None, packages_select_regex=None, packages_skip_regex=None, packages_start=None, packages_end=None, allow_overriding=[], cmake_args=None, cmake_target=None, cmake_target_skip_unavailable=False, cmake_clean_cache=False, cmake_clean_first=False, cmake_force_configure=False, ament_cmake_args=None, catkin_cmake_args=None, catkin_skip_building_tests=False, verb_parser=<colcon_defaults.argument_parser.defaults.DefaultArgumentsDecorator object at 0x7f1c531d2a70>, verb_extension=<colcon_core.verb.build.BuildVerb object at 0x7f1c531d2500>, main=<bound method BuildVerb.main of <colcon_core.verb.build.BuildVerb object at 0x7f1c531d2500>>)
[0.135s] Level 1:colcon.colcon_core.package_discovery:discover_packages(colcon_meta) check parameters
[0.135s] Level 1:colcon.colcon_core.package_discovery:discover_packages(recursive) check parameters
[0.135s] Level 1:colcon.colcon_core.package_discovery:discover_packages(ignore) check parameters
[0.135s] Level 1:colcon.colcon_core.package_discovery:discover_packages(path) check parameters
[0.135s] Level 1:colcon.colcon_core.package_discovery:discover_packages(colcon_meta) discover
[0.135s] Level 1:colcon.colcon_core.package_discovery:discover_packages(recursive) discover
[0.135s] INFO:colcon.colcon_core.package_discovery:Crawling recursively for packages in '/home/lio/Desktop/ROSPractice/Practice2_Node'
[0.135s] Level 1:colcon.colcon_core.package_identification:_identify(.) by extensions ['ignore', 'ignore_ament_install']
[0.135s] Level 1:colcon.colcon_core.package_identification:_identify(.) by extension 'ignore'
[0.135s] Level 1:colcon.colcon_core.package_identification:_identify(.) by extension 'ignore_ament_install'
[0.135s] Level 1:colcon.colcon_core.package_identification:_identify(.) by extensions ['colcon_pkg']
[0.135s] Level 1:colcon.colcon_core.package_identification:_identify(.) by extension 'colcon_pkg'
[0.135s] Level 1:colcon.colcon_core.package_identification:_identify(.) by extensions ['colcon_meta']
[0.135s] Level 1:colcon.colcon_core.package_identification:_identify(.) by extension 'colcon_meta'
[0.136s] Level 1:colcon.colcon_core.package_identification:_identify(.) by extensions ['ros']
[0.136s] Level 1:colcon.colcon_core.package_identification:_identify(.) by extension 'ros'
[0.145s] Level 1:colcon.colcon_core.package_identification:_identify(.) by extensions ['cmake', 'python']
[0.145s] Level 1:colcon.colcon_core.package_identification:_identify(.) by extension 'cmake'
[0.145s] Level 1:colcon.colcon_core.package_identification:_identify(.) by extension 'python'
[0.145s] Level 1:colcon.colcon_core.package_identification:_identify(.) by extensions ['python_setup_py']
[0.145s] Level 1:colcon.colcon_core.package_identification:_identify(.) by extension 'python_setup_py'
[0.145s] Level 1:colcon.colcon_core.package_identification:_identify(build) by extensions ['ignore', 'ignore_ament_install']
[0.145s] Level 1:colcon.colcon_core.package_identification:_identify(build) by extension 'ignore'
[0.145s] Level 1:colcon.colcon_core.package_identification:_identify(build) ignored
[0.145s] Level 1:colcon.colcon_core.package_identification:_identify(install) by extensions ['ignore', 'ignore_ament_install']
[0.145s] Level 1:colcon.colcon_core.package_identification:_identify(install) by extension 'ignore'
[0.145s] Level 1:colcon.colcon_core.package_identification:_identify(install) ignored
[0.146s] Level 1:colcon.colcon_core.package_identification:_identify(log) by extensions ['ignore', 'ignore_ament_install']
[0.146s] Level 1:colcon.colcon_core.package_identification:_identify(log) by extension 'ignore'
[0.146s] Level 1:colcon.colcon_core.package_identification:_identify(log) ignored
[0.146s] Level 1:colcon.colcon_core.package_identification:_identify(src) by extensions ['ignore', 'ignore_ament_install']
[0.146s] Level 1:colcon.colcon_core.package_identification:_identify(src) by extension 'ignore'
[0.146s] Level 1:colcon.colcon_core.package_identification:_identify(src) by extension 'ignore_ament_install'
[0.146s] Level 1:colcon.colcon_core.package_identification:_identify(src) by extensions ['colcon_pkg']
[0.146s] Level 1:colcon.colcon_core.package_identification:_identify(src) by extension 'colcon_pkg'
[0.146s] Level 1:colcon.colcon_core.package_identification:_identify(src) by extensions ['colcon_meta']
[0.146s] Level 1:colcon.colcon_core.package_identification:_identify(src) by extension 'colcon_meta'
[0.146s] Level 1:colcon.colcon_core.package_identification:_identify(src) by extensions ['ros']
[0.146s] Level 1:colcon.colcon_core.package_identification:_identify(src) by extension 'ros'
[0.146s] Level 1:colcon.colcon_core.package_identification:_identify(src) by extensions ['cmake', 'python']
[0.146s] Level 1:colcon.colcon_core.package_identification:_identify(src) by extension 'cmake'
[0.146s] Level 1:colcon.colcon_core.package_identification:_identify(src) by extension 'python'
[0.146s] Level 1:colcon.colcon_core.package_identification:_identify(src) by extensions ['python_setup_py']
[0.146s] Level 1:colcon.colcon_core.package_identification:_identify(src) by extension 'python_setup_py'
[0.146s] Level 1:colcon.colcon_core.package_identification:_identify(src/village_cheung) by extensions ['ignore', 'ignore_ament_install']
[0.146s] Level 1:colcon.colcon_core.package_identification:_identify(src/village_cheung) by extension 'ignore'
[0.146s] Level 1:colcon.colcon_core.package_identification:_identify(src/village_cheung) by extension 'ignore_ament_install'
[0.146s] Level 1:colcon.colcon_core.package_identification:_identify(src/village_cheung) by extensions ['colcon_pkg']
[0.146s] Level 1:colcon.colcon_core.package_identification:_identify(src/village_cheung) by extension 'colcon_pkg'
[0.147s] Level 1:colcon.colcon_core.package_identification:_identify(src/village_cheung) by extensions ['colcon_meta']
[0.147s] Level 1:colcon.colcon_core.package_identification:_identify(src/village_cheung) by extension 'colcon_meta'
[0.147s] Level 1:colcon.colcon_core.package_identification:_identify(src/village_cheung) by extensions ['ros']
[0.147s] Level 1:colcon.colcon_core.package_identification:_identify(src/village_cheung) by extension 'ros'
[0.148s] DEBUG:colcon.colcon_core.package_identification:Package 'src/village_cheung' with type 'ros.ament_cmake' and name 'village_cheung'
[0.148s] Level 1:colcon.colcon_core.package_identification:_identify(src/village_li) by extensions ['ignore', 'ignore_ament_install']
[0.149s] Level 1:colcon.colcon_core.package_identification:_identify(src/village_li) by extension 'ignore'
[0.149s] Level 1:colcon.colcon_core.package_identification:_identify(src/village_li) by extension 'ignore_ament_install'
[0.149s] Level 1:colcon.colcon_core.package_identification:_identify(src/village_li) by extensions ['colcon_pkg']
[0.149s] Level 1:colcon.colcon_core.package_identification:_identify(src/village_li) by extension 'colcon_pkg'
[0.149s] Level 1:colcon.colcon_core.package_identification:_identify(src/village_li) by extensions ['colcon_meta']
[0.149s] Level 1:colcon.colcon_core.package_identification:_identify(src/village_li) by extension 'colcon_meta'
[0.149s] Level 1:colcon.colcon_core.package_identification:_identify(src/village_li) by extensions ['ros']
[0.149s] Level 1:colcon.colcon_core.package_identification:_identify(src/village_li) by extension 'ros'
[0.149s] DEBUG:colcon.colcon_core.package_identification:Package 'src/village_li' with type 'ros.ament_python' and name 'village_li'
[0.149s] Level 1:colcon.colcon_core.package_identification:_identify(src/village_wang) by extensions ['ignore', 'ignore_ament_install']
[0.149s] Level 1:colcon.colcon_core.package_identification:_identify(src/village_wang) by extension 'ignore'
[0.149s] Level 1:colcon.colcon_core.package_identification:_identify(src/village_wang) by extension 'ignore_ament_install'
[0.149s] Level 1:colcon.colcon_core.package_identification:_identify(src/village_wang) by extensions ['colcon_pkg']
[0.149s] Level 1:colcon.colcon_core.package_identification:_identify(src/village_wang) by extension 'colcon_pkg'
[0.149s] Level 1:colcon.colcon_core.package_identification:_identify(src/village_wang) by extensions ['colcon_meta']
[0.150s] Level 1:colcon.colcon_core.package_identification:_identify(src/village_wang) by extension 'colcon_meta'
[0.150s] Level 1:colcon.colcon_core.package_identification:_identify(src/village_wang) by extensions ['ros']
[0.150s] Level 1:colcon.colcon_core.package_identification:_identify(src/village_wang) by extension 'ros'
[0.150s] DEBUG:colcon.colcon_core.package_identification:Package 'src/village_wang' with type 'ros.ament_cmake' and name 'village_wang'
[0.150s] Level 1:colcon.colcon_core.package_discovery:discover_packages(recursive) using defaults
[0.150s] Level 1:colcon.colcon_core.package_discovery:discover_packages(ignore) discover
[0.150s] Level 1:colcon.colcon_core.package_discovery:discover_packages(ignore) using defaults
[0.150s] Level 1:colcon.colcon_core.package_discovery:discover_packages(path) discover
[0.150s] Level 1:colcon.colcon_core.package_discovery:discover_packages(path) using defaults
[0.170s] Level 1:colcon.colcon_core.package_discovery:discover_packages(prefix_path) check parameters
[0.170s] Level 1:colcon.colcon_core.package_discovery:discover_packages(prefix_path) discover
[0.173s] DEBUG:colcon.colcon_installed_package_information.package_discovery:Found 270 installed packages in /opt/ros/humble
[0.174s] Level 1:colcon.colcon_core.package_discovery:discover_packages(prefix_path) using defaults
[0.222s] Level 5:colcon.colcon_core.verb:set package 'village_cheung' build argument 'cmake_args' from command line to 'None'
[0.222s] Level 5:colcon.colcon_core.verb:set package 'village_cheung' build argument 'cmake_target' from command line to 'None'
[0.222s] Level 5:colcon.colcon_core.verb:set package 'village_cheung' build argument 'cmake_target_skip_unavailable' from command line to 'False'
[0.222s] Level 5:colcon.colcon_core.verb:set package 'village_cheung' build argument 'cmake_clean_cache' from command line to 'False'
[0.222s] Level 5:colcon.colcon_core.verb:set package 'village_cheung' build argument 'cmake_clean_first' from command line to 'False'
[0.222s] Level 5:colcon.colcon_core.verb:set package 'village_cheung' build argument 'cmake_force_configure' from command line to 'False'
[0.222s] Level 5:colcon.colcon_core.verb:set package 'village_cheung' build argument 'ament_cmake_args' from command line to 'None'
[0.222s] Level 5:colcon.colcon_core.verb:set package 'village_cheung' build argument 'catkin_cmake_args' from command line to 'None'
[0.222s] Level 5:colcon.colcon_core.verb:set package 'village_cheung' build argument 'catkin_skip_building_tests' from command line to 'False'
[0.222s] DEBUG:colcon.colcon_core.verb:Building package 'village_cheung' with the following arguments: {'ament_cmake_args': None, 'build_base': '/home/lio/Desktop/ROSPractice/Practice2_Node/build/village_cheung', 'catkin_cmake_args': None, 'catkin_skip_building_tests': False, 'cmake_args': None, 'cmake_clean_cache': False, 'cmake_clean_first': False, 'cmake_force_configure': False, 'cmake_target': None, 'cmake_target_skip_unavailable': False, 'install_base': '/home/lio/Desktop/ROSPractice/Practice2_Node/install/village_cheung', 'merge_install': False, 'path': '/home/lio/Desktop/ROSPractice/Practice2_Node/src/village_cheung', 'symlink_install': False, 'test_result_base': None}
[0.223s] Level 5:colcon.colcon_core.verb:set package 'village_li' build argument 'cmake_args' from command line to 'None'
[0.223s] Level 5:colcon.colcon_core.verb:set package 'village_li' build argument 'cmake_target' from command line to 'None'
[0.223s] Level 5:colcon.colcon_core.verb:set package 'village_li' build argument 'cmake_target_skip_unavailable' from command line to 'False'
[0.223s] Level 5:colcon.colcon_core.verb:set package 'village_li' build argument 'cmake_clean_cache' from command line to 'False'
[0.223s] Level 5:colcon.colcon_core.verb:set package 'village_li' build argument 'cmake_clean_first' from command line to 'False'
[0.223s] Level 5:colcon.colcon_core.verb:set package 'village_li' build argument 'cmake_force_configure' from command line to 'False'
[0.223s] Level 5:colcon.colcon_core.verb:set package 'village_li' build argument 'ament_cmake_args' from command line to 'None'
[0.223s] Level 5:colcon.colcon_core.verb:set package 'village_li' build argument 'catkin_cmake_args' from command line to 'None'
[0.223s] Level 5:colcon.colcon_core.verb:set package 'village_li' build argument 'catkin_skip_building_tests' from command line to 'False'
[0.223s] DEBUG:colcon.colcon_core.verb:Building package 'village_li' with the following arguments: {'ament_cmake_args': None, 'build_base': '/home/lio/Desktop/ROSPractice/Practice2_Node/build/village_li', 'catkin_cmake_args': None, 'catkin_skip_building_tests': False, 'cmake_args': None, 'cmake_clean_cache': False, 'cmake_clean_first': False, 'cmake_force_configure': False, 'cmake_target': None, 'cmake_target_skip_unavailable': False, 'install_base': '/home/lio/Desktop/ROSPractice/Practice2_Node/install/village_li', 'merge_install': False, 'path': '/home/lio/Desktop/ROSPractice/Practice2_Node/src/village_li', 'symlink_install': False, 'test_result_base': None}
[0.224s] Level 5:colcon.colcon_core.verb:set package 'village_wang' build argument 'cmake_args' from command line to 'None'
[0.224s] Level 5:colcon.colcon_core.verb:set package 'village_wang' build argument 'cmake_target' from command line to 'None'
[0.224s] Level 5:colcon.colcon_core.verb:set package 'village_wang' build argument 'cmake_target_skip_unavailable' from command line to 'False'
[0.224s] Level 5:colcon.colcon_core.verb:set package 'village_wang' build argument 'cmake_clean_cache' from command line to 'False'
[0.224s] Level 5:colcon.colcon_core.verb:set package 'village_wang' build argument 'cmake_clean_first' from command line to 'False'
[0.224s] Level 5:colcon.colcon_core.verb:set package 'village_wang' build argument 'cmake_force_configure' from command line to 'False'
[0.224s] Level 5:colcon.colcon_core.verb:set package 'village_wang' build argument 'ament_cmake_args' from command line to 'None'
[0.224s] Level 5:colcon.colcon_core.verb:set package 'village_wang' build argument 'catkin_cmake_args' from command line to 'None'
[0.224s] Level 5:colcon.colcon_core.verb:set package 'village_wang' build argument 'catkin_skip_building_tests' from command line to 'False'
[0.224s] DEBUG:colcon.colcon_core.verb:Building package 'village_wang' with the following arguments: {'ament_cmake_args': None, 'build_base': '/home/lio/Desktop/ROSPractice/Practice2_Node/build/village_wang', 'catkin_cmake_args': None, 'catkin_skip_building_tests': False, 'cmake_args': None, 'cmake_clean_cache': False, 'cmake_clean_first': False, 'cmake_force_configure': False, 'cmake_target': None, 'cmake_target_skip_unavailable': False, 'install_base': '/home/lio/Desktop/ROSPractice/Practice2_Node/install/village_wang', 'merge_install': False, 'path': '/home/lio/Desktop/ROSPractice/Practice2_Node/src/village_wang', 'symlink_install': False, 'test_result_base': None}
[0.224s] INFO:colcon.colcon_core.executor:Executing jobs using 'parallel' executor
[0.228s] DEBUG:colcon.colcon_parallel_executor.executor.parallel:run_until_complete
[0.228s] INFO:colcon.colcon_ros.task.ament_cmake.build:Building ROS package in '/home/lio/Desktop/ROSPractice/Practice2_Node/src/village_cheung' with build type 'ament_cmake'
[0.228s] INFO:colcon.colcon_cmake.task.cmake.build:Building CMake package in '/home/lio/Desktop/ROSPractice/Practice2_Node/src/village_cheung'
[0.231s] INFO:colcon.colcon_core.plugin_system:Skipping extension 'colcon_core.shell.bat': Not used on non-Windows systems
[0.231s] INFO:colcon.colcon_core.shell:Skip shell extension 'powershell' for command environment: Not usable outside of PowerShell
[0.231s] DEBUG:colcon.colcon_core.shell:Skip shell extension 'dsv' for command environment
[0.234s] INFO:colcon.colcon_ros.task.ament_python.build:Building ROS package in '/home/lio/Desktop/ROSPractice/Practice2_Node/src/village_li' with build type 'ament_python'
[0.235s] Level 1:colcon.colcon_core.shell:create_environment_hook('village_li', 'ament_prefix_path')
[0.236s] INFO:colcon.colcon_core.shell:Creating environment hook '/home/lio/Desktop/ROSPractice/Practice2_Node/install/village_li/share/village_li/hook/ament_prefix_path.ps1'
[0.236s] INFO:colcon.colcon_core.shell:Creating environment descriptor '/home/lio/Desktop/ROSPractice/Practice2_Node/install/village_li/share/village_li/hook/ament_prefix_path.dsv'
[0.237s] INFO:colcon.colcon_core.shell:Creating environment hook '/home/lio/Desktop/ROSPractice/Practice2_Node/install/village_li/share/village_li/hook/ament_prefix_path.sh'
[0.238s] INFO:colcon.colcon_core.shell:Skip shell extension 'powershell' for command environment: Not usable outside of PowerShell
[0.238s] DEBUG:colcon.colcon_core.shell:Skip shell extension 'dsv' for command environment
[0.241s] INFO:colcon.colcon_ros.task.ament_cmake.build:Building ROS package in '/home/lio/Desktop/ROSPractice/Practice2_Node/src/village_wang' with build type 'ament_cmake'
[0.241s] INFO:colcon.colcon_cmake.task.cmake.build:Building CMake package in '/home/lio/Desktop/ROSPractice/Practice2_Node/src/village_wang'
[0.242s] INFO:colcon.colcon_core.shell:Skip shell extension 'powershell' for command environment: Not usable outside of PowerShell
[0.242s] DEBUG:colcon.colcon_core.shell:Skip shell extension 'dsv' for command environment
[0.247s] DEBUG:colcon.colcon_core.event_handler.log_command:Invoking command in '/home/lio/Desktop/ROSPractice/Practice2_Node/build/village_cheung': CMAKE_PREFIX_PATH=/opt/ros/humble /usr/bin/cmake /home/lio/Desktop/ROSPractice/Practice2_Node/src/village_cheung -DCMAKE_INSTALL_PREFIX=/home/lio/Desktop/ROSPractice/Practice2_Node/install/village_cheung
[0.484s] INFO:colcon.colcon_core.task.python.build:Building Python package in '/home/lio/Desktop/ROSPractice/Practice2_Node/src/village_li'
[0.485s] INFO:colcon.colcon_core.shell:Skip shell extension 'powershell' for command environment: Not usable outside of PowerShell
[0.485s] DEBUG:colcon.colcon_core.shell:Skip shell extension 'dsv' for command environment
[0.494s] DEBUG:colcon.colcon_core.event_handler.log_command:Invoking command in '/home/lio/Desktop/ROSPractice/Practice2_Node/build/village_wang': CMAKE_PREFIX_PATH=/opt/ros/humble /usr/bin/cmake --build /home/lio/Desktop/ROSPractice/Practice2_Node/build/village_wang -- -j12 -l12
[0.535s] DEBUG:colcon.colcon_core.event_handler.log_command:Invoked command in '/home/lio/Desktop/ROSPractice/Practice2_Node/build/village_wang' returned '0': CMAKE_PREFIX_PATH=/opt/ros/humble /usr/bin/cmake --build /home/lio/Desktop/ROSPractice/Practice2_Node/build/village_wang -- -j12 -l12
[0.556s] DEBUG:colcon.colcon_core.event_handler.log_command:Invoking command in '/home/lio/Desktop/ROSPractice/Practice2_Node/build/village_wang': CMAKE_PREFIX_PATH=/opt/ros/humble /usr/bin/cmake --install /home/lio/Desktop/ROSPractice/Practice2_Node/build/village_wang
[0.562s] Level 1:colcon.colcon_core.environment:create_environment_scripts_only(village_wang)
[0.563s] DEBUG:colcon.colcon_core.event_handler.log_command:Invoked command in '/home/lio/Desktop/ROSPractice/Practice2_Node/build/village_wang' returned '0': CMAKE_PREFIX_PATH=/opt/ros/humble /usr/bin/cmake --install /home/lio/Desktop/ROSPractice/Practice2_Node/build/village_wang
[0.566s] Level 1:colcon.colcon_core.environment:checking '/home/lio/Desktop/ROSPractice/Practice2_Node/install/village_wang' for CMake module files
[0.566s] Level 1:colcon.colcon_core.environment:checking '/home/lio/Desktop/ROSPractice/Practice2_Node/install/village_wang' for CMake config files
[0.567s] Level 1:colcon.colcon_core.shell:create_environment_hook('village_wang', 'cmake_prefix_path')
[0.568s] INFO:colcon.colcon_core.shell:Creating environment hook '/home/lio/Desktop/ROSPractice/Practice2_Node/install/village_wang/share/village_wang/hook/cmake_prefix_path.ps1'
[0.568s] INFO:colcon.colcon_core.shell:Creating environment descriptor '/home/lio/Desktop/ROSPractice/Practice2_Node/install/village_wang/share/village_wang/hook/cmake_prefix_path.dsv'
[0.568s] INFO:colcon.colcon_core.shell:Creating environment hook '/home/lio/Desktop/ROSPractice/Practice2_Node/install/village_wang/share/village_wang/hook/cmake_prefix_path.sh'
[0.569s] Level 1:colcon.colcon_core.environment:checking '/home/lio/Desktop/ROSPractice/Practice2_Node/install/village_wang/lib'
[0.569s] Level 1:colcon.colcon_core.environment:checking '/home/lio/Desktop/ROSPractice/Practice2_Node/install/village_wang/bin'
[0.569s] Level 1:colcon.colcon_core.environment:checking '/home/lio/Desktop/ROSPractice/Practice2_Node/install/village_wang/lib/pkgconfig/village_wang.pc'
[0.569s] Level 1:colcon.colcon_core.environment:checking '/home/lio/Desktop/ROSPractice/Practice2_Node/install/village_wang/lib/python3.10/site-packages'
[0.569s] Level 1:colcon.colcon_core.environment:checking '/home/lio/Desktop/ROSPractice/Practice2_Node/install/village_wang/bin'
[0.571s] INFO:colcon.colcon_core.shell:Creating package script '/home/lio/Desktop/ROSPractice/Practice2_Node/install/village_wang/share/village_wang/package.ps1'
[0.572s] INFO:colcon.colcon_core.shell:Creating package descriptor '/home/lio/Desktop/ROSPractice/Practice2_Node/install/village_wang/share/village_wang/package.dsv'
[0.572s] INFO:colcon.colcon_core.shell:Creating package script '/home/lio/Desktop/ROSPractice/Practice2_Node/install/village_wang/share/village_wang/package.sh'
[0.572s] INFO:colcon.colcon_core.shell:Creating package script '/home/lio/Desktop/ROSPractice/Practice2_Node/install/village_wang/share/village_wang/package.bash'
[0.573s] INFO:colcon.colcon_core.shell:Creating package script '/home/lio/Desktop/ROSPractice/Practice2_Node/install/village_wang/share/village_wang/package.zsh'
[0.573s] Level 1:colcon.colcon_core.environment:create_file_with_runtime_dependencies(/home/lio/Desktop/ROSPractice/Practice2_Node/install/village_wang/share/colcon-core/packages/village_wang)
[0.588s] Level 1:colcon.colcon_core.environment:create_environment_scripts_only(village_wang)
[0.590s] Level 1:colcon.colcon_core.environment:checking '/home/lio/Desktop/ROSPractice/Practice2_Node/install/village_wang' for CMake module files
[0.590s] Level 1:colcon.colcon_core.environment:checking '/home/lio/Desktop/ROSPractice/Practice2_Node/install/village_wang' for CMake config files
[0.590s] Level 1:colcon.colcon_core.shell:create_environment_hook('village_wang', 'cmake_prefix_path')
[0.592s] INFO:colcon.colcon_core.shell:Creating environment hook '/home/lio/Desktop/ROSPractice/Practice2_Node/install/village_wang/share/village_wang/hook/cmake_prefix_path.ps1'
[0.592s] INFO:colcon.colcon_core.shell:Creating environment descriptor '/home/lio/Desktop/ROSPractice/Practice2_Node/install/village_wang/share/village_wang/hook/cmake_prefix_path.dsv'
[0.592s] INFO:colcon.colcon_core.shell:Creating environment hook '/home/lio/Desktop/ROSPractice/Practice2_Node/install/village_wang/share/village_wang/hook/cmake_prefix_path.sh'
[0.593s] Level 1:colcon.colcon_core.environment:checking '/home/lio/Desktop/ROSPractice/Practice2_Node/install/village_wang/lib'
[0.593s] Level 1:colcon.colcon_core.environment:checking '/home/lio/Desktop/ROSPractice/Practice2_Node/install/village_wang/bin'
[0.593s] Level 1:colcon.colcon_core.environment:checking '/home/lio/Desktop/ROSPractice/Practice2_Node/install/village_wang/lib/pkgconfig/village_wang.pc'
[0.593s] Level 1:colcon.colcon_core.environment:checking '/home/lio/Desktop/ROSPractice/Practice2_Node/install/village_wang/lib/python3.10/site-packages'
[0.593s] Level 1:colcon.colcon_core.environment:checking '/home/lio/Desktop/ROSPractice/Practice2_Node/install/village_wang/bin'
[0.594s] INFO:colcon.colcon_core.shell:Creating package script '/home/lio/Desktop/ROSPractice/Practice2_Node/install/village_wang/share/village_wang/package.ps1'
[0.595s] INFO:colcon.colcon_core.shell:Creating package descriptor '/home/lio/Desktop/ROSPractice/Practice2_Node/install/village_wang/share/village_wang/package.dsv'
[0.595s] INFO:colcon.colcon_core.shell:Creating package script '/home/lio/Desktop/ROSPractice/Practice2_Node/install/village_wang/share/village_wang/package.sh'
[0.595s] INFO:colcon.colcon_core.shell:Creating package script '/home/lio/Desktop/ROSPractice/Practice2_Node/install/village_wang/share/village_wang/package.bash'
[0.595s] INFO:colcon.colcon_core.shell:Creating package script '/home/lio/Desktop/ROSPractice/Practice2_Node/install/village_wang/share/village_wang/package.zsh'
[0.596s] Level 1:colcon.colcon_core.environment:create_file_with_runtime_dependencies(/home/lio/Desktop/ROSPractice/Practice2_Node/install/village_wang/share/colcon-core/packages/village_wang)
[0.775s] DEBUG:colcon.colcon_core.event_handler.log_command:Invoking command in '/home/lio/Desktop/ROSPractice/Practice2_Node/build/village_li': PYTHONPATH=/home/lio/Desktop/ROSPractice/Practice2_Node/build/village_li/prefix_override:/home/lio/Desktop/ROSPractice/Practice2_Node/install/village_li/lib/python3.10/site-packages:${PYTHONPATH} /usr/bin/python3 setup.py develop --uninstall --editable --build-directory /home/lio/Desktop/ROSPractice/Practice2_Node/build/village_li/build
[1.151s] DEBUG:colcon.colcon_core.event_handler.log_command:Invoked command in '/home/lio/Desktop/ROSPractice/Practice2_Node/build/village_li' returned '0': PYTHONPATH=/home/lio/Desktop/ROSPractice/Practice2_Node/build/village_li/prefix_override:/home/lio/Desktop/ROSPractice/Practice2_Node/install/village_li/lib/python3.10/site-packages:${PYTHONPATH} /usr/bin/python3 setup.py develop --uninstall --editable --build-directory /home/lio/Desktop/ROSPractice/Practice2_Node/build/village_li/build
[1.152s] DEBUG:colcon.colcon_core.event_handler.log_command:Invoking command in '/home/lio/Desktop/ROSPractice/Practice2_Node/src/village_li': PYTHONPATH=/home/lio/Desktop/ROSPractice/Practice2_Node/build/village_li/prefix_override:/home/lio/Desktop/ROSPractice/Practice2_Node/install/village_li/lib/python3.10/site-packages:${PYTHONPATH} /usr/bin/python3 setup.py egg_info --egg-base ../../build/village_li build --build-base /home/lio/Desktop/ROSPractice/Practice2_Node/build/village_li/build install --record /home/lio/Desktop/ROSPractice/Practice2_Node/build/village_li/install.log --single-version-externally-managed
[1.186s] DEBUG:colcon.colcon_core.event_handler.log_command:Invoked command in '/home/lio/Desktop/ROSPractice/Practice2_Node/build/village_cheung' returned '0': CMAKE_PREFIX_PATH=/opt/ros/humble /usr/bin/cmake /home/lio/Desktop/ROSPractice/Practice2_Node/src/village_cheung -DCMAKE_INSTALL_PREFIX=/home/lio/Desktop/ROSPractice/Practice2_Node/install/village_cheung
[1.187s] DEBUG:colcon.colcon_core.event_handler.log_command:Invoking command in '/home/lio/Desktop/ROSPractice/Practice2_Node/build/village_cheung': CMAKE_PREFIX_PATH=/opt/ros/humble /usr/bin/cmake --build /home/lio/Desktop/ROSPractice/Practice2_Node/build/village_cheung -- -j12 -l12
[1.394s] Level 1:colcon.colcon_core.environment:checking '/home/lio/Desktop/ROSPractice/Practice2_Node/install/village_li' for CMake module files
[1.394s] DEBUG:colcon.colcon_core.event_handler.log_command:Invoked command in '/home/lio/Desktop/ROSPractice/Practice2_Node/src/village_li' returned '0': PYTHONPATH=/home/lio/Desktop/ROSPractice/Practice2_Node/build/village_li/prefix_override:/home/lio/Desktop/ROSPractice/Practice2_Node/install/village_li/lib/python3.10/site-packages:${PYTHONPATH} /usr/bin/python3 setup.py egg_info --egg-base ../../build/village_li build --build-base /home/lio/Desktop/ROSPractice/Practice2_Node/build/village_li/build install --record /home/lio/Desktop/ROSPractice/Practice2_Node/build/village_li/install.log --single-version-externally-managed
[1.394s] Level 1:colcon.colcon_core.environment:checking '/home/lio/Desktop/ROSPractice/Practice2_Node/install/village_li' for CMake config files
[1.395s] Level 1:colcon.colcon_core.environment:checking '/home/lio/Desktop/ROSPractice/Practice2_Node/install/village_li/lib'
[1.395s] Level 1:colcon.colcon_core.environment:checking '/home/lio/Desktop/ROSPractice/Practice2_Node/install/village_li/bin'
[1.395s] Level 1:colcon.colcon_core.environment:checking '/home/lio/Desktop/ROSPractice/Practice2_Node/install/village_li/lib/pkgconfig/village_li.pc'
[1.395s] Level 1:colcon.colcon_core.environment:checking '/home/lio/Desktop/ROSPractice/Practice2_Node/install/village_li/lib/python3.10/site-packages'
[1.395s] Level 1:colcon.colcon_core.shell:create_environment_hook('village_li', 'pythonpath')
[1.396s] INFO:colcon.colcon_core.shell:Creating environment hook '/home/lio/Desktop/ROSPractice/Practice2_Node/install/village_li/share/village_li/hook/pythonpath.ps1'
[1.396s] INFO:colcon.colcon_core.shell:Creating environment descriptor '/home/lio/Desktop/ROSPractice/Practice2_Node/install/village_li/share/village_li/hook/pythonpath.dsv'
[1.397s] INFO:colcon.colcon_core.shell:Creating environment hook '/home/lio/Desktop/ROSPractice/Practice2_Node/install/village_li/share/village_li/hook/pythonpath.sh'
[1.397s] Level 1:colcon.colcon_core.environment:checking '/home/lio/Desktop/ROSPractice/Practice2_Node/install/village_li/bin'
[1.397s] Level 1:colcon.colcon_core.environment:create_environment_scripts_only(village_li)
[1.398s] INFO:colcon.colcon_core.shell:Creating package script '/home/lio/Desktop/ROSPractice/Practice2_Node/install/village_li/share/village_li/package.ps1'
[1.399s] INFO:colcon.colcon_core.shell:Creating package descriptor '/home/lio/Desktop/ROSPractice/Practice2_Node/install/village_li/share/village_li/package.dsv'
[1.399s] INFO:colcon.colcon_core.shell:Creating package script '/home/lio/Desktop/ROSPractice/Practice2_Node/install/village_li/share/village_li/package.sh'
[1.399s] INFO:colcon.colcon_core.shell:Creating package script '/home/lio/Desktop/ROSPractice/Practice2_Node/install/village_li/share/village_li/package.bash'
[1.399s] INFO:colcon.colcon_core.shell:Creating package script '/home/lio/Desktop/ROSPractice/Practice2_Node/install/village_li/share/village_li/package.zsh'
[1.400s] Level 1:colcon.colcon_core.environment:create_file_with_runtime_dependencies(/home/lio/Desktop/ROSPractice/Practice2_Node/install/village_li/share/colcon-core/packages/village_li)
[3.404s] DEBUG:colcon.colcon_core.event_handler.log_command:Invoked command in '/home/lio/Desktop/ROSPractice/Practice2_Node/build/village_cheung' returned '0': CMAKE_PREFIX_PATH=/opt/ros/humble /usr/bin/cmake --build /home/lio/Desktop/ROSPractice/Practice2_Node/build/village_cheung -- -j12 -l12
[3.416s] DEBUG:colcon.colcon_core.event_handler.log_command:Invoking command in '/home/lio/Desktop/ROSPractice/Practice2_Node/build/village_cheung': CMAKE_PREFIX_PATH=/opt/ros/humble /usr/bin/cmake --install /home/lio/Desktop/ROSPractice/Practice2_Node/build/village_cheung
[3.423s] Level 1:colcon.colcon_core.environment:create_environment_scripts_only(village_cheung)
[3.424s] Level 1:colcon.colcon_core.environment:checking '/home/lio/Desktop/ROSPractice/Practice2_Node/install/village_cheung' for CMake module files
[3.425s] DEBUG:colcon.colcon_core.event_handler.log_command:Invoked command in '/home/lio/Desktop/ROSPractice/Practice2_Node/build/village_cheung' returned '0': CMAKE_PREFIX_PATH=/opt/ros/humble /usr/bin/cmake --install /home/lio/Desktop/ROSPractice/Practice2_Node/build/village_cheung
[3.425s] Level 1:colcon.colcon_core.environment:checking '/home/lio/Desktop/ROSPractice/Practice2_Node/install/village_cheung' for CMake config files
[3.425s] Level 1:colcon.colcon_core.shell:create_environment_hook('village_cheung', 'cmake_prefix_path')
[3.426s] INFO:colcon.colcon_core.shell:Creating environment hook '/home/lio/Desktop/ROSPractice/Practice2_Node/install/village_cheung/share/village_cheung/hook/cmake_prefix_path.ps1'
[3.426s] INFO:colcon.colcon_core.shell:Creating environment descriptor '/home/lio/Desktop/ROSPractice/Practice2_Node/install/village_cheung/share/village_cheung/hook/cmake_prefix_path.dsv'
[3.427s] INFO:colcon.colcon_core.shell:Creating environment hook '/home/lio/Desktop/ROSPractice/Practice2_Node/install/village_cheung/share/village_cheung/hook/cmake_prefix_path.sh'
[3.427s] Level 1:colcon.colcon_core.environment:checking '/home/lio/Desktop/ROSPractice/Practice2_Node/install/village_cheung/lib'
[3.427s] Level 1:colcon.colcon_core.environment:checking '/home/lio/Desktop/ROSPractice/Practice2_Node/install/village_cheung/bin'
[3.427s] Level 1:colcon.colcon_core.environment:checking '/home/lio/Desktop/ROSPractice/Practice2_Node/install/village_cheung/lib/pkgconfig/village_cheung.pc'
[3.427s] Level 1:colcon.colcon_core.environment:checking '/home/lio/Desktop/ROSPractice/Practice2_Node/install/village_cheung/lib/python3.10/site-packages'
[3.427s] Level 1:colcon.colcon_core.environment:checking '/home/lio/Desktop/ROSPractice/Practice2_Node/install/village_cheung/bin'
[3.428s] INFO:colcon.colcon_core.shell:Creating package script '/home/lio/Desktop/ROSPractice/Practice2_Node/install/village_cheung/share/village_cheung/package.ps1'
[3.429s] INFO:colcon.colcon_core.shell:Creating package descriptor '/home/lio/Desktop/ROSPractice/Practice2_Node/install/village_cheung/share/village_cheung/package.dsv'
[3.429s] INFO:colcon.colcon_core.shell:Creating package script '/home/lio/Desktop/ROSPractice/Practice2_Node/install/village_cheung/share/village_cheung/package.sh'
[3.429s] INFO:colcon.colcon_core.shell:Creating package script '/home/lio/Desktop/ROSPractice/Practice2_Node/install/village_cheung/share/village_cheung/package.bash'
[3.429s] INFO:colcon.colcon_core.shell:Creating package script '/home/lio/Desktop/ROSPractice/Practice2_Node/install/village_cheung/share/village_cheung/package.zsh'
[3.429s] Level 1:colcon.colcon_core.environment:create_file_with_runtime_dependencies(/home/lio/Desktop/ROSPractice/Practice2_Node/install/village_cheung/share/colcon-core/packages/village_cheung)
[3.444s] Level 1:colcon.colcon_core.environment:create_environment_scripts_only(village_cheung)
[3.446s] Level 1:colcon.colcon_core.environment:checking '/home/lio/Desktop/ROSPractice/Practice2_Node/install/village_cheung' for CMake module files
[3.446s] Level 1:colcon.colcon_core.environment:checking '/home/lio/Desktop/ROSPractice/Practice2_Node/install/village_cheung' for CMake config files
[3.446s] Level 1:colcon.colcon_core.shell:create_environment_hook('village_cheung', 'cmake_prefix_path')
[3.447s] INFO:colcon.colcon_core.shell:Creating environment hook '/home/lio/Desktop/ROSPractice/Practice2_Node/install/village_cheung/share/village_cheung/hook/cmake_prefix_path.ps1'
[3.448s] INFO:colcon.colcon_core.shell:Creating environment descriptor '/home/lio/Desktop/ROSPractice/Practice2_Node/install/village_cheung/share/village_cheung/hook/cmake_prefix_path.dsv'
[3.448s] INFO:colcon.colcon_core.shell:Creating environment hook '/home/lio/Desktop/ROSPractice/Practice2_Node/install/village_cheung/share/village_cheung/hook/cmake_prefix_path.sh'
[3.448s] Level 1:colcon.colcon_core.environment:checking '/home/lio/Desktop/ROSPractice/Practice2_Node/install/village_cheung/lib'
[3.448s] Level 1:colcon.colcon_core.environment:checking '/home/lio/Desktop/ROSPractice/Practice2_Node/install/village_cheung/bin'
[3.448s] Level 1:colcon.colcon_core.environment:checking '/home/lio/Desktop/ROSPractice/Practice2_Node/install/village_cheung/lib/pkgconfig/village_cheung.pc'
[3.448s] Level 1:colcon.colcon_core.environment:checking '/home/lio/Desktop/ROSPractice/Practice2_Node/install/village_cheung/lib/python3.10/site-packages'
[3.449s] Level 1:colcon.colcon_core.environment:checking '/home/lio/Desktop/ROSPractice/Practice2_Node/install/village_cheung/bin'
[3.450s] INFO:colcon.colcon_core.shell:Creating package script '/home/lio/Desktop/ROSPractice/Practice2_Node/install/village_cheung/share/village_cheung/package.ps1'
[3.450s] INFO:colcon.colcon_core.shell:Creating package descriptor '/home/lio/Desktop/ROSPractice/Practice2_Node/install/village_cheung/share/village_cheung/package.dsv'
[3.450s] INFO:colcon.colcon_core.shell:Creating package script '/home/lio/Desktop/ROSPractice/Practice2_Node/install/village_cheung/share/village_cheung/package.sh'
[3.451s] INFO:colcon.colcon_core.shell:Creating package script '/home/lio/Desktop/ROSPractice/Practice2_Node/install/village_cheung/share/village_cheung/package.bash'
[3.451s] INFO:colcon.colcon_core.shell:Creating package script '/home/lio/Desktop/ROSPractice/Practice2_Node/install/village_cheung/share/village_cheung/package.zsh'
[3.451s] Level 1:colcon.colcon_core.environment:create_file_with_runtime_dependencies(/home/lio/Desktop/ROSPractice/Practice2_Node/install/village_cheung/share/colcon-core/packages/village_cheung)
[3.451s] DEBUG:colcon.colcon_parallel_executor.executor.parallel:closing loop
[3.451s] DEBUG:colcon.colcon_parallel_executor.executor.parallel:loop closed
[3.451s] DEBUG:colcon.colcon_parallel_executor.executor.parallel:run_until_complete finished with '0'
[3.452s] DEBUG:colcon.colcon_core.event_reactor:joining thread
[3.457s] INFO:colcon.colcon_core.plugin_system:Skipping extension 'colcon_notification.desktop_notification.terminal_notifier': Not used on non-Darwin systems
[3.457s] INFO:colcon.colcon_core.plugin_system:Skipping extension 'colcon_notification.desktop_notification.win32': Not used on non-Windows systems
[3.457s] INFO:colcon.colcon_notification.desktop_notification:Sending desktop notification using 'notify2'
[3.465s] DEBUG:colcon.colcon_core.event_reactor:joined thread
[3.466s] INFO:colcon.colcon_core.shell:Creating prefix script '/home/lio/Desktop/ROSPractice/Practice2_Node/install/local_setup.ps1'
[3.467s] INFO:colcon.colcon_core.shell:Creating prefix util module '/home/lio/Desktop/ROSPractice/Practice2_Node/install/_local_setup_util_ps1.py'
[3.468s] INFO:colcon.colcon_core.shell:Creating prefix chain script '/home/lio/Desktop/ROSPractice/Practice2_Node/install/setup.ps1'
[3.469s] INFO:colcon.colcon_core.shell:Creating prefix script '/home/lio/Desktop/ROSPractice/Practice2_Node/install/local_setup.sh'
[3.469s] INFO:colcon.colcon_core.shell:Creating prefix util module '/home/lio/Desktop/ROSPractice/Practice2_Node/install/_local_setup_util_sh.py'
[3.470s] INFO:colcon.colcon_core.shell:Creating prefix chain script '/home/lio/Desktop/ROSPractice/Practice2_Node/install/setup.sh'
[3.470s] INFO:colcon.colcon_core.shell:Creating prefix script '/home/lio/Desktop/ROSPractice/Practice2_Node/install/local_setup.bash'
[3.471s] INFO:colcon.colcon_core.shell:Creating prefix chain script '/home/lio/Desktop/ROSPractice/Practice2_Node/install/setup.bash'
[3.472s] INFO:colcon.colcon_core.shell:Creating prefix script '/home/lio/Desktop/ROSPractice/Practice2_Node/install/local_setup.zsh'
[3.472s] INFO:colcon.colcon_core.shell:Creating prefix chain script '/home/lio/Desktop/ROSPractice/Practice2_Node/install/setup.zsh'
