[0.229s] Invoking command in '/home/lio/Desktop/ROSPractice/Practice3_Topic/build/village_chen_cpp': CMAKE_PREFIX_PATH=${CMAKE_PREFIX_PATH}:/home/lio/Desktop/ROSPractice/Practice3_Topic/install/village_chen:/opt/ros/humble /usr/bin/cmake --build /home/lio/Desktop/ROSPractice/Practice3_Topic/build/village_chen_cpp -- -j12 -l12
[0.244s] -- Found ament_cmake: 1.3.3 (/opt/ros/humble/share/ament_cmake/cmake)
[0.353s] -- Found rclcpp: 16.0.2 (/opt/ros/humble/share/rclcpp/cmake)
[0.378s] -- Found rosidl_generator_c: 3.1.4 (/opt/ros/humble/share/rosidl_generator_c/cmake)
[0.380s] -- Found rosidl_adapter: 3.1.4 (/opt/ros/humble/share/rosidl_adapter/cmake)
[0.385s] -- Found rosidl_generator_cpp: 3.1.4 (/opt/ros/humble/share/rosidl_generator_cpp/cmake)
[0.394s] -- Using all available rosidl_typesupport_c: rosidl_typesupport_fastrtps_c;rosidl_typesupport_introspection_c
[0.407s] -- Using all available rosidl_typesupport_cpp: rosidl_typesupport_fastrtps_cpp;rosidl_typesupport_introspection_cpp
[0.458s] -- Found rmw_implementation_cmake: 6.1.1 (/opt/ros/humble/share/rmw_implementation_cmake/cmake)
[0.459s] -- Found rmw_fastrtps_cpp: 6.2.2 (/opt/ros/humble/share/rmw_fastrtps_cpp/cmake)
[0.546s] -- Using RMW implementation 'rmw_fastrtps_cpp' as default
[0.686s] -- Found ament_lint_auto: 0.12.4 (/opt/ros/humble/share/ament_lint_auto/cmake)
[0.741s] -- Added test 'cppcheck' to perform static code analysis on C / C++ code
[0.741s] -- Configured cppcheck include dirs: 
[0.741s] -- Configured cppcheck exclude dirs and/or files: 
[0.741s] -- Added test 'lint_cmake' to check CMake code style
[0.742s] -- Added test 'uncrustify' to check C / C++ code style
[0.742s] -- Configured uncrustify additional arguments: 
[0.742s] -- Added test 'xmllint' to check XML markup files
[0.743s] -- Configuring done
[0.751s] -- Generating done
[0.751s] -- Build files have been written to: /home/lio/Desktop/ROSPractice/Practice3_Topic/build/village_chen_cpp
[0.767s] [35m[1mConsolidate compiler generated dependencies of target chen_pub_node[0m
[0.778s] [ 50%] [32mBuilding CXX object CMakeFiles/chen_pub_node.dir/src/chen_pub.cpp.o[0m
[7.092s] [100%] [32m[1mLinking CXX executable chen_pub_node[0m
[7.357s] [100%] Built target chen_pub_node
[7.363s] Invoked command in '/home/lio/Desktop/ROSPractice/Practice3_Topic/build/village_chen_cpp' returned '0': CMAKE_PREFIX_PATH=${CMAKE_PREFIX_PATH}:/home/lio/Desktop/ROSPractice/Practice3_Topic/install/village_chen:/opt/ros/humble /usr/bin/cmake --build /home/lio/Desktop/ROSPractice/Practice3_Topic/build/village_chen_cpp -- -j12 -l12
[7.381s] Invoking command in '/home/lio/Desktop/ROSPractice/Practice3_Topic/build/village_chen_cpp': CMAKE_PREFIX_PATH=${CMAKE_PREFIX_PATH}:/home/lio/Desktop/ROSPractice/Practice3_Topic/install/village_chen:/opt/ros/humble /usr/bin/cmake --install /home/lio/Desktop/ROSPractice/Practice3_Topic/build/village_chen_cpp
[7.385s] -- Install configuration: ""
[7.385s] -- Up-to-date: /home/lio/Desktop/ROSPractice/Practice3_Topic/install/village_chen_cpp/share/ament_index/resource_index/package_run_dependencies/village_chen_cpp
[7.385s] -- Up-to-date: /home/lio/Desktop/ROSPractice/Practice3_Topic/install/village_chen_cpp/share/ament_index/resource_index/parent_prefix_path/village_chen_cpp
[7.385s] -- Up-to-date: /home/lio/Desktop/ROSPractice/Practice3_Topic/install/village_chen_cpp/share/village_chen_cpp/environment/ament_prefix_path.sh
[7.385s] -- Installing: /home/lio/Desktop/ROSPractice/Practice3_Topic/install/village_chen_cpp/share/village_chen_cpp/environment/ament_prefix_path.dsv
[7.385s] -- Up-to-date: /home/lio/Desktop/ROSPractice/Practice3_Topic/install/village_chen_cpp/share/village_chen_cpp/environment/path.sh
[7.385s] -- Installing: /home/lio/Desktop/ROSPractice/Practice3_Topic/install/village_chen_cpp/share/village_chen_cpp/environment/path.dsv
[7.385s] -- Up-to-date: /home/lio/Desktop/ROSPractice/Practice3_Topic/install/village_chen_cpp/share/village_chen_cpp/local_setup.bash
[7.385s] -- Up-to-date: /home/lio/Desktop/ROSPractice/Practice3_Topic/install/village_chen_cpp/share/village_chen_cpp/local_setup.sh
[7.385s] -- Up-to-date: /home/lio/Desktop/ROSPractice/Practice3_Topic/install/village_chen_cpp/share/village_chen_cpp/local_setup.zsh
[7.385s] -- Installing: /home/lio/Desktop/ROSPractice/Practice3_Topic/install/village_chen_cpp/share/village_chen_cpp/local_setup.dsv
[7.385s] -- Installing: /home/lio/Desktop/ROSPractice/Practice3_Topic/install/village_chen_cpp/share/village_chen_cpp/package.dsv
[7.385s] -- Up-to-date: /home/lio/Desktop/ROSPractice/Practice3_Topic/install/village_chen_cpp/share/ament_index/resource_index/packages/village_chen_cpp
[7.385s] -- Up-to-date: /home/lio/Desktop/ROSPractice/Practice3_Topic/install/village_chen_cpp/share/village_chen_cpp/cmake/village_chen_cppConfig.cmake
[7.386s] -- Up-to-date: /home/lio/Desktop/ROSPractice/Practice3_Topic/install/village_chen_cpp/share/village_chen_cpp/cmake/village_chen_cppConfig-version.cmake
[7.386s] -- Up-to-date: /home/lio/Desktop/ROSPractice/Practice3_Topic/install/village_chen_cpp/share/village_chen_cpp/package.xml
[7.386s] -- Installing: /home/lio/Desktop/ROSPractice/Practice3_Topic/install/village_chen_cpp/lib/village_chen_cpp/chen_pub_node
[7.388s] -- Set runtime path of "/home/lio/Desktop/ROSPractice/Practice3_Topic/install/village_chen_cpp/lib/village_chen_cpp/chen_pub_node" to ""
[7.391s] Invoked command in '/home/lio/Desktop/ROSPractice/Practice3_Topic/build/village_chen_cpp' returned '0': CMAKE_PREFIX_PATH=${CMAKE_PREFIX_PATH}:/home/lio/Desktop/ROSPractice/Practice3_Topic/install/village_chen:/opt/ros/humble /usr/bin/cmake --install /home/lio/Desktop/ROSPractice/Practice3_Topic/build/village_chen_cpp
