[0.116s] DEBUG:colcon:Command line arguments: ['/usr/bin/colcon', 'build']
[0.116s] DEBUG:colcon:Parsed command line arguments: Namespace(log_base=None, log_level=None, verb_name='build', build_base='build', install_base='install', merge_install=False, symlink_install=False, test_result_base=None, continue_on_error=False, executor='parallel', parallel_workers=12, event_handlers=None, ignore_user_meta=False, metas=['./colcon.meta'], base_paths=['.'], packages_ignore=None, packages_ignore_regex=None, paths=None, packages_up_to=None, packages_up_to_regex=None, packages_above=None, packages_above_and_dependencies=None, packages_above_depth=None, packages_select_by_dep=None, packages_skip_by_dep=None, packages_skip_up_to=None, packages_select_build_failed=False, packages_skip_build_finished=False, packages_select_test_failures=False, packages_skip_test_passed=False, packages_select=None, packages_skip=None, packages_select_regex=None, packages_skip_regex=None, packages_start=None, packages_end=None, allow_overriding=[], cmake_args=None, cmake_target=None, cmake_target_skip_unavailable=False, cmake_clean_cache=False, cmake_clean_first=False, cmake_force_configure=False, ament_cmake_args=None, catkin_cmake_args=None, catkin_skip_building_tests=False, verb_parser=<colcon_defaults.argument_parser.defaults.DefaultArgumentsDecorator object at 0x7f343758edd0>, verb_extension=<colcon_core.verb.build.BuildVerb object at 0x7f343758e860>, main=<bound method BuildVerb.main of <colcon_core.verb.build.BuildVerb object at 0x7f343758e860>>)
[0.136s] Level 1:colcon.colcon_core.package_discovery:discover_packages(colcon_meta) check parameters
[0.136s] Level 1:colcon.colcon_core.package_discovery:discover_packages(recursive) check parameters
[0.136s] Level 1:colcon.colcon_core.package_discovery:discover_packages(ignore) check parameters
[0.136s] Level 1:colcon.colcon_core.package_discovery:discover_packages(path) check parameters
[0.136s] Level 1:colcon.colcon_core.package_discovery:discover_packages(colcon_meta) discover
[0.137s] Level 1:colcon.colcon_core.package_discovery:discover_packages(recursive) discover
[0.137s] INFO:colcon.colcon_core.package_discovery:Crawling recursively for packages in '/home/lio/Desktop/ROSPractice/Practice2_Node'
[0.137s] Level 1:colcon.colcon_core.package_identification:_identify(.) by extensions ['ignore', 'ignore_ament_install']
[0.137s] Level 1:colcon.colcon_core.package_identification:_identify(.) by extension 'ignore'
[0.137s] Level 1:colcon.colcon_core.package_identification:_identify(.) by extension 'ignore_ament_install'
[0.137s] Level 1:colcon.colcon_core.package_identification:_identify(.) by extensions ['colcon_pkg']
[0.137s] Level 1:colcon.colcon_core.package_identification:_identify(.) by extension 'colcon_pkg'
[0.137s] Level 1:colcon.colcon_core.package_identification:_identify(.) by extensions ['colcon_meta']
[0.137s] Level 1:colcon.colcon_core.package_identification:_identify(.) by extension 'colcon_meta'
[0.137s] Level 1:colcon.colcon_core.package_identification:_identify(.) by extensions ['ros']
[0.137s] Level 1:colcon.colcon_core.package_identification:_identify(.) by extension 'ros'
[0.146s] Level 1:colcon.colcon_core.package_identification:_identify(.) by extensions ['cmake', 'python']
[0.146s] Level 1:colcon.colcon_core.package_identification:_identify(.) by extension 'cmake'
[0.146s] Level 1:colcon.colcon_core.package_identification:_identify(.) by extension 'python'
[0.146s] Level 1:colcon.colcon_core.package_identification:_identify(.) by extensions ['python_setup_py']
[0.146s] Level 1:colcon.colcon_core.package_identification:_identify(.) by extension 'python_setup_py'
[0.146s] Level 1:colcon.colcon_core.package_identification:_identify(build) by extensions ['ignore', 'ignore_ament_install']
[0.146s] Level 1:colcon.colcon_core.package_identification:_identify(build) by extension 'ignore'
[0.146s] Level 1:colcon.colcon_core.package_identification:_identify(build) ignored
[0.146s] Level 1:colcon.colcon_core.package_identification:_identify(install) by extensions ['ignore', 'ignore_ament_install']
[0.146s] Level 1:colcon.colcon_core.package_identification:_identify(install) by extension 'ignore'
[0.147s] Level 1:colcon.colcon_core.package_identification:_identify(install) ignored
[0.147s] Level 1:colcon.colcon_core.package_identification:_identify(log) by extensions ['ignore', 'ignore_ament_install']
[0.147s] Level 1:colcon.colcon_core.package_identification:_identify(log) by extension 'ignore'
[0.147s] Level 1:colcon.colcon_core.package_identification:_identify(log) ignored
[0.147s] Level 1:colcon.colcon_core.package_identification:_identify(src) by extensions ['ignore', 'ignore_ament_install']
[0.147s] Level 1:colcon.colcon_core.package_identification:_identify(src) by extension 'ignore'
[0.147s] Level 1:colcon.colcon_core.package_identification:_identify(src) by extension 'ignore_ament_install'
[0.147s] Level 1:colcon.colcon_core.package_identification:_identify(src) by extensions ['colcon_pkg']
[0.147s] Level 1:colcon.colcon_core.package_identification:_identify(src) by extension 'colcon_pkg'
[0.147s] Level 1:colcon.colcon_core.package_identification:_identify(src) by extensions ['colcon_meta']
[0.147s] Level 1:colcon.colcon_core.package_identification:_identify(src) by extension 'colcon_meta'
[0.147s] Level 1:colcon.colcon_core.package_identification:_identify(src) by extensions ['ros']
[0.147s] Level 1:colcon.colcon_core.package_identification:_identify(src) by extension 'ros'
[0.147s] Level 1:colcon.colcon_core.package_identification:_identify(src) by extensions ['cmake', 'python']
[0.147s] Level 1:colcon.colcon_core.package_identification:_identify(src) by extension 'cmake'
[0.147s] Level 1:colcon.colcon_core.package_identification:_identify(src) by extension 'python'
[0.147s] Level 1:colcon.colcon_core.package_identification:_identify(src) by extensions ['python_setup_py']
[0.147s] Level 1:colcon.colcon_core.package_identification:_identify(src) by extension 'python_setup_py'
[0.147s] Level 1:colcon.colcon_core.package_identification:_identify(src/village_cheung) by extensions ['ignore', 'ignore_ament_install']
[0.148s] Level 1:colcon.colcon_core.package_identification:_identify(src/village_cheung) by extension 'ignore'
[0.148s] Level 1:colcon.colcon_core.package_identification:_identify(src/village_cheung) by extension 'ignore_ament_install'
[0.148s] Level 1:colcon.colcon_core.package_identification:_identify(src/village_cheung) by extensions ['colcon_pkg']
[0.148s] Level 1:colcon.colcon_core.package_identification:_identify(src/village_cheung) by extension 'colcon_pkg'
[0.148s] Level 1:colcon.colcon_core.package_identification:_identify(src/village_cheung) by extensions ['colcon_meta']
[0.148s] Level 1:colcon.colcon_core.package_identification:_identify(src/village_cheung) by extension 'colcon_meta'
[0.148s] Level 1:colcon.colcon_core.package_identification:_identify(src/village_cheung) by extensions ['ros']
[0.148s] Level 1:colcon.colcon_core.package_identification:_identify(src/village_cheung) by extension 'ros'
[0.150s] DEBUG:colcon.colcon_core.package_identification:Package 'src/village_cheung' with type 'ros.ament_cmake' and name 'village_cheung'
[0.150s] Level 1:colcon.colcon_core.package_identification:_identify(src/village_li) by extensions ['ignore', 'ignore_ament_install']
[0.150s] Level 1:colcon.colcon_core.package_identification:_identify(src/village_li) by extension 'ignore'
[0.150s] Level 1:colcon.colcon_core.package_identification:_identify(src/village_li) by extension 'ignore_ament_install'
[0.150s] Level 1:colcon.colcon_core.package_identification:_identify(src/village_li) by extensions ['colcon_pkg']
[0.150s] Level 1:colcon.colcon_core.package_identification:_identify(src/village_li) by extension 'colcon_pkg'
[0.150s] Level 1:colcon.colcon_core.package_identification:_identify(src/village_li) by extensions ['colcon_meta']
[0.150s] Level 1:colcon.colcon_core.package_identification:_identify(src/village_li) by extension 'colcon_meta'
[0.150s] Level 1:colcon.colcon_core.package_identification:_identify(src/village_li) by extensions ['ros']
[0.150s] Level 1:colcon.colcon_core.package_identification:_identify(src/village_li) by extension 'ros'
[0.150s] DEBUG:colcon.colcon_core.package_identification:Package 'src/village_li' with type 'ros.ament_python' and name 'village_li'
[0.150s] Level 1:colcon.colcon_core.package_identification:_identify(src/village_wang) by extensions ['ignore', 'ignore_ament_install']
[0.151s] Level 1:colcon.colcon_core.package_identification:_identify(src/village_wang) by extension 'ignore'
[0.151s] Level 1:colcon.colcon_core.package_identification:_identify(src/village_wang) by extension 'ignore_ament_install'
[0.151s] Level 1:colcon.colcon_core.package_identification:_identify(src/village_wang) by extensions ['colcon_pkg']
[0.151s] Level 1:colcon.colcon_core.package_identification:_identify(src/village_wang) by extension 'colcon_pkg'
[0.151s] Level 1:colcon.colcon_core.package_identification:_identify(src/village_wang) by extensions ['colcon_meta']
[0.151s] Level 1:colcon.colcon_core.package_identification:_identify(src/village_wang) by extension 'colcon_meta'
[0.151s] Level 1:colcon.colcon_core.package_identification:_identify(src/village_wang) by extensions ['ros']
[0.151s] Level 1:colcon.colcon_core.package_identification:_identify(src/village_wang) by extension 'ros'
[0.151s] DEBUG:colcon.colcon_core.package_identification:Package 'src/village_wang' with type 'ros.ament_cmake' and name 'village_wang'
[0.151s] Level 1:colcon.colcon_core.package_discovery:discover_packages(recursive) using defaults
[0.151s] Level 1:colcon.colcon_core.package_discovery:discover_packages(ignore) discover
[0.151s] Level 1:colcon.colcon_core.package_discovery:discover_packages(ignore) using defaults
[0.151s] Level 1:colcon.colcon_core.package_discovery:discover_packages(path) discover
[0.151s] Level 1:colcon.colcon_core.package_discovery:discover_packages(path) using defaults
[0.169s] Level 1:colcon.colcon_core.package_discovery:discover_packages(prefix_path) check parameters
[0.169s] Level 1:colcon.colcon_core.package_discovery:discover_packages(prefix_path) discover
[0.171s] DEBUG:colcon.colcon_installed_package_information.package_discovery:Found 3 installed packages in /home/lio/Desktop/ROSPractice/Practice2_Node/install
[0.172s] DEBUG:colcon.colcon_installed_package_information.package_discovery:Found 270 installed packages in /opt/ros/humble
[0.173s] Level 1:colcon.colcon_core.package_discovery:discover_packages(prefix_path) using defaults
[0.217s] Level 5:colcon.colcon_core.verb:set package 'village_cheung' build argument 'cmake_args' from command line to 'None'
[0.217s] Level 5:colcon.colcon_core.verb:set package 'village_cheung' build argument 'cmake_target' from command line to 'None'
[0.217s] Level 5:colcon.colcon_core.verb:set package 'village_cheung' build argument 'cmake_target_skip_unavailable' from command line to 'False'
[0.217s] Level 5:colcon.colcon_core.verb:set package 'village_cheung' build argument 'cmake_clean_cache' from command line to 'False'
[0.217s] Level 5:colcon.colcon_core.verb:set package 'village_cheung' build argument 'cmake_clean_first' from command line to 'False'
[0.217s] Level 5:colcon.colcon_core.verb:set package 'village_cheung' build argument 'cmake_force_configure' from command line to 'False'
[0.217s] Level 5:colcon.colcon_core.verb:set package 'village_cheung' build argument 'ament_cmake_args' from command line to 'None'
[0.217s] Level 5:colcon.colcon_core.verb:set package 'village_cheung' build argument 'catkin_cmake_args' from command line to 'None'
[0.217s] Level 5:colcon.colcon_core.verb:set package 'village_cheung' build argument 'catkin_skip_building_tests' from command line to 'False'
[0.217s] DEBUG:colcon.colcon_core.verb:Building package 'village_cheung' with the following arguments: {'ament_cmake_args': None, 'build_base': '/home/lio/Desktop/ROSPractice/Practice2_Node/build/village_cheung', 'catkin_cmake_args': None, 'catkin_skip_building_tests': False, 'cmake_args': None, 'cmake_clean_cache': False, 'cmake_clean_first': False, 'cmake_force_configure': False, 'cmake_target': None, 'cmake_target_skip_unavailable': False, 'install_base': '/home/lio/Desktop/ROSPractice/Practice2_Node/install/village_cheung', 'merge_install': False, 'path': '/home/lio/Desktop/ROSPractice/Practice2_Node/src/village_cheung', 'symlink_install': False, 'test_result_base': None}
[0.218s] Level 5:colcon.colcon_core.verb:set package 'village_li' build argument 'cmake_args' from command line to 'None'
[0.218s] Level 5:colcon.colcon_core.verb:set package 'village_li' build argument 'cmake_target' from command line to 'None'
[0.218s] Level 5:colcon.colcon_core.verb:set package 'village_li' build argument 'cmake_target_skip_unavailable' from command line to 'False'
[0.218s] Level 5:colcon.colcon_core.verb:set package 'village_li' build argument 'cmake_clean_cache' from command line to 'False'
[0.218s] Level 5:colcon.colcon_core.verb:set package 'village_li' build argument 'cmake_clean_first' from command line to 'False'
[0.218s] Level 5:colcon.colcon_core.verb:set package 'village_li' build argument 'cmake_force_configure' from command line to 'False'
[0.218s] Level 5:colcon.colcon_core.verb:set package 'village_li' build argument 'ament_cmake_args' from command line to 'None'
[0.218s] Level 5:colcon.colcon_core.verb:set package 'village_li' build argument 'catkin_cmake_args' from command line to 'None'
[0.218s] Level 5:colcon.colcon_core.verb:set package 'village_li' build argument 'catkin_skip_building_tests' from command line to 'False'
[0.218s] DEBUG:colcon.colcon_core.verb:Building package 'village_li' with the following arguments: {'ament_cmake_args': None, 'build_base': '/home/lio/Desktop/ROSPractice/Practice2_Node/build/village_li', 'catkin_cmake_args': None, 'catkin_skip_building_tests': False, 'cmake_args': None, 'cmake_clean_cache': False, 'cmake_clean_first': False, 'cmake_force_configure': False, 'cmake_target': None, 'cmake_target_skip_unavailable': False, 'install_base': '/home/lio/Desktop/ROSPractice/Practice2_Node/install/village_li', 'merge_install': False, 'path': '/home/lio/Desktop/ROSPractice/Practice2_Node/src/village_li', 'symlink_install': False, 'test_result_base': None}
[0.219s] Level 5:colcon.colcon_core.verb:set package 'village_wang' build argument 'cmake_args' from command line to 'None'
[0.219s] Level 5:colcon.colcon_core.verb:set package 'village_wang' build argument 'cmake_target' from command line to 'None'
[0.219s] Level 5:colcon.colcon_core.verb:set package 'village_wang' build argument 'cmake_target_skip_unavailable' from command line to 'False'
[0.219s] Level 5:colcon.colcon_core.verb:set package 'village_wang' build argument 'cmake_clean_cache' from command line to 'False'
[0.219s] Level 5:colcon.colcon_core.verb:set package 'village_wang' build argument 'cmake_clean_first' from command line to 'False'
[0.219s] Level 5:colcon.colcon_core.verb:set package 'village_wang' build argument 'cmake_force_configure' from command line to 'False'
[0.219s] Level 5:colcon.colcon_core.verb:set package 'village_wang' build argument 'ament_cmake_args' from command line to 'None'
[0.219s] Level 5:colcon.colcon_core.verb:set package 'village_wang' build argument 'catkin_cmake_args' from command line to 'None'
[0.219s] Level 5:colcon.colcon_core.verb:set package 'village_wang' build argument 'catkin_skip_building_tests' from command line to 'False'
[0.219s] DEBUG:colcon.colcon_core.verb:Building package 'village_wang' with the following arguments: {'ament_cmake_args': None, 'build_base': '/home/lio/Desktop/ROSPractice/Practice2_Node/build/village_wang', 'catkin_cmake_args': None, 'catkin_skip_building_tests': False, 'cmake_args': None, 'cmake_clean_cache': False, 'cmake_clean_first': False, 'cmake_force_configure': False, 'cmake_target': None, 'cmake_target_skip_unavailable': False, 'install_base': '/home/lio/Desktop/ROSPractice/Practice2_Node/install/village_wang', 'merge_install': False, 'path': '/home/lio/Desktop/ROSPractice/Practice2_Node/src/village_wang', 'symlink_install': False, 'test_result_base': None}
[0.220s] INFO:colcon.colcon_core.executor:Executing jobs using 'parallel' executor
[0.223s] DEBUG:colcon.colcon_parallel_executor.executor.parallel:run_until_complete
[0.223s] INFO:colcon.colcon_ros.task.ament_cmake.build:Building ROS package in '/home/lio/Desktop/ROSPractice/Practice2_Node/src/village_cheung' with build type 'ament_cmake'
[0.223s] INFO:colcon.colcon_cmake.task.cmake.build:Building CMake package in '/home/lio/Desktop/ROSPractice/Practice2_Node/src/village_cheung'
[0.226s] INFO:colcon.colcon_core.plugin_system:Skipping extension 'colcon_core.shell.bat': Not used on non-Windows systems
[0.227s] INFO:colcon.colcon_core.shell:Skip shell extension 'powershell' for command environment: Not usable outside of PowerShell
[0.227s] DEBUG:colcon.colcon_core.shell:Skip shell extension 'dsv' for command environment
[0.230s] INFO:colcon.colcon_ros.task.ament_python.build:Building ROS package in '/home/lio/Desktop/ROSPractice/Practice2_Node/src/village_li' with build type 'ament_python'
[0.230s] Level 1:colcon.colcon_core.shell:create_environment_hook('village_li', 'ament_prefix_path')
[0.232s] INFO:colcon.colcon_core.shell:Creating environment hook '/home/lio/Desktop/ROSPractice/Practice2_Node/install/village_li/share/village_li/hook/ament_prefix_path.ps1'
[0.233s] INFO:colcon.colcon_core.shell:Creating environment descriptor '/home/lio/Desktop/ROSPractice/Practice2_Node/install/village_li/share/village_li/hook/ament_prefix_path.dsv'
[0.233s] INFO:colcon.colcon_core.shell:Creating environment hook '/home/lio/Desktop/ROSPractice/Practice2_Node/install/village_li/share/village_li/hook/ament_prefix_path.sh'
[0.234s] INFO:colcon.colcon_core.shell:Skip shell extension 'powershell' for command environment: Not usable outside of PowerShell
[0.234s] DEBUG:colcon.colcon_core.shell:Skip shell extension 'dsv' for command environment
[0.238s] INFO:colcon.colcon_ros.task.ament_cmake.build:Building ROS package in '/home/lio/Desktop/ROSPractice/Practice2_Node/src/village_wang' with build type 'ament_cmake'
[0.238s] INFO:colcon.colcon_cmake.task.cmake.build:Building CMake package in '/home/lio/Desktop/ROSPractice/Practice2_Node/src/village_wang'
[0.239s] INFO:colcon.colcon_core.shell:Skip shell extension 'powershell' for command environment: Not usable outside of PowerShell
[0.239s] DEBUG:colcon.colcon_core.shell:Skip shell extension 'dsv' for command environment
[0.249s] DEBUG:colcon.colcon_core.event_handler.log_command:Invoking command in '/home/lio/Desktop/ROSPractice/Practice2_Node/build/village_cheung': CMAKE_PREFIX_PATH=${CMAKE_PREFIX_PATH}:/home/lio/Desktop/ROSPractice/Practice2_Node/install/village_li:/opt/ros/humble /usr/bin/cmake --build /home/lio/Desktop/ROSPractice/Practice2_Node/build/village_cheung -- -j12 -l12
[0.461s] INFO:colcon.colcon_core.task.python.build:Building Python package in '/home/lio/Desktop/ROSPractice/Practice2_Node/src/village_li'
[0.463s] INFO:colcon.colcon_core.shell:Skip shell extension 'powershell' for command environment: Not usable outside of PowerShell
[0.463s] DEBUG:colcon.colcon_core.shell:Skip shell extension 'dsv' for command environment
[0.470s] DEBUG:colcon.colcon_core.event_handler.log_command:Invoking command in '/home/lio/Desktop/ROSPractice/Practice2_Node/build/village_wang': CMAKE_PREFIX_PATH=${CMAKE_PREFIX_PATH}:/home/lio/Desktop/ROSPractice/Practice2_Node/install/village_li:/opt/ros/humble /usr/bin/cmake --build /home/lio/Desktop/ROSPractice/Practice2_Node/build/village_wang -- -j12 -l12
[0.507s] DEBUG:colcon.colcon_core.event_handler.log_command:Invoked command in '/home/lio/Desktop/ROSPractice/Practice2_Node/build/village_wang' returned '0': CMAKE_PREFIX_PATH=${CMAKE_PREFIX_PATH}:/home/lio/Desktop/ROSPractice/Practice2_Node/install/village_li:/opt/ros/humble /usr/bin/cmake --build /home/lio/Desktop/ROSPractice/Practice2_Node/build/village_wang -- -j12 -l12
[0.527s] DEBUG:colcon.colcon_core.event_handler.log_command:Invoking command in '/home/lio/Desktop/ROSPractice/Practice2_Node/build/village_wang': CMAKE_PREFIX_PATH=${CMAKE_PREFIX_PATH}:/home/lio/Desktop/ROSPractice/Practice2_Node/install/village_li:/opt/ros/humble /usr/bin/cmake --install /home/lio/Desktop/ROSPractice/Practice2_Node/build/village_wang
[0.534s] Level 1:colcon.colcon_core.environment:create_environment_scripts_only(village_wang)
[0.534s] DEBUG:colcon.colcon_core.event_handler.log_command:Invoked command in '/home/lio/Desktop/ROSPractice/Practice2_Node/build/village_wang' returned '0': CMAKE_PREFIX_PATH=${CMAKE_PREFIX_PATH}:/home/lio/Desktop/ROSPractice/Practice2_Node/install/village_li:/opt/ros/humble /usr/bin/cmake --install /home/lio/Desktop/ROSPractice/Practice2_Node/build/village_wang
[0.538s] Level 1:colcon.colcon_core.environment:checking '/home/lio/Desktop/ROSPractice/Practice2_Node/install/village_wang' for CMake module files
[0.538s] Level 1:colcon.colcon_core.environment:checking '/home/lio/Desktop/ROSPractice/Practice2_Node/install/village_wang' for CMake config files
[0.538s] Level 1:colcon.colcon_core.shell:create_environment_hook('village_wang', 'cmake_prefix_path')
[0.540s] INFO:colcon.colcon_core.shell:Creating environment hook '/home/lio/Desktop/ROSPractice/Practice2_Node/install/village_wang/share/village_wang/hook/cmake_prefix_path.ps1'
[0.540s] INFO:colcon.colcon_core.shell:Creating environment descriptor '/home/lio/Desktop/ROSPractice/Practice2_Node/install/village_wang/share/village_wang/hook/cmake_prefix_path.dsv'
[0.540s] INFO:colcon.colcon_core.shell:Creating environment hook '/home/lio/Desktop/ROSPractice/Practice2_Node/install/village_wang/share/village_wang/hook/cmake_prefix_path.sh'
[0.541s] Level 1:colcon.colcon_core.environment:checking '/home/lio/Desktop/ROSPractice/Practice2_Node/install/village_wang/lib'
[0.541s] Level 1:colcon.colcon_core.environment:checking '/home/lio/Desktop/ROSPractice/Practice2_Node/install/village_wang/bin'
[0.541s] Level 1:colcon.colcon_core.environment:checking '/home/lio/Desktop/ROSPractice/Practice2_Node/install/village_wang/lib/pkgconfig/village_wang.pc'
[0.541s] Level 1:colcon.colcon_core.environment:checking '/home/lio/Desktop/ROSPractice/Practice2_Node/install/village_wang/lib/python3.10/site-packages'
[0.541s] Level 1:colcon.colcon_core.environment:checking '/home/lio/Desktop/ROSPractice/Practice2_Node/install/village_wang/bin'
[0.542s] INFO:colcon.colcon_core.shell:Creating package script '/home/lio/Desktop/ROSPractice/Practice2_Node/install/village_wang/share/village_wang/package.ps1'
[0.543s] INFO:colcon.colcon_core.shell:Creating package descriptor '/home/lio/Desktop/ROSPractice/Practice2_Node/install/village_wang/share/village_wang/package.dsv'
[0.544s] INFO:colcon.colcon_core.shell:Creating package script '/home/lio/Desktop/ROSPractice/Practice2_Node/install/village_wang/share/village_wang/package.sh'
[0.544s] INFO:colcon.colcon_core.shell:Creating package script '/home/lio/Desktop/ROSPractice/Practice2_Node/install/village_wang/share/village_wang/package.bash'
[0.545s] INFO:colcon.colcon_core.shell:Creating package script '/home/lio/Desktop/ROSPractice/Practice2_Node/install/village_wang/share/village_wang/package.zsh'
[0.546s] Level 1:colcon.colcon_core.environment:create_file_with_runtime_dependencies(/home/lio/Desktop/ROSPractice/Practice2_Node/install/village_wang/share/colcon-core/packages/village_wang)
[0.563s] Level 1:colcon.colcon_core.environment:create_environment_scripts_only(village_wang)
[0.566s] Level 1:colcon.colcon_core.environment:checking '/home/lio/Desktop/ROSPractice/Practice2_Node/install/village_wang' for CMake module files
[0.566s] Level 1:colcon.colcon_core.environment:checking '/home/lio/Desktop/ROSPractice/Practice2_Node/install/village_wang' for CMake config files
[0.567s] Level 1:colcon.colcon_core.shell:create_environment_hook('village_wang', 'cmake_prefix_path')
[0.568s] INFO:colcon.colcon_core.shell:Creating environment hook '/home/lio/Desktop/ROSPractice/Practice2_Node/install/village_wang/share/village_wang/hook/cmake_prefix_path.ps1'
[0.569s] INFO:colcon.colcon_core.shell:Creating environment descriptor '/home/lio/Desktop/ROSPractice/Practice2_Node/install/village_wang/share/village_wang/hook/cmake_prefix_path.dsv'
[0.569s] INFO:colcon.colcon_core.shell:Creating environment hook '/home/lio/Desktop/ROSPractice/Practice2_Node/install/village_wang/share/village_wang/hook/cmake_prefix_path.sh'
[0.570s] Level 1:colcon.colcon_core.environment:checking '/home/lio/Desktop/ROSPractice/Practice2_Node/install/village_wang/lib'
[0.570s] Level 1:colcon.colcon_core.environment:checking '/home/lio/Desktop/ROSPractice/Practice2_Node/install/village_wang/bin'
[0.570s] Level 1:colcon.colcon_core.environment:checking '/home/lio/Desktop/ROSPractice/Practice2_Node/install/village_wang/lib/pkgconfig/village_wang.pc'
[0.570s] Level 1:colcon.colcon_core.environment:checking '/home/lio/Desktop/ROSPractice/Practice2_Node/install/village_wang/lib/python3.10/site-packages'
[0.570s] Level 1:colcon.colcon_core.environment:checking '/home/lio/Desktop/ROSPractice/Practice2_Node/install/village_wang/bin'
[0.572s] INFO:colcon.colcon_core.shell:Creating package script '/home/lio/Desktop/ROSPractice/Practice2_Node/install/village_wang/share/village_wang/package.ps1'
[0.573s] INFO:colcon.colcon_core.shell:Creating package descriptor '/home/lio/Desktop/ROSPractice/Practice2_Node/install/village_wang/share/village_wang/package.dsv'
[0.573s] INFO:colcon.colcon_core.shell:Creating package script '/home/lio/Desktop/ROSPractice/Practice2_Node/install/village_wang/share/village_wang/package.sh'
[0.574s] INFO:colcon.colcon_core.shell:Creating package script '/home/lio/Desktop/ROSPractice/Practice2_Node/install/village_wang/share/village_wang/package.bash'
[0.574s] INFO:colcon.colcon_core.shell:Creating package script '/home/lio/Desktop/ROSPractice/Practice2_Node/install/village_wang/share/village_wang/package.zsh'
[0.575s] Level 1:colcon.colcon_core.environment:create_file_with_runtime_dependencies(/home/lio/Desktop/ROSPractice/Practice2_Node/install/village_wang/share/colcon-core/packages/village_wang)
[0.754s] DEBUG:colcon.colcon_core.event_handler.log_command:Invoking command in '/home/lio/Desktop/ROSPractice/Practice2_Node/build/village_li': PYTHONPATH=/home/lio/Desktop/ROSPractice/Practice2_Node/build/village_li/prefix_override:/home/lio/Desktop/ROSPractice/Practice2_Node/install/village_li/lib/python3.10/site-packages:${PYTHONPATH} /usr/bin/python3 setup.py develop --uninstall --editable --build-directory /home/lio/Desktop/ROSPractice/Practice2_Node/build/village_li/build
[1.131s] DEBUG:colcon.colcon_core.event_handler.log_command:Invoked command in '/home/lio/Desktop/ROSPractice/Practice2_Node/build/village_li' returned '0': PYTHONPATH=/home/lio/Desktop/ROSPractice/Practice2_Node/build/village_li/prefix_override:/home/lio/Desktop/ROSPractice/Practice2_Node/install/village_li/lib/python3.10/site-packages:${PYTHONPATH} /usr/bin/python3 setup.py develop --uninstall --editable --build-directory /home/lio/Desktop/ROSPractice/Practice2_Node/build/village_li/build
[1.133s] DEBUG:colcon.colcon_core.event_handler.log_command:Invoking command in '/home/lio/Desktop/ROSPractice/Practice2_Node/src/village_li': PYTHONPATH=/home/lio/Desktop/ROSPractice/Practice2_Node/build/village_li/prefix_override:/home/lio/Desktop/ROSPractice/Practice2_Node/install/village_li/lib/python3.10/site-packages:${PYTHONPATH} /usr/bin/python3 setup.py egg_info --egg-base ../../build/village_li build --build-base /home/lio/Desktop/ROSPractice/Practice2_Node/build/village_li/build install --record /home/lio/Desktop/ROSPractice/Practice2_Node/build/village_li/install.log --single-version-externally-managed
[1.372s] Level 1:colcon.colcon_core.environment:checking '/home/lio/Desktop/ROSPractice/Practice2_Node/install/village_li' for CMake module files
[1.373s] DEBUG:colcon.colcon_core.event_handler.log_command:Invoked command in '/home/lio/Desktop/ROSPractice/Practice2_Node/src/village_li' returned '0': PYTHONPATH=/home/lio/Desktop/ROSPractice/Practice2_Node/build/village_li/prefix_override:/home/lio/Desktop/ROSPractice/Practice2_Node/install/village_li/lib/python3.10/site-packages:${PYTHONPATH} /usr/bin/python3 setup.py egg_info --egg-base ../../build/village_li build --build-base /home/lio/Desktop/ROSPractice/Practice2_Node/build/village_li/build install --record /home/lio/Desktop/ROSPractice/Practice2_Node/build/village_li/install.log --single-version-externally-managed
[1.373s] Level 1:colcon.colcon_core.environment:checking '/home/lio/Desktop/ROSPractice/Practice2_Node/install/village_li' for CMake config files
[1.373s] Level 1:colcon.colcon_core.environment:checking '/home/lio/Desktop/ROSPractice/Practice2_Node/install/village_li/lib'
[1.373s] Level 1:colcon.colcon_core.environment:checking '/home/lio/Desktop/ROSPractice/Practice2_Node/install/village_li/bin'
[1.373s] Level 1:colcon.colcon_core.environment:checking '/home/lio/Desktop/ROSPractice/Practice2_Node/install/village_li/lib/pkgconfig/village_li.pc'
[1.374s] Level 1:colcon.colcon_core.environment:checking '/home/lio/Desktop/ROSPractice/Practice2_Node/install/village_li/lib/python3.10/site-packages'
[1.374s] Level 1:colcon.colcon_core.shell:create_environment_hook('village_li', 'pythonpath')
[1.375s] INFO:colcon.colcon_core.shell:Creating environment hook '/home/lio/Desktop/ROSPractice/Practice2_Node/install/village_li/share/village_li/hook/pythonpath.ps1'
[1.375s] INFO:colcon.colcon_core.shell:Creating environment descriptor '/home/lio/Desktop/ROSPractice/Practice2_Node/install/village_li/share/village_li/hook/pythonpath.dsv'
[1.375s] INFO:colcon.colcon_core.shell:Creating environment hook '/home/lio/Desktop/ROSPractice/Practice2_Node/install/village_li/share/village_li/hook/pythonpath.sh'
[1.376s] Level 1:colcon.colcon_core.environment:checking '/home/lio/Desktop/ROSPractice/Practice2_Node/install/village_li/bin'
[1.376s] Level 1:colcon.colcon_core.environment:create_environment_scripts_only(village_li)
[1.377s] INFO:colcon.colcon_core.shell:Creating package script '/home/lio/Desktop/ROSPractice/Practice2_Node/install/village_li/share/village_li/package.ps1'
[1.377s] INFO:colcon.colcon_core.shell:Creating package descriptor '/home/lio/Desktop/ROSPractice/Practice2_Node/install/village_li/share/village_li/package.dsv'
[1.377s] INFO:colcon.colcon_core.shell:Creating package script '/home/lio/Desktop/ROSPractice/Practice2_Node/install/village_li/share/village_li/package.sh'
[1.378s] INFO:colcon.colcon_core.shell:Creating package script '/home/lio/Desktop/ROSPractice/Practice2_Node/install/village_li/share/village_li/package.bash'
[1.378s] INFO:colcon.colcon_core.shell:Creating package script '/home/lio/Desktop/ROSPractice/Practice2_Node/install/village_li/share/village_li/package.zsh'
[1.378s] Level 1:colcon.colcon_core.environment:create_file_with_runtime_dependencies(/home/lio/Desktop/ROSPractice/Practice2_Node/install/village_li/share/colcon-core/packages/village_li)
[2.495s] DEBUG:colcon.colcon_core.event_handler.log_command:Invoked command in '/home/lio/Desktop/ROSPractice/Practice2_Node/build/village_cheung' returned '0': CMAKE_PREFIX_PATH=${CMAKE_PREFIX_PATH}:/home/lio/Desktop/ROSPractice/Practice2_Node/install/village_li:/opt/ros/humble /usr/bin/cmake --build /home/lio/Desktop/ROSPractice/Practice2_Node/build/village_cheung -- -j12 -l12
[2.507s] DEBUG:colcon.colcon_core.event_handler.log_command:Invoking command in '/home/lio/Desktop/ROSPractice/Practice2_Node/build/village_cheung': CMAKE_PREFIX_PATH=${CMAKE_PREFIX_PATH}:/home/lio/Desktop/ROSPractice/Practice2_Node/install/village_li:/opt/ros/humble /usr/bin/cmake --install /home/lio/Desktop/ROSPractice/Practice2_Node/build/village_cheung
[2.513s] Level 1:colcon.colcon_core.environment:create_environment_scripts_only(village_cheung)
[2.514s] Level 1:colcon.colcon_core.environment:checking '/home/lio/Desktop/ROSPractice/Practice2_Node/install/village_cheung' for CMake module files
[2.515s] DEBUG:colcon.colcon_core.event_handler.log_command:Invoked command in '/home/lio/Desktop/ROSPractice/Practice2_Node/build/village_cheung' returned '0': CMAKE_PREFIX_PATH=${CMAKE_PREFIX_PATH}:/home/lio/Desktop/ROSPractice/Practice2_Node/install/village_li:/opt/ros/humble /usr/bin/cmake --install /home/lio/Desktop/ROSPractice/Practice2_Node/build/village_cheung
[2.515s] Level 1:colcon.colcon_core.environment:checking '/home/lio/Desktop/ROSPractice/Practice2_Node/install/village_cheung' for CMake config files
[2.515s] Level 1:colcon.colcon_core.shell:create_environment_hook('village_cheung', 'cmake_prefix_path')
[2.516s] INFO:colcon.colcon_core.shell:Creating environment hook '/home/lio/Desktop/ROSPractice/Practice2_Node/install/village_cheung/share/village_cheung/hook/cmake_prefix_path.ps1'
[2.516s] INFO:colcon.colcon_core.shell:Creating environment descriptor '/home/lio/Desktop/ROSPractice/Practice2_Node/install/village_cheung/share/village_cheung/hook/cmake_prefix_path.dsv'
[2.517s] INFO:colcon.colcon_core.shell:Creating environment hook '/home/lio/Desktop/ROSPractice/Practice2_Node/install/village_cheung/share/village_cheung/hook/cmake_prefix_path.sh'
[2.517s] Level 1:colcon.colcon_core.environment:checking '/home/lio/Desktop/ROSPractice/Practice2_Node/install/village_cheung/lib'
[2.517s] Level 1:colcon.colcon_core.environment:checking '/home/lio/Desktop/ROSPractice/Practice2_Node/install/village_cheung/bin'
[2.517s] Level 1:colcon.colcon_core.environment:checking '/home/lio/Desktop/ROSPractice/Practice2_Node/install/village_cheung/lib/pkgconfig/village_cheung.pc'
[2.517s] Level 1:colcon.colcon_core.environment:checking '/home/lio/Desktop/ROSPractice/Practice2_Node/install/village_cheung/lib/python3.10/site-packages'
[2.518s] Level 1:colcon.colcon_core.environment:checking '/home/lio/Desktop/ROSPractice/Practice2_Node/install/village_cheung/bin'
[2.519s] INFO:colcon.colcon_core.shell:Creating package script '/home/lio/Desktop/ROSPractice/Practice2_Node/install/village_cheung/share/village_cheung/package.ps1'
[2.519s] INFO:colcon.colcon_core.shell:Creating package descriptor '/home/lio/Desktop/ROSPractice/Practice2_Node/install/village_cheung/share/village_cheung/package.dsv'
[2.519s] INFO:colcon.colcon_core.shell:Creating package script '/home/lio/Desktop/ROSPractice/Practice2_Node/install/village_cheung/share/village_cheung/package.sh'
[2.519s] INFO:colcon.colcon_core.shell:Creating package script '/home/lio/Desktop/ROSPractice/Practice2_Node/install/village_cheung/share/village_cheung/package.bash'
[2.520s] INFO:colcon.colcon_core.shell:Creating package script '/home/lio/Desktop/ROSPractice/Practice2_Node/install/village_cheung/share/village_cheung/package.zsh'
[2.520s] Level 1:colcon.colcon_core.environment:create_file_with_runtime_dependencies(/home/lio/Desktop/ROSPractice/Practice2_Node/install/village_cheung/share/colcon-core/packages/village_cheung)
[2.534s] Level 1:colcon.colcon_core.environment:create_environment_scripts_only(village_cheung)
[2.535s] Level 1:colcon.colcon_core.environment:checking '/home/lio/Desktop/ROSPractice/Practice2_Node/install/village_cheung' for CMake module files
[2.536s] Level 1:colcon.colcon_core.environment:checking '/home/lio/Desktop/ROSPractice/Practice2_Node/install/village_cheung' for CMake config files
[2.536s] Level 1:colcon.colcon_core.shell:create_environment_hook('village_cheung', 'cmake_prefix_path')
[2.537s] INFO:colcon.colcon_core.shell:Creating environment hook '/home/lio/Desktop/ROSPractice/Practice2_Node/install/village_cheung/share/village_cheung/hook/cmake_prefix_path.ps1'
[2.537s] INFO:colcon.colcon_core.shell:Creating environment descriptor '/home/lio/Desktop/ROSPractice/Practice2_Node/install/village_cheung/share/village_cheung/hook/cmake_prefix_path.dsv'
[2.537s] INFO:colcon.colcon_core.shell:Creating environment hook '/home/lio/Desktop/ROSPractice/Practice2_Node/install/village_cheung/share/village_cheung/hook/cmake_prefix_path.sh'
[2.538s] Level 1:colcon.colcon_core.environment:checking '/home/lio/Desktop/ROSPractice/Practice2_Node/install/village_cheung/lib'
[2.538s] Level 1:colcon.colcon_core.environment:checking '/home/lio/Desktop/ROSPractice/Practice2_Node/install/village_cheung/bin'
[2.538s] Level 1:colcon.colcon_core.environment:checking '/home/lio/Desktop/ROSPractice/Practice2_Node/install/village_cheung/lib/pkgconfig/village_cheung.pc'
[2.538s] Level 1:colcon.colcon_core.environment:checking '/home/lio/Desktop/ROSPractice/Practice2_Node/install/village_cheung/lib/python3.10/site-packages'
[2.538s] Level 1:colcon.colcon_core.environment:checking '/home/lio/Desktop/ROSPractice/Practice2_Node/install/village_cheung/bin'
[2.539s] INFO:colcon.colcon_core.shell:Creating package script '/home/lio/Desktop/ROSPractice/Practice2_Node/install/village_cheung/share/village_cheung/package.ps1'
[2.540s] INFO:colcon.colcon_core.shell:Creating package descriptor '/home/lio/Desktop/ROSPractice/Practice2_Node/install/village_cheung/share/village_cheung/package.dsv'
[2.540s] INFO:colcon.colcon_core.shell:Creating package script '/home/lio/Desktop/ROSPractice/Practice2_Node/install/village_cheung/share/village_cheung/package.sh'
[2.540s] INFO:colcon.colcon_core.shell:Creating package script '/home/lio/Desktop/ROSPractice/Practice2_Node/install/village_cheung/share/village_cheung/package.bash'
[2.541s] INFO:colcon.colcon_core.shell:Creating package script '/home/lio/Desktop/ROSPractice/Practice2_Node/install/village_cheung/share/village_cheung/package.zsh'
[2.541s] Level 1:colcon.colcon_core.environment:create_file_with_runtime_dependencies(/home/lio/Desktop/ROSPractice/Practice2_Node/install/village_cheung/share/colcon-core/packages/village_cheung)
[2.541s] DEBUG:colcon.colcon_parallel_executor.executor.parallel:closing loop
[2.541s] DEBUG:colcon.colcon_parallel_executor.executor.parallel:loop closed
[2.541s] DEBUG:colcon.colcon_parallel_executor.executor.parallel:run_until_complete finished with '0'
[2.542s] DEBUG:colcon.colcon_core.event_reactor:joining thread
[2.546s] INFO:colcon.colcon_core.plugin_system:Skipping extension 'colcon_notification.desktop_notification.terminal_notifier': Not used on non-Darwin systems
[2.546s] INFO:colcon.colcon_core.plugin_system:Skipping extension 'colcon_notification.desktop_notification.win32': Not used on non-Windows systems
[2.547s] INFO:colcon.colcon_notification.desktop_notification:Sending desktop notification using 'notify2'
[2.554s] DEBUG:colcon.colcon_core.event_reactor:joined thread
[2.555s] INFO:colcon.colcon_core.shell:Creating prefix script '/home/lio/Desktop/ROSPractice/Practice2_Node/install/local_setup.ps1'
[2.556s] INFO:colcon.colcon_core.shell:Creating prefix util module '/home/lio/Desktop/ROSPractice/Practice2_Node/install/_local_setup_util_ps1.py'
[2.557s] INFO:colcon.colcon_core.shell:Creating prefix chain script '/home/lio/Desktop/ROSPractice/Practice2_Node/install/setup.ps1'
[2.558s] INFO:colcon.colcon_core.shell:Creating prefix script '/home/lio/Desktop/ROSPractice/Practice2_Node/install/local_setup.sh'
[2.558s] INFO:colcon.colcon_core.shell:Creating prefix util module '/home/lio/Desktop/ROSPractice/Practice2_Node/install/_local_setup_util_sh.py'
[2.558s] INFO:colcon.colcon_core.shell:Creating prefix chain script '/home/lio/Desktop/ROSPractice/Practice2_Node/install/setup.sh'
[2.560s] INFO:colcon.colcon_core.shell:Creating prefix script '/home/lio/Desktop/ROSPractice/Practice2_Node/install/local_setup.bash'
[2.560s] INFO:colcon.colcon_core.shell:Creating prefix chain script '/home/lio/Desktop/ROSPractice/Practice2_Node/install/setup.bash'
[2.561s] INFO:colcon.colcon_core.shell:Creating prefix script '/home/lio/Desktop/ROSPractice/Practice2_Node/install/local_setup.zsh'
[2.561s] INFO:colcon.colcon_core.shell:Creating prefix chain script '/home/lio/Desktop/ROSPractice/Practice2_Node/install/setup.zsh'
