[0.451s] Invoking command in '/home/lio/Desktop/ROSPractice/Practice2_Node/build/village_wang': CMAKE_PREFIX_PATH=${CMAKE_PREFIX_PATH}:/home/lio/Desktop/ROSPractice/Practice2_Node/install/village_li:/home/lio/Desktop/ROSPractice/Practice2_Node/install/village_cheung_py:/opt/ros/humble /usr/bin/cmake --build /home/lio/Desktop/ROSPractice/Practice2_Node/build/village_wang -- -j12 -l12
[0.485s] [100%] Built target wang_node_oop
[0.486s] [100%] Built target wang_node
[0.498s] Invoked command in '/home/lio/Desktop/ROSPractice/Practice2_Node/build/village_wang' returned '0': CMAKE_PREFIX_PATH=${CMAKE_PREFIX_PATH}:/home/lio/Desktop/ROSPractice/Practice2_Node/install/village_li:/home/lio/Desktop/ROSPractice/Practice2_Node/install/village_cheung_py:/opt/ros/humble /usr/bin/cmake --build /home/lio/Desktop/ROSPractice/Practice2_Node/build/village_wang -- -j12 -l12
[0.522s] Invoking command in '/home/lio/Desktop/ROSPractice/Practice2_Node/build/village_wang': CMAKE_PREFIX_PATH=${CMAKE_PREFIX_PATH}:/home/lio/Desktop/ROSPractice/Practice2_Node/install/village_li:/home/lio/Desktop/ROSPractice/Practice2_Node/install/village_cheung_py:/opt/ros/humble /usr/bin/cmake --install /home/lio/Desktop/ROSPractice/Practice2_Node/build/village_wang
[0.526s] -- Install configuration: ""
[0.527s] -- Execute custom install script
[0.527s] -- Up-to-date symlink: /home/lio/Desktop/ROSPractice/Practice2_Node/install/village_wang/share/ament_index/resource_index/package_run_dependencies/village_wang
[0.527s] -- Up-to-date symlink: /home/lio/Desktop/ROSPractice/Practice2_Node/install/village_wang/share/ament_index/resource_index/parent_prefix_path/village_wang
[0.527s] -- Up-to-date symlink: /home/lio/Desktop/ROSPractice/Practice2_Node/install/village_wang/share/village_wang/environment/ament_prefix_path.sh
[0.528s] -- Up-to-date symlink: /home/lio/Desktop/ROSPractice/Practice2_Node/install/village_wang/share/village_wang/environment/ament_prefix_path.dsv
[0.528s] -- Up-to-date symlink: /home/lio/Desktop/ROSPractice/Practice2_Node/install/village_wang/share/village_wang/environment/path.sh
[0.528s] -- Up-to-date symlink: /home/lio/Desktop/ROSPractice/Practice2_Node/install/village_wang/share/village_wang/environment/path.dsv
[0.528s] -- Up-to-date symlink: /home/lio/Desktop/ROSPractice/Practice2_Node/install/village_wang/share/village_wang/local_setup.bash
[0.528s] -- Up-to-date symlink: /home/lio/Desktop/ROSPractice/Practice2_Node/install/village_wang/share/village_wang/local_setup.sh
[0.528s] -- Up-to-date symlink: /home/lio/Desktop/ROSPractice/Practice2_Node/install/village_wang/share/village_wang/local_setup.zsh
[0.528s] -- Up-to-date symlink: /home/lio/Desktop/ROSPractice/Practice2_Node/install/village_wang/share/village_wang/local_setup.dsv
[0.528s] -- Symlinking: /home/lio/Desktop/ROSPractice/Practice2_Node/install/village_wang/share/village_wang/package.dsv
[0.535s] -- Up-to-date symlink: /home/lio/Desktop/ROSPractice/Practice2_Node/install/village_wang/share/ament_index/resource_index/packages/village_wang
[0.535s] -- Up-to-date symlink: /home/lio/Desktop/ROSPractice/Practice2_Node/install/village_wang/share/village_wang/cmake/village_wangConfig.cmake
[0.535s] -- Up-to-date symlink: /home/lio/Desktop/ROSPractice/Practice2_Node/install/village_wang/share/village_wang/cmake/village_wangConfig-version.cmake
[0.536s] -- Up-to-date symlink: /home/lio/Desktop/ROSPractice/Practice2_Node/install/village_wang/share/village_wang/package.xml
[0.536s] -- Up-to-date symlink: /home/lio/Desktop/ROSPractice/Practice2_Node/install/village_wang/lib/village_wang/wang_node
[0.536s] -- Up-to-date symlink: /home/lio/Desktop/ROSPractice/Practice2_Node/install/village_wang/lib/village_wang/wang_node_oop
[0.540s] Invoked command in '/home/lio/Desktop/ROSPractice/Practice2_Node/build/village_wang' returned '0': CMAKE_PREFIX_PATH=${CMAKE_PREFIX_PATH}:/home/lio/Desktop/ROSPractice/Practice2_Node/install/village_li:/home/lio/Desktop/ROSPractice/Practice2_Node/install/village_cheung_py:/opt/ros/humble /usr/bin/cmake --install /home/lio/Desktop/ROSPractice/Practice2_Node/build/village_wang
