[0.437s] Invoking command in '/home/lio/Desktop/ROSPractice/Practice2_Node/build/village_wang': CMAKE_PREFIX_PATH=/opt/ros/humble /usr/bin/cmake /home/lio/Desktop/ROSPractice/Practice2_Node/src/village_wang -DAMENT_CMAKE_SYMLINK_INSTALL=1 -DCMAKE_INSTALL_PREFIX=/home/lio/Desktop/ROSPractice/Practice2_Node/install/village_wang
[0.441s] -- Found ament_cmake: 1.3.3 (/opt/ros/humble/share/ament_cmake/cmake)
[0.549s] -- Override CMake install command with custom implementation using symlinks instead of copying resources
[0.555s] -- Found rclcpp: 16.0.2 (/opt/ros/humble/share/rclcpp/cmake)
[0.584s] -- Found rosidl_generator_c: 3.1.4 (/opt/ros/humble/share/rosidl_generator_c/cmake)
[0.586s] -- Found rosidl_adapter: 3.1.4 (/opt/ros/humble/share/rosidl_adapter/cmake)
[0.592s] -- Found rosidl_generator_cpp: 3.1.4 (/opt/ros/humble/share/rosidl_generator_cpp/cmake)
[0.602s] -- Using all available rosidl_typesupport_c: rosidl_typesupport_fastrtps_c;rosidl_typesupport_introspection_c
[0.615s] -- Using all available rosidl_typesupport_cpp: rosidl_typesupport_fastrtps_cpp;rosidl_typesupport_introspection_cpp
[0.670s] -- Found rmw_implementation_cmake: 6.1.1 (/opt/ros/humble/share/rmw_implementation_cmake/cmake)
[0.671s] -- Found rmw_fastrtps_cpp: 6.2.2 (/opt/ros/humble/share/rmw_fastrtps_cpp/cmake)
[0.774s] -- Using RMW implementation 'rmw_fastrtps_cpp' as default
[0.948s] -- Found ament_lint_auto: 0.12.4 (/opt/ros/humble/share/ament_lint_auto/cmake)
[1.004s] -- Added test 'cppcheck' to perform static code analysis on C / C++ code
[1.004s] -- Configured cppcheck include dirs: 
[1.004s] -- Configured cppcheck exclude dirs and/or files: 
[1.004s] -- Added test 'lint_cmake' to check CMake code style
[1.005s] -- Added test 'uncrustify' to check C / C++ code style
[1.005s] -- Configured uncrustify additional arguments: 
[1.005s] -- Added test 'xmllint' to check XML markup files
[1.007s] -- Configuring done
[1.015s] -- Generating done
[1.016s] -- Build files have been written to: /home/lio/Desktop/ROSPractice/Practice2_Node/build/village_wang
[1.021s] Invoked command in '/home/lio/Desktop/ROSPractice/Practice2_Node/build/village_wang' returned '0': CMAKE_PREFIX_PATH=/opt/ros/humble /usr/bin/cmake /home/lio/Desktop/ROSPractice/Practice2_Node/src/village_wang -DAMENT_CMAKE_SYMLINK_INSTALL=1 -DCMAKE_INSTALL_PREFIX=/home/lio/Desktop/ROSPractice/Practice2_Node/install/village_wang
[1.023s] Invoking command in '/home/lio/Desktop/ROSPractice/Practice2_Node/build/village_wang': CMAKE_PREFIX_PATH=/opt/ros/humble /usr/bin/cmake --build /home/lio/Desktop/ROSPractice/Practice2_Node/build/village_wang -- -j12 -l12
[1.046s] [35m[1mConsolidate compiler generated dependencies of target wang_node[0m
[1.046s] [35m[1mConsolidate compiler generated dependencies of target wang_node_oop[0m
[1.058s] [ 50%] [32m[1mLinking CXX executable wang_node_oop[0m
[1.058s] [ 50%] [32m[1mLinking CXX executable wang_node[0m
[1.155s] [ 75%] Built target wang_node_oop
[1.155s] [100%] Built target wang_node
[1.163s] Invoked command in '/home/lio/Desktop/ROSPractice/Practice2_Node/build/village_wang' returned '0': CMAKE_PREFIX_PATH=/opt/ros/humble /usr/bin/cmake --build /home/lio/Desktop/ROSPractice/Practice2_Node/build/village_wang -- -j12 -l12
[1.191s] Invoking command in '/home/lio/Desktop/ROSPractice/Practice2_Node/build/village_wang': CMAKE_PREFIX_PATH=/opt/ros/humble /usr/bin/cmake --install /home/lio/Desktop/ROSPractice/Practice2_Node/build/village_wang
[1.197s] -- Install configuration: ""
[1.198s] -- Execute custom install script
[1.198s] -- Symlinking: /home/lio/Desktop/ROSPractice/Practice2_Node/install/village_wang/share/ament_index/resource_index/package_run_dependencies/village_wang
[1.203s] -- Symlinking: /home/lio/Desktop/ROSPractice/Practice2_Node/install/village_wang/share/ament_index/resource_index/parent_prefix_path/village_wang
[1.208s] -- Symlinking: /home/lio/Desktop/ROSPractice/Practice2_Node/install/village_wang/share/village_wang/environment/ament_prefix_path.sh
[1.214s] -- Symlinking: /home/lio/Desktop/ROSPractice/Practice2_Node/install/village_wang/share/village_wang/environment/ament_prefix_path.dsv
[1.221s] -- Symlinking: /home/lio/Desktop/ROSPractice/Practice2_Node/install/village_wang/share/village_wang/environment/path.sh
[1.226s] -- Symlinking: /home/lio/Desktop/ROSPractice/Practice2_Node/install/village_wang/share/village_wang/environment/path.dsv
[1.231s] -- Symlinking: /home/lio/Desktop/ROSPractice/Practice2_Node/install/village_wang/share/village_wang/local_setup.bash
[1.237s] -- Symlinking: /home/lio/Desktop/ROSPractice/Practice2_Node/install/village_wang/share/village_wang/local_setup.sh
[1.243s] -- Symlinking: /home/lio/Desktop/ROSPractice/Practice2_Node/install/village_wang/share/village_wang/local_setup.zsh
[1.248s] -- Symlinking: /home/lio/Desktop/ROSPractice/Practice2_Node/install/village_wang/share/village_wang/local_setup.dsv
[1.254s] -- Symlinking: /home/lio/Desktop/ROSPractice/Practice2_Node/install/village_wang/share/village_wang/package.dsv
[1.259s] -- Symlinking: /home/lio/Desktop/ROSPractice/Practice2_Node/install/village_wang/share/ament_index/resource_index/packages/village_wang
[1.264s] -- Symlinking: /home/lio/Desktop/ROSPractice/Practice2_Node/install/village_wang/share/village_wang/cmake/village_wangConfig.cmake
[1.269s] -- Symlinking: /home/lio/Desktop/ROSPractice/Practice2_Node/install/village_wang/share/village_wang/cmake/village_wangConfig-version.cmake
[1.275s] -- Symlinking: /home/lio/Desktop/ROSPractice/Practice2_Node/install/village_wang/share/village_wang/package.xml
[1.280s] -- Symlinking: /home/lio/Desktop/ROSPractice/Practice2_Node/install/village_wang/lib/village_wang/wang_node
[1.285s] -- Symlinking: /home/lio/Desktop/ROSPractice/Practice2_Node/install/village_wang/lib/village_wang/wang_node_oop
[1.294s] Invoked command in '/home/lio/Desktop/ROSPractice/Practice2_Node/build/village_wang' returned '0': CMAKE_PREFIX_PATH=/opt/ros/humble /usr/bin/cmake --install /home/lio/Desktop/ROSPractice/Practice2_Node/build/village_wang
