[35m[1mConsolidate compiler generated dependencies of target cheung[0m
[ 50%] Built target cheung_oop
[ 75%] [32mBuilding CXX object CMakeFiles/cheung.dir/src/cheung.cpp.o[0m
[100%] [32m[1mLinking CXX executable cheung[0m
[100%] Built target cheung
-- Install configuration: ""
-- Up-to-date: /home/lio/Desktop/ROSPractice/Practice2_Node/install/village_cheung/share/ament_index/resource_index/package_run_dependencies/village_cheung
-- Up-to-date: /home/lio/Desktop/ROSPractice/Practice2_Node/install/village_cheung/share/ament_index/resource_index/parent_prefix_path/village_cheung
-- Up-to-date: /home/lio/Desktop/ROSPractice/Practice2_Node/install/village_cheung/share/village_cheung/environment/ament_prefix_path.sh
-- Up-to-date: /home/lio/Desktop/ROSPractice/Practice2_Node/install/village_cheung/share/village_cheung/environment/ament_prefix_path.dsv
-- Up-to-date: /home/lio/Desktop/ROSPractice/Practice2_Node/install/village_cheung/share/village_cheung/environment/path.sh
-- Up-to-date: /home/lio/Desktop/ROSPractice/Practice2_Node/install/village_cheung/share/village_cheung/environment/path.dsv
-- Up-to-date: /home/lio/Desktop/ROSPractice/Practice2_Node/install/village_cheung/share/village_cheung/local_setup.bash
-- Up-to-date: /home/lio/Desktop/ROSPractice/Practice2_Node/install/village_cheung/share/village_cheung/local_setup.sh
-- Up-to-date: /home/lio/Desktop/ROSPractice/Practice2_Node/install/village_cheung/share/village_cheung/local_setup.zsh
-- Up-to-date: /home/lio/Desktop/ROSPractice/Practice2_Node/install/village_cheung/share/village_cheung/local_setup.dsv
-- Installing: /home/lio/Desktop/ROSPractice/Practice2_Node/install/village_cheung/share/village_cheung/package.dsv
-- Up-to-date: /home/lio/Desktop/ROSPractice/Practice2_Node/install/village_cheung/share/ament_index/resource_index/packages/village_cheung
-- Up-to-date: /home/lio/Desktop/ROSPractice/Practice2_Node/install/village_cheung/share/village_cheung/cmake/village_cheungConfig.cmake
-- Up-to-date: /home/lio/Desktop/ROSPractice/Practice2_Node/install/village_cheung/share/village_cheung/cmake/village_cheungConfig-version.cmake
-- Up-to-date: /home/lio/Desktop/ROSPractice/Practice2_Node/install/village_cheung/share/village_cheung/package.xml
-- Up-to-date: /home/lio/Desktop/ROSPractice/Practice2_Node/install/village_cheung/lib/village_cheung/cheung_oop
-- Installing: /home/lio/Desktop/ROSPractice/Practice2_Node/install/village_cheung/lib/village_cheung/cheung
-- Set runtime path of "/home/lio/Desktop/ROSPractice/Practice2_Node/install/village_cheung/lib/village_cheung/cheung" to ""
