[0.513s] Invoking command in '/home/lio/Desktop/ROSPractice/Practice2_Node/src/village_li': PYTHONPATH=/home/lio/Desktop/ROSPractice/Practice2_Node/build/village_li/prefix_override:/home/lio/Desktop/ROSPractice/Practice2_Node/install/village_li/lib/python3.10/site-packages:${PYTHONPATH} /usr/bin/python3 setup.py egg_info --egg-base ../../build/village_li build --build-base /home/lio/Desktop/ROSPractice/Practice2_Node/build/village_li/build install --record /home/lio/Desktop/ROSPractice/Practice2_Node/build/village_li/install.log --single-version-externally-managed
[0.731s] running egg_info
[0.731s] writing ../../build/village_li/village_li.egg-info/PKG-INFO
[0.732s] writing dependency_links to ../../build/village_li/village_li.egg-info/dependency_links.txt
[0.732s] writing entry points to ../../build/village_li/village_li.egg-info/entry_points.txt
[0.732s] writing requirements to ../../build/village_li/village_li.egg-info/requires.txt
[0.732s] writing top-level names to ../../build/village_li/village_li.egg-info/top_level.txt
[0.734s] reading manifest file '../../build/village_li/village_li.egg-info/SOURCES.txt'
[0.735s] writing manifest file '../../build/village_li/village_li.egg-info/SOURCES.txt'
[0.735s] running build
[0.735s] running build_py
[0.735s] copying village_li/li4_oop.py -> /home/lio/Desktop/ROSPractice/Practice2_Node/build/village_li/build/lib/village_li
[0.735s] running install
[0.735s] running install_lib
[0.736s] copying /home/lio/Desktop/ROSPractice/Practice2_Node/build/village_li/build/lib/village_li/li4_oop.py -> /home/lio/Desktop/ROSPractice/Practice2_Node/install/village_li/lib/python3.10/site-packages/village_li
[0.736s] byte-compiling /home/lio/Desktop/ROSPractice/Practice2_Node/install/village_li/lib/python3.10/site-packages/village_li/li4_oop.py to li4_oop.cpython-310.pyc
[0.736s] running install_data
[0.737s] running install_egg_info
[0.738s] removing '/home/lio/Desktop/ROSPractice/Practice2_Node/install/village_li/lib/python3.10/site-packages/village_li-0.0.0-py3.10.egg-info' (and everything under it)
[0.738s] Copying ../../build/village_li/village_li.egg-info to /home/lio/Desktop/ROSPractice/Practice2_Node/install/village_li/lib/python3.10/site-packages/village_li-0.0.0-py3.10.egg-info
[0.739s] running install_scripts
[0.754s] Installing li4_node script to /home/lio/Desktop/ROSPractice/Practice2_Node/install/village_li/lib/village_li
[0.754s] Installing li4_node_oop script to /home/lio/Desktop/ROSPractice/Practice2_Node/install/village_li/lib/village_li
[0.754s] writing list of installed files to '/home/lio/Desktop/ROSPractice/Practice2_Node/build/village_li/install.log'
[0.769s] Invoked command in '/home/lio/Desktop/ROSPractice/Practice2_Node/src/village_li' returned '0': PYTHONPATH=/home/lio/Desktop/ROSPractice/Practice2_Node/build/village_li/prefix_override:/home/lio/Desktop/ROSPractice/Practice2_Node/install/village_li/lib/python3.10/site-packages:${PYTHONPATH} /usr/bin/python3 setup.py egg_info --egg-base ../../build/village_li build --build-base /home/lio/Desktop/ROSPractice/Practice2_Node/build/village_li/build install --record /home/lio/Desktop/ROSPractice/Practice2_Node/build/village_li/install.log --single-version-externally-managed
