[0.426s] Invoking command in '/home/lio/Desktop/ROSPractice/Practice1/src/turtle_battle': PYTHONPATH=/home/lio/Desktop/ROSPractice/Practice1/build/turtle_battle/prefix_override:/home/lio/Desktop/ROSPractice/Practice1/install/turtle_battle/lib/python3.10/site-packages:${PYTHONPATH} /usr/bin/python3 setup.py egg_info --egg-base ../../build/turtle_battle build --build-base /home/lio/Desktop/ROSPractice/Practice1/build/turtle_battle/build install --record /home/lio/Desktop/ROSPractice/Practice1/build/turtle_battle/install.log --install-scripts $base/lib/turtle_battle --single-version-externally-managed
[0.592s] /usr/lib/python3/dist-packages/setuptools/dist.py:723: UserWarning: Usage of dash-separated 'script-dir' will not be supported in future versions. Please use the underscore name 'script_dir' instead
[0.592s]   warnings.warn(
[0.598s] running egg_info
[0.598s] creating ../../build/turtle_battle/turtle_battle.egg-info
[0.598s] writing ../../build/turtle_battle/turtle_battle.egg-info/PKG-INFO
[0.599s] writing dependency_links to ../../build/turtle_battle/turtle_battle.egg-info/dependency_links.txt
[0.599s] writing entry points to ../../build/turtle_battle/turtle_battle.egg-info/entry_points.txt
[0.599s] writing requirements to ../../build/turtle_battle/turtle_battle.egg-info/requires.txt
[0.599s] writing top-level names to ../../build/turtle_battle/turtle_battle.egg-info/top_level.txt
[0.599s] writing manifest file '../../build/turtle_battle/turtle_battle.egg-info/SOURCES.txt'
[0.600s] reading manifest file '../../build/turtle_battle/turtle_battle.egg-info/SOURCES.txt'
[0.601s] writing manifest file '../../build/turtle_battle/turtle_battle.egg-info/SOURCES.txt'
[0.601s] running build
[0.601s] running build_py
[0.601s] creating /home/lio/Desktop/ROSPractice/Practice1/build/turtle_battle/build
[0.601s] creating /home/lio/Desktop/ROSPractice/Practice1/build/turtle_battle/build/lib
[0.601s] creating /home/lio/Desktop/ROSPractice/Practice1/build/turtle_battle/build/lib/turtle_battle
[0.601s] copying turtle_battle/__init__.py -> /home/lio/Desktop/ROSPractice/Practice1/build/turtle_battle/build/lib/turtle_battle
[0.602s] copying turtle_battle/turtle_spawner.py -> /home/lio/Desktop/ROSPractice/Practice1/build/turtle_battle/build/lib/turtle_battle
[0.602s] copying turtle_battle/battle.py -> /home/lio/Desktop/ROSPractice/Practice1/build/turtle_battle/build/lib/turtle_battle
[0.602s] running install
[0.602s] /usr/lib/python3/dist-packages/setuptools/command/install.py:34: SetuptoolsDeprecationWarning: setup.py install is deprecated. Use build and pip and other standards-based tools.
[0.602s]   warnings.warn(
[0.602s] running install_lib
[0.603s] creating /home/lio/Desktop/ROSPractice/Practice1/install/turtle_battle/lib/python3.10/site-packages/turtle_battle
[0.603s] copying /home/lio/Desktop/ROSPractice/Practice1/build/turtle_battle/build/lib/turtle_battle/__init__.py -> /home/lio/Desktop/ROSPractice/Practice1/install/turtle_battle/lib/python3.10/site-packages/turtle_battle
[0.603s] copying /home/lio/Desktop/ROSPractice/Practice1/build/turtle_battle/build/lib/turtle_battle/turtle_spawner.py -> /home/lio/Desktop/ROSPractice/Practice1/install/turtle_battle/lib/python3.10/site-packages/turtle_battle
[0.603s] copying /home/lio/Desktop/ROSPractice/Practice1/build/turtle_battle/build/lib/turtle_battle/battle.py -> /home/lio/Desktop/ROSPractice/Practice1/install/turtle_battle/lib/python3.10/site-packages/turtle_battle
[0.603s] byte-compiling /home/lio/Desktop/ROSPractice/Practice1/install/turtle_battle/lib/python3.10/site-packages/turtle_battle/__init__.py to __init__.cpython-310.pyc
[0.604s] byte-compiling /home/lio/Desktop/ROSPractice/Practice1/install/turtle_battle/lib/python3.10/site-packages/turtle_battle/turtle_spawner.py to turtle_spawner.cpython-310.pyc
[0.604s] byte-compiling /home/lio/Desktop/ROSPractice/Practice1/install/turtle_battle/lib/python3.10/site-packages/turtle_battle/battle.py to battle.cpython-310.pyc
[0.605s] running install_data
[0.605s] creating /home/lio/Desktop/ROSPractice/Practice1/install/turtle_battle/share/ament_index
[0.605s] creating /home/lio/Desktop/ROSPractice/Practice1/install/turtle_battle/share/ament_index/resource_index
[0.605s] creating /home/lio/Desktop/ROSPractice/Practice1/install/turtle_battle/share/ament_index/resource_index/packages
[0.605s] copying resource/turtle_battle -> /home/lio/Desktop/ROSPractice/Practice1/install/turtle_battle/share/ament_index/resource_index/packages
[0.605s] copying package.xml -> /home/lio/Desktop/ROSPractice/Practice1/install/turtle_battle/share/turtle_battle
[0.605s] running install_egg_info
[0.607s] Copying ../../build/turtle_battle/turtle_battle.egg-info to /home/lio/Desktop/ROSPractice/Practice1/install/turtle_battle/lib/python3.10/site-packages/turtle_battle-0.0.0-py3.10.egg-info
[0.607s] running install_scripts
[0.622s] Installing turtle_spawner script to /home/lio/Desktop/ROSPractice/Practice1/install/turtle_battle/lib/turtle_battle
[0.623s] writing list of installed files to '/home/lio/Desktop/ROSPractice/Practice1/build/turtle_battle/install.log'
[0.638s] Invoked command in '/home/lio/Desktop/ROSPractice/Practice1/src/turtle_battle' returned '0': PYTHONPATH=/home/lio/Desktop/ROSPractice/Practice1/build/turtle_battle/prefix_override:/home/lio/Desktop/ROSPractice/Practice1/install/turtle_battle/lib/python3.10/site-packages:${PYTHONPATH} /usr/bin/python3 setup.py egg_info --egg-base ../../build/turtle_battle build --build-base /home/lio/Desktop/ROSPractice/Practice1/build/turtle_battle/build install --record /home/lio/Desktop/ROSPractice/Practice1/build/turtle_battle/install.log --install-scripts $base/lib/turtle_battle --single-version-externally-managed
