[0.492s] Invoking command in '/home/lio/Desktop/ROSPractice/Practice3_Topic/src/village_chen': PYTHONPATH=/home/lio/Desktop/ROSPractice/Practice3_Topic/build/village_chen/prefix_override:/home/lio/Desktop/ROSPractice/Practice3_Topic/install/village_chen/lib/python3.10/site-packages:${PYTHONPATH} /usr/bin/python3 setup.py egg_info --egg-base ../../build/village_chen build --build-base /home/lio/Desktop/ROSPractice/Practice3_Topic/build/village_chen/build install --record /home/lio/Desktop/ROSPractice/Practice3_Topic/build/village_chen/install.log --single-version-externally-managed
[0.693s] running egg_info
[0.693s] writing ../../build/village_chen/village_chen.egg-info/PKG-INFO
[0.693s] writing dependency_links to ../../build/village_chen/village_chen.egg-info/dependency_links.txt
[0.693s] writing entry points to ../../build/village_chen/village_chen.egg-info/entry_points.txt
[0.693s] writing requirements to ../../build/village_chen/village_chen.egg-info/requires.txt
[0.693s] writing top-level names to ../../build/village_chen/village_chen.egg-info/top_level.txt
[0.694s] reading manifest file '../../build/village_chen/village_chen.egg-info/SOURCES.txt'
[0.695s] writing manifest file '../../build/village_chen/village_chen.egg-info/SOURCES.txt'
[0.695s] running build
[0.695s] running build_py
[0.696s] running install
[0.696s] running install_lib
[0.696s] running install_data
[0.697s] running install_egg_info
[0.698s] removing '/home/lio/Desktop/ROSPractice/Practice3_Topic/install/village_chen/lib/python3.10/site-packages/village_chen-0.0.0-py3.10.egg-info' (and everything under it)
[0.698s] Copying ../../build/village_chen/village_chen.egg-info to /home/lio/Desktop/ROSPractice/Practice3_Topic/install/village_chen/lib/python3.10/site-packages/village_chen-0.0.0-py3.10.egg-info
[0.699s] running install_scripts
[0.715s] Installing chen_node script to /home/lio/Desktop/ROSPractice/Practice3_Topic/install/village_chen/lib/village_chen
[0.715s] writing list of installed files to '/home/lio/Desktop/ROSPractice/Practice3_Topic/build/village_chen/install.log'
[0.740s] Invoked command in '/home/lio/Desktop/ROSPractice/Practice3_Topic/src/village_chen' returned '0': PYTHONPATH=/home/lio/Desktop/ROSPractice/Practice3_Topic/build/village_chen/prefix_override:/home/lio/Desktop/ROSPractice/Practice3_Topic/install/village_chen/lib/python3.10/site-packages:${PYTHONPATH} /usr/bin/python3 setup.py egg_info --egg-base ../../build/village_chen build --build-base /home/lio/Desktop/ROSPractice/Practice3_Topic/build/village_chen/build install --record /home/lio/Desktop/ROSPractice/Practice3_Topic/build/village_chen/install.log --single-version-externally-managed
