[0.063s] Invoking command in '/home/lio/Desktop/ROSPractice/Colcon_Practice/build/examples_rclcpp_cbg_executor': CMAKE_PREFIX_PATH=${CMAKE_PREFIX_PATH}:/home/lio/Desktop/ROSPractice/Colcon_Practice/install/launch_testing_examples:/home/lio/Desktop/ROSPractice/Colcon_Practice/install/examples_rclpy_pointcloud_publisher:/home/lio/Desktop/ROSPractice/Colcon_Practice/install/examples_rclpy_minimal_subscriber:/home/lio/Desktop/ROSPractice/Colcon_Practice/install/examples_rclpy_minimal_service:/home/lio/Desktop/ROSPractice/Colcon_Practice/install/examples_rclpy_minimal_publisher:/home/lio/Desktop/ROSPractice/Colcon_Practice/install/examples_rclpy_minimal_client:/home/lio/Desktop/ROSPractice/Colcon_Practice/install/examples_rclpy_minimal_action_server:/home/lio/Desktop/ROSPractice/Colcon_Practice/install/examples_rclpy_minimal_action_client:/home/lio/Desktop/ROSPractice/Colcon_Practice/install/examples_rclpy_guard_conditions:/home/lio/Desktop/ROSPractice/Colcon_Practice/install/examples_rclpy_executors:/opt/ros/humble /usr/bin/cmake --build /home/lio/Desktop/ROSPractice/Colcon_Practice/build/examples_rclcpp_cbg_executor -- -j12 -l12
[0.111s] [35m[1mConsolidate compiler generated dependencies of target ping[0m
[0.115s] [35m[1mConsolidate compiler generated dependencies of target ping_pong[0m
[0.115s] [35m[1mConsolidate compiler generated dependencies of target pong[0m
[0.151s] [ 30%] Built target pong
[0.154s] [ 60%] Built target ping
[0.169s] [100%] Built target ping_pong
[0.205s] Invoked command in '/home/lio/Desktop/ROSPractice/Colcon_Practice/build/examples_rclcpp_cbg_executor' returned '0': CMAKE_PREFIX_PATH=${CMAKE_PREFIX_PATH}:/home/lio/Desktop/ROSPractice/Colcon_Practice/install/launch_testing_examples:/home/lio/Desktop/ROSPractice/Colcon_Practice/install/examples_rclpy_pointcloud_publisher:/home/lio/Desktop/ROSPractice/Colcon_Practice/install/examples_rclpy_minimal_subscriber:/home/lio/Desktop/ROSPractice/Colcon_Practice/install/examples_rclpy_minimal_service:/home/lio/Desktop/ROSPractice/Colcon_Practice/install/examples_rclpy_minimal_publisher:/home/lio/Desktop/ROSPractice/Colcon_Practice/install/examples_rclpy_minimal_client:/home/lio/Desktop/ROSPractice/Colcon_Practice/install/examples_rclpy_minimal_action_server:/home/lio/Desktop/ROSPractice/Colcon_Practice/install/examples_rclpy_minimal_action_client:/home/lio/Desktop/ROSPractice/Colcon_Practice/install/examples_rclpy_guard_conditions:/home/lio/Desktop/ROSPractice/Colcon_Practice/install/examples_rclpy_executors:/opt/ros/humble /usr/bin/cmake --build /home/lio/Desktop/ROSPractice/Colcon_Practice/build/examples_rclcpp_cbg_executor -- -j12 -l12
[0.313s] Invoking command in '/home/lio/Desktop/ROSPractice/Colcon_Practice/build/examples_rclcpp_cbg_executor': CMAKE_PREFIX_PATH=${CMAKE_PREFIX_PATH}:/home/lio/Desktop/ROSPractice/Colcon_Practice/install/launch_testing_examples:/home/lio/Desktop/ROSPractice/Colcon_Practice/install/examples_rclpy_pointcloud_publisher:/home/lio/Desktop/ROSPractice/Colcon_Practice/install/examples_rclpy_minimal_subscriber:/home/lio/Desktop/ROSPractice/Colcon_Practice/install/examples_rclpy_minimal_service:/home/lio/Desktop/ROSPractice/Colcon_Practice/install/examples_rclpy_minimal_publisher:/home/lio/Desktop/ROSPractice/Colcon_Practice/install/examples_rclpy_minimal_client:/home/lio/Desktop/ROSPractice/Colcon_Practice/install/examples_rclpy_minimal_action_server:/home/lio/Desktop/ROSPractice/Colcon_Practice/install/examples_rclpy_minimal_action_client:/home/lio/Desktop/ROSPractice/Colcon_Practice/install/examples_rclpy_guard_conditions:/home/lio/Desktop/ROSPractice/Colcon_Practice/install/examples_rclpy_executors:/opt/ros/humble /usr/bin/cmake --install /home/lio/Desktop/ROSPractice/Colcon_Practice/build/examples_rclcpp_cbg_executor
[0.339s] -- Install configuration: ""
[0.339s] -- Up-to-date: /home/lio/Desktop/ROSPractice/Colcon_Practice/install/examples_rclcpp_cbg_executor/lib/examples_rclcpp_cbg_executor/ping
[0.342s] -- Up-to-date: /home/lio/Desktop/ROSPractice/Colcon_Practice/install/examples_rclcpp_cbg_executor/lib/examples_rclcpp_cbg_executor/pong
[0.342s] -- Up-to-date: /home/lio/Desktop/ROSPractice/Colcon_Practice/install/examples_rclcpp_cbg_executor/lib/examples_rclcpp_cbg_executor/ping_pong
[0.342s] -- Up-to-date: /home/lio/Desktop/ROSPractice/Colcon_Practice/install/examples_rclcpp_cbg_executor/include
[0.342s] -- Up-to-date: /home/lio/Desktop/ROSPractice/Colcon_Practice/install/examples_rclcpp_cbg_executor/include/examples_rclcpp_cbg_executor
[0.343s] -- Up-to-date: /home/lio/Desktop/ROSPractice/Colcon_Practice/install/examples_rclcpp_cbg_executor/include/examples_rclcpp_cbg_executor/pong_node.hpp
[0.343s] -- Up-to-date: /home/lio/Desktop/ROSPractice/Colcon_Practice/install/examples_rclcpp_cbg_executor/include/examples_rclcpp_cbg_executor/ping_node.hpp
[0.343s] -- Up-to-date: /home/lio/Desktop/ROSPractice/Colcon_Practice/install/examples_rclcpp_cbg_executor/share/ament_index/resource_index/package_run_dependencies/examples_rclcpp_cbg_executor
[0.343s] -- Up-to-date: /home/lio/Desktop/ROSPractice/Colcon_Practice/install/examples_rclcpp_cbg_executor/share/ament_index/resource_index/parent_prefix_path/examples_rclcpp_cbg_executor
[0.343s] -- Up-to-date: /home/lio/Desktop/ROSPractice/Colcon_Practice/install/examples_rclcpp_cbg_executor/share/examples_rclcpp_cbg_executor/environment/ament_prefix_path.sh
[0.343s] -- Up-to-date: /home/lio/Desktop/ROSPractice/Colcon_Practice/install/examples_rclcpp_cbg_executor/share/examples_rclcpp_cbg_executor/environment/ament_prefix_path.dsv
[0.344s] -- Up-to-date: /home/lio/Desktop/ROSPractice/Colcon_Practice/install/examples_rclcpp_cbg_executor/share/examples_rclcpp_cbg_executor/environment/path.sh
[0.344s] -- Up-to-date: /home/lio/Desktop/ROSPractice/Colcon_Practice/install/examples_rclcpp_cbg_executor/share/examples_rclcpp_cbg_executor/environment/path.dsv
[0.344s] -- Up-to-date: /home/lio/Desktop/ROSPractice/Colcon_Practice/install/examples_rclcpp_cbg_executor/share/examples_rclcpp_cbg_executor/local_setup.bash
[0.344s] -- Up-to-date: /home/lio/Desktop/ROSPractice/Colcon_Practice/install/examples_rclcpp_cbg_executor/share/examples_rclcpp_cbg_executor/local_setup.sh
[0.345s] -- Up-to-date: /home/lio/Desktop/ROSPractice/Colcon_Practice/install/examples_rclcpp_cbg_executor/share/examples_rclcpp_cbg_executor/local_setup.zsh
[0.346s] -- Up-to-date: /home/lio/Desktop/ROSPractice/Colcon_Practice/install/examples_rclcpp_cbg_executor/share/examples_rclcpp_cbg_executor/local_setup.dsv
[0.346s] -- Installing: /home/lio/Desktop/ROSPractice/Colcon_Practice/install/examples_rclcpp_cbg_executor/share/examples_rclcpp_cbg_executor/package.dsv
[0.346s] -- Up-to-date: /home/lio/Desktop/ROSPractice/Colcon_Practice/install/examples_rclcpp_cbg_executor/share/ament_index/resource_index/packages/examples_rclcpp_cbg_executor
[0.346s] -- Up-to-date: /home/lio/Desktop/ROSPractice/Colcon_Practice/install/examples_rclcpp_cbg_executor/share/examples_rclcpp_cbg_executor/cmake/ament_cmake_export_dependencies-extras.cmake
[0.346s] -- Up-to-date: /home/lio/Desktop/ROSPractice/Colcon_Practice/install/examples_rclcpp_cbg_executor/share/examples_rclcpp_cbg_executor/cmake/examples_rclcpp_cbg_executorConfig.cmake
[0.346s] -- Up-to-date: /home/lio/Desktop/ROSPractice/Colcon_Practice/install/examples_rclcpp_cbg_executor/share/examples_rclcpp_cbg_executor/cmake/examples_rclcpp_cbg_executorConfig-version.cmake
[0.346s] -- Up-to-date: /home/lio/Desktop/ROSPractice/Colcon_Practice/install/examples_rclcpp_cbg_executor/share/examples_rclcpp_cbg_executor/package.xml
[0.383s] Invoked command in '/home/lio/Desktop/ROSPractice/Colcon_Practice/build/examples_rclcpp_cbg_executor' returned '0': CMAKE_PREFIX_PATH=${CMAKE_PREFIX_PATH}:/home/lio/Desktop/ROSPractice/Colcon_Practice/install/launch_testing_examples:/home/lio/Desktop/ROSPractice/Colcon_Practice/install/examples_rclpy_pointcloud_publisher:/home/lio/Desktop/ROSPractice/Colcon_Practice/install/examples_rclpy_minimal_subscriber:/home/lio/Desktop/ROSPractice/Colcon_Practice/install/examples_rclpy_minimal_service:/home/lio/Desktop/ROSPractice/Colcon_Practice/install/examples_rclpy_minimal_publisher:/home/lio/Desktop/ROSPractice/Colcon_Practice/install/examples_rclpy_minimal_client:/home/lio/Desktop/ROSPractice/Colcon_Practice/install/examples_rclpy_minimal_action_server:/home/lio/Desktop/ROSPractice/Colcon_Practice/install/examples_rclpy_minimal_action_client:/home/lio/Desktop/ROSPractice/Colcon_Practice/install/examples_rclpy_guard_conditions:/home/lio/Desktop/ROSPractice/Colcon_Practice/install/examples_rclpy_executors:/opt/ros/humble /usr/bin/cmake --install /home/lio/Desktop/ROSPractice/Colcon_Practice/build/examples_rclcpp_cbg_executor
