[0.463s] Invoking command in '/home/lio/Desktop/ROSPractice/Practice2_Node/src/village_li': PYTHONPATH=/home/lio/Desktop/ROSPractice/Practice2_Node/build/village_li/prefix_override:/home/lio/Desktop/ROSPractice/Practice2_Node/install/village_li/lib/python3.10/site-packages:${PYTHONPATH} /usr/bin/python3 setup.py egg_info --egg-base ../../build/village_li build --build-base /home/lio/Desktop/ROSPractice/Practice2_Node/build/village_li/build install --record /home/lio/Desktop/ROSPractice/Practice2_Node/build/village_li/install.log --single-version-externally-managed
[0.649s] running egg_info
[0.650s] writing ../../build/village_li/village_li.egg-info/PKG-INFO
[0.650s] writing dependency_links to ../../build/village_li/village_li.egg-info/dependency_links.txt
[0.650s] writing entry points to ../../build/village_li/village_li.egg-info/entry_points.txt
[0.650s] writing requirements to ../../build/village_li/village_li.egg-info/requires.txt
[0.650s] writing top-level names to ../../build/village_li/village_li.egg-info/top_level.txt
[0.651s] reading manifest file '../../build/village_li/village_li.egg-info/SOURCES.txt'
[0.652s] writing manifest file '../../build/village_li/village_li.egg-info/SOURCES.txt'
[0.652s] running build
[0.652s] running build_py
[0.653s] running install
[0.653s] /usr/lib/python3/dist-packages/setuptools/command/install.py:34: SetuptoolsDeprecationWarning: setup.py install is deprecated. Use build and pip and other standards-based tools.
[0.653s]   warnings.warn(
[0.653s] running install_lib
[0.654s] running install_data
[0.654s] running install_egg_info
[0.655s] removing '/home/lio/Desktop/ROSPractice/Practice2_Node/install/village_li/lib/python3.10/site-packages/village_li-0.0.0-py3.10.egg-info' (and everything under it)
[0.655s] Copying ../../build/village_li/village_li.egg-info to /home/lio/Desktop/ROSPractice/Practice2_Node/install/village_li/lib/python3.10/site-packages/village_li-0.0.0-py3.10.egg-info
[0.656s] running install_scripts
[0.671s] Installing li4_node script to /home/lio/Desktop/ROSPractice/Practice2_Node/install/village_li/lib/village_li
[0.671s] writing list of installed files to '/home/lio/Desktop/ROSPractice/Practice2_Node/build/village_li/install.log'
[0.686s] Invoked command in '/home/lio/Desktop/ROSPractice/Practice2_Node/src/village_li' returned '0': PYTHONPATH=/home/lio/Desktop/ROSPractice/Practice2_Node/build/village_li/prefix_override:/home/lio/Desktop/ROSPractice/Practice2_Node/install/village_li/lib/python3.10/site-packages:${PYTHONPATH} /usr/bin/python3 setup.py egg_info --egg-base ../../build/village_li build --build-base /home/lio/Desktop/ROSPractice/Practice2_Node/build/village_li/build install --record /home/lio/Desktop/ROSPractice/Practice2_Node/build/village_li/install.log --single-version-externally-managed
