[0.010s] Invoking command in '/home/lio/Desktop/ROSPractice/Practice2_Node/build/village_cheung': CMAKE_PREFIX_PATH=${CMAKE_PREFIX_PATH}:/home/lio/Desktop/ROSPractice/Practice2_Node/install/village_li:/opt/ros/humble /usr/bin/cmake --build /home/lio/Desktop/ROSPractice/Practice2_Node/build/village_cheung -- -j12 -l12
[0.026s] -- Found ament_cmake: 1.3.3 (/opt/ros/humble/share/ament_cmake/cmake)
[0.134s] -- Found rclcpp: 16.0.2 (/opt/ros/humble/share/rclcpp/cmake)
[0.158s] -- Found rosidl_generator_c: 3.1.4 (/opt/ros/humble/share/rosidl_generator_c/cmake)
[0.160s] -- Found rosidl_adapter: 3.1.4 (/opt/ros/humble/share/rosidl_adapter/cmake)
[0.165s] -- Found rosidl_generator_cpp: 3.1.4 (/opt/ros/humble/share/rosidl_generator_cpp/cmake)
[0.174s] -- Using all available rosidl_typesupport_c: rosidl_typesupport_fastrtps_c;rosidl_typesupport_introspection_c
[0.187s] -- Using all available rosidl_typesupport_cpp: rosidl_typesupport_fastrtps_cpp;rosidl_typesupport_introspection_cpp
[0.237s] -- Found rmw_implementation_cmake: 6.1.1 (/opt/ros/humble/share/rmw_implementation_cmake/cmake)
[0.238s] -- Found rmw_fastrtps_cpp: 6.2.2 (/opt/ros/humble/share/rmw_fastrtps_cpp/cmake)
[0.325s] -- Using RMW implementation 'rmw_fastrtps_cpp' as default
[0.460s] -- Found ament_lint_auto: 0.12.4 (/opt/ros/humble/share/ament_lint_auto/cmake)
[0.510s] -- Added test 'cppcheck' to perform static code analysis on C / C++ code
[0.510s] -- Configured cppcheck include dirs: 
[0.510s] -- Configured cppcheck exclude dirs and/or files: 
[0.511s] -- Added test 'lint_cmake' to check CMake code style
[0.511s] -- Added test 'uncrustify' to check C / C++ code style
[0.511s] -- Configured uncrustify additional arguments: 
[0.511s] -- Added test 'xmllint' to check XML markup files
[0.513s] -- Configuring done
[0.521s] -- Generating done
[0.522s] -- Build files have been written to: /home/lio/Desktop/ROSPractice/Practice2_Node/build/village_cheung
[0.538s] [35m[1mConsolidate compiler generated dependencies of target cheung_oop[0m
[0.544s] [ 25%] [32mBuilding CXX object CMakeFiles/cheung.dir/src/cheung.cpp.o[0m
[0.549s] [ 75%] Built target cheung_oop
[2.613s] [100%] [32m[1mLinking CXX executable cheung[0m
[2.681s] [100%] Built target cheung
[2.687s] Invoked command in '/home/lio/Desktop/ROSPractice/Practice2_Node/build/village_cheung' returned '0': CMAKE_PREFIX_PATH=${CMAKE_PREFIX_PATH}:/home/lio/Desktop/ROSPractice/Practice2_Node/install/village_li:/opt/ros/humble /usr/bin/cmake --build /home/lio/Desktop/ROSPractice/Practice2_Node/build/village_cheung -- -j12 -l12
[2.708s] Invoking command in '/home/lio/Desktop/ROSPractice/Practice2_Node/build/village_cheung': CMAKE_PREFIX_PATH=${CMAKE_PREFIX_PATH}:/home/lio/Desktop/ROSPractice/Practice2_Node/install/village_li:/opt/ros/humble /usr/bin/cmake --install /home/lio/Desktop/ROSPractice/Practice2_Node/build/village_cheung
[2.713s] -- Install configuration: ""
[2.713s] -- Up-to-date: /home/lio/Desktop/ROSPractice/Practice2_Node/install/village_cheung/share/ament_index/resource_index/package_run_dependencies/village_cheung
[2.713s] -- Installing: /home/lio/Desktop/ROSPractice/Practice2_Node/install/village_cheung/share/ament_index/resource_index/parent_prefix_path/village_cheung
[2.713s] -- Up-to-date: /home/lio/Desktop/ROSPractice/Practice2_Node/install/village_cheung/share/village_cheung/environment/ament_prefix_path.sh
[2.713s] -- Installing: /home/lio/Desktop/ROSPractice/Practice2_Node/install/village_cheung/share/village_cheung/environment/ament_prefix_path.dsv
[2.713s] -- Up-to-date: /home/lio/Desktop/ROSPractice/Practice2_Node/install/village_cheung/share/village_cheung/environment/path.sh
[2.713s] -- Installing: /home/lio/Desktop/ROSPractice/Practice2_Node/install/village_cheung/share/village_cheung/environment/path.dsv
[2.713s] -- Up-to-date: /home/lio/Desktop/ROSPractice/Practice2_Node/install/village_cheung/share/village_cheung/local_setup.bash
[2.714s] -- Up-to-date: /home/lio/Desktop/ROSPractice/Practice2_Node/install/village_cheung/share/village_cheung/local_setup.sh
[2.714s] -- Up-to-date: /home/lio/Desktop/ROSPractice/Practice2_Node/install/village_cheung/share/village_cheung/local_setup.zsh
[2.714s] -- Installing: /home/lio/Desktop/ROSPractice/Practice2_Node/install/village_cheung/share/village_cheung/local_setup.dsv
[2.714s] -- Installing: /home/lio/Desktop/ROSPractice/Practice2_Node/install/village_cheung/share/village_cheung/package.dsv
[2.714s] -- Up-to-date: /home/lio/Desktop/ROSPractice/Practice2_Node/install/village_cheung/share/ament_index/resource_index/packages/village_cheung
[2.714s] -- Up-to-date: /home/lio/Desktop/ROSPractice/Practice2_Node/install/village_cheung/share/village_cheung/cmake/village_cheungConfig.cmake
[2.714s] -- Up-to-date: /home/lio/Desktop/ROSPractice/Practice2_Node/install/village_cheung/share/village_cheung/cmake/village_cheungConfig-version.cmake
[2.714s] -- Up-to-date: /home/lio/Desktop/ROSPractice/Practice2_Node/install/village_cheung/share/village_cheung/package.xml
[2.714s] -- Up-to-date: /home/lio/Desktop/ROSPractice/Practice2_Node/install/village_cheung/lib/village_cheung/cheung_oop
[2.714s] -- Installing: /home/lio/Desktop/ROSPractice/Practice2_Node/install/village_cheung/lib/village_cheung/cheung
[2.715s] -- Set runtime path of "/home/lio/Desktop/ROSPractice/Practice2_Node/install/village_cheung/lib/village_cheung/cheung" to ""
[2.716s] Invoked command in '/home/lio/Desktop/ROSPractice/Practice2_Node/build/village_cheung' returned '0': CMAKE_PREFIX_PATH=${CMAKE_PREFIX_PATH}:/home/lio/Desktop/ROSPractice/Practice2_Node/install/village_li:/opt/ros/humble /usr/bin/cmake --install /home/lio/Desktop/ROSPractice/Practice2_Node/build/village_cheung
