[0.041s] Invoking command in '/home/lio/Desktop/ROSPractice/Colcon_Practice/build/examples_rclcpp_minimal_action_server': CMAKE_PREFIX_PATH=/opt/ros/humble /usr/bin/cmake /home/lio/Desktop/ROSPractice/Colcon_Practice/src/examples/rclcpp/actions/minimal_action_server -DCMAKE_INSTALL_PREFIX=/home/lio/Desktop/ROSPractice/Colcon_Practice/install/examples_rclcpp_minimal_action_server
[0.169s] -- The C compiler identification is GNU 11.3.0
[0.241s] -- The CXX compiler identification is GNU 11.3.0
[0.249s] -- Detecting C compiler ABI info
[0.321s] -- Detecting C compiler ABI info - done
[0.332s] -- Check for working C compiler: /usr/bin/cc - skipped
[0.333s] -- Detecting C compile features
[0.333s] -- Detecting C compile features - done
[0.336s] -- Detecting CXX compiler ABI info
[0.441s] -- Detecting CXX compiler ABI info - done
[0.449s] -- Check for working CXX compiler: /usr/bin/c++ - skipped
[0.450s] -- Detecting CXX compile features
[0.450s] -- Detecting CXX compile features - done
[0.452s] -- Found ament_cmake: 1.3.3 (/opt/ros/humble/share/ament_cmake/cmake)
[0.682s] -- Found Python3: /usr/bin/python3.10 (found version "3.10.6") found components: Interpreter 
[0.803s] -- Found example_interfaces: 0.9.3 (/opt/ros/humble/share/example_interfaces/cmake)
[0.860s] -- Found rosidl_generator_c: 3.1.4 (/opt/ros/humble/share/rosidl_generator_c/cmake)
[0.865s] -- Found rosidl_adapter: 3.1.4 (/opt/ros/humble/share/rosidl_adapter/cmake)
[0.892s] -- Found rosidl_generator_cpp: 3.1.4 (/opt/ros/humble/share/rosidl_generator_cpp/cmake)
[0.926s] -- Using all available rosidl_typesupport_c: rosidl_typesupport_fastrtps_c;rosidl_typesupport_introspection_c
[0.954s] -- Using all available rosidl_typesupport_cpp: rosidl_typesupport_fastrtps_cpp;rosidl_typesupport_introspection_cpp
[1.226s] -- Found rclcpp: 16.0.2 (/opt/ros/humble/share/rclcpp/cmake)
[1.300s] -- Found rmw_implementation_cmake: 6.1.1 (/opt/ros/humble/share/rmw_implementation_cmake/cmake)
[1.302s] -- Found rmw_fastrtps_cpp: 6.2.2 (/opt/ros/humble/share/rmw_fastrtps_cpp/cmake)
[1.412s] -- Found OpenSSL: /usr/lib/x86_64-linux-gnu/libcrypto.so (found version "3.0.2")  
[1.440s] -- Found FastRTPS: /opt/ros/humble/include  
[1.495s] -- Using RMW implementation 'rmw_fastrtps_cpp' as default
[1.505s] -- Looking for pthread.h
[1.597s] -- Looking for pthread.h - found
[1.598s] -- Performing Test CMAKE_HAVE_LIBC_PTHREAD
[1.679s] -- Performing Test CMAKE_HAVE_LIBC_PTHREAD - Success
[1.681s] -- Found Threads: TRUE  
[1.948s] -- Found rclcpp_action: 16.0.2 (/opt/ros/humble/share/rclcpp_action/cmake)
[2.005s] -- Found ament_lint_auto: 0.12.4 (/opt/ros/humble/share/ament_lint_auto/cmake)
[2.098s] -- Added test 'copyright' to check source files copyright and LICENSE
[2.099s] -- Added test 'cppcheck' to perform static code analysis on C / C++ code
[2.099s] -- Configured cppcheck include dirs: 
[2.099s] -- Configured cppcheck exclude dirs and/or files: 
[2.100s] -- Added test 'cpplint' to check C / C++ code against the Google style
[2.100s] -- Configured cpplint exclude dirs and/or files: 
[2.100s] -- Added test 'lint_cmake' to check CMake code style
[2.108s] -- Added test 'uncrustify' to check C / C++ code style
[2.109s] -- Configured uncrustify additional arguments: 
[2.111s] -- Added test 'xmllint' to check XML markup files
[2.111s] -- Configuring done
[2.152s] -- Generating done
[2.152s] -- Build files have been written to: /home/lio/Desktop/ROSPractice/Colcon_Practice/build/examples_rclcpp_minimal_action_server
[2.166s] Invoked command in '/home/lio/Desktop/ROSPractice/Colcon_Practice/build/examples_rclcpp_minimal_action_server' returned '0': CMAKE_PREFIX_PATH=/opt/ros/humble /usr/bin/cmake /home/lio/Desktop/ROSPractice/Colcon_Practice/src/examples/rclcpp/actions/minimal_action_server -DCMAKE_INSTALL_PREFIX=/home/lio/Desktop/ROSPractice/Colcon_Practice/install/examples_rclcpp_minimal_action_server
[2.166s] Invoking command in '/home/lio/Desktop/ROSPractice/Colcon_Practice/build/examples_rclcpp_minimal_action_server': CMAKE_PREFIX_PATH=/opt/ros/humble /usr/bin/cmake --build /home/lio/Desktop/ROSPractice/Colcon_Practice/build/examples_rclcpp_minimal_action_server -- -j12 -l12
[42.724s] [ 25%] [32mBuilding CXX object CMakeFiles/action_server_member_functions.dir/member_functions.cpp.o[0m
[42.732s] [ 50%] [32mBuilding CXX object CMakeFiles/action_server_not_composable.dir/not_composable.cpp.o[0m
[42.733s] [ 75%] [32m[1mLinking CXX executable action_server_not_composable[0m
[42.733s] [ 75%] Built target action_server_not_composable
[50.078s] [100%] [32m[1mLinking CXX executable action_server_member_functions[0m
[50.523s] [100%] Built target action_server_member_functions
[50.613s] Invoked command in '/home/lio/Desktop/ROSPractice/Colcon_Practice/build/examples_rclcpp_minimal_action_server' returned '0': CMAKE_PREFIX_PATH=/opt/ros/humble /usr/bin/cmake --build /home/lio/Desktop/ROSPractice/Colcon_Practice/build/examples_rclcpp_minimal_action_server -- -j12 -l12
[51.082s] Invoking command in '/home/lio/Desktop/ROSPractice/Colcon_Practice/build/examples_rclcpp_minimal_action_server': CMAKE_PREFIX_PATH=/opt/ros/humble /usr/bin/cmake --install /home/lio/Desktop/ROSPractice/Colcon_Practice/build/examples_rclcpp_minimal_action_server
[51.109s] -- Install configuration: ""
[51.112s] -- Installing: /home/lio/Desktop/ROSPractice/Colcon_Practice/install/examples_rclcpp_minimal_action_server/lib/examples_rclcpp_minimal_action_server/action_server_not_composable
[51.112s] -- Set runtime path of "/home/lio/Desktop/ROSPractice/Colcon_Practice/install/examples_rclcpp_minimal_action_server/lib/examples_rclcpp_minimal_action_server/action_server_not_composable" to ""
[51.112s] -- Installing: /home/lio/Desktop/ROSPractice/Colcon_Practice/install/examples_rclcpp_minimal_action_server/lib/examples_rclcpp_minimal_action_server/action_server_member_functions
[51.112s] -- Set runtime path of "/home/lio/Desktop/ROSPractice/Colcon_Practice/install/examples_rclcpp_minimal_action_server/lib/examples_rclcpp_minimal_action_server/action_server_member_functions" to ""
[51.114s] -- Installing: /home/lio/Desktop/ROSPractice/Colcon_Practice/install/examples_rclcpp_minimal_action_server/share/ament_index/resource_index/package_run_dependencies/examples_rclcpp_minimal_action_server
[51.115s] -- Installing: /home/lio/Desktop/ROSPractice/Colcon_Practice/install/examples_rclcpp_minimal_action_server/share/ament_index/resource_index/parent_prefix_path/examples_rclcpp_minimal_action_server
[51.115s] -- Installing: /home/lio/Desktop/ROSPractice/Colcon_Practice/install/examples_rclcpp_minimal_action_server/share/examples_rclcpp_minimal_action_server/environment/ament_prefix_path.sh
[51.116s] -- Installing: /home/lio/Desktop/ROSPractice/Colcon_Practice/install/examples_rclcpp_minimal_action_server/share/examples_rclcpp_minimal_action_server/environment/ament_prefix_path.dsv
[51.116s] -- Installing: /home/lio/Desktop/ROSPractice/Colcon_Practice/install/examples_rclcpp_minimal_action_server/share/examples_rclcpp_minimal_action_server/environment/path.sh
[51.116s] -- Installing: /home/lio/Desktop/ROSPractice/Colcon_Practice/install/examples_rclcpp_minimal_action_server/share/examples_rclcpp_minimal_action_server/environment/path.dsv
[51.117s] -- Installing: /home/lio/Desktop/ROSPractice/Colcon_Practice/install/examples_rclcpp_minimal_action_server/share/examples_rclcpp_minimal_action_server/local_setup.bash
[51.117s] -- Installing: /home/lio/Desktop/ROSPractice/Colcon_Practice/install/examples_rclcpp_minimal_action_server/share/examples_rclcpp_minimal_action_server/local_setup.sh
[51.122s] -- Installing: /home/lio/Desktop/ROSPractice/Colcon_Practice/install/examples_rclcpp_minimal_action_server/share/examples_rclcpp_minimal_action_server/local_setup.zsh
[51.122s] -- Installing: /home/lio/Desktop/ROSPractice/Colcon_Practice/install/examples_rclcpp_minimal_action_server/share/examples_rclcpp_minimal_action_server/local_setup.dsv
[51.122s] -- Installing: /home/lio/Desktop/ROSPractice/Colcon_Practice/install/examples_rclcpp_minimal_action_server/share/examples_rclcpp_minimal_action_server/package.dsv
[51.123s] -- Installing: /home/lio/Desktop/ROSPractice/Colcon_Practice/install/examples_rclcpp_minimal_action_server/share/ament_index/resource_index/packages/examples_rclcpp_minimal_action_server
[51.123s] -- Installing: /home/lio/Desktop/ROSPractice/Colcon_Practice/install/examples_rclcpp_minimal_action_server/share/examples_rclcpp_minimal_action_server/cmake/examples_rclcpp_minimal_action_serverConfig.cmake
[51.138s] -- Installing: /home/lio/Desktop/ROSPractice/Colcon_Practice/install/examples_rclcpp_minimal_action_server/share/examples_rclcpp_minimal_action_server/cmake/examples_rclcpp_minimal_action_serverConfig-version.cmake
[51.138s] -- Installing: /home/lio/Desktop/ROSPractice/Colcon_Practice/install/examples_rclcpp_minimal_action_server/share/examples_rclcpp_minimal_action_server/package.xml
[51.166s] Invoked command in '/home/lio/Desktop/ROSPractice/Colcon_Practice/build/examples_rclcpp_minimal_action_server' returned '0': CMAKE_PREFIX_PATH=/opt/ros/humble /usr/bin/cmake --install /home/lio/Desktop/ROSPractice/Colcon_Practice/build/examples_rclcpp_minimal_action_server
