/home/lio/Desktop/ROSPractice/Practice3_Topic/install/village_chen/lib/python3.10/site-packages/village_chen/__init__.py
/home/lio/Desktop/ROSPractice/Practice3_Topic/install/village_chen/lib/python3.10/site-packages/village_chen/chen_pub.py
/home/lio/Desktop/ROSPractice/Practice3_Topic/install/village_chen/lib/python3.10/site-packages/village_chen/wang_sub.py
/home/lio/Desktop/ROSPractice/Practice3_Topic/install/village_chen/lib/python3.10/site-packages/village_chen/chen_termial.py
/home/lio/Desktop/ROSPractice/Practice3_Topic/install/village_chen/lib/python3.10/site-packages/village_chen/__pycache__/__init__.cpython-310.pyc
/home/lio/Desktop/ROSPractice/Practice3_Topic/install/village_chen/lib/python3.10/site-packages/village_chen/__pycache__/chen_pub.cpython-310.pyc
/home/lio/Desktop/ROSPractice/Practice3_Topic/install/village_chen/lib/python3.10/site-packages/village_chen/__pycache__/wang_sub.cpython-310.pyc
/home/lio/Desktop/ROSPractice/Practice3_Topic/install/village_chen/lib/python3.10/site-packages/village_chen/__pycache__/chen_termial.cpython-310.pyc
/home/lio/Desktop/ROSPractice/Practice3_Topic/install/village_chen/share/ament_index/resource_index/packages/village_chen
/home/lio/Desktop/ROSPractice/Practice3_Topic/install/village_chen/share/village_chen/package.xml
/home/lio/Desktop/ROSPractice/Practice3_Topic/install/village_chen/lib/python3.10/site-packages/village_chen-0.0.0-py3.10.egg-info/PKG-INFO
/home/lio/Desktop/ROSPractice/Practice3_Topic/install/village_chen/lib/python3.10/site-packages/village_chen-0.0.0-py3.10.egg-info/entry_points.txt
/home/lio/Desktop/ROSPractice/Practice3_Topic/install/village_chen/lib/python3.10/site-packages/village_chen-0.0.0-py3.10.egg-info/SOURCES.txt
/home/lio/Desktop/ROSPractice/Practice3_Topic/install/village_chen/lib/python3.10/site-packages/village_chen-0.0.0-py3.10.egg-info/zip-safe
/home/lio/Desktop/ROSPractice/Practice3_Topic/install/village_chen/lib/python3.10/site-packages/village_chen-0.0.0-py3.10.egg-info/dependency_links.txt
/home/lio/Desktop/ROSPractice/Practice3_Topic/install/village_chen/lib/python3.10/site-packages/village_chen-0.0.0-py3.10.egg-info/top_level.txt
/home/lio/Desktop/ROSPractice/Practice3_Topic/install/village_chen/lib/python3.10/site-packages/village_chen-0.0.0-py3.10.egg-info/requires.txt
/home/lio/Desktop/ROSPractice/Practice3_Topic/install/village_chen/lib/village_chen/chen_node
/home/lio/Desktop/ROSPractice/Practice3_Topic/install/village_chen/lib/village_chen/chen_pub_node
/home/lio/Desktop/ROSPractice/Practice3_Topic/install/village_chen/lib/village_chen/wang_sub_node
